17:46:53.748 [main                     ] DEBUG Logger               - Configured Logger
17:46:53.755 [main                     ] DEBUG GameApplication      - Logging settings
Title: Myth Cards Client 0.0
Version: 0.0
Width: 1280
Height: 720
Fullscreen: false
Intro: true
Profiling: false
Single step:false
App Mode: DEVELOPER
Menu Key: ESCAPE
Stage Style: DECORATED
Scene Factory: class client.ClientMain$1

17:46:54.359 [JavaFX Application Thread] DEBUG FXGLApplication      - Initializing FXGL
17:46:54.363 [JavaFX Application Thread] INFO  Engine               - FXGL-21.1 (27.03.2024 07.52) on WINDOWS (J:24 FX:21)
17:46:54.363 [JavaFX Application Thread] DEBUG Engine               - JRE Vendor Name: Oracle Corporation
17:46:54.363 [JavaFX Application Thread] DEBUG Engine               - Running on OS: Windows 11 version 10.0
17:46:54.363 [JavaFX Application Thread] DEBUG Engine               - Architecture: amd64
17:46:54.363 [JavaFX Application Thread] INFO  Engine               - Source code and latest versions at: https://github.com/AlmasB/FXGL
17:46:54.363 [JavaFX Application Thread] INFO  Engine               -       Ask questions and discuss at: https://github.com/AlmasB/FXGL/discussions
17:46:54.363 [JavaFX Application Thread] INFO  Engine               -              Join the FXGL chat at: https://gitter.im/AlmasB/FXGL
17:46:54.579 [JavaFX Application Thread] DEBUG PrimaryStageWindow   - Creating a JavaFX scene
17:46:54.736 [JavaFX Application Thread] DEBUG PrimaryStageWindow   - Target settings size: 1280.0 x 720.0
17:46:54.736 [JavaFX Application Thread] DEBUG PrimaryStageWindow   - Scaled scene size:    1280.0 x 720.0
17:46:54.736 [JavaFX Application Thread] DEBUG PrimaryStageWindow   - Scaled ratio: (1.0, 1.0)
17:46:54.737 [JavaFX Application Thread] DEBUG PrimaryStageWindow   - Set initial scene to CustomStartupScene
17:46:54.740 [JavaFX Application Thread] DEBUG PrimaryStageWindow   - Opening main window
17:46:54.929 [JavaFX Application Thread] DEBUG PrimaryStageWindow   - Window border size: (16.0, 39.0)
17:46:54.930 [JavaFX Application Thread] DEBUG PrimaryStageWindow   - Scaled size: 1280.0 x 720.0
17:46:54.930 [JavaFX Application Thread] DEBUG PrimaryStageWindow   - Scaled ratio: (1.0, 1.0)
17:46:54.930 [JavaFX Application Thread] DEBUG PrimaryStageWindow   - Scene size: 1280.0 x 720.0
17:46:54.930 [JavaFX Application Thread] DEBUG PrimaryStageWindow   - Stage size: 1296.0 x 759.0
17:46:54.937 [FXGL Background Thread 1 ] DEBUG Engine               - Initializing environment variables
17:46:55.057 [FXGL Background Thread 1 ] DEBUG FXGLAssetLoaderServi - User app class for loading assets: class client.ClientMain
17:46:55.057 [FXGL Background Thread 1 ] DEBUG GameApplicationServi - Applying CSS: fxgl_dark.css
17:46:55.058 [FXGL Background Thread 1 ] DEBUG FXGLAssetLoaderServi - Loading from file system: jar:file:/C:/Users/Mark%20Wachtel/.m2/repository/com/github/almasb/fxgl/21.1/fxgl-21.1.jar!/fxglassets/ui/css/fxgl_dark.css
17:46:55.148 [FXGL Background Thread 1 ] DEBUG GameApplicationServi - Applying CSS: styles/chat.css
17:46:55.148 [FXGL Background Thread 1 ] DEBUG FXGLAssetLoaderServi - Loading from file system: file:/C:/Users/Mark%20Wachtel/git/mythcards-game/mythcardsgame/client/target/classes/assets/ui/css/styles/chat.css
17:46:55.150 [FXGL Background Thread 1 ] DEBUG GameApplicationServi - Initializing application scenes
17:46:55.219 [FXGL Background Thread 1 ] DEBUG GameWorld            - Game world initialized
17:46:55.317 [FXGL Background Thread 1 ] DEBUG PhysicsWorld         - Physics world initialized: appHeight=720, physics.ppm=50,0
17:46:55.318 [FXGL Background Thread 1 ] DEBUG PhysicsWorld         - Using strategy: BRUTE_FORCE
17:46:55.323 [FXGL Background Thread 1 ] DEBUG GameScene            - Game scene initialized: 1280x720
17:46:55.326 [FXGL Background Thread 1 ] DEBUG FXGLAssetLoaderServi - Loading from file system: file:/C:/Users/Mark%20Wachtel/git/mythcards-game/mythcardsgame/client/target/classes/assets/textures/bg/loading_screen.png
17:46:55.385 [FXGL Background Thread 1 ] DEBUG FXGL.DefaultMenu     - createMenuBodyGameMenu()
17:46:55.403 [FXGL Background Thread 1 ] DEBUG FXGL.DefaultMenu     - createOptionsMenu()
17:46:55.412 [FXGL Background Thread 1 ] DEBUG FXGLAssetLoaderServi - Loading from file system: jar:file:/C:/Users/Mark%20Wachtel/.m2/repository/com/github/almasb/fxgl/21.1/fxgl-21.1.jar!/fxglassets/textures/particles/smoke.png
17:46:55.554 [FXGL Background Thread 1 ] DEBUG FXGLAssetLoaderServi - Loading from file system: jar:file:/C:/Users/Mark%20Wachtel/.m2/repository/com/github/almasb/fxgl/21.1/fxgl-21.1.jar!/fxglassets/textures/particles/trace_horizontal.png
17:46:55.578 [FXGL Background Thread 1 ] DEBUG GameApplicationServi - Application scenes initialized
17:46:55.595 [FXGL Background Thread 1 ] DEBUG SystemBundleService  - Loading FXGL system data
17:46:55.602 [FXGL Background Thread 1 ] DEBUG FileSystemAccess     - Reading from: C:\Users\Mark Wachtel\git\mythcards-game\mythcardsgame\client\system\fxgl.bundle
17:46:55.615 [FXGL Background Thread 1 ] DEBUG SystemBundleService  - Bundle FXGL: {}
17:46:55.615 [FXGL Background Thread 1 ] DEBUG UpdaterService       - Checking for updates
17:46:55.621 [FXGL Background Thread 4 ] DEBUG FXGLApplication      - Loading fonts
17:46:55.622 [FXGL Background Thread 4 ] DEBUG FXGLAssetLoaderServi - Loading from file system: jar:file:/C:/Users/Mark%20Wachtel/.m2/repository/com/github/almasb/fxgl/21.1/fxgl-21.1.jar!/fxglassets/ui/fonts/VarelaRound-Regular.ttf
17:46:55.623 [FXGL Background Thread 1 ] DEBUG FXGLApplication      - Loading default localization
17:46:55.624 [FXGL Background Thread 1 ] DEBUG FXGLAssetLoaderServi - Loading from file system: jar:file:/C:/Users/Mark%20Wachtel/.m2/repository/com/github/almasb/fxgl/21.1/fxgl-21.1.jar!/fxglassets/languages/english.lang
17:46:55.650 [FXGL Background Thread 4 ] DEBUG FXGLAssetLoaderServi - Loading from file system: jar:file:/C:/Users/Mark%20Wachtel/.m2/repository/com/github/almasb/fxgl/21.1/fxgl-21.1.jar!/fxglassets/ui/fonts/Abel-Regular.ttf
17:46:55.665 [FXGL Background Thread 4 ] DEBUG FXGLAssetLoaderServi - Loading from file system: jar:file:/C:/Users/Mark%20Wachtel/.m2/repository/com/github/almasb/fxgl/21.1/fxgl-21.1.jar!/fxglassets/ui/fonts/TerminalLandMono-Regular.otf
17:46:55.671 [FXGL Background Thread 1 ] INFO  FXGLApplication      - FXGL initialization took: 0,733 sec
17:46:55.673 [JavaFX Application Thread] DEBUG FXGLAssetLoaderServi - Loading from file system: jar:file:/C:/Users/Mark%20Wachtel/.m2/repository/com/github/almasb/fxgl/21.1/fxgl-21.1.jar!/fxglassets/textures/fxgl_icon.png
17:46:55.679 [FXGL Background Thread 4 ] DEBUG FXGLAssetLoaderServi - Loading from file system: jar:file:/C:/Users/Mark%20Wachtel/.m2/repository/com/github/almasb/fxgl/21.1/fxgl-21.1.jar!/fxglassets/ui/fonts/Courier-Prime.ttf
17:46:55.705 [JavaFX Application Thread] DEBUG FXGLAssetLoaderServi - Loading from file system: jar:file:/C:/Users/Mark%20Wachtel/.m2/repository/com/github/almasb/fxgl/21.1/fxgl-21.1.jar!/fxglassets/textures/fxgl_default_cursor.png
17:46:55.724 [JavaFX Application Thread] DEBUG Input                - Registered new binding: Screenshot - CTRL+8
17:46:55.725 [JavaFX Application Thread] DEBUG Input                - Registered new binding: System info dump - CTRL+9
17:46:55.726 [JavaFX Application Thread] DEBUG Input                - Registered new binding: Restart - CTRL+R
17:46:55.727 [JavaFX Application Thread] DEBUG Input                - Registered new binding: Toggle Debug Camera - CTRL+7
17:46:55.732 [JavaFX Application Thread] DEBUG LoopRunner           - Starting loop
17:46:55.732 [JavaFX Application Thread] DEBUG LoopRunner           - Initializing JavaFX AnimationTimerLoop
17:46:55.735 [JavaFX Application Thread] DEBUG GameApplicationServi - Starting new game
17:46:55.735 [JavaFX Application Thread] DEBUG Input                - Clearing active input actions
17:46:55.763 [JavaFX Application Thread] DEBUG GameApplicationServi - Removing overlay from CustomStartupScene and adding to FXGLLoadingScene
17:46:55.764 [JavaFX Application Thread] DEBUG PrimaryStageWindow   - CustomStartupScene -> FXGLLoadingScene
17:46:55.764 [JavaFX Application Thread] DEBUG GameApplicationServi - Clearing previous game
17:46:55.764 [JavaFX Application Thread] DEBUG GameScene            - Clearing game scene
17:46:55.764 [JavaFX Application Thread] DEBUG GameWorld            - Clearing game world
17:46:55.764 [JavaFX Application Thread] DEBUG PhysicsWorld         - Clearing physics world
17:46:55.766 [JavaFX Application Thread] DEBUG Input                - Clearing active input actions
17:46:55.766 [FXGL Background Thread 4 ] DEBUG FXGLApplication      - Initializing game
17:46:55.785 [JavaFX Application Thread] DEBUG GameApplicationServi - Removing overlay from FXGLLoadingScene and adding to MyIntroScene
17:46:55.786 [JavaFX Application Thread] DEBUG PrimaryStageWindow   - CustomStartupScene -> MyIntroScene
17:46:55.786 [JavaFX Application Thread] DEBUG FXGLApplication      - Registering font factories with UI factory
17:46:55.795 [FXGL Background Thread 4 ] INFO  FXGLApplication      - Game initialization took: 0,029 sec
17:46:55.826 [JavaFX Application Thread] DEBUG Input                - Clearing active input actions
17:46:55.861 [JavaFX Application Thread] DEBUG GameApplicationServi - Removing overlay from MyIntroScene and adding to GameScene
17:46:55.862 [JavaFX Application Thread] DEBUG PrimaryStageWindow   - MyIntroScene -> GameScene
17:46:58.619 [FXGL Background Thread 3 ] DEBUG Engine               - Logging environment variables
17:46:58.619 [FXGL Background Thread 3 ] DEBUG Engine               - achievements: []
17:46:58.619 [FXGL Background Thread 3 ] DEBUG Engine               - actualHeight: 720.0
17:46:58.619 [FXGL Background Thread 3 ] DEBUG Engine               - actualHeightProperty: ReadOnlyDoubleProperty [value: 720.0]
17:46:58.619 [FXGL Background Thread 3 ] DEBUG Engine               - actualWidth: 1280.0
17:46:58.620 [FXGL Background Thread 3 ] DEBUG Engine               - actualWidthProperty: ReadOnlyDoubleProperty [value: 1280.0]
17:46:58.620 [FXGL Background Thread 3 ] DEBUG Engine               - appIcon: fxgl_icon.png
17:46:58.620 [FXGL Background Thread 3 ] DEBUG Engine               - applicationMode: DEVELOPER
17:46:58.620 [FXGL Background Thread 3 ] DEBUG Engine               - cSSList: [fxgl_dark.css, styles/chat.css]
17:46:58.620 [FXGL Background Thread 3 ] DEBUG Engine               - collisionDetectionStrategy: BRUTE_FORCE
17:46:58.620 [FXGL Background Thread 3 ] DEBUG Engine               - configClass: Optional.empty
17:46:58.620 [FXGL Background Thread 3 ] DEBUG Engine               - credits: []
17:46:58.620 [FXGL Background Thread 3 ] DEBUG Engine               - defaultCursor: CursorInfo(imageName=fxgl_default_cursor.png, hotspotX=7.0, hotspotY=6.0)
17:46:58.620 [FXGL Background Thread 3 ] DEBUG Engine               - devBBoxColorProperty: ObjectProperty [value: 0xff0000ff]
17:46:58.621 [FXGL Background Thread 3 ] DEBUG Engine               - devEnableDebugCameraProperty: BooleanProperty [value: false]
17:46:58.621 [FXGL Background Thread 3 ] DEBUG Engine               - devSensorColorProperty: ObjectProperty [value: 0xffff00ff]
17:46:58.621 [FXGL Background Thread 3 ] DEBUG Engine               - devShowBBoxProperty: BooleanProperty [value: false]
17:46:58.621 [FXGL Background Thread 3 ] DEBUG Engine               - devShowPositionProperty: BooleanProperty [value: false]
17:46:58.621 [FXGL Background Thread 3 ] DEBUG Engine               - enabledMenuItems: []
17:46:58.621 [FXGL Background Thread 3 ] DEBUG Engine               - engineServices: [class com.almasb.fxgl.app.services.FXGLAssetLoaderService, class com.almasb.fxgl.app.FXGLApplication$GameApplicationService, class com.almasb.fxgl.app.services.FXGLDialogService, class com.almasb.fxgl.app.services.IOTaskExecutorService, class com.almasb.fxgl.io.FileSystemService, class com.almasb.fxgl.localization.LocalizationService, class com.almasb.fxgl.app.services.SystemBundleService, class com.almasb.fxgl.profile.SaveLoadService, class com.almasb.fxgl.ui.FXGLUIFactoryServiceProvider, class com.almasb.fxgl.ui.FXGLDialogFactoryServiceProvider, class com.almasb.fxgl.audio.AudioPlayer, class com.almasb.fxgl.notification.impl.NotificationServiceProvider, class com.almasb.fxgl.achievement.AchievementService, class com.almasb.fxgl.cutscene.CutsceneService, class com.almasb.fxgl.minigames.MiniGameService, class com.almasb.fxgl.net.NetService, class com.almasb.fxgl.app.services.UpdaterService, class com.almasb.fxgl.dev.DevService]
17:46:58.621 [FXGL Background Thread 3 ] DEBUG Engine               - fontGame: Abel-Regular.ttf
17:46:58.621 [FXGL Background Thread 3 ] DEBUG Engine               - fontMono: TerminalLandMono-Regular.otf
17:46:58.621 [FXGL Background Thread 3 ] DEBUG Engine               - fontSizeScaleUI: 1.0
17:46:58.621 [FXGL Background Thread 3 ] DEBUG Engine               - fontText: Courier-Prime.ttf
17:46:58.621 [FXGL Background Thread 3 ] DEBUG Engine               - fontUI: VarelaRound-Regular.ttf
17:46:58.621 [FXGL Background Thread 3 ] DEBUG Engine               - fullScreen: BooleanProperty [value: false]
17:46:58.621 [FXGL Background Thread 3 ] DEBUG Engine               - gameDifficulty: MEDIUM
17:46:58.621 [FXGL Background Thread 3 ] DEBUG Engine               - gameDifficultyProperty: ObjectProperty [value: MEDIUM]
17:46:58.622 [FXGL Background Thread 3 ] DEBUG Engine               - globalMusicVolume: 0.5
17:46:58.622 [FXGL Background Thread 3 ] DEBUG Engine               - globalMusicVolumeProperty: DoubleProperty [value: 0.5]
17:46:58.622 [FXGL Background Thread 3 ] DEBUG Engine               - globalSoundVolume: 0.5
17:46:58.622 [FXGL Background Thread 3 ] DEBUG Engine               - globalSoundVolumeProperty: DoubleProperty [value: 0.5]
17:46:58.622 [FXGL Background Thread 3 ] DEBUG Engine               - height: 720
17:46:58.622 [FXGL Background Thread 3 ] DEBUG Engine               - is3D: false
17:46:58.622 [FXGL Background Thread 3 ] DEBUG Engine               - isAndroid: false
17:46:58.622 [FXGL Background Thread 3 ] DEBUG Engine               - isBrowser: false
17:46:58.622 [FXGL Background Thread 3 ] DEBUG Engine               - isClickFeedbackEnabled: false
17:46:58.622 [FXGL Background Thread 3 ] DEBUG Engine               - isCloseConfirmation: false
17:46:58.622 [FXGL Background Thread 3 ] DEBUG Engine               - isDesktop: true
17:46:58.622 [FXGL Background Thread 3 ] DEBUG Engine               - isDeveloperMenuEnabled: false
17:46:58.622 [FXGL Background Thread 3 ] DEBUG Engine               - isEmbedded: false
17:46:58.622 [FXGL Background Thread 3 ] DEBUG Engine               - isEntityPreloadEnabled: true
17:46:58.622 [FXGL Background Thread 3 ] DEBUG Engine               - isExperimentalTiledLargeMap: false
17:46:58.622 [FXGL Background Thread 3 ] DEBUG Engine               - isFileSystemWriteAllowed: true
17:46:58.622 [FXGL Background Thread 3 ] DEBUG Engine               - isFullScreenAllowed: false
17:46:58.622 [FXGL Background Thread 3 ] DEBUG Engine               - isFullScreenFromStart: false
17:46:58.622 [FXGL Background Thread 3 ] DEBUG Engine               - isGameMenuEnabled: true
17:46:58.622 [FXGL Background Thread 3 ] DEBUG Engine               - isIOS: false
17:46:58.623 [FXGL Background Thread 3 ] DEBUG Engine               - isIntroEnabled: true
17:46:58.623 [FXGL Background Thread 3 ] DEBUG Engine               - isLinux: false
17:46:58.623 [FXGL Background Thread 3 ] DEBUG Engine               - isMac: false
17:46:58.623 [FXGL Background Thread 3 ] DEBUG Engine               - isMainMenuEnabled: false
17:46:58.623 [FXGL Background Thread 3 ] DEBUG Engine               - isManualResizeEnabled: false
17:46:58.623 [FXGL Background Thread 3 ] DEBUG Engine               - isMobile: false
17:46:58.623 [FXGL Background Thread 3 ] DEBUG Engine               - isNative: false
17:46:58.623 [FXGL Background Thread 3 ] DEBUG Engine               - isPauseMusicWhenMinimized: true
17:46:58.623 [FXGL Background Thread 3 ] DEBUG Engine               - isPreserveResizeRatio: false
17:46:58.623 [FXGL Background Thread 3 ] DEBUG Engine               - isProfilingEnabled: false
17:46:58.623 [FXGL Background Thread 3 ] DEBUG Engine               - isScaleAffectedOnResize: true
17:46:58.623 [FXGL Background Thread 3 ] DEBUG Engine               - isSingleStep: false
17:46:58.623 [FXGL Background Thread 3 ] DEBUG Engine               - isUserProfileEnabled: false
17:46:58.623 [FXGL Background Thread 3 ] DEBUG Engine               - isWindows: true
17:46:58.623 [FXGL Background Thread 3 ] DEBUG Engine               - language: ObjectProperty [value: ENGLISH]
17:46:58.623 [FXGL Background Thread 3 ] DEBUG Engine               - menuKey: ESCAPE
17:46:58.623 [FXGL Background Thread 3 ] DEBUG Engine               - mouseSensitivity: 0.2
17:46:58.623 [FXGL Background Thread 3 ] DEBUG Engine               - notificationViewClass: class com.almasb.fxgl.notification.view.XboxNotificationView
17:46:58.623 [FXGL Background Thread 3 ] DEBUG Engine               - pixelsPerMeter: 50.0
17:46:58.623 [FXGL Background Thread 3 ] DEBUG Engine               - platform: WINDOWS
17:46:58.623 [FXGL Background Thread 3 ] DEBUG Engine               - prefHeightProperty: ReadOnlyDoubleProperty [value: 720.0]
17:46:58.624 [FXGL Background Thread 3 ] DEBUG Engine               - prefWidthProperty: ReadOnlyDoubleProperty [value: 1280.0]
17:46:58.624 [FXGL Background Thread 3 ] DEBUG Engine               - profileDir: profiles/
17:46:58.624 [FXGL Background Thread 3 ] DEBUG Engine               - profileName: StringProperty [value: DEFAULT]
17:46:58.624 [FXGL Background Thread 3 ] DEBUG Engine               - randomSeed: -1
17:46:58.624 [FXGL Background Thread 3 ] DEBUG Engine               - runtimeInfo: RuntimeInfo(platform=WINDOWS, version=21.1, build=27.03.2024 07.52)
17:46:58.624 [FXGL Background Thread 3 ] DEBUG Engine               - saveFileExt: sav
17:46:58.624 [FXGL Background Thread 3 ] DEBUG Engine               - scaledHeightProp$fxgl: DoubleProperty [bound, value: 720.0]
17:46:58.624 [FXGL Background Thread 3 ] DEBUG Engine               - scaledWidthProp$fxgl: DoubleProperty [bound, value: 1280.0]
17:46:58.624 [FXGL Background Thread 3 ] DEBUG Engine               - sceneFactory: client.ClientMain$1@6601834b
17:46:58.626 [FXGL Background Thread 3 ] DEBUG Engine               - secondsIn24h: 60
17:46:58.626 [FXGL Background Thread 3 ] DEBUG Engine               - soundMenuBack: menu/back.wav
17:46:58.626 [FXGL Background Thread 3 ] DEBUG Engine               - soundMenuPress: menu/press.wav
17:46:58.626 [FXGL Background Thread 3 ] DEBUG Engine               - soundMenuSelect: menu/select.wav
17:46:58.626 [FXGL Background Thread 3 ] DEBUG Engine               - soundNotification: core/notification.wav
17:46:58.626 [FXGL Background Thread 3 ] DEBUG Engine               - stageStyle: DECORATED
17:46:58.626 [FXGL Background Thread 3 ] DEBUG Engine               - supportedLanguages: [ENGLISH, FRENCH, GERMAN, HUNGARIAN, RUSSIAN]
17:46:58.626 [FXGL Background Thread 3 ] DEBUG Engine               - ticksPerSecond: -1
17:46:58.626 [FXGL Background Thread 3 ] DEBUG Engine               - title: Myth Cards Client 0.0
17:46:58.626 [FXGL Background Thread 3 ] DEBUG Engine               - urlGithub: https://github.com/AlmasB/FXGL
17:46:58.626 [FXGL Background Thread 3 ] DEBUG Engine               - urlLeaderboard: http://fxgl-top.herokuapp.com/
17:46:58.626 [FXGL Background Thread 3 ] DEBUG Engine               - urlPOM: https://raw.githubusercontent.com/AlmasB/FXGL/release/README.md
17:46:58.626 [FXGL Background Thread 3 ] DEBUG Engine               - userAppClass: class client.ClientMain
17:46:58.626 [FXGL Background Thread 3 ] DEBUG Engine               - version: 0.0
17:46:58.626 [FXGL Background Thread 3 ] DEBUG Engine               - versionCheckDays: 7
17:46:58.626 [FXGL Background Thread 3 ] DEBUG Engine               - width: 1280
17:46:58.626 [FXGL Background Thread 3 ] DEBUG Engine               - Logging services
17:46:58.626 [FXGL Background Thread 3 ] DEBUG Engine               - class com.almasb.fxgl.app.services.FXGLAssetLoaderService
17:46:58.626 [FXGL Background Thread 3 ] DEBUG Engine               - class com.almasb.fxgl.app.FXGLApplication$GameApplicationService
17:46:58.626 [FXGL Background Thread 3 ] DEBUG Engine               - class com.almasb.fxgl.app.services.FXGLDialogService
17:46:58.626 [FXGL Background Thread 3 ] DEBUG Engine               - class com.almasb.fxgl.app.services.IOTaskExecutorService
17:46:58.627 [FXGL Background Thread 3 ] DEBUG Engine               - class com.almasb.fxgl.io.FileSystemService
17:46:58.627 [FXGL Background Thread 3 ] DEBUG Engine               - class com.almasb.fxgl.localization.LocalizationService
17:46:58.627 [FXGL Background Thread 3 ] DEBUG Engine               - class com.almasb.fxgl.app.services.SystemBundleService
17:46:58.627 [FXGL Background Thread 3 ] DEBUG Engine               - class com.almasb.fxgl.profile.SaveLoadService
17:46:58.627 [FXGL Background Thread 3 ] DEBUG Engine               - class com.almasb.fxgl.ui.FXGLUIFactoryServiceProvider
17:46:58.627 [FXGL Background Thread 3 ] DEBUG Engine               - class com.almasb.fxgl.ui.FXGLDialogFactoryServiceProvider
17:46:58.627 [FXGL Background Thread 3 ] DEBUG Engine               - class com.almasb.fxgl.audio.AudioPlayer
17:46:58.627 [FXGL Background Thread 3 ] DEBUG Engine               - class com.almasb.fxgl.notification.impl.NotificationServiceProvider
17:46:58.627 [FXGL Background Thread 3 ] DEBUG Engine               - class com.almasb.fxgl.achievement.AchievementService
17:46:58.627 [FXGL Background Thread 3 ] DEBUG Engine               - class com.almasb.fxgl.cutscene.CutsceneService
17:46:58.627 [FXGL Background Thread 3 ] DEBUG Engine               - class com.almasb.fxgl.minigames.MiniGameService
17:46:58.627 [FXGL Background Thread 3 ] DEBUG Engine               - class com.almasb.fxgl.net.NetService
17:46:58.627 [FXGL Background Thread 3 ] DEBUG Engine               - class com.almasb.fxgl.app.services.UpdaterService
17:46:58.627 [FXGL Background Thread 3 ] DEBUG Engine               - class com.almasb.fxgl.dev.DevService
17:47:42.357 [JavaFX Application Thread] DEBUG FXGLApplication      - Exiting FXGL
17:47:42.358 [JavaFX Application Thread] DEBUG LoopRunner           - Stopping loop
17:47:42.358 [JavaFX Application Thread] DEBUG SystemBundleService  - Saving FXGL system data
17:47:42.368 [JavaFX Application Thread] DEBUG FileSystemAccess     - Writing to: C:\Users\Mark Wachtel\git\mythcards-game\mythcardsgame\client\system\fxgl.bundle
17:47:42.376 [JavaFX Application Thread] DEBUG Async                - Shutting down background threads
17:47:42.377 [JavaFX Application Thread] DEBUG PrimaryStageWindow   - Closing main window
17:47:42.407 [JavaFX Application Thread] DEBUG Logger               - Closing Logger
