10:37:05.867 [main                     ] DEBUG Logger               - Configured Logger
10:37:05.883 [main                     ] DEBUG GameApplication      - Logging settings
Title: Myth Cards Client 0.0
Version: 0.0
Width: 1280
Height: 720
Fullscreen: false
Intro: true
Profiling: false
Single step:false
App Mode: DEVELOPER
Menu Key: ESCAPE
Stage Style: DECORATED
Scene Factory: class client.ClientMain$1

10:37:06.476 [JavaFX Application Thread] DEBUG FXGLApplication      - Initializing FXGL
10:37:06.481 [JavaFX Application Thread] INFO  Engine               - FXGL-21.1 (27.03.2024 07.52) on WINDOWS (J:24 FX:21)
10:37:06.481 [JavaFX Application Thread] DEBUG Engine               - JRE Vendor Name: Oracle Corporation
10:37:06.481 [JavaFX Application Thread] DEBUG Engine               - Running on OS: Windows 11 version 10.0
10:37:06.482 [JavaFX Application Thread] DEBUG Engine               - Architecture: amd64
10:37:06.482 [JavaFX Application Thread] INFO  Engine               - Source code and latest versions at: https://github.com/AlmasB/FXGL
10:37:06.483 [JavaFX Application Thread] INFO  Engine               -       Ask questions and discuss at: https://github.com/AlmasB/FXGL/discussions
10:37:06.484 [JavaFX Application Thread] INFO  Engine               -              Join the FXGL chat at: https://gitter.im/AlmasB/FXGL
10:37:06.918 [JavaFX Application Thread] DEBUG PrimaryStageWindow   - Creating a JavaFX scene
10:37:07.098 [JavaFX Application Thread] DEBUG PrimaryStageWindow   - Target settings size: 1280.0 x 720.0
10:37:07.098 [JavaFX Application Thread] DEBUG PrimaryStageWindow   - Scaled scene size:    1280.0 x 720.0
10:37:07.098 [JavaFX Application Thread] DEBUG PrimaryStageWindow   - Scaled ratio: (1.0, 1.0)
10:37:07.102 [JavaFX Application Thread] DEBUG PrimaryStageWindow   - Set initial scene to CustomStartupScene
10:37:07.108 [JavaFX Application Thread] DEBUG PrimaryStageWindow   - Opening main window
10:37:07.316 [JavaFX Application Thread] DEBUG PrimaryStageWindow   - Window border size: (16.0, 39.0)
10:37:07.317 [JavaFX Application Thread] DEBUG PrimaryStageWindow   - Scaled size: 1280.0 x 720.0
10:37:07.317 [JavaFX Application Thread] DEBUG PrimaryStageWindow   - Scaled ratio: (1.0, 1.0)
10:37:07.317 [JavaFX Application Thread] DEBUG PrimaryStageWindow   - Scene size: 1280.0 x 720.0
10:37:07.317 [JavaFX Application Thread] DEBUG PrimaryStageWindow   - Stage size: 1296.0 x 759.0
10:37:07.344 [FXGL Background Thread 1 ] DEBUG Engine               - Initializing environment variables
10:37:07.496 [FXGL Background Thread 1 ] DEBUG FXGLAssetLoaderServi - User app class for loading assets: class client.ClientMain
10:37:07.497 [FXGL Background Thread 1 ] DEBUG GameApplicationServi - Applying CSS: fxgl_dark.css
10:37:07.498 [FXGL Background Thread 1 ] DEBUG FXGLAssetLoaderServi - Loading from file system: jar:file:/C:/Users/Mark%20Wachtel/.m2/repository/com/github/almasb/fxgl/21.1/fxgl-21.1.jar!/fxglassets/ui/css/fxgl_dark.css
10:37:07.581 [FXGL Background Thread 1 ] DEBUG GameApplicationServi - Applying CSS: styles/chat.css
10:37:07.582 [FXGL Background Thread 1 ] DEBUG FXGLAssetLoaderServi - Loading from file system: file:/C:/Users/Mark%20Wachtel/git/mythcards-game/mythcardsgame/client/target/classes/assets/ui/css/styles/chat.css
10:37:07.583 [FXGL Background Thread 1 ] DEBUG GameApplicationServi - Initializing application scenes
10:37:07.660 [FXGL Background Thread 1 ] DEBUG GameWorld            - Game world initialized
10:37:07.774 [FXGL Background Thread 1 ] DEBUG PhysicsWorld         - Physics world initialized: appHeight=720, physics.ppm=50,0
10:37:07.775 [FXGL Background Thread 1 ] DEBUG PhysicsWorld         - Using strategy: BRUTE_FORCE
10:37:07.781 [FXGL Background Thread 1 ] DEBUG GameScene            - Game scene initialized: 1280x720
10:37:07.788 [FXGL Background Thread 1 ] DEBUG FXGLAssetLoaderServi - Loading from file system: file:/C:/Users/Mark%20Wachtel/git/mythcards-game/mythcardsgame/client/target/classes/assets/textures/bg/loading_screen.png
10:37:07.881 [FXGL Background Thread 1 ] DEBUG FXGL.DefaultMenu     - createMenuBodyGameMenu()
10:37:07.909 [FXGL Background Thread 1 ] DEBUG FXGL.DefaultMenu     - createOptionsMenu()
10:37:07.920 [FXGL Background Thread 1 ] DEBUG FXGLAssetLoaderServi - Loading from file system: jar:file:/C:/Users/Mark%20Wachtel/.m2/repository/com/github/almasb/fxgl/21.1/fxgl-21.1.jar!/fxglassets/textures/particles/smoke.png
10:37:08.106 [FXGL Background Thread 1 ] DEBUG FXGLAssetLoaderServi - Loading from file system: jar:file:/C:/Users/Mark%20Wachtel/.m2/repository/com/github/almasb/fxgl/21.1/fxgl-21.1.jar!/fxglassets/textures/particles/trace_horizontal.png
10:37:08.140 [FXGL Background Thread 1 ] DEBUG GameApplicationServi - Application scenes initialized
10:37:08.177 [FXGL Background Thread 1 ] DEBUG SystemBundleService  - Loading FXGL system data
10:37:08.184 [FXGL Background Thread 1 ] DEBUG FileSystemAccess     - Reading from: C:\Users\Mark Wachtel\git\mythcards-game\mythcardsgame\client\system\fxgl.bundle
10:37:08.204 [FXGL Background Thread 1 ] DEBUG SystemBundleService  - Bundle FXGL: {}
10:37:08.204 [FXGL Background Thread 1 ] DEBUG UpdaterService       - Checking for updates
10:37:08.220 [FXGL Background Thread 1 ] DEBUG FXGLApplication      - Loading default localization
10:37:08.221 [FXGL Background Thread 1 ] DEBUG FXGLAssetLoaderServi - Loading from file system: jar:file:/C:/Users/Mark%20Wachtel/.m2/repository/com/github/almasb/fxgl/21.1/fxgl-21.1.jar!/fxglassets/languages/english.lang
10:37:08.222 [FXGL Background Thread 4 ] DEBUG FXGLApplication      - Loading fonts
10:37:08.223 [FXGL Background Thread 4 ] DEBUG FXGLAssetLoaderServi - Loading from file system: jar:file:/C:/Users/Mark%20Wachtel/.m2/repository/com/github/almasb/fxgl/21.1/fxgl-21.1.jar!/fxglassets/ui/fonts/VarelaRound-Regular.ttf
10:37:08.268 [FXGL Background Thread 4 ] DEBUG FXGLAssetLoaderServi - Loading from file system: jar:file:/C:/Users/Mark%20Wachtel/.m2/repository/com/github/almasb/fxgl/21.1/fxgl-21.1.jar!/fxglassets/ui/fonts/Abel-Regular.ttf
10:37:08.295 [FXGL Background Thread 1 ] INFO  FXGLApplication      - FXGL initialization took: 0,951 sec
10:37:08.298 [JavaFX Application Thread] DEBUG FXGLAssetLoaderServi - Loading from file system: jar:file:/C:/Users/Mark%20Wachtel/.m2/repository/com/github/almasb/fxgl/21.1/fxgl-21.1.jar!/fxglassets/textures/fxgl_icon.png
10:37:08.304 [FXGL Background Thread 4 ] DEBUG FXGLAssetLoaderServi - Loading from file system: jar:file:/C:/Users/Mark%20Wachtel/.m2/repository/com/github/almasb/fxgl/21.1/fxgl-21.1.jar!/fxglassets/ui/fonts/TerminalLandMono-Regular.otf
10:37:08.329 [FXGL Background Thread 4 ] DEBUG FXGLAssetLoaderServi - Loading from file system: jar:file:/C:/Users/Mark%20Wachtel/.m2/repository/com/github/almasb/fxgl/21.1/fxgl-21.1.jar!/fxglassets/ui/fonts/Courier-Prime.ttf
10:37:08.341 [JavaFX Application Thread] DEBUG FXGLAssetLoaderServi - Loading from file system: jar:file:/C:/Users/Mark%20Wachtel/.m2/repository/com/github/almasb/fxgl/21.1/fxgl-21.1.jar!/fxglassets/textures/fxgl_default_cursor.png
10:37:08.371 [JavaFX Application Thread] DEBUG Input                - Registered new binding: Screenshot - CTRL+8
10:37:08.372 [JavaFX Application Thread] DEBUG Input                - Registered new binding: System info dump - CTRL+9
10:37:08.373 [JavaFX Application Thread] DEBUG Input                - Registered new binding: Restart - CTRL+R
10:37:08.374 [JavaFX Application Thread] DEBUG Input                - Registered new binding: Toggle Debug Camera - CTRL+7
10:37:08.380 [JavaFX Application Thread] DEBUG LoopRunner           - Starting loop
10:37:08.380 [JavaFX Application Thread] DEBUG LoopRunner           - Initializing JavaFX AnimationTimerLoop
10:37:08.386 [JavaFX Application Thread] DEBUG GameApplicationServi - Starting new game
10:37:08.388 [JavaFX Application Thread] DEBUG Input                - Clearing active input actions
10:37:08.462 [JavaFX Application Thread] DEBUG GameApplicationServi - Removing overlay from CustomStartupScene and adding to FXGLLoadingScene
10:37:08.463 [JavaFX Application Thread] DEBUG PrimaryStageWindow   - CustomStartupScene -> FXGLLoadingScene
10:37:08.469 [JavaFX Application Thread] DEBUG GameApplicationServi - Clearing previous game
10:37:08.469 [JavaFX Application Thread] DEBUG GameScene            - Clearing game scene
10:37:08.469 [JavaFX Application Thread] DEBUG GameWorld            - Clearing game world
10:37:08.469 [JavaFX Application Thread] DEBUG PhysicsWorld         - Clearing physics world
10:37:08.472 [FXGL Background Thread 4 ] DEBUG FXGLApplication      - Initializing game
10:37:08.473 [JavaFX Application Thread] DEBUG Input                - Clearing active input actions
10:37:08.505 [JavaFX Application Thread] DEBUG GameApplicationServi - Removing overlay from FXGLLoadingScene and adding to MyIntroScene
10:37:08.507 [JavaFX Application Thread] DEBUG PrimaryStageWindow   - CustomStartupScene -> MyIntroScene
10:37:08.510 [FXGL Background Thread 4 ] INFO  FXGLApplication      - Game initialization took: 0,038 sec
10:37:08.511 [JavaFX Application Thread] DEBUG FXGLApplication      - Registering font factories with UI factory
10:37:08.538 [JavaFX Application Thread] DEBUG Input                - Clearing active input actions
10:37:08.570 [JavaFX Application Thread] DEBUG GameApplicationServi - Removing overlay from MyIntroScene and adding to GameScene
10:37:08.571 [JavaFX Application Thread] DEBUG PrimaryStageWindow   - MyIntroScene -> GameScene
10:37:11.211 [FXGL Background Thread 3 ] DEBUG Engine               - Logging environment variables
10:37:11.220 [FXGL Background Thread 3 ] DEBUG Engine               - achievements: []
10:37:11.220 [FXGL Background Thread 3 ] DEBUG Engine               - actualHeight: 720.0
10:37:11.221 [FXGL Background Thread 3 ] DEBUG Engine               - actualHeightProperty: ReadOnlyDoubleProperty [value: 720.0]
10:37:11.221 [FXGL Background Thread 3 ] DEBUG Engine               - actualWidth: 1280.0
10:37:11.221 [FXGL Background Thread 3 ] DEBUG Engine               - actualWidthProperty: ReadOnlyDoubleProperty [value: 1280.0]
10:37:11.221 [FXGL Background Thread 3 ] DEBUG Engine               - appIcon: fxgl_icon.png
10:37:11.221 [FXGL Background Thread 3 ] DEBUG Engine               - applicationMode: DEVELOPER
10:37:11.221 [FXGL Background Thread 3 ] DEBUG Engine               - cSSList: [fxgl_dark.css, styles/chat.css]
10:37:11.221 [FXGL Background Thread 3 ] DEBUG Engine               - collisionDetectionStrategy: BRUTE_FORCE
10:37:11.221 [FXGL Background Thread 3 ] DEBUG Engine               - configClass: Optional.empty
10:37:11.222 [FXGL Background Thread 3 ] DEBUG Engine               - credits: []
10:37:11.222 [FXGL Background Thread 3 ] DEBUG Engine               - defaultCursor: CursorInfo(imageName=fxgl_default_cursor.png, hotspotX=7.0, hotspotY=6.0)
10:37:11.222 [FXGL Background Thread 3 ] DEBUG Engine               - devBBoxColorProperty: ObjectProperty [value: 0xff0000ff]
10:37:11.222 [FXGL Background Thread 3 ] DEBUG Engine               - devEnableDebugCameraProperty: BooleanProperty [value: false]
10:37:11.223 [FXGL Background Thread 3 ] DEBUG Engine               - devSensorColorProperty: ObjectProperty [value: 0xffff00ff]
10:37:11.223 [FXGL Background Thread 3 ] DEBUG Engine               - devShowBBoxProperty: BooleanProperty [value: false]
10:37:11.223 [FXGL Background Thread 3 ] DEBUG Engine               - devShowPositionProperty: BooleanProperty [value: false]
10:37:11.223 [FXGL Background Thread 3 ] DEBUG Engine               - enabledMenuItems: []
10:37:11.224 [FXGL Background Thread 3 ] DEBUG Engine               - engineServices: [class com.almasb.fxgl.app.services.FXGLAssetLoaderService, class com.almasb.fxgl.app.FXGLApplication$GameApplicationService, class com.almasb.fxgl.app.services.FXGLDialogService, class com.almasb.fxgl.app.services.IOTaskExecutorService, class com.almasb.fxgl.io.FileSystemService, class com.almasb.fxgl.localization.LocalizationService, class com.almasb.fxgl.app.services.SystemBundleService, class com.almasb.fxgl.profile.SaveLoadService, class com.almasb.fxgl.ui.FXGLUIFactoryServiceProvider, class com.almasb.fxgl.ui.FXGLDialogFactoryServiceProvider, class com.almasb.fxgl.audio.AudioPlayer, class com.almasb.fxgl.notification.impl.NotificationServiceProvider, class com.almasb.fxgl.achievement.AchievementService, class com.almasb.fxgl.cutscene.CutsceneService, class com.almasb.fxgl.minigames.MiniGameService, class com.almasb.fxgl.net.NetService, class com.almasb.fxgl.app.services.UpdaterService, class com.almasb.fxgl.dev.DevService]
10:37:11.224 [FXGL Background Thread 3 ] DEBUG Engine               - fontGame: Abel-Regular.ttf
10:37:11.224 [FXGL Background Thread 3 ] DEBUG Engine               - fontMono: TerminalLandMono-Regular.otf
10:37:11.224 [FXGL Background Thread 3 ] DEBUG Engine               - fontSizeScaleUI: 1.0
10:37:11.224 [FXGL Background Thread 3 ] DEBUG Engine               - fontText: Courier-Prime.ttf
10:37:11.224 [FXGL Background Thread 3 ] DEBUG Engine               - fontUI: VarelaRound-Regular.ttf
10:37:11.224 [FXGL Background Thread 3 ] DEBUG Engine               - fullScreen: BooleanProperty [value: false]
10:37:11.224 [FXGL Background Thread 3 ] DEBUG Engine               - gameDifficulty: MEDIUM
10:37:11.226 [FXGL Background Thread 3 ] DEBUG Engine               - gameDifficultyProperty: ObjectProperty [value: MEDIUM]
10:37:11.226 [FXGL Background Thread 3 ] DEBUG Engine               - globalMusicVolume: 0.5
10:37:11.227 [FXGL Background Thread 3 ] DEBUG Engine               - globalMusicVolumeProperty: DoubleProperty [value: 0.5]
10:37:11.228 [FXGL Background Thread 3 ] DEBUG Engine               - globalSoundVolume: 0.5
10:37:11.229 [FXGL Background Thread 3 ] DEBUG Engine               - globalSoundVolumeProperty: DoubleProperty [value: 0.5]
10:37:11.229 [FXGL Background Thread 3 ] DEBUG Engine               - height: 720
10:37:11.229 [FXGL Background Thread 3 ] DEBUG Engine               - is3D: false
10:37:11.229 [FXGL Background Thread 3 ] DEBUG Engine               - isAndroid: false
10:37:11.229 [FXGL Background Thread 3 ] DEBUG Engine               - isBrowser: false
10:37:11.229 [FXGL Background Thread 3 ] DEBUG Engine               - isClickFeedbackEnabled: false
10:37:11.229 [FXGL Background Thread 3 ] DEBUG Engine               - isCloseConfirmation: false
10:37:11.230 [FXGL Background Thread 3 ] DEBUG Engine               - isDesktop: true
10:37:11.230 [FXGL Background Thread 3 ] DEBUG Engine               - isDeveloperMenuEnabled: false
10:37:11.230 [FXGL Background Thread 3 ] DEBUG Engine               - isEmbedded: false
10:37:11.230 [FXGL Background Thread 3 ] DEBUG Engine               - isEntityPreloadEnabled: true
10:37:11.230 [FXGL Background Thread 3 ] DEBUG Engine               - isExperimentalTiledLargeMap: false
10:37:11.236 [FXGL Background Thread 3 ] DEBUG Engine               - isFileSystemWriteAllowed: true
10:37:11.238 [FXGL Background Thread 3 ] DEBUG Engine               - isFullScreenAllowed: false
10:37:11.239 [FXGL Background Thread 3 ] DEBUG Engine               - isFullScreenFromStart: false
10:37:11.243 [FXGL Background Thread 3 ] DEBUG Engine               - isGameMenuEnabled: true
10:37:11.244 [FXGL Background Thread 3 ] DEBUG Engine               - isIOS: false
10:37:11.244 [FXGL Background Thread 3 ] DEBUG Engine               - isIntroEnabled: true
10:37:11.244 [FXGL Background Thread 3 ] DEBUG Engine               - isLinux: false
10:37:11.245 [FXGL Background Thread 3 ] DEBUG Engine               - isMac: false
10:37:11.246 [FXGL Background Thread 3 ] DEBUG Engine               - isMainMenuEnabled: false
10:37:11.246 [FXGL Background Thread 3 ] DEBUG Engine               - isManualResizeEnabled: false
10:37:11.246 [FXGL Background Thread 3 ] DEBUG Engine               - isMobile: false
10:37:11.246 [FXGL Background Thread 3 ] DEBUG Engine               - isNative: false
10:37:11.246 [FXGL Background Thread 3 ] DEBUG Engine               - isPauseMusicWhenMinimized: true
10:37:11.247 [FXGL Background Thread 3 ] DEBUG Engine               - isPreserveResizeRatio: false
10:37:11.247 [FXGL Background Thread 3 ] DEBUG Engine               - isProfilingEnabled: false
10:37:11.247 [FXGL Background Thread 3 ] DEBUG Engine               - isScaleAffectedOnResize: true
10:37:11.247 [FXGL Background Thread 3 ] DEBUG Engine               - isSingleStep: false
10:37:11.247 [FXGL Background Thread 3 ] DEBUG Engine               - isUserProfileEnabled: false
10:37:11.247 [FXGL Background Thread 3 ] DEBUG Engine               - isWindows: true
10:37:11.247 [FXGL Background Thread 3 ] DEBUG Engine               - language: ObjectProperty [value: ENGLISH]
10:37:11.247 [FXGL Background Thread 3 ] DEBUG Engine               - menuKey: ESCAPE
10:37:11.247 [FXGL Background Thread 3 ] DEBUG Engine               - mouseSensitivity: 0.2
10:37:11.247 [FXGL Background Thread 3 ] DEBUG Engine               - notificationViewClass: class com.almasb.fxgl.notification.view.XboxNotificationView
10:37:11.250 [FXGL Background Thread 3 ] DEBUG Engine               - pixelsPerMeter: 50.0
10:37:11.252 [FXGL Background Thread 3 ] DEBUG Engine               - platform: WINDOWS
10:37:11.253 [FXGL Background Thread 3 ] DEBUG Engine               - prefHeightProperty: ReadOnlyDoubleProperty [value: 720.0]
10:37:11.253 [FXGL Background Thread 3 ] DEBUG Engine               - prefWidthProperty: ReadOnlyDoubleProperty [value: 1280.0]
10:37:11.253 [FXGL Background Thread 3 ] DEBUG Engine               - profileDir: profiles/
10:37:11.254 [FXGL Background Thread 3 ] DEBUG Engine               - profileName: StringProperty [value: DEFAULT]
10:37:11.254 [FXGL Background Thread 3 ] DEBUG Engine               - randomSeed: -1
10:37:11.254 [FXGL Background Thread 3 ] DEBUG Engine               - runtimeInfo: RuntimeInfo(platform=WINDOWS, version=21.1, build=27.03.2024 07.52)
10:37:11.254 [FXGL Background Thread 3 ] DEBUG Engine               - saveFileExt: sav
10:37:11.255 [FXGL Background Thread 3 ] DEBUG Engine               - scaledHeightProp$fxgl: DoubleProperty [bound, value: 720.0]
10:37:11.255 [FXGL Background Thread 3 ] DEBUG Engine               - scaledWidthProp$fxgl: DoubleProperty [bound, value: 1280.0]
10:37:11.255 [FXGL Background Thread 3 ] DEBUG Engine               - sceneFactory: client.ClientMain$1@2a157390
10:37:11.255 [FXGL Background Thread 3 ] DEBUG Engine               - secondsIn24h: 60
10:37:11.255 [FXGL Background Thread 3 ] DEBUG Engine               - soundMenuBack: menu/back.wav
10:37:11.255 [FXGL Background Thread 3 ] DEBUG Engine               - soundMenuPress: menu/press.wav
10:37:11.255 [FXGL Background Thread 3 ] DEBUG Engine               - soundMenuSelect: menu/select.wav
10:37:11.255 [FXGL Background Thread 3 ] DEBUG Engine               - soundNotification: core/notification.wav
10:37:11.255 [FXGL Background Thread 3 ] DEBUG Engine               - stageStyle: DECORATED
10:37:11.255 [FXGL Background Thread 3 ] DEBUG Engine               - supportedLanguages: [ENGLISH, FRENCH, GERMAN, HUNGARIAN, RUSSIAN]
10:37:11.256 [FXGL Background Thread 3 ] DEBUG Engine               - ticksPerSecond: -1
10:37:11.256 [FXGL Background Thread 3 ] DEBUG Engine               - title: Myth Cards Client 0.0
10:37:11.256 [FXGL Background Thread 3 ] DEBUG Engine               - urlGithub: https://github.com/AlmasB/FXGL
10:37:11.256 [FXGL Background Thread 3 ] DEBUG Engine               - urlLeaderboard: http://fxgl-top.herokuapp.com/
10:37:11.256 [FXGL Background Thread 3 ] DEBUG Engine               - urlPOM: https://raw.githubusercontent.com/AlmasB/FXGL/release/README.md
10:37:11.256 [FXGL Background Thread 3 ] DEBUG Engine               - userAppClass: class client.ClientMain
10:37:11.256 [FXGL Background Thread 3 ] DEBUG Engine               - version: 0.0
10:37:11.256 [FXGL Background Thread 3 ] DEBUG Engine               - versionCheckDays: 7
10:37:11.256 [FXGL Background Thread 3 ] DEBUG Engine               - width: 1280
10:37:11.256 [FXGL Background Thread 3 ] DEBUG Engine               - Logging services
10:37:11.256 [FXGL Background Thread 3 ] DEBUG Engine               - class com.almasb.fxgl.app.services.FXGLAssetLoaderService
10:37:11.257 [FXGL Background Thread 3 ] DEBUG Engine               - class com.almasb.fxgl.app.FXGLApplication$GameApplicationService
10:37:11.257 [FXGL Background Thread 3 ] DEBUG Engine               - class com.almasb.fxgl.app.services.FXGLDialogService
10:37:11.257 [FXGL Background Thread 3 ] DEBUG Engine               - class com.almasb.fxgl.app.services.IOTaskExecutorService
10:37:11.257 [FXGL Background Thread 3 ] DEBUG Engine               - class com.almasb.fxgl.io.FileSystemService
10:37:11.257 [FXGL Background Thread 3 ] DEBUG Engine               - class com.almasb.fxgl.localization.LocalizationService
10:37:11.257 [FXGL Background Thread 3 ] DEBUG Engine               - class com.almasb.fxgl.app.services.SystemBundleService
10:37:11.257 [FXGL Background Thread 3 ] DEBUG Engine               - class com.almasb.fxgl.profile.SaveLoadService
10:37:11.257 [FXGL Background Thread 3 ] DEBUG Engine               - class com.almasb.fxgl.ui.FXGLUIFactoryServiceProvider
10:37:11.257 [FXGL Background Thread 3 ] DEBUG Engine               - class com.almasb.fxgl.ui.FXGLDialogFactoryServiceProvider
10:37:11.257 [FXGL Background Thread 3 ] DEBUG Engine               - class com.almasb.fxgl.audio.AudioPlayer
10:37:11.257 [FXGL Background Thread 3 ] DEBUG Engine               - class com.almasb.fxgl.notification.impl.NotificationServiceProvider
10:37:11.257 [FXGL Background Thread 3 ] DEBUG Engine               - class com.almasb.fxgl.achievement.AchievementService
10:37:11.257 [FXGL Background Thread 3 ] DEBUG Engine               - class com.almasb.fxgl.cutscene.CutsceneService
10:37:11.258 [FXGL Background Thread 3 ] DEBUG Engine               - class com.almasb.fxgl.minigames.MiniGameService
10:37:11.258 [FXGL Background Thread 3 ] DEBUG Engine               - class com.almasb.fxgl.net.NetService
10:37:11.258 [FXGL Background Thread 3 ] DEBUG Engine               - class com.almasb.fxgl.app.services.UpdaterService
10:37:11.258 [FXGL Background Thread 3 ] DEBUG Engine               - class com.almasb.fxgl.dev.DevService
10:38:35.756 [JavaFX Application Thread] DEBUG FXGLApplication      - Exiting FXGL
10:38:35.757 [JavaFX Application Thread] DEBUG LoopRunner           - Stopping loop
10:38:35.757 [JavaFX Application Thread] DEBUG SystemBundleService  - Saving FXGL system data
10:38:35.767 [JavaFX Application Thread] DEBUG FileSystemAccess     - Writing to: C:\Users\Mark Wachtel\git\mythcards-game\mythcardsgame\client\system\fxgl.bundle
10:38:35.776 [JavaFX Application Thread] DEBUG Async                - Shutting down background threads
10:38:35.777 [JavaFX Application Thread] DEBUG PrimaryStageWindow   - Closing main window
10:38:35.811 [JavaFX Application Thread] DEBUG Logger               - Closing Logger
