08:03:15.047 [main                     ] DEBUG Logger               - Configured Logger
08:03:15.055 [main                     ] DEBUG GameApplication      - Logging settings
Title: Myth Cards Client 0.0
Version: 0.0
Width: 1280
Height: 720
Fullscreen: false
Intro: true
Profiling: false
Single step:false
App Mode: DEVELOPER
Menu Key: ESCAPE
Stage Style: DECORATED
Scene Factory: class client.ClientMain$1

08:03:15.761 [JavaFX Application Thread] DEBUG FXGLApplication      - Initializing FXGL
08:03:15.765 [JavaFX Application Thread] INFO  Engine               - FXGL-21.1 (27.03.2024 07.52) on WINDOWS (J:24 FX:21)
08:03:15.765 [JavaFX Application Thread] DEBUG Engine               - JRE Vendor Name: Oracle Corporation
08:03:15.765 [JavaFX Application Thread] DEBUG Engine               - Running on OS: Windows 11 version 10.0
08:03:15.765 [JavaFX Application Thread] DEBUG Engine               - Architecture: amd64
08:03:15.765 [JavaFX Application Thread] INFO  Engine               - Source code and latest versions at: https://github.com/AlmasB/FXGL
08:03:15.765 [JavaFX Application Thread] INFO  Engine               -       Ask questions and discuss at: https://github.com/AlmasB/FXGL/discussions
08:03:15.766 [JavaFX Application Thread] INFO  Engine               -              Join the FXGL chat at: https://gitter.im/AlmasB/FXGL
08:03:15.987 [JavaFX Application Thread] DEBUG PrimaryStageWindow   - Creating a JavaFX scene
08:03:16.155 [JavaFX Application Thread] DEBUG PrimaryStageWindow   - Target settings size: 1280.0 x 720.0
08:03:16.155 [JavaFX Application Thread] DEBUG PrimaryStageWindow   - Scaled scene size:    1280.0 x 720.0
08:03:16.155 [JavaFX Application Thread] DEBUG PrimaryStageWindow   - Scaled ratio: (1.0, 1.0)
08:03:16.156 [JavaFX Application Thread] DEBUG PrimaryStageWindow   - Set initial scene to CustomStartupScene
08:03:16.159 [JavaFX Application Thread] DEBUG PrimaryStageWindow   - Opening main window
08:03:16.365 [JavaFX Application Thread] DEBUG PrimaryStageWindow   - Window border size: (16.0, 39.0)
08:03:16.365 [JavaFX Application Thread] DEBUG PrimaryStageWindow   - Scaled size: 1280.0 x 720.0
08:03:16.365 [JavaFX Application Thread] DEBUG PrimaryStageWindow   - Scaled ratio: (1.0, 1.0)
08:03:16.366 [JavaFX Application Thread] DEBUG PrimaryStageWindow   - Scene size: 1280.0 x 720.0
08:03:16.366 [JavaFX Application Thread] DEBUG PrimaryStageWindow   - Stage size: 1296.0 x 759.0
08:03:16.376 [FXGL Background Thread 1 ] DEBUG Engine               - Initializing environment variables
08:03:16.494 [FXGL Background Thread 1 ] DEBUG FXGLAssetLoaderServi - User app class for loading assets: class client.ClientMain
08:03:16.495 [FXGL Background Thread 1 ] DEBUG GameApplicationServi - Applying CSS: fxgl_dark.css
08:03:16.496 [FXGL Background Thread 1 ] DEBUG FXGLAssetLoaderServi - Loading from file system: jar:file:/C:/Users/Mark%20Wachtel/.m2/repository/com/github/almasb/fxgl/21.1/fxgl-21.1.jar!/fxglassets/ui/css/fxgl_dark.css
08:03:16.579 [FXGL Background Thread 1 ] DEBUG GameApplicationServi - Applying CSS: styles/chat.css
08:03:16.580 [FXGL Background Thread 1 ] DEBUG FXGLAssetLoaderServi - Loading from file system: file:/C:/Users/Mark%20Wachtel/git/mythcards-game/mythcardsgame/client/target/classes/assets/ui/css/styles/chat.css
08:03:16.581 [FXGL Background Thread 1 ] DEBUG GameApplicationServi - Initializing application scenes
08:03:16.649 [FXGL Background Thread 1 ] DEBUG GameWorld            - Game world initialized
08:03:16.743 [FXGL Background Thread 1 ] DEBUG PhysicsWorld         - Physics world initialized: appHeight=720, physics.ppm=50,0
08:03:16.744 [FXGL Background Thread 1 ] DEBUG PhysicsWorld         - Using strategy: BRUTE_FORCE
08:03:16.749 [FXGL Background Thread 1 ] DEBUG GameScene            - Game scene initialized: 1280x720
08:03:16.751 [FXGL Background Thread 1 ] DEBUG FXGLAssetLoaderServi - Loading from file system: file:/C:/Users/Mark%20Wachtel/git/mythcards-game/mythcardsgame/client/target/classes/assets/textures/bg/loading_screen.png
08:03:16.813 [FXGL Background Thread 1 ] DEBUG FXGL.DefaultMenu     - createMenuBodyGameMenu()
08:03:16.830 [FXGL Background Thread 1 ] DEBUG FXGL.DefaultMenu     - createOptionsMenu()
08:03:16.839 [FXGL Background Thread 1 ] DEBUG FXGLAssetLoaderServi - Loading from file system: jar:file:/C:/Users/Mark%20Wachtel/.m2/repository/com/github/almasb/fxgl/21.1/fxgl-21.1.jar!/fxglassets/textures/particles/smoke.png
08:03:16.966 [FXGL Background Thread 1 ] DEBUG FXGLAssetLoaderServi - Loading from file system: jar:file:/C:/Users/Mark%20Wachtel/.m2/repository/com/github/almasb/fxgl/21.1/fxgl-21.1.jar!/fxglassets/textures/particles/trace_horizontal.png
08:03:16.991 [FXGL Background Thread 1 ] DEBUG GameApplicationServi - Application scenes initialized
08:03:17.007 [FXGL Background Thread 1 ] DEBUG SystemBundleService  - Loading FXGL system data
08:03:17.020 [FXGL Background Thread 1 ] DEBUG FileSystemAccess     - Reading from: C:\Users\Mark Wachtel\git\mythcards-game\mythcardsgame\client\system\fxgl.bundle
08:03:17.028 [FXGL Background Thread 1 ] DEBUG SystemBundleService  - Bundle FXGL: {}
08:03:17.029 [FXGL Background Thread 1 ] DEBUG UpdaterService       - Checking for updates
08:03:17.035 [FXGL Background Thread 4 ] DEBUG FXGLApplication      - Loading fonts
08:03:17.035 [FXGL Background Thread 4 ] DEBUG FXGLAssetLoaderServi - Loading from file system: jar:file:/C:/Users/Mark%20Wachtel/.m2/repository/com/github/almasb/fxgl/21.1/fxgl-21.1.jar!/fxglassets/ui/fonts/VarelaRound-Regular.ttf
08:03:17.037 [FXGL Background Thread 1 ] DEBUG FXGLApplication      - Loading default localization
08:03:17.038 [FXGL Background Thread 1 ] DEBUG FXGLAssetLoaderServi - Loading from file system: jar:file:/C:/Users/Mark%20Wachtel/.m2/repository/com/github/almasb/fxgl/21.1/fxgl-21.1.jar!/fxglassets/languages/english.lang
08:03:17.064 [FXGL Background Thread 4 ] DEBUG FXGLAssetLoaderServi - Loading from file system: jar:file:/C:/Users/Mark%20Wachtel/.m2/repository/com/github/almasb/fxgl/21.1/fxgl-21.1.jar!/fxglassets/ui/fonts/Abel-Regular.ttf
08:03:17.078 [FXGL Background Thread 4 ] DEBUG FXGLAssetLoaderServi - Loading from file system: jar:file:/C:/Users/Mark%20Wachtel/.m2/repository/com/github/almasb/fxgl/21.1/fxgl-21.1.jar!/fxglassets/ui/fonts/TerminalLandMono-Regular.otf
08:03:17.089 [FXGL Background Thread 1 ] INFO  FXGLApplication      - FXGL initialization took: 0,713 sec
08:03:17.090 [FXGL Background Thread 4 ] DEBUG FXGLAssetLoaderServi - Loading from file system: jar:file:/C:/Users/Mark%20Wachtel/.m2/repository/com/github/almasb/fxgl/21.1/fxgl-21.1.jar!/fxglassets/ui/fonts/Courier-Prime.ttf
08:03:17.091 [JavaFX Application Thread] DEBUG FXGLAssetLoaderServi - Loading from file system: jar:file:/C:/Users/Mark%20Wachtel/.m2/repository/com/github/almasb/fxgl/21.1/fxgl-21.1.jar!/fxglassets/textures/fxgl_icon.png
08:03:17.118 [JavaFX Application Thread] DEBUG FXGLAssetLoaderServi - Loading from file system: jar:file:/C:/Users/Mark%20Wachtel/.m2/repository/com/github/almasb/fxgl/21.1/fxgl-21.1.jar!/fxglassets/textures/fxgl_default_cursor.png
08:03:17.133 [JavaFX Application Thread] DEBUG Input                - Registered new binding: Screenshot - CTRL+8
08:03:17.134 [JavaFX Application Thread] DEBUG Input                - Registered new binding: System info dump - CTRL+9
08:03:17.135 [JavaFX Application Thread] DEBUG Input                - Registered new binding: Restart - CTRL+R
08:03:17.137 [JavaFX Application Thread] DEBUG Input                - Registered new binding: Toggle Debug Camera - CTRL+7
08:03:17.143 [JavaFX Application Thread] DEBUG LoopRunner           - Starting loop
08:03:17.143 [JavaFX Application Thread] DEBUG LoopRunner           - Initializing JavaFX AnimationTimerLoop
08:03:17.148 [JavaFX Application Thread] DEBUG GameApplicationServi - Starting new game
08:03:17.148 [JavaFX Application Thread] DEBUG Input                - Clearing active input actions
08:03:17.170 [JavaFX Application Thread] DEBUG GameApplicationServi - Removing overlay from CustomStartupScene and adding to FXGLLoadingScene
08:03:17.170 [JavaFX Application Thread] DEBUG PrimaryStageWindow   - CustomStartupScene -> FXGLLoadingScene
08:03:17.170 [JavaFX Application Thread] DEBUG GameApplicationServi - Clearing previous game
08:03:17.170 [JavaFX Application Thread] DEBUG GameScene            - Clearing game scene
08:03:17.170 [JavaFX Application Thread] DEBUG GameWorld            - Clearing game world
08:03:17.171 [JavaFX Application Thread] DEBUG PhysicsWorld         - Clearing physics world
08:03:17.174 [JavaFX Application Thread] DEBUG Input                - Clearing active input actions
08:03:17.175 [FXGL Background Thread 4 ] DEBUG FXGLApplication      - Initializing game
08:03:17.191 [JavaFX Application Thread] DEBUG GameApplicationServi - Removing overlay from FXGLLoadingScene and adding to MyIntroScene
08:03:17.192 [JavaFX Application Thread] DEBUG PrimaryStageWindow   - CustomStartupScene -> MyIntroScene
08:03:17.192 [JavaFX Application Thread] DEBUG FXGLApplication      - Registering font factories with UI factory
08:03:17.202 [FXGL Background Thread 4 ] INFO  FXGLApplication      - Game initialization took: 0,028 sec
08:03:17.224 [JavaFX Application Thread] DEBUG Input                - Clearing active input actions
08:03:17.254 [JavaFX Application Thread] DEBUG GameApplicationServi - Removing overlay from MyIntroScene and adding to GameScene
08:03:17.255 [JavaFX Application Thread] DEBUG PrimaryStageWindow   - MyIntroScene -> GameScene
08:03:20.034 [FXGL Background Thread 3 ] DEBUG Engine               - Logging environment variables
08:03:20.036 [FXGL Background Thread 3 ] DEBUG Engine               - achievements: []
08:03:20.037 [FXGL Background Thread 3 ] DEBUG Engine               - actualHeight: 720.0
08:03:20.037 [FXGL Background Thread 3 ] DEBUG Engine               - actualHeightProperty: ReadOnlyDoubleProperty [value: 720.0]
08:03:20.037 [FXGL Background Thread 3 ] DEBUG Engine               - actualWidth: 1280.0
08:03:20.038 [FXGL Background Thread 3 ] DEBUG Engine               - actualWidthProperty: ReadOnlyDoubleProperty [value: 1280.0]
08:03:20.038 [FXGL Background Thread 3 ] DEBUG Engine               - appIcon: fxgl_icon.png
08:03:20.038 [FXGL Background Thread 3 ] DEBUG Engine               - applicationMode: DEVELOPER
08:03:20.038 [FXGL Background Thread 3 ] DEBUG Engine               - cSSList: [fxgl_dark.css, styles/chat.css]
08:03:20.039 [FXGL Background Thread 3 ] DEBUG Engine               - collisionDetectionStrategy: BRUTE_FORCE
08:03:20.039 [FXGL Background Thread 3 ] DEBUG Engine               - configClass: Optional.empty
08:03:20.039 [FXGL Background Thread 3 ] DEBUG Engine               - credits: []
08:03:20.040 [FXGL Background Thread 3 ] DEBUG Engine               - defaultCursor: CursorInfo(imageName=fxgl_default_cursor.png, hotspotX=7.0, hotspotY=6.0)
08:03:20.041 [FXGL Background Thread 3 ] DEBUG Engine               - devBBoxColorProperty: ObjectProperty [value: 0xff0000ff]
08:03:20.041 [FXGL Background Thread 3 ] DEBUG Engine               - devEnableDebugCameraProperty: BooleanProperty [value: false]
08:03:20.042 [FXGL Background Thread 3 ] DEBUG Engine               - devSensorColorProperty: ObjectProperty [value: 0xffff00ff]
08:03:20.042 [FXGL Background Thread 3 ] DEBUG Engine               - devShowBBoxProperty: BooleanProperty [value: false]
08:03:20.042 [FXGL Background Thread 3 ] DEBUG Engine               - devShowPositionProperty: BooleanProperty [value: false]
08:03:20.042 [FXGL Background Thread 3 ] DEBUG Engine               - enabledMenuItems: []
08:03:20.042 [FXGL Background Thread 3 ] DEBUG Engine               - engineServices: [class com.almasb.fxgl.app.services.FXGLAssetLoaderService, class com.almasb.fxgl.app.FXGLApplication$GameApplicationService, class com.almasb.fxgl.app.services.FXGLDialogService, class com.almasb.fxgl.app.services.IOTaskExecutorService, class com.almasb.fxgl.io.FileSystemService, class com.almasb.fxgl.localization.LocalizationService, class com.almasb.fxgl.app.services.SystemBundleService, class com.almasb.fxgl.profile.SaveLoadService, class com.almasb.fxgl.ui.FXGLUIFactoryServiceProvider, class com.almasb.fxgl.ui.FXGLDialogFactoryServiceProvider, class com.almasb.fxgl.audio.AudioPlayer, class com.almasb.fxgl.notification.impl.NotificationServiceProvider, class com.almasb.fxgl.achievement.AchievementService, class com.almasb.fxgl.cutscene.CutsceneService, class com.almasb.fxgl.minigames.MiniGameService, class com.almasb.fxgl.net.NetService, class com.almasb.fxgl.app.services.UpdaterService, class com.almasb.fxgl.dev.DevService]
08:03:20.043 [FXGL Background Thread 3 ] DEBUG Engine               - fontGame: Abel-Regular.ttf
08:03:20.043 [FXGL Background Thread 3 ] DEBUG Engine               - fontMono: TerminalLandMono-Regular.otf
08:03:20.043 [FXGL Background Thread 3 ] DEBUG Engine               - fontSizeScaleUI: 1.0
08:03:20.044 [FXGL Background Thread 3 ] DEBUG Engine               - fontText: Courier-Prime.ttf
08:03:20.044 [FXGL Background Thread 3 ] DEBUG Engine               - fontUI: VarelaRound-Regular.ttf
08:03:20.044 [FXGL Background Thread 3 ] DEBUG Engine               - fullScreen: BooleanProperty [value: false]
08:03:20.044 [FXGL Background Thread 3 ] DEBUG Engine               - gameDifficulty: MEDIUM
08:03:20.045 [FXGL Background Thread 3 ] DEBUG Engine               - gameDifficultyProperty: ObjectProperty [value: MEDIUM]
08:03:20.045 [FXGL Background Thread 3 ] DEBUG Engine               - globalMusicVolume: 0.5
08:03:20.045 [FXGL Background Thread 3 ] DEBUG Engine               - globalMusicVolumeProperty: DoubleProperty [value: 0.5]
08:03:20.046 [FXGL Background Thread 3 ] DEBUG Engine               - globalSoundVolume: 0.5
08:03:20.046 [FXGL Background Thread 3 ] DEBUG Engine               - globalSoundVolumeProperty: DoubleProperty [value: 0.5]
08:03:20.046 [FXGL Background Thread 3 ] DEBUG Engine               - height: 720
08:03:20.046 [FXGL Background Thread 3 ] DEBUG Engine               - is3D: false
08:03:20.047 [FXGL Background Thread 3 ] DEBUG Engine               - isAndroid: false
08:03:20.047 [FXGL Background Thread 3 ] DEBUG Engine               - isBrowser: false
08:03:20.047 [FXGL Background Thread 3 ] DEBUG Engine               - isClickFeedbackEnabled: false
08:03:20.047 [FXGL Background Thread 3 ] DEBUG Engine               - isCloseConfirmation: false
08:03:20.047 [FXGL Background Thread 3 ] DEBUG Engine               - isDesktop: true
08:03:20.047 [FXGL Background Thread 3 ] DEBUG Engine               - isDeveloperMenuEnabled: false
08:03:20.047 [FXGL Background Thread 3 ] DEBUG Engine               - isEmbedded: false
08:03:20.048 [FXGL Background Thread 3 ] DEBUG Engine               - isEntityPreloadEnabled: true
08:03:20.048 [FXGL Background Thread 3 ] DEBUG Engine               - isExperimentalTiledLargeMap: false
08:03:20.048 [FXGL Background Thread 3 ] DEBUG Engine               - isFileSystemWriteAllowed: true
08:03:20.048 [FXGL Background Thread 3 ] DEBUG Engine               - isFullScreenAllowed: false
08:03:20.048 [FXGL Background Thread 3 ] DEBUG Engine               - isFullScreenFromStart: false
08:03:20.048 [FXGL Background Thread 3 ] DEBUG Engine               - isGameMenuEnabled: true
08:03:20.048 [FXGL Background Thread 3 ] DEBUG Engine               - isIOS: false
08:03:20.048 [FXGL Background Thread 3 ] DEBUG Engine               - isIntroEnabled: true
08:03:20.048 [FXGL Background Thread 3 ] DEBUG Engine               - isLinux: false
08:03:20.049 [FXGL Background Thread 3 ] DEBUG Engine               - isMac: false
08:03:20.049 [FXGL Background Thread 3 ] DEBUG Engine               - isMainMenuEnabled: false
08:03:20.049 [FXGL Background Thread 3 ] DEBUG Engine               - isManualResizeEnabled: false
08:03:20.049 [FXGL Background Thread 3 ] DEBUG Engine               - isMobile: false
08:03:20.049 [FXGL Background Thread 3 ] DEBUG Engine               - isNative: false
08:03:20.049 [FXGL Background Thread 3 ] DEBUG Engine               - isPauseMusicWhenMinimized: true
08:03:20.049 [FXGL Background Thread 3 ] DEBUG Engine               - isPreserveResizeRatio: false
08:03:20.049 [FXGL Background Thread 3 ] DEBUG Engine               - isProfilingEnabled: false
08:03:20.050 [FXGL Background Thread 3 ] DEBUG Engine               - isScaleAffectedOnResize: true
08:03:20.050 [FXGL Background Thread 3 ] DEBUG Engine               - isSingleStep: false
08:03:20.050 [FXGL Background Thread 3 ] DEBUG Engine               - isUserProfileEnabled: false
08:03:20.050 [FXGL Background Thread 3 ] DEBUG Engine               - isWindows: true
08:03:20.050 [FXGL Background Thread 3 ] DEBUG Engine               - language: ObjectProperty [value: ENGLISH]
08:03:20.050 [FXGL Background Thread 3 ] DEBUG Engine               - menuKey: ESCAPE
08:03:20.050 [FXGL Background Thread 3 ] DEBUG Engine               - mouseSensitivity: 0.2
08:03:20.050 [FXGL Background Thread 3 ] DEBUG Engine               - notificationViewClass: class com.almasb.fxgl.notification.view.XboxNotificationView
08:03:20.050 [FXGL Background Thread 3 ] DEBUG Engine               - pixelsPerMeter: 50.0
08:03:20.050 [FXGL Background Thread 3 ] DEBUG Engine               - platform: WINDOWS
08:03:20.051 [FXGL Background Thread 3 ] DEBUG Engine               - prefHeightProperty: ReadOnlyDoubleProperty [value: 720.0]
08:03:20.051 [FXGL Background Thread 3 ] DEBUG Engine               - prefWidthProperty: ReadOnlyDoubleProperty [value: 1280.0]
08:03:20.051 [FXGL Background Thread 3 ] DEBUG Engine               - profileDir: profiles/
08:03:20.051 [FXGL Background Thread 3 ] DEBUG Engine               - profileName: StringProperty [value: DEFAULT]
08:03:20.051 [FXGL Background Thread 3 ] DEBUG Engine               - randomSeed: -1
08:03:20.051 [FXGL Background Thread 3 ] DEBUG Engine               - runtimeInfo: RuntimeInfo(platform=WINDOWS, version=21.1, build=27.03.2024 07.52)
08:03:20.052 [FXGL Background Thread 3 ] DEBUG Engine               - saveFileExt: sav
08:03:20.052 [FXGL Background Thread 3 ] DEBUG Engine               - scaledHeightProp$fxgl: DoubleProperty [bound, value: 720.0]
08:03:20.052 [FXGL Background Thread 3 ] DEBUG Engine               - scaledWidthProp$fxgl: DoubleProperty [bound, value: 1280.0]
08:03:20.052 [FXGL Background Thread 3 ] DEBUG Engine               - sceneFactory: client.ClientMain$1@5b49cffd
08:03:20.052 [FXGL Background Thread 3 ] DEBUG Engine               - secondsIn24h: 60
08:03:20.052 [FXGL Background Thread 3 ] DEBUG Engine               - soundMenuBack: menu/back.wav
08:03:20.052 [FXGL Background Thread 3 ] DEBUG Engine               - soundMenuPress: menu/press.wav
08:03:20.052 [FXGL Background Thread 3 ] DEBUG Engine               - soundMenuSelect: menu/select.wav
08:03:20.052 [FXGL Background Thread 3 ] DEBUG Engine               - soundNotification: core/notification.wav
08:03:20.052 [FXGL Background Thread 3 ] DEBUG Engine               - stageStyle: DECORATED
08:03:20.052 [FXGL Background Thread 3 ] DEBUG Engine               - supportedLanguages: [ENGLISH, FRENCH, GERMAN, HUNGARIAN, RUSSIAN]
08:03:20.053 [FXGL Background Thread 3 ] DEBUG Engine               - ticksPerSecond: -1
08:03:20.053 [FXGL Background Thread 3 ] DEBUG Engine               - title: Myth Cards Client 0.0
08:03:20.053 [FXGL Background Thread 3 ] DEBUG Engine               - urlGithub: https://github.com/AlmasB/FXGL
08:03:20.053 [FXGL Background Thread 3 ] DEBUG Engine               - urlLeaderboard: http://fxgl-top.herokuapp.com/
08:03:20.053 [FXGL Background Thread 3 ] DEBUG Engine               - urlPOM: https://raw.githubusercontent.com/AlmasB/FXGL/release/README.md
08:03:20.053 [FXGL Background Thread 3 ] DEBUG Engine               - userAppClass: class client.ClientMain
08:03:20.053 [FXGL Background Thread 3 ] DEBUG Engine               - version: 0.0
08:03:20.053 [FXGL Background Thread 3 ] DEBUG Engine               - versionCheckDays: 7
08:03:20.053 [FXGL Background Thread 3 ] DEBUG Engine               - width: 1280
08:03:20.053 [FXGL Background Thread 3 ] DEBUG Engine               - Logging services
08:03:20.054 [FXGL Background Thread 3 ] DEBUG Engine               - class com.almasb.fxgl.app.services.FXGLAssetLoaderService
08:03:20.054 [FXGL Background Thread 3 ] DEBUG Engine               - class com.almasb.fxgl.app.FXGLApplication$GameApplicationService
08:03:20.054 [FXGL Background Thread 3 ] DEBUG Engine               - class com.almasb.fxgl.app.services.FXGLDialogService
08:03:20.054 [FXGL Background Thread 3 ] DEBUG Engine               - class com.almasb.fxgl.app.services.IOTaskExecutorService
08:03:20.054 [FXGL Background Thread 3 ] DEBUG Engine               - class com.almasb.fxgl.io.FileSystemService
08:03:20.054 [FXGL Background Thread 3 ] DEBUG Engine               - class com.almasb.fxgl.localization.LocalizationService
08:03:20.054 [FXGL Background Thread 3 ] DEBUG Engine               - class com.almasb.fxgl.app.services.SystemBundleService
08:03:20.054 [FXGL Background Thread 3 ] DEBUG Engine               - class com.almasb.fxgl.profile.SaveLoadService
08:03:20.054 [FXGL Background Thread 3 ] DEBUG Engine               - class com.almasb.fxgl.ui.FXGLUIFactoryServiceProvider
08:03:20.054 [FXGL Background Thread 3 ] DEBUG Engine               - class com.almasb.fxgl.ui.FXGLDialogFactoryServiceProvider
08:03:20.054 [FXGL Background Thread 3 ] DEBUG Engine               - class com.almasb.fxgl.audio.AudioPlayer
08:03:20.054 [FXGL Background Thread 3 ] DEBUG Engine               - class com.almasb.fxgl.notification.impl.NotificationServiceProvider
08:03:20.054 [FXGL Background Thread 3 ] DEBUG Engine               - class com.almasb.fxgl.achievement.AchievementService
08:03:20.054 [FXGL Background Thread 3 ] DEBUG Engine               - class com.almasb.fxgl.cutscene.CutsceneService
08:03:20.054 [FXGL Background Thread 3 ] DEBUG Engine               - class com.almasb.fxgl.minigames.MiniGameService
08:03:20.055 [FXGL Background Thread 3 ] DEBUG Engine               - class com.almasb.fxgl.net.NetService
08:03:20.055 [FXGL Background Thread 3 ] DEBUG Engine               - class com.almasb.fxgl.app.services.UpdaterService
08:03:20.055 [FXGL Background Thread 3 ] DEBUG Engine               - class com.almasb.fxgl.dev.DevService
08:04:24.771 [JavaFX Application Thread] DEBUG FXGLApplication      - Exiting FXGL
08:04:24.771 [JavaFX Application Thread] DEBUG LoopRunner           - Stopping loop
08:04:24.772 [JavaFX Application Thread] DEBUG SystemBundleService  - Saving FXGL system data
08:04:24.781 [JavaFX Application Thread] DEBUG FileSystemAccess     - Writing to: C:\Users\Mark Wachtel\git\mythcards-game\mythcardsgame\client\system\fxgl.bundle
08:04:24.792 [JavaFX Application Thread] DEBUG Async                - Shutting down background threads
08:04:24.793 [JavaFX Application Thread] DEBUG PrimaryStageWindow   - Closing main window
08:04:24.837 [JavaFX Application Thread] DEBUG Logger               - Closing Logger
