00:16:53.903 [main                     ] DEBUG Logger               - Configured Logger
00:16:53.912 [main                     ] DEBUG GameApplication      - Logging settings
Title: Myth Cards Client 0.0
Version: 0.0
Width: 1280
Height: 720
Fullscreen: false
Intro: true
Profiling: false
Single step:false
App Mode: DEVELOPER
Menu Key: ESCAPE
Stage Style: DECORATED
Scene Factory: class client.ClientMain$1

00:16:54.725 [JavaFX Application Thread] DEBUG FXGLApplication      - Initializing FXGL
00:16:54.729 [JavaFX Application Thread] INFO  Engine               - FXGL-21.1 (27.03.2024 07.52) on WINDOWS (J:24 FX:21)
00:16:54.730 [JavaFX Application Thread] DEBUG Engine               - JRE Vendor Name: Oracle Corporation
00:16:54.730 [JavaFX Application Thread] DEBUG Engine               - Running on OS: Windows 11 version 10.0
00:16:54.730 [JavaFX Application Thread] DEBUG Engine               - Architecture: amd64
00:16:54.730 [JavaFX Application Thread] INFO  Engine               - Source code and latest versions at: https://github.com/AlmasB/FXGL
00:16:54.730 [JavaFX Application Thread] INFO  Engine               -       Ask questions and discuss at: https://github.com/AlmasB/FXGL/discussions
00:16:54.730 [JavaFX Application Thread] INFO  Engine               -              Join the FXGL chat at: https://gitter.im/AlmasB/FXGL
00:16:55.008 [JavaFX Application Thread] DEBUG PrimaryStageWindow   - Creating a JavaFX scene
00:16:55.158 [JavaFX Application Thread] DEBUG PrimaryStageWindow   - Target settings size: 1280.0 x 720.0
00:16:55.158 [JavaFX Application Thread] DEBUG PrimaryStageWindow   - Scaled scene size:    1280.0 x 720.0
00:16:55.158 [JavaFX Application Thread] DEBUG PrimaryStageWindow   - Scaled ratio: (1.0, 1.0)
00:16:55.160 [JavaFX Application Thread] DEBUG PrimaryStageWindow   - Set initial scene to CustomStartupScene
00:16:55.166 [JavaFX Application Thread] DEBUG PrimaryStageWindow   - Opening main window
00:16:55.398 [JavaFX Application Thread] DEBUG PrimaryStageWindow   - Window border size: (16.0, 39.0)
00:16:55.399 [JavaFX Application Thread] DEBUG PrimaryStageWindow   - Scaled size: 1280.0 x 720.0
00:16:55.399 [JavaFX Application Thread] DEBUG PrimaryStageWindow   - Scaled ratio: (1.0, 1.0)
00:16:55.399 [JavaFX Application Thread] DEBUG PrimaryStageWindow   - Scene size: 1280.0 x 720.0
00:16:55.399 [JavaFX Application Thread] DEBUG PrimaryStageWindow   - Stage size: 1296.0 x 759.0
00:16:55.414 [FXGL Background Thread 1 ] DEBUG Engine               - Initializing environment variables
00:16:55.553 [FXGL Background Thread 1 ] DEBUG FXGLAssetLoaderServi - User app class for loading assets: class client.ClientMain
00:16:55.554 [FXGL Background Thread 1 ] DEBUG GameApplicationServi - Applying CSS: fxgl_dark.css
00:16:55.556 [FXGL Background Thread 1 ] DEBUG FXGLAssetLoaderServi - Loading from file system: jar:file:/C:/Users/Mark%20Wachtel/.m2/repository/com/github/almasb/fxgl/21.1/fxgl-21.1.jar!/fxglassets/ui/css/fxgl_dark.css
00:16:55.680 [FXGL Background Thread 1 ] DEBUG GameApplicationServi - Applying CSS: styles/chat.css
00:16:55.680 [FXGL Background Thread 1 ] DEBUG FXGLAssetLoaderServi - Loading from file system: file:/C:/Users/Mark%20Wachtel/git/mythcards-game/mythcardsgame/client/target/classes/assets/ui/css/styles/chat.css
00:16:55.684 [FXGL Background Thread 1 ] DEBUG GameApplicationServi - Initializing application scenes
00:16:55.815 [FXGL Background Thread 1 ] DEBUG GameWorld            - Game world initialized
00:16:56.101 [FXGL Background Thread 1 ] DEBUG PhysicsWorld         - Physics world initialized: appHeight=720, physics.ppm=50,0
00:16:56.102 [FXGL Background Thread 1 ] DEBUG PhysicsWorld         - Using strategy: BRUTE_FORCE
00:16:56.113 [FXGL Background Thread 1 ] DEBUG GameScene            - Game scene initialized: 1280x720
00:16:56.118 [FXGL Background Thread 1 ] DEBUG FXGLAssetLoaderServi - Loading from file system: file:/C:/Users/Mark%20Wachtel/git/mythcards-game/mythcardsgame/client/target/classes/assets/textures/bg/loading_screen.png
00:16:56.263 [FXGL Background Thread 1 ] DEBUG FXGL.DefaultMenu     - createMenuBodyGameMenu()
00:16:56.308 [FXGL Background Thread 1 ] DEBUG FXGL.DefaultMenu     - createOptionsMenu()
00:16:56.336 [FXGL Background Thread 1 ] DEBUG FXGLAssetLoaderServi - Loading from file system: jar:file:/C:/Users/Mark%20Wachtel/.m2/repository/com/github/almasb/fxgl/21.1/fxgl-21.1.jar!/fxglassets/textures/particles/smoke.png
00:16:56.657 [FXGL Background Thread 1 ] DEBUG FXGLAssetLoaderServi - Loading from file system: jar:file:/C:/Users/Mark%20Wachtel/.m2/repository/com/github/almasb/fxgl/21.1/fxgl-21.1.jar!/fxglassets/textures/particles/trace_horizontal.png
00:16:56.705 [FXGL Background Thread 1 ] DEBUG GameApplicationServi - Application scenes initialized
00:16:56.739 [FXGL Background Thread 1 ] DEBUG SystemBundleService  - Loading FXGL system data
00:16:56.772 [FXGL Background Thread 1 ] DEBUG FileSystemAccess     - Reading from: C:\Users\Mark Wachtel\git\mythcards-game\mythcardsgame\client\system\fxgl.bundle
00:16:56.792 [FXGL Background Thread 1 ] DEBUG SystemBundleService  - Bundle FXGL: {}
00:16:56.792 [FXGL Background Thread 1 ] DEBUG UpdaterService       - Checking for updates
00:16:56.807 [FXGL Background Thread 4 ] DEBUG FXGLApplication      - Loading fonts
00:16:56.809 [FXGL Background Thread 1 ] DEBUG FXGLApplication      - Loading default localization
00:16:56.810 [FXGL Background Thread 1 ] DEBUG FXGLAssetLoaderServi - Loading from file system: jar:file:/C:/Users/Mark%20Wachtel/.m2/repository/com/github/almasb/fxgl/21.1/fxgl-21.1.jar!/fxglassets/languages/english.lang
00:16:56.810 [FXGL Background Thread 4 ] DEBUG FXGLAssetLoaderServi - Loading from file system: jar:file:/C:/Users/Mark%20Wachtel/.m2/repository/com/github/almasb/fxgl/21.1/fxgl-21.1.jar!/fxglassets/ui/fonts/VarelaRound-Regular.ttf
00:16:56.882 [FXGL Background Thread 4 ] DEBUG FXGLAssetLoaderServi - Loading from file system: jar:file:/C:/Users/Mark%20Wachtel/.m2/repository/com/github/almasb/fxgl/21.1/fxgl-21.1.jar!/fxglassets/ui/fonts/Abel-Regular.ttf
00:16:56.923 [FXGL Background Thread 4 ] DEBUG FXGLAssetLoaderServi - Loading from file system: jar:file:/C:/Users/Mark%20Wachtel/.m2/repository/com/github/almasb/fxgl/21.1/fxgl-21.1.jar!/fxglassets/ui/fonts/TerminalLandMono-Regular.otf
00:16:56.942 [FXGL Background Thread 1 ] INFO  FXGLApplication      - FXGL initialization took: 1,529 sec
00:16:56.945 [JavaFX Application Thread] DEBUG FXGLAssetLoaderServi - Loading from file system: jar:file:/C:/Users/Mark%20Wachtel/.m2/repository/com/github/almasb/fxgl/21.1/fxgl-21.1.jar!/fxglassets/textures/fxgl_icon.png
00:16:56.964 [FXGL Background Thread 4 ] DEBUG FXGLAssetLoaderServi - Loading from file system: jar:file:/C:/Users/Mark%20Wachtel/.m2/repository/com/github/almasb/fxgl/21.1/fxgl-21.1.jar!/fxglassets/ui/fonts/Courier-Prime.ttf
00:16:57.019 [JavaFX Application Thread] DEBUG FXGLAssetLoaderServi - Loading from file system: jar:file:/C:/Users/Mark%20Wachtel/.m2/repository/com/github/almasb/fxgl/21.1/fxgl-21.1.jar!/fxglassets/textures/fxgl_default_cursor.png
00:16:57.057 [JavaFX Application Thread] DEBUG Input                - Registered new binding: Screenshot - CTRL+8
00:16:57.058 [JavaFX Application Thread] DEBUG Input                - Registered new binding: System info dump - CTRL+9
00:16:57.071 [JavaFX Application Thread] DEBUG Input                - Registered new binding: Restart - CTRL+R
00:16:57.079 [JavaFX Application Thread] DEBUG Input                - Registered new binding: Toggle Debug Camera - CTRL+7
00:16:57.091 [JavaFX Application Thread] DEBUG LoopRunner           - Starting loop
00:16:57.092 [JavaFX Application Thread] DEBUG LoopRunner           - Initializing JavaFX AnimationTimerLoop
00:16:57.097 [JavaFX Application Thread] DEBUG GameApplicationServi - Starting new game
00:16:57.098 [JavaFX Application Thread] DEBUG Input                - Clearing active input actions
00:16:57.159 [JavaFX Application Thread] DEBUG GameApplicationServi - Removing overlay from CustomStartupScene and adding to FXGLLoadingScene
00:16:57.160 [JavaFX Application Thread] DEBUG PrimaryStageWindow   - CustomStartupScene -> FXGLLoadingScene
00:16:57.160 [JavaFX Application Thread] DEBUG GameApplicationServi - Clearing previous game
00:16:57.160 [JavaFX Application Thread] DEBUG GameScene            - Clearing game scene
00:16:57.160 [JavaFX Application Thread] DEBUG GameWorld            - Clearing game world
00:16:57.161 [JavaFX Application Thread] DEBUG PhysicsWorld         - Clearing physics world
00:16:57.168 [JavaFX Application Thread] DEBUG Input                - Clearing active input actions
00:16:57.174 [FXGL Background Thread 4 ] DEBUG FXGLApplication      - Initializing game
00:16:57.224 [JavaFX Application Thread] DEBUG GameApplicationServi - Removing overlay from FXGLLoadingScene and adding to MyIntroScene
00:16:57.225 [JavaFX Application Thread] DEBUG PrimaryStageWindow   - CustomStartupScene -> MyIntroScene
00:16:57.225 [JavaFX Application Thread] DEBUG FXGLApplication      - Registering font factories with UI factory
00:16:57.243 [FXGL Background Thread 4 ] INFO  FXGLApplication      - Game initialization took: 0,070 sec
00:16:57.272 [JavaFX Application Thread] DEBUG Input                - Clearing active input actions
00:16:57.358 [JavaFX Application Thread] DEBUG GameApplicationServi - Removing overlay from MyIntroScene and adding to GameScene
00:16:57.358 [JavaFX Application Thread] DEBUG PrimaryStageWindow   - MyIntroScene -> GameScene
00:16:59.801 [FXGL Background Thread 3 ] DEBUG Engine               - Logging environment variables
00:16:59.803 [FXGL Background Thread 3 ] DEBUG Engine               - achievements: []
00:16:59.803 [FXGL Background Thread 3 ] DEBUG Engine               - actualHeight: 720.0
00:16:59.804 [FXGL Background Thread 3 ] DEBUG Engine               - actualHeightProperty: ReadOnlyDoubleProperty [value: 720.0]
00:16:59.804 [FXGL Background Thread 3 ] DEBUG Engine               - actualWidth: 1280.0
00:16:59.804 [FXGL Background Thread 3 ] DEBUG Engine               - actualWidthProperty: ReadOnlyDoubleProperty [value: 1280.0]
00:16:59.804 [FXGL Background Thread 3 ] DEBUG Engine               - appIcon: fxgl_icon.png
00:16:59.804 [FXGL Background Thread 3 ] DEBUG Engine               - applicationMode: DEVELOPER
00:16:59.804 [FXGL Background Thread 3 ] DEBUG Engine               - cSSList: [fxgl_dark.css, styles/chat.css]
00:16:59.804 [FXGL Background Thread 3 ] DEBUG Engine               - collisionDetectionStrategy: BRUTE_FORCE
00:16:59.804 [FXGL Background Thread 3 ] DEBUG Engine               - configClass: Optional.empty
00:16:59.805 [FXGL Background Thread 3 ] DEBUG Engine               - credits: []
00:16:59.805 [FXGL Background Thread 3 ] DEBUG Engine               - defaultCursor: CursorInfo(imageName=fxgl_default_cursor.png, hotspotX=7.0, hotspotY=6.0)
00:16:59.805 [FXGL Background Thread 3 ] DEBUG Engine               - devBBoxColorProperty: ObjectProperty [value: 0xff0000ff]
00:16:59.807 [FXGL Background Thread 3 ] DEBUG Engine               - devEnableDebugCameraProperty: BooleanProperty [value: false]
00:16:59.809 [FXGL Background Thread 3 ] DEBUG Engine               - devSensorColorProperty: ObjectProperty [value: 0xffff00ff]
00:16:59.809 [FXGL Background Thread 3 ] DEBUG Engine               - devShowBBoxProperty: BooleanProperty [value: false]
00:16:59.809 [FXGL Background Thread 3 ] DEBUG Engine               - devShowPositionProperty: BooleanProperty [value: false]
00:16:59.810 [FXGL Background Thread 3 ] DEBUG Engine               - enabledMenuItems: []
00:16:59.810 [FXGL Background Thread 3 ] DEBUG Engine               - engineServices: [class com.almasb.fxgl.app.services.FXGLAssetLoaderService, class com.almasb.fxgl.app.FXGLApplication$GameApplicationService, class com.almasb.fxgl.app.services.FXGLDialogService, class com.almasb.fxgl.app.services.IOTaskExecutorService, class com.almasb.fxgl.io.FileSystemService, class com.almasb.fxgl.localization.LocalizationService, class com.almasb.fxgl.app.services.SystemBundleService, class com.almasb.fxgl.profile.SaveLoadService, class com.almasb.fxgl.ui.FXGLUIFactoryServiceProvider, class com.almasb.fxgl.ui.FXGLDialogFactoryServiceProvider, class com.almasb.fxgl.audio.AudioPlayer, class com.almasb.fxgl.notification.impl.NotificationServiceProvider, class com.almasb.fxgl.achievement.AchievementService, class com.almasb.fxgl.cutscene.CutsceneService, class com.almasb.fxgl.minigames.MiniGameService, class com.almasb.fxgl.net.NetService, class com.almasb.fxgl.app.services.UpdaterService, class com.almasb.fxgl.dev.DevService]
00:16:59.810 [FXGL Background Thread 3 ] DEBUG Engine               - fontGame: Abel-Regular.ttf
00:16:59.810 [FXGL Background Thread 3 ] DEBUG Engine               - fontMono: TerminalLandMono-Regular.otf
00:16:59.810 [FXGL Background Thread 3 ] DEBUG Engine               - fontSizeScaleUI: 1.0
00:16:59.810 [FXGL Background Thread 3 ] DEBUG Engine               - fontText: Courier-Prime.ttf
00:16:59.810 [FXGL Background Thread 3 ] DEBUG Engine               - fontUI: VarelaRound-Regular.ttf
00:16:59.811 [FXGL Background Thread 3 ] DEBUG Engine               - fullScreen: BooleanProperty [value: false]
00:16:59.811 [FXGL Background Thread 3 ] DEBUG Engine               - gameDifficulty: MEDIUM
00:16:59.811 [FXGL Background Thread 3 ] DEBUG Engine               - gameDifficultyProperty: ObjectProperty [value: MEDIUM]
00:16:59.811 [FXGL Background Thread 3 ] DEBUG Engine               - globalMusicVolume: 0.5
00:16:59.811 [FXGL Background Thread 3 ] DEBUG Engine               - globalMusicVolumeProperty: DoubleProperty [value: 0.5]
00:16:59.811 [FXGL Background Thread 3 ] DEBUG Engine               - globalSoundVolume: 0.5
00:16:59.811 [FXGL Background Thread 3 ] DEBUG Engine               - globalSoundVolumeProperty: DoubleProperty [value: 0.5]
00:16:59.811 [FXGL Background Thread 3 ] DEBUG Engine               - height: 720
00:16:59.812 [FXGL Background Thread 3 ] DEBUG Engine               - is3D: false
00:16:59.812 [FXGL Background Thread 3 ] DEBUG Engine               - isAndroid: false
00:16:59.813 [FXGL Background Thread 3 ] DEBUG Engine               - isBrowser: false
00:16:59.813 [FXGL Background Thread 3 ] DEBUG Engine               - isClickFeedbackEnabled: false
00:16:59.813 [FXGL Background Thread 3 ] DEBUG Engine               - isCloseConfirmation: false
00:16:59.814 [FXGL Background Thread 3 ] DEBUG Engine               - isDesktop: true
00:16:59.814 [FXGL Background Thread 3 ] DEBUG Engine               - isDeveloperMenuEnabled: false
00:16:59.814 [FXGL Background Thread 3 ] DEBUG Engine               - isEmbedded: false
00:16:59.814 [FXGL Background Thread 3 ] DEBUG Engine               - isEntityPreloadEnabled: true
00:16:59.814 [FXGL Background Thread 3 ] DEBUG Engine               - isExperimentalTiledLargeMap: false
00:16:59.814 [FXGL Background Thread 3 ] DEBUG Engine               - isFileSystemWriteAllowed: true
00:16:59.814 [FXGL Background Thread 3 ] DEBUG Engine               - isFullScreenAllowed: false
00:16:59.814 [FXGL Background Thread 3 ] DEBUG Engine               - isFullScreenFromStart: false
00:16:59.815 [FXGL Background Thread 3 ] DEBUG Engine               - isGameMenuEnabled: true
00:16:59.815 [FXGL Background Thread 3 ] DEBUG Engine               - isIOS: false
00:16:59.815 [FXGL Background Thread 3 ] DEBUG Engine               - isIntroEnabled: true
00:16:59.815 [FXGL Background Thread 3 ] DEBUG Engine               - isLinux: false
00:16:59.815 [FXGL Background Thread 3 ] DEBUG Engine               - isMac: false
00:16:59.815 [FXGL Background Thread 3 ] DEBUG Engine               - isMainMenuEnabled: false
00:16:59.815 [FXGL Background Thread 3 ] DEBUG Engine               - isManualResizeEnabled: false
00:16:59.816 [FXGL Background Thread 3 ] DEBUG Engine               - isMobile: false
00:16:59.816 [FXGL Background Thread 3 ] DEBUG Engine               - isNative: false
00:16:59.816 [FXGL Background Thread 3 ] DEBUG Engine               - isPauseMusicWhenMinimized: true
00:16:59.816 [FXGL Background Thread 3 ] DEBUG Engine               - isPreserveResizeRatio: false
00:16:59.816 [FXGL Background Thread 3 ] DEBUG Engine               - isProfilingEnabled: false
00:16:59.816 [FXGL Background Thread 3 ] DEBUG Engine               - isScaleAffectedOnResize: true
00:16:59.816 [FXGL Background Thread 3 ] DEBUG Engine               - isSingleStep: false
00:16:59.816 [FXGL Background Thread 3 ] DEBUG Engine               - isUserProfileEnabled: false
00:16:59.817 [FXGL Background Thread 3 ] DEBUG Engine               - isWindows: true
00:16:59.817 [FXGL Background Thread 3 ] DEBUG Engine               - language: ObjectProperty [value: ENGLISH]
00:16:59.817 [FXGL Background Thread 3 ] DEBUG Engine               - menuKey: ESCAPE
00:16:59.817 [FXGL Background Thread 3 ] DEBUG Engine               - mouseSensitivity: 0.2
00:16:59.817 [FXGL Background Thread 3 ] DEBUG Engine               - notificationViewClass: class com.almasb.fxgl.notification.view.XboxNotificationView
00:16:59.817 [FXGL Background Thread 3 ] DEBUG Engine               - pixelsPerMeter: 50.0
00:16:59.817 [FXGL Background Thread 3 ] DEBUG Engine               - platform: WINDOWS
00:16:59.817 [FXGL Background Thread 3 ] DEBUG Engine               - prefHeightProperty: ReadOnlyDoubleProperty [value: 720.0]
00:16:59.817 [FXGL Background Thread 3 ] DEBUG Engine               - prefWidthProperty: ReadOnlyDoubleProperty [value: 1280.0]
00:16:59.818 [FXGL Background Thread 3 ] DEBUG Engine               - profileDir: profiles/
00:16:59.818 [FXGL Background Thread 3 ] DEBUG Engine               - profileName: StringProperty [value: DEFAULT]
00:16:59.818 [FXGL Background Thread 3 ] DEBUG Engine               - randomSeed: -1
00:16:59.819 [FXGL Background Thread 3 ] DEBUG Engine               - runtimeInfo: RuntimeInfo(platform=WINDOWS, version=21.1, build=27.03.2024 07.52)
00:16:59.820 [FXGL Background Thread 3 ] DEBUG Engine               - saveFileExt: sav
00:16:59.821 [FXGL Background Thread 3 ] DEBUG Engine               - scaledHeightProp$fxgl: DoubleProperty [bound, value: 720.0]
00:16:59.821 [FXGL Background Thread 3 ] DEBUG Engine               - scaledWidthProp$fxgl: DoubleProperty [bound, value: 1280.0]
00:16:59.821 [FXGL Background Thread 3 ] DEBUG Engine               - sceneFactory: client.ClientMain$1@69cf9f32
00:16:59.821 [FXGL Background Thread 3 ] DEBUG Engine               - secondsIn24h: 60
00:16:59.821 [FXGL Background Thread 3 ] DEBUG Engine               - soundMenuBack: menu/back.wav
00:16:59.822 [FXGL Background Thread 3 ] DEBUG Engine               - soundMenuPress: menu/press.wav
00:16:59.822 [FXGL Background Thread 3 ] DEBUG Engine               - soundMenuSelect: menu/select.wav
00:16:59.822 [FXGL Background Thread 3 ] DEBUG Engine               - soundNotification: core/notification.wav
00:16:59.822 [FXGL Background Thread 3 ] DEBUG Engine               - stageStyle: DECORATED
00:16:59.822 [FXGL Background Thread 3 ] DEBUG Engine               - supportedLanguages: [ENGLISH, FRENCH, GERMAN, HUNGARIAN, RUSSIAN]
00:16:59.822 [FXGL Background Thread 3 ] DEBUG Engine               - ticksPerSecond: -1
00:16:59.822 [FXGL Background Thread 3 ] DEBUG Engine               - title: Myth Cards Client 0.0
00:16:59.822 [FXGL Background Thread 3 ] DEBUG Engine               - urlGithub: https://github.com/AlmasB/FXGL
00:16:59.823 [FXGL Background Thread 3 ] DEBUG Engine               - urlLeaderboard: http://fxgl-top.herokuapp.com/
00:16:59.823 [FXGL Background Thread 3 ] DEBUG Engine               - urlPOM: https://raw.githubusercontent.com/AlmasB/FXGL/release/README.md
00:16:59.823 [FXGL Background Thread 3 ] DEBUG Engine               - userAppClass: class client.ClientMain
00:16:59.823 [FXGL Background Thread 3 ] DEBUG Engine               - version: 0.0
00:16:59.823 [FXGL Background Thread 3 ] DEBUG Engine               - versionCheckDays: 7
00:16:59.824 [FXGL Background Thread 3 ] DEBUG Engine               - width: 1280
00:16:59.824 [FXGL Background Thread 3 ] DEBUG Engine               - Logging services
00:16:59.824 [FXGL Background Thread 3 ] DEBUG Engine               - class com.almasb.fxgl.app.services.FXGLAssetLoaderService
00:16:59.824 [FXGL Background Thread 3 ] DEBUG Engine               - class com.almasb.fxgl.app.FXGLApplication$GameApplicationService
00:16:59.824 [FXGL Background Thread 3 ] DEBUG Engine               - class com.almasb.fxgl.app.services.FXGLDialogService
00:16:59.824 [FXGL Background Thread 3 ] DEBUG Engine               - class com.almasb.fxgl.app.services.IOTaskExecutorService
00:16:59.824 [FXGL Background Thread 3 ] DEBUG Engine               - class com.almasb.fxgl.io.FileSystemService
00:16:59.825 [FXGL Background Thread 3 ] DEBUG Engine               - class com.almasb.fxgl.localization.LocalizationService
00:16:59.825 [FXGL Background Thread 3 ] DEBUG Engine               - class com.almasb.fxgl.app.services.SystemBundleService
00:16:59.825 [FXGL Background Thread 3 ] DEBUG Engine               - class com.almasb.fxgl.profile.SaveLoadService
00:16:59.825 [FXGL Background Thread 3 ] DEBUG Engine               - class com.almasb.fxgl.ui.FXGLUIFactoryServiceProvider
00:16:59.825 [FXGL Background Thread 3 ] DEBUG Engine               - class com.almasb.fxgl.ui.FXGLDialogFactoryServiceProvider
00:16:59.825 [FXGL Background Thread 3 ] DEBUG Engine               - class com.almasb.fxgl.audio.AudioPlayer
00:16:59.825 [FXGL Background Thread 3 ] DEBUG Engine               - class com.almasb.fxgl.notification.impl.NotificationServiceProvider
00:16:59.825 [FXGL Background Thread 3 ] DEBUG Engine               - class com.almasb.fxgl.achievement.AchievementService
00:16:59.825 [FXGL Background Thread 3 ] DEBUG Engine               - class com.almasb.fxgl.cutscene.CutsceneService
00:16:59.825 [FXGL Background Thread 3 ] DEBUG Engine               - class com.almasb.fxgl.minigames.MiniGameService
00:16:59.826 [FXGL Background Thread 3 ] DEBUG Engine               - class com.almasb.fxgl.net.NetService
00:16:59.826 [FXGL Background Thread 3 ] DEBUG Engine               - class com.almasb.fxgl.app.services.UpdaterService
00:16:59.826 [FXGL Background Thread 3 ] DEBUG Engine               - class com.almasb.fxgl.dev.DevService
00:17:41.708 [JavaFX Application Thread] DEBUG FXGLApplication      - Exiting FXGL
00:17:41.708 [JavaFX Application Thread] DEBUG LoopRunner           - Stopping loop
00:17:41.709 [JavaFX Application Thread] DEBUG SystemBundleService  - Saving FXGL system data
00:17:41.712 [JavaFX Application Thread] DEBUG FileSystemAccess     - Writing to: C:\Users\Mark Wachtel\git\mythcards-game\mythcardsgame\client\system\fxgl.bundle
00:17:41.715 [JavaFX Application Thread] DEBUG Async                - Shutting down background threads
00:17:41.717 [JavaFX Application Thread] DEBUG PrimaryStageWindow   - Closing main window
00:17:41.755 [JavaFX Application Thread] DEBUG Logger               - Closing Logger
