17:52:15.926 [main                     ] DEBUG Logger               - Configured Logger
17:52:15.933 [main                     ] DEBUG GameApplication      - Logging settings
Title: Myth Cards Client 0.0
Version: 0.0
Width: 1280
Height: 720
Fullscreen: false
Intro: true
Profiling: false
Single step:false
App Mode: DEVELOPER
Menu Key: ESCAPE
Stage Style: DECORATED
Scene Factory: class client.ClientMain$1

17:52:17.102 [JavaFX Application Thread] DEBUG FXGLApplication      - Initializing FXGL
17:52:17.106 [JavaFX Application Thread] INFO  Engine               - FXGL-21.1 (27.03.2024 07.52) on WINDOWS (J:24 FX:21)
17:52:17.106 [JavaFX Application Thread] DEBUG Engine               - JRE Vendor Name: Oracle Corporation
17:52:17.106 [JavaFX Application Thread] DEBUG Engine               - Running on OS: Windows 11 version 10.0
17:52:17.107 [JavaFX Application Thread] DEBUG Engine               - Architecture: amd64
17:52:17.107 [JavaFX Application Thread] INFO  Engine               - Source code and latest versions at: https://github.com/AlmasB/FXGL
17:52:17.107 [JavaFX Application Thread] INFO  Engine               -       Ask questions and discuss at: https://github.com/AlmasB/FXGL/discussions
17:52:17.107 [JavaFX Application Thread] INFO  Engine               -              Join the FXGL chat at: https://gitter.im/AlmasB/FXGL
17:52:17.353 [JavaFX Application Thread] DEBUG PrimaryStageWindow   - Creating a JavaFX scene
17:52:17.646 [JavaFX Application Thread] DEBUG PrimaryStageWindow   - Target settings size: 1280.0 x 720.0
17:52:17.646 [JavaFX Application Thread] DEBUG PrimaryStageWindow   - Scaled scene size:    1280.0 x 720.0
17:52:17.646 [JavaFX Application Thread] DEBUG PrimaryStageWindow   - Scaled ratio: (1.0, 1.0)
17:52:17.648 [JavaFX Application Thread] DEBUG PrimaryStageWindow   - Set initial scene to CustomStartupScene
17:52:17.655 [JavaFX Application Thread] DEBUG PrimaryStageWindow   - Opening main window
17:52:17.906 [JavaFX Application Thread] DEBUG PrimaryStageWindow   - Window border size: (16.0, 39.0)
17:52:17.906 [JavaFX Application Thread] DEBUG PrimaryStageWindow   - Scaled size: 1280.0 x 720.0
17:52:17.907 [JavaFX Application Thread] DEBUG PrimaryStageWindow   - Scaled ratio: (1.0, 1.0)
17:52:17.907 [JavaFX Application Thread] DEBUG PrimaryStageWindow   - Scene size: 1280.0 x 720.0
17:52:17.907 [JavaFX Application Thread] DEBUG PrimaryStageWindow   - Stage size: 1296.0 x 759.0
17:52:17.920 [FXGL Background Thread 1 ] DEBUG Engine               - Initializing environment variables
17:52:18.053 [FXGL Background Thread 1 ] DEBUG FXGLAssetLoaderServi - User app class for loading assets: class client.ClientMain
17:52:18.053 [FXGL Background Thread 1 ] DEBUG GameApplicationServi - Applying CSS: fxgl_dark.css
17:52:18.054 [FXGL Background Thread 1 ] DEBUG FXGLAssetLoaderServi - Loading from file system: jar:file:/C:/Users/Mark%20Wachtel/.m2/repository/com/github/almasb/fxgl/21.1/fxgl-21.1.jar!/fxglassets/ui/css/fxgl_dark.css
17:52:18.113 [FXGL Background Thread 1 ] DEBUG GameApplicationServi - Applying CSS: styles/chat.css
17:52:18.113 [FXGL Background Thread 1 ] DEBUG FXGLAssetLoaderServi - Loading from file system: file:/C:/Users/Mark%20Wachtel/git/mythcards-game/mythcardsgame/client/target/classes/assets/ui/css/styles/chat.css
17:52:18.115 [FXGL Background Thread 1 ] DEBUG GameApplicationServi - Initializing application scenes
17:52:18.181 [FXGL Background Thread 1 ] DEBUG GameWorld            - Game world initialized
17:52:18.303 [FXGL Background Thread 1 ] DEBUG PhysicsWorld         - Physics world initialized: appHeight=720, physics.ppm=50,0
17:52:18.303 [FXGL Background Thread 1 ] DEBUG PhysicsWorld         - Using strategy: BRUTE_FORCE
17:52:18.307 [FXGL Background Thread 1 ] DEBUG GameScene            - Game scene initialized: 1280x720
17:52:18.310 [FXGL Background Thread 1 ] DEBUG FXGLAssetLoaderServi - Loading from file system: file:/C:/Users/Mark%20Wachtel/git/mythcards-game/mythcardsgame/client/target/classes/assets/textures/bg/loading_screen.png
17:52:18.364 [FXGL Background Thread 1 ] DEBUG FXGL.DefaultMenu     - createMenuBodyGameMenu()
17:52:18.384 [FXGL Background Thread 1 ] DEBUG FXGL.DefaultMenu     - createOptionsMenu()
17:52:18.395 [FXGL Background Thread 1 ] DEBUG FXGLAssetLoaderServi - Loading from file system: jar:file:/C:/Users/Mark%20Wachtel/.m2/repository/com/github/almasb/fxgl/21.1/fxgl-21.1.jar!/fxglassets/textures/particles/smoke.png
17:52:18.553 [FXGL Background Thread 1 ] DEBUG FXGLAssetLoaderServi - Loading from file system: jar:file:/C:/Users/Mark%20Wachtel/.m2/repository/com/github/almasb/fxgl/21.1/fxgl-21.1.jar!/fxglassets/textures/particles/trace_horizontal.png
17:52:18.579 [FXGL Background Thread 1 ] DEBUG GameApplicationServi - Application scenes initialized
17:52:18.594 [FXGL Background Thread 1 ] DEBUG SystemBundleService  - Loading FXGL system data
17:52:18.598 [FXGL Background Thread 1 ] DEBUG FileSystemAccess     - Reading from: C:\Users\Mark Wachtel\git\mythcards-game\mythcardsgame\client\system\fxgl.bundle
17:52:18.607 [FXGL Background Thread 1 ] DEBUG SystemBundleService  - Bundle FXGL: {}
17:52:18.607 [FXGL Background Thread 1 ] DEBUG UpdaterService       - Checking for updates
17:52:18.611 [FXGL Background Thread 4 ] DEBUG FXGLApplication      - Loading fonts
17:52:18.612 [FXGL Background Thread 4 ] DEBUG FXGLAssetLoaderServi - Loading from file system: jar:file:/C:/Users/Mark%20Wachtel/.m2/repository/com/github/almasb/fxgl/21.1/fxgl-21.1.jar!/fxglassets/ui/fonts/VarelaRound-Regular.ttf
17:52:18.614 [FXGL Background Thread 1 ] DEBUG FXGLApplication      - Loading default localization
17:52:18.615 [FXGL Background Thread 1 ] DEBUG FXGLAssetLoaderServi - Loading from file system: jar:file:/C:/Users/Mark%20Wachtel/.m2/repository/com/github/almasb/fxgl/21.1/fxgl-21.1.jar!/fxglassets/languages/english.lang
17:52:18.642 [FXGL Background Thread 4 ] DEBUG FXGLAssetLoaderServi - Loading from file system: jar:file:/C:/Users/Mark%20Wachtel/.m2/repository/com/github/almasb/fxgl/21.1/fxgl-21.1.jar!/fxglassets/ui/fonts/Abel-Regular.ttf
17:52:18.645 [FXGL Background Thread 1 ] INFO  FXGLApplication      - FXGL initialization took: 0,726 sec
17:52:18.648 [JavaFX Application Thread] DEBUG FXGLAssetLoaderServi - Loading from file system: jar:file:/C:/Users/Mark%20Wachtel/.m2/repository/com/github/almasb/fxgl/21.1/fxgl-21.1.jar!/fxglassets/textures/fxgl_icon.png
17:52:18.656 [FXGL Background Thread 4 ] DEBUG FXGLAssetLoaderServi - Loading from file system: jar:file:/C:/Users/Mark%20Wachtel/.m2/repository/com/github/almasb/fxgl/21.1/fxgl-21.1.jar!/fxglassets/ui/fonts/TerminalLandMono-Regular.otf
17:52:18.669 [JavaFX Application Thread] DEBUG FXGLAssetLoaderServi - Loading from file system: jar:file:/C:/Users/Mark%20Wachtel/.m2/repository/com/github/almasb/fxgl/21.1/fxgl-21.1.jar!/fxglassets/textures/fxgl_default_cursor.png
17:52:18.671 [FXGL Background Thread 4 ] DEBUG FXGLAssetLoaderServi - Loading from file system: jar:file:/C:/Users/Mark%20Wachtel/.m2/repository/com/github/almasb/fxgl/21.1/fxgl-21.1.jar!/fxglassets/ui/fonts/Courier-Prime.ttf
17:52:18.685 [JavaFX Application Thread] DEBUG Input                - Registered new binding: Screenshot - CTRL+8
17:52:18.686 [JavaFX Application Thread] DEBUG Input                - Registered new binding: System info dump - CTRL+9
17:52:18.686 [JavaFX Application Thread] DEBUG Input                - Registered new binding: Restart - CTRL+R
17:52:18.689 [JavaFX Application Thread] DEBUG Input                - Registered new binding: Toggle Debug Camera - CTRL+7
17:52:18.694 [JavaFX Application Thread] DEBUG LoopRunner           - Starting loop
17:52:18.694 [JavaFX Application Thread] DEBUG LoopRunner           - Initializing JavaFX AnimationTimerLoop
17:52:18.700 [JavaFX Application Thread] DEBUG GameApplicationServi - Starting new game
17:52:18.700 [JavaFX Application Thread] DEBUG Input                - Clearing active input actions
17:52:18.739 [JavaFX Application Thread] DEBUG GameApplicationServi - Removing overlay from CustomStartupScene and adding to FXGLLoadingScene
17:52:18.740 [JavaFX Application Thread] DEBUG PrimaryStageWindow   - CustomStartupScene -> FXGLLoadingScene
17:52:18.740 [JavaFX Application Thread] DEBUG GameApplicationServi - Clearing previous game
17:52:18.741 [JavaFX Application Thread] DEBUG GameScene            - Clearing game scene
17:52:18.741 [JavaFX Application Thread] DEBUG GameWorld            - Clearing game world
17:52:18.741 [JavaFX Application Thread] DEBUG PhysicsWorld         - Clearing physics world
17:52:18.745 [JavaFX Application Thread] DEBUG Input                - Clearing active input actions
17:52:18.745 [FXGL Background Thread 4 ] DEBUG FXGLApplication      - Initializing game
17:52:18.766 [JavaFX Application Thread] DEBUG GameApplicationServi - Removing overlay from FXGLLoadingScene and adding to MyIntroScene
17:52:18.766 [JavaFX Application Thread] DEBUG PrimaryStageWindow   - CustomStartupScene -> MyIntroScene
17:52:18.766 [JavaFX Application Thread] DEBUG FXGLApplication      - Registering font factories with UI factory
17:52:18.775 [FXGL Background Thread 4 ] INFO  FXGLApplication      - Game initialization took: 0,030 sec
17:52:18.802 [JavaFX Application Thread] DEBUG Input                - Clearing active input actions
17:52:18.834 [JavaFX Application Thread] DEBUG GameApplicationServi - Removing overlay from MyIntroScene and adding to GameScene
17:52:18.835 [JavaFX Application Thread] DEBUG PrimaryStageWindow   - MyIntroScene -> GameScene
17:52:21.612 [FXGL Background Thread 3 ] DEBUG Engine               - Logging environment variables
17:52:21.615 [FXGL Background Thread 3 ] DEBUG Engine               - achievements: []
17:52:21.615 [FXGL Background Thread 3 ] DEBUG Engine               - actualHeight: 720.0
17:52:21.616 [FXGL Background Thread 3 ] DEBUG Engine               - actualHeightProperty: ReadOnlyDoubleProperty [value: 720.0]
17:52:21.616 [FXGL Background Thread 3 ] DEBUG Engine               - actualWidth: 1280.0
17:52:21.616 [FXGL Background Thread 3 ] DEBUG Engine               - actualWidthProperty: ReadOnlyDoubleProperty [value: 1280.0]
17:52:21.616 [FXGL Background Thread 3 ] DEBUG Engine               - appIcon: fxgl_icon.png
17:52:21.616 [FXGL Background Thread 3 ] DEBUG Engine               - applicationMode: DEVELOPER
17:52:21.616 [FXGL Background Thread 3 ] DEBUG Engine               - cSSList: [fxgl_dark.css, styles/chat.css]
17:52:21.616 [FXGL Background Thread 3 ] DEBUG Engine               - collisionDetectionStrategy: BRUTE_FORCE
17:52:21.617 [FXGL Background Thread 3 ] DEBUG Engine               - configClass: Optional.empty
17:52:21.617 [FXGL Background Thread 3 ] DEBUG Engine               - credits: []
17:52:21.618 [FXGL Background Thread 3 ] DEBUG Engine               - defaultCursor: CursorInfo(imageName=fxgl_default_cursor.png, hotspotX=7.0, hotspotY=6.0)
17:52:21.619 [FXGL Background Thread 3 ] DEBUG Engine               - devBBoxColorProperty: ObjectProperty [value: 0xff0000ff]
17:52:21.619 [FXGL Background Thread 3 ] DEBUG Engine               - devEnableDebugCameraProperty: BooleanProperty [value: false]
17:52:21.619 [FXGL Background Thread 3 ] DEBUG Engine               - devSensorColorProperty: ObjectProperty [value: 0xffff00ff]
17:52:21.619 [FXGL Background Thread 3 ] DEBUG Engine               - devShowBBoxProperty: BooleanProperty [value: false]
17:52:21.619 [FXGL Background Thread 3 ] DEBUG Engine               - devShowPositionProperty: BooleanProperty [value: false]
17:52:21.619 [FXGL Background Thread 3 ] DEBUG Engine               - enabledMenuItems: []
17:52:21.621 [FXGL Background Thread 3 ] DEBUG Engine               - engineServices: [class com.almasb.fxgl.app.services.FXGLAssetLoaderService, class com.almasb.fxgl.app.FXGLApplication$GameApplicationService, class com.almasb.fxgl.app.services.FXGLDialogService, class com.almasb.fxgl.app.services.IOTaskExecutorService, class com.almasb.fxgl.io.FileSystemService, class com.almasb.fxgl.localization.LocalizationService, class com.almasb.fxgl.app.services.SystemBundleService, class com.almasb.fxgl.profile.SaveLoadService, class com.almasb.fxgl.ui.FXGLUIFactoryServiceProvider, class com.almasb.fxgl.ui.FXGLDialogFactoryServiceProvider, class com.almasb.fxgl.audio.AudioPlayer, class com.almasb.fxgl.notification.impl.NotificationServiceProvider, class com.almasb.fxgl.achievement.AchievementService, class com.almasb.fxgl.cutscene.CutsceneService, class com.almasb.fxgl.minigames.MiniGameService, class com.almasb.fxgl.net.NetService, class com.almasb.fxgl.app.services.UpdaterService, class com.almasb.fxgl.dev.DevService]
17:52:21.621 [FXGL Background Thread 3 ] DEBUG Engine               - fontGame: Abel-Regular.ttf
17:52:21.622 [FXGL Background Thread 3 ] DEBUG Engine               - fontMono: TerminalLandMono-Regular.otf
17:52:21.622 [FXGL Background Thread 3 ] DEBUG Engine               - fontSizeScaleUI: 1.0
17:52:21.622 [FXGL Background Thread 3 ] DEBUG Engine               - fontText: Courier-Prime.ttf
17:52:21.622 [FXGL Background Thread 3 ] DEBUG Engine               - fontUI: VarelaRound-Regular.ttf
17:52:21.622 [FXGL Background Thread 3 ] DEBUG Engine               - fullScreen: BooleanProperty [value: false]
17:52:21.623 [FXGL Background Thread 3 ] DEBUG Engine               - gameDifficulty: MEDIUM
17:52:21.623 [FXGL Background Thread 3 ] DEBUG Engine               - gameDifficultyProperty: ObjectProperty [value: MEDIUM]
17:52:21.623 [FXGL Background Thread 3 ] DEBUG Engine               - globalMusicVolume: 0.5
17:52:21.623 [FXGL Background Thread 3 ] DEBUG Engine               - globalMusicVolumeProperty: DoubleProperty [value: 0.5]
17:52:21.624 [FXGL Background Thread 3 ] DEBUG Engine               - globalSoundVolume: 0.5
17:52:21.624 [FXGL Background Thread 3 ] DEBUG Engine               - globalSoundVolumeProperty: DoubleProperty [value: 0.5]
17:52:21.624 [FXGL Background Thread 3 ] DEBUG Engine               - height: 720
17:52:21.624 [FXGL Background Thread 3 ] DEBUG Engine               - is3D: false
17:52:21.625 [FXGL Background Thread 3 ] DEBUG Engine               - isAndroid: false
17:52:21.625 [FXGL Background Thread 3 ] DEBUG Engine               - isBrowser: false
17:52:21.625 [FXGL Background Thread 3 ] DEBUG Engine               - isClickFeedbackEnabled: false
17:52:21.625 [FXGL Background Thread 3 ] DEBUG Engine               - isCloseConfirmation: false
17:52:21.625 [FXGL Background Thread 3 ] DEBUG Engine               - isDesktop: true
17:52:21.626 [FXGL Background Thread 3 ] DEBUG Engine               - isDeveloperMenuEnabled: false
17:52:21.626 [FXGL Background Thread 3 ] DEBUG Engine               - isEmbedded: false
17:52:21.626 [FXGL Background Thread 3 ] DEBUG Engine               - isEntityPreloadEnabled: true
17:52:21.626 [FXGL Background Thread 3 ] DEBUG Engine               - isExperimentalTiledLargeMap: false
17:52:21.626 [FXGL Background Thread 3 ] DEBUG Engine               - isFileSystemWriteAllowed: true
17:52:21.627 [FXGL Background Thread 3 ] DEBUG Engine               - isFullScreenAllowed: false
17:52:21.627 [FXGL Background Thread 3 ] DEBUG Engine               - isFullScreenFromStart: false
17:52:21.627 [FXGL Background Thread 3 ] DEBUG Engine               - isGameMenuEnabled: true
17:52:21.628 [FXGL Background Thread 3 ] DEBUG Engine               - isIOS: false
17:52:21.628 [FXGL Background Thread 3 ] DEBUG Engine               - isIntroEnabled: true
17:52:21.628 [FXGL Background Thread 3 ] DEBUG Engine               - isLinux: false
17:52:21.629 [FXGL Background Thread 3 ] DEBUG Engine               - isMac: false
17:52:21.629 [FXGL Background Thread 3 ] DEBUG Engine               - isMainMenuEnabled: false
17:52:21.629 [FXGL Background Thread 3 ] DEBUG Engine               - isManualResizeEnabled: false
17:52:21.629 [FXGL Background Thread 3 ] DEBUG Engine               - isMobile: false
17:52:21.629 [FXGL Background Thread 3 ] DEBUG Engine               - isNative: false
17:52:21.630 [FXGL Background Thread 3 ] DEBUG Engine               - isPauseMusicWhenMinimized: true
17:52:21.630 [FXGL Background Thread 3 ] DEBUG Engine               - isPreserveResizeRatio: false
17:52:21.630 [FXGL Background Thread 3 ] DEBUG Engine               - isProfilingEnabled: false
17:52:21.630 [FXGL Background Thread 3 ] DEBUG Engine               - isScaleAffectedOnResize: true
17:52:21.630 [FXGL Background Thread 3 ] DEBUG Engine               - isSingleStep: false
17:52:21.631 [FXGL Background Thread 3 ] DEBUG Engine               - isUserProfileEnabled: false
17:52:21.631 [FXGL Background Thread 3 ] DEBUG Engine               - isWindows: true
17:52:21.631 [FXGL Background Thread 3 ] DEBUG Engine               - language: ObjectProperty [value: ENGLISH]
17:52:21.631 [FXGL Background Thread 3 ] DEBUG Engine               - menuKey: ESCAPE
17:52:21.631 [FXGL Background Thread 3 ] DEBUG Engine               - mouseSensitivity: 0.2
17:52:21.632 [FXGL Background Thread 3 ] DEBUG Engine               - notificationViewClass: class com.almasb.fxgl.notification.view.XboxNotificationView
17:52:21.632 [FXGL Background Thread 3 ] DEBUG Engine               - pixelsPerMeter: 50.0
17:52:21.632 [FXGL Background Thread 3 ] DEBUG Engine               - platform: WINDOWS
17:52:21.632 [FXGL Background Thread 3 ] DEBUG Engine               - prefHeightProperty: ReadOnlyDoubleProperty [value: 720.0]
17:52:21.633 [FXGL Background Thread 3 ] DEBUG Engine               - prefWidthProperty: ReadOnlyDoubleProperty [value: 1280.0]
17:52:21.633 [FXGL Background Thread 3 ] DEBUG Engine               - profileDir: profiles/
17:52:21.633 [FXGL Background Thread 3 ] DEBUG Engine               - profileName: StringProperty [value: DEFAULT]
17:52:21.633 [FXGL Background Thread 3 ] DEBUG Engine               - randomSeed: -1
17:52:21.634 [FXGL Background Thread 3 ] DEBUG Engine               - runtimeInfo: RuntimeInfo(platform=WINDOWS, version=21.1, build=27.03.2024 07.52)
17:52:21.634 [FXGL Background Thread 3 ] DEBUG Engine               - saveFileExt: sav
17:52:21.635 [FXGL Background Thread 3 ] DEBUG Engine               - scaledHeightProp$fxgl: DoubleProperty [bound, value: 720.0]
17:52:21.635 [FXGL Background Thread 3 ] DEBUG Engine               - scaledWidthProp$fxgl: DoubleProperty [bound, value: 1280.0]
17:52:21.635 [FXGL Background Thread 3 ] DEBUG Engine               - sceneFactory: client.ClientMain$1@4b830858
17:52:21.635 [FXGL Background Thread 3 ] DEBUG Engine               - secondsIn24h: 60
17:52:21.635 [FXGL Background Thread 3 ] DEBUG Engine               - soundMenuBack: menu/back.wav
17:52:21.635 [FXGL Background Thread 3 ] DEBUG Engine               - soundMenuPress: menu/press.wav
17:52:21.637 [FXGL Background Thread 3 ] DEBUG Engine               - soundMenuSelect: menu/select.wav
17:52:21.637 [FXGL Background Thread 3 ] DEBUG Engine               - soundNotification: core/notification.wav
17:52:21.638 [FXGL Background Thread 3 ] DEBUG Engine               - stageStyle: DECORATED
17:52:21.638 [FXGL Background Thread 3 ] DEBUG Engine               - supportedLanguages: [ENGLISH, FRENCH, GERMAN, HUNGARIAN, RUSSIAN]
17:52:21.638 [FXGL Background Thread 3 ] DEBUG Engine               - ticksPerSecond: -1
17:52:21.639 [FXGL Background Thread 3 ] DEBUG Engine               - title: Myth Cards Client 0.0
17:52:21.639 [FXGL Background Thread 3 ] DEBUG Engine               - urlGithub: https://github.com/AlmasB/FXGL
17:52:21.639 [FXGL Background Thread 3 ] DEBUG Engine               - urlLeaderboard: http://fxgl-top.herokuapp.com/
17:52:21.640 [FXGL Background Thread 3 ] DEBUG Engine               - urlPOM: https://raw.githubusercontent.com/AlmasB/FXGL/release/README.md
17:52:21.640 [FXGL Background Thread 3 ] DEBUG Engine               - userAppClass: class client.ClientMain
17:52:21.640 [FXGL Background Thread 3 ] DEBUG Engine               - version: 0.0
17:52:21.640 [FXGL Background Thread 3 ] DEBUG Engine               - versionCheckDays: 7
17:52:21.641 [FXGL Background Thread 3 ] DEBUG Engine               - width: 1280
17:52:21.641 [FXGL Background Thread 3 ] DEBUG Engine               - Logging services
17:52:21.641 [FXGL Background Thread 3 ] DEBUG Engine               - class com.almasb.fxgl.app.services.FXGLAssetLoaderService
17:52:21.642 [FXGL Background Thread 3 ] DEBUG Engine               - class com.almasb.fxgl.app.FXGLApplication$GameApplicationService
17:52:21.642 [FXGL Background Thread 3 ] DEBUG Engine               - class com.almasb.fxgl.app.services.FXGLDialogService
17:52:21.642 [FXGL Background Thread 3 ] DEBUG Engine               - class com.almasb.fxgl.app.services.IOTaskExecutorService
17:52:21.642 [FXGL Background Thread 3 ] DEBUG Engine               - class com.almasb.fxgl.io.FileSystemService
17:52:21.643 [FXGL Background Thread 3 ] DEBUG Engine               - class com.almasb.fxgl.localization.LocalizationService
17:52:21.643 [FXGL Background Thread 3 ] DEBUG Engine               - class com.almasb.fxgl.app.services.SystemBundleService
17:52:21.643 [FXGL Background Thread 3 ] DEBUG Engine               - class com.almasb.fxgl.profile.SaveLoadService
17:52:21.643 [FXGL Background Thread 3 ] DEBUG Engine               - class com.almasb.fxgl.ui.FXGLUIFactoryServiceProvider
17:52:21.643 [FXGL Background Thread 3 ] DEBUG Engine               - class com.almasb.fxgl.ui.FXGLDialogFactoryServiceProvider
17:52:21.644 [FXGL Background Thread 3 ] DEBUG Engine               - class com.almasb.fxgl.audio.AudioPlayer
17:52:21.644 [FXGL Background Thread 3 ] DEBUG Engine               - class com.almasb.fxgl.notification.impl.NotificationServiceProvider
17:52:21.644 [FXGL Background Thread 3 ] DEBUG Engine               - class com.almasb.fxgl.achievement.AchievementService
17:52:21.645 [FXGL Background Thread 3 ] DEBUG Engine               - class com.almasb.fxgl.cutscene.CutsceneService
17:52:21.645 [FXGL Background Thread 3 ] DEBUG Engine               - class com.almasb.fxgl.minigames.MiniGameService
17:52:21.645 [FXGL Background Thread 3 ] DEBUG Engine               - class com.almasb.fxgl.net.NetService
17:52:21.646 [FXGL Background Thread 3 ] DEBUG Engine               - class com.almasb.fxgl.app.services.UpdaterService
17:52:21.646 [FXGL Background Thread 3 ] DEBUG Engine               - class com.almasb.fxgl.dev.DevService
17:52:33.841 [JavaFX Application Thread] DEBUG FXGLApplication      - Exiting FXGL
17:52:33.842 [JavaFX Application Thread] DEBUG LoopRunner           - Stopping loop
17:52:33.843 [JavaFX Application Thread] DEBUG SystemBundleService  - Saving FXGL system data
17:52:33.859 [JavaFX Application Thread] DEBUG FileSystemAccess     - Writing to: C:\Users\Mark Wachtel\git\mythcards-game\mythcardsgame\client\system\fxgl.bundle
17:52:33.873 [JavaFX Application Thread] DEBUG Async                - Shutting down background threads
17:52:33.874 [JavaFX Application Thread] DEBUG PrimaryStageWindow   - Closing main window
17:52:33.967 [JavaFX Application Thread] DEBUG Logger               - Closing Logger
