08:11:46.082 [main                     ] DEBUG Logger               - Configured Logger
08:11:46.092 [main                     ] DEBUG GameApplication      - Logging settings
Title: Myth Cards Client 0.0
Version: 0.0
Width: 1280
Height: 720
Fullscreen: false
Intro: true
Profiling: false
Single step:false
App Mode: DEVELOPER
Menu Key: ESCAPE
Stage Style: DECORATED
Scene Factory: class client.ClientMain$1

08:11:46.466 [JavaFX Application Thread] DEBUG FXGLApplication      - Initializing FXGL
08:11:46.470 [JavaFX Application Thread] INFO  Engine               - FXGL-21.1 (27.03.2024 07.52) on WINDOWS (J:24 FX:21)
08:11:46.470 [JavaFX Application Thread] DEBUG Engine               - JRE Vendor Name: Oracle Corporation
08:11:46.470 [JavaFX Application Thread] DEBUG Engine               - Running on OS: Windows 11 version 10.0
08:11:46.470 [JavaFX Application Thread] DEBUG Engine               - Architecture: amd64
08:11:46.470 [JavaFX Application Thread] INFO  Engine               - Source code and latest versions at: https://github.com/AlmasB/FXGL
08:11:46.471 [JavaFX Application Thread] INFO  Engine               -       Ask questions and discuss at: https://github.com/AlmasB/FXGL/discussions
08:11:46.471 [JavaFX Application Thread] INFO  Engine               -              Join the FXGL chat at: https://gitter.im/AlmasB/FXGL
08:11:46.710 [JavaFX Application Thread] DEBUG PrimaryStageWindow   - Creating a JavaFX scene
08:11:46.769 [JavaFX Application Thread] DEBUG PrimaryStageWindow   - Target settings size: 1280.0 x 720.0
08:11:46.770 [JavaFX Application Thread] DEBUG PrimaryStageWindow   - Scaled scene size:    1280.0 x 720.0
08:11:46.770 [JavaFX Application Thread] DEBUG PrimaryStageWindow   - Scaled ratio: (1.0, 1.0)
08:11:46.771 [JavaFX Application Thread] DEBUG PrimaryStageWindow   - Set initial scene to CustomStartupScene
08:11:46.775 [JavaFX Application Thread] DEBUG PrimaryStageWindow   - Opening main window
08:11:46.920 [JavaFX Application Thread] DEBUG PrimaryStageWindow   - Window border size: (16.0, 39.0)
08:11:46.921 [JavaFX Application Thread] DEBUG PrimaryStageWindow   - Scaled size: 1280.0 x 720.0
08:11:46.921 [JavaFX Application Thread] DEBUG PrimaryStageWindow   - Scaled ratio: (1.0, 1.0)
08:11:46.921 [JavaFX Application Thread] DEBUG PrimaryStageWindow   - Scene size: 1280.0 x 720.0
08:11:46.921 [JavaFX Application Thread] DEBUG PrimaryStageWindow   - Stage size: 1296.0 x 759.0
08:11:46.929 [FXGL Background Thread 1 ] DEBUG Engine               - Initializing environment variables
08:11:47.022 [FXGL Background Thread 1 ] DEBUG FXGLAssetLoaderServi - User app class for loading assets: class client.ClientMain
08:11:47.022 [FXGL Background Thread 1 ] DEBUG GameApplicationServi - Applying CSS: fxgl_dark.css
08:11:47.024 [FXGL Background Thread 1 ] DEBUG FXGLAssetLoaderServi - Loading from file system: jar:file:/C:/Users/Mark%20Wachtel/.m2/repository/com/github/almasb/fxgl/21.1/fxgl-21.1.jar!/fxglassets/ui/css/fxgl_dark.css
08:11:47.112 [FXGL Background Thread 1 ] DEBUG GameApplicationServi - Applying CSS: styles/chat.css
08:11:47.113 [FXGL Background Thread 1 ] DEBUG FXGLAssetLoaderServi - Loading from file system: file:/C:/Users/Mark%20Wachtel/git/mythcards-game/mythcardsgame/client/target/classes/assets/ui/css/styles/chat.css
08:11:47.118 [FXGL Background Thread 1 ] DEBUG GameApplicationServi - Initializing application scenes
08:11:47.180 [FXGL Background Thread 1 ] DEBUG GameWorld            - Game world initialized
08:11:47.297 [FXGL Background Thread 1 ] DEBUG PhysicsWorld         - Physics world initialized: appHeight=720, physics.ppm=50,0
08:11:47.297 [FXGL Background Thread 1 ] DEBUG PhysicsWorld         - Using strategy: BRUTE_FORCE
08:11:47.304 [FXGL Background Thread 1 ] DEBUG GameScene            - Game scene initialized: 1280x720
08:11:47.308 [FXGL Background Thread 1 ] DEBUG FXGLAssetLoaderServi - Loading from file system: file:/C:/Users/Mark%20Wachtel/git/mythcards-game/mythcardsgame/client/target/classes/assets/textures/bg/loading_screen.png
08:11:47.367 [FXGL Background Thread 1 ] DEBUG FXGL.DefaultMenu     - createMenuBodyGameMenu()
08:11:47.390 [FXGL Background Thread 1 ] DEBUG FXGL.DefaultMenu     - createOptionsMenu()
08:11:47.399 [FXGL Background Thread 1 ] DEBUG FXGLAssetLoaderServi - Loading from file system: jar:file:/C:/Users/Mark%20Wachtel/.m2/repository/com/github/almasb/fxgl/21.1/fxgl-21.1.jar!/fxglassets/textures/particles/smoke.png
08:11:47.534 [FXGL Background Thread 1 ] DEBUG FXGLAssetLoaderServi - Loading from file system: jar:file:/C:/Users/Mark%20Wachtel/.m2/repository/com/github/almasb/fxgl/21.1/fxgl-21.1.jar!/fxglassets/textures/particles/trace_horizontal.png
08:11:47.554 [FXGL Background Thread 1 ] DEBUG GameApplicationServi - Application scenes initialized
08:11:47.572 [FXGL Background Thread 1 ] DEBUG SystemBundleService  - Loading FXGL system data
08:11:47.576 [FXGL Background Thread 1 ] DEBUG FileSystemAccess     - Reading from: C:\Users\Mark Wachtel\git\mythcards-game\mythcardsgame\client\system\fxgl.bundle
08:11:47.584 [FXGL Background Thread 1 ] DEBUG SystemBundleService  - Bundle FXGL: {}
08:11:47.584 [FXGL Background Thread 1 ] DEBUG UpdaterService       - Checking for updates
08:11:47.589 [FXGL Background Thread 4 ] DEBUG FXGLApplication      - Loading fonts
08:11:47.589 [FXGL Background Thread 4 ] DEBUG FXGLAssetLoaderServi - Loading from file system: jar:file:/C:/Users/Mark%20Wachtel/.m2/repository/com/github/almasb/fxgl/21.1/fxgl-21.1.jar!/fxglassets/ui/fonts/VarelaRound-Regular.ttf
08:11:47.590 [FXGL Background Thread 1 ] DEBUG FXGLApplication      - Loading default localization
08:11:47.591 [FXGL Background Thread 1 ] DEBUG FXGLAssetLoaderServi - Loading from file system: jar:file:/C:/Users/Mark%20Wachtel/.m2/repository/com/github/almasb/fxgl/21.1/fxgl-21.1.jar!/fxglassets/languages/english.lang
08:11:47.617 [FXGL Background Thread 4 ] DEBUG FXGLAssetLoaderServi - Loading from file system: jar:file:/C:/Users/Mark%20Wachtel/.m2/repository/com/github/almasb/fxgl/21.1/fxgl-21.1.jar!/fxglassets/ui/fonts/Abel-Regular.ttf
08:11:47.623 [FXGL Background Thread 1 ] INFO  FXGLApplication      - FXGL initialization took: 0,694 sec
08:11:47.625 [JavaFX Application Thread] DEBUG FXGLAssetLoaderServi - Loading from file system: jar:file:/C:/Users/Mark%20Wachtel/.m2/repository/com/github/almasb/fxgl/21.1/fxgl-21.1.jar!/fxglassets/textures/fxgl_icon.png
08:11:47.633 [FXGL Background Thread 4 ] DEBUG FXGLAssetLoaderServi - Loading from file system: jar:file:/C:/Users/Mark%20Wachtel/.m2/repository/com/github/almasb/fxgl/21.1/fxgl-21.1.jar!/fxglassets/ui/fonts/TerminalLandMono-Regular.otf
08:11:47.646 [FXGL Background Thread 4 ] DEBUG FXGLAssetLoaderServi - Loading from file system: jar:file:/C:/Users/Mark%20Wachtel/.m2/repository/com/github/almasb/fxgl/21.1/fxgl-21.1.jar!/fxglassets/ui/fonts/Courier-Prime.ttf
08:11:47.650 [JavaFX Application Thread] DEBUG FXGLAssetLoaderServi - Loading from file system: jar:file:/C:/Users/Mark%20Wachtel/.m2/repository/com/github/almasb/fxgl/21.1/fxgl-21.1.jar!/fxglassets/textures/fxgl_default_cursor.png
08:11:47.672 [JavaFX Application Thread] DEBUG Input                - Registered new binding: Screenshot - CTRL+8
08:11:47.673 [JavaFX Application Thread] DEBUG Input                - Registered new binding: System info dump - CTRL+9
08:11:47.673 [JavaFX Application Thread] DEBUG Input                - Registered new binding: Restart - CTRL+R
08:11:47.674 [JavaFX Application Thread] DEBUG Input                - Registered new binding: Toggle Debug Camera - CTRL+7
08:11:47.677 [JavaFX Application Thread] DEBUG LoopRunner           - Starting loop
08:11:47.677 [JavaFX Application Thread] DEBUG LoopRunner           - Initializing JavaFX AnimationTimerLoop
08:11:47.681 [JavaFX Application Thread] DEBUG GameApplicationServi - Starting new game
08:11:47.682 [JavaFX Application Thread] DEBUG Input                - Clearing active input actions
08:11:47.699 [JavaFX Application Thread] DEBUG GameApplicationServi - Removing overlay from CustomStartupScene and adding to FXGLLoadingScene
08:11:47.699 [JavaFX Application Thread] DEBUG PrimaryStageWindow   - CustomStartupScene -> FXGLLoadingScene
08:11:47.700 [JavaFX Application Thread] DEBUG GameApplicationServi - Clearing previous game
08:11:47.700 [JavaFX Application Thread] DEBUG GameScene            - Clearing game scene
08:11:47.700 [JavaFX Application Thread] DEBUG GameWorld            - Clearing game world
08:11:47.700 [JavaFX Application Thread] DEBUG PhysicsWorld         - Clearing physics world
08:11:47.701 [JavaFX Application Thread] DEBUG Input                - Clearing active input actions
08:11:47.701 [FXGL Background Thread 4 ] DEBUG FXGLApplication      - Initializing game
08:11:47.715 [JavaFX Application Thread] DEBUG GameApplicationServi - Removing overlay from FXGLLoadingScene and adding to MyIntroScene
08:11:47.716 [JavaFX Application Thread] DEBUG PrimaryStageWindow   - CustomStartupScene -> MyIntroScene
08:11:47.718 [JavaFX Application Thread] DEBUG FXGLApplication      - Registering font factories with UI factory
08:11:47.726 [FXGL Background Thread 4 ] INFO  FXGLApplication      - Game initialization took: 0,024 sec
08:11:47.757 [JavaFX Application Thread] DEBUG Input                - Clearing active input actions
08:11:47.788 [JavaFX Application Thread] DEBUG GameApplicationServi - Removing overlay from MyIntroScene and adding to GameScene
08:11:47.789 [JavaFX Application Thread] DEBUG PrimaryStageWindow   - MyIntroScene -> GameScene
08:11:50.589 [FXGL Background Thread 3 ] DEBUG Engine               - Logging environment variables
08:11:50.592 [FXGL Background Thread 3 ] DEBUG Engine               - achievements: []
08:11:50.592 [FXGL Background Thread 3 ] DEBUG Engine               - actualHeight: 720.0
08:11:50.593 [FXGL Background Thread 3 ] DEBUG Engine               - actualHeightProperty: ReadOnlyDoubleProperty [value: 720.0]
08:11:50.594 [FXGL Background Thread 3 ] DEBUG Engine               - actualWidth: 1280.0
08:11:50.594 [FXGL Background Thread 3 ] DEBUG Engine               - actualWidthProperty: ReadOnlyDoubleProperty [value: 1280.0]
08:11:50.594 [FXGL Background Thread 3 ] DEBUG Engine               - appIcon: fxgl_icon.png
08:11:50.595 [FXGL Background Thread 3 ] DEBUG Engine               - applicationMode: DEVELOPER
08:11:50.595 [FXGL Background Thread 3 ] DEBUG Engine               - cSSList: [fxgl_dark.css, styles/chat.css]
08:11:50.596 [FXGL Background Thread 3 ] DEBUG Engine               - collisionDetectionStrategy: BRUTE_FORCE
08:11:50.596 [FXGL Background Thread 3 ] DEBUG Engine               - configClass: Optional.empty
08:11:50.596 [FXGL Background Thread 3 ] DEBUG Engine               - credits: []
08:11:50.597 [FXGL Background Thread 3 ] DEBUG Engine               - defaultCursor: CursorInfo(imageName=fxgl_default_cursor.png, hotspotX=7.0, hotspotY=6.0)
08:11:50.598 [FXGL Background Thread 3 ] DEBUG Engine               - devBBoxColorProperty: ObjectProperty [value: 0xff0000ff]
08:11:50.599 [FXGL Background Thread 3 ] DEBUG Engine               - devEnableDebugCameraProperty: BooleanProperty [value: false]
08:11:50.599 [FXGL Background Thread 3 ] DEBUG Engine               - devSensorColorProperty: ObjectProperty [value: 0xffff00ff]
08:11:50.599 [FXGL Background Thread 3 ] DEBUG Engine               - devShowBBoxProperty: BooleanProperty [value: false]
08:11:50.600 [FXGL Background Thread 3 ] DEBUG Engine               - devShowPositionProperty: BooleanProperty [value: false]
08:11:50.600 [FXGL Background Thread 3 ] DEBUG Engine               - enabledMenuItems: []
08:11:50.600 [FXGL Background Thread 3 ] DEBUG Engine               - engineServices: [class com.almasb.fxgl.app.services.FXGLAssetLoaderService, class com.almasb.fxgl.app.FXGLApplication$GameApplicationService, class com.almasb.fxgl.app.services.FXGLDialogService, class com.almasb.fxgl.app.services.IOTaskExecutorService, class com.almasb.fxgl.io.FileSystemService, class com.almasb.fxgl.localization.LocalizationService, class com.almasb.fxgl.app.services.SystemBundleService, class com.almasb.fxgl.profile.SaveLoadService, class com.almasb.fxgl.ui.FXGLUIFactoryServiceProvider, class com.almasb.fxgl.ui.FXGLDialogFactoryServiceProvider, class com.almasb.fxgl.audio.AudioPlayer, class com.almasb.fxgl.notification.impl.NotificationServiceProvider, class com.almasb.fxgl.achievement.AchievementService, class com.almasb.fxgl.cutscene.CutsceneService, class com.almasb.fxgl.minigames.MiniGameService, class com.almasb.fxgl.net.NetService, class com.almasb.fxgl.app.services.UpdaterService, class com.almasb.fxgl.dev.DevService]
08:11:50.600 [FXGL Background Thread 3 ] DEBUG Engine               - fontGame: Abel-Regular.ttf
08:11:50.601 [FXGL Background Thread 3 ] DEBUG Engine               - fontMono: TerminalLandMono-Regular.otf
08:11:50.601 [FXGL Background Thread 3 ] DEBUG Engine               - fontSizeScaleUI: 1.0
08:11:50.601 [FXGL Background Thread 3 ] DEBUG Engine               - fontText: Courier-Prime.ttf
08:11:50.601 [FXGL Background Thread 3 ] DEBUG Engine               - fontUI: VarelaRound-Regular.ttf
08:11:50.602 [FXGL Background Thread 3 ] DEBUG Engine               - fullScreen: BooleanProperty [value: false]
08:11:50.602 [FXGL Background Thread 3 ] DEBUG Engine               - gameDifficulty: MEDIUM
08:11:50.602 [FXGL Background Thread 3 ] DEBUG Engine               - gameDifficultyProperty: ObjectProperty [value: MEDIUM]
08:11:50.602 [FXGL Background Thread 3 ] DEBUG Engine               - globalMusicVolume: 0.5
08:11:50.603 [FXGL Background Thread 3 ] DEBUG Engine               - globalMusicVolumeProperty: DoubleProperty [value: 0.5]
08:11:50.603 [FXGL Background Thread 3 ] DEBUG Engine               - globalSoundVolume: 0.5
08:11:50.603 [FXGL Background Thread 3 ] DEBUG Engine               - globalSoundVolumeProperty: DoubleProperty [value: 0.5]
08:11:50.603 [FXGL Background Thread 3 ] DEBUG Engine               - height: 720
08:11:50.603 [FXGL Background Thread 3 ] DEBUG Engine               - is3D: false
08:11:50.604 [FXGL Background Thread 3 ] DEBUG Engine               - isAndroid: false
08:11:50.604 [FXGL Background Thread 3 ] DEBUG Engine               - isBrowser: false
08:11:50.605 [FXGL Background Thread 3 ] DEBUG Engine               - isClickFeedbackEnabled: false
08:11:50.605 [FXGL Background Thread 3 ] DEBUG Engine               - isCloseConfirmation: false
08:11:50.605 [FXGL Background Thread 3 ] DEBUG Engine               - isDesktop: true
08:11:50.606 [FXGL Background Thread 3 ] DEBUG Engine               - isDeveloperMenuEnabled: false
08:11:50.606 [FXGL Background Thread 3 ] DEBUG Engine               - isEmbedded: false
08:11:50.606 [FXGL Background Thread 3 ] DEBUG Engine               - isEntityPreloadEnabled: true
08:11:50.606 [FXGL Background Thread 3 ] DEBUG Engine               - isExperimentalTiledLargeMap: false
08:11:50.606 [FXGL Background Thread 3 ] DEBUG Engine               - isFileSystemWriteAllowed: true
08:11:50.607 [FXGL Background Thread 3 ] DEBUG Engine               - isFullScreenAllowed: false
08:11:50.607 [FXGL Background Thread 3 ] DEBUG Engine               - isFullScreenFromStart: false
08:11:50.607 [FXGL Background Thread 3 ] DEBUG Engine               - isGameMenuEnabled: true
08:11:50.607 [FXGL Background Thread 3 ] DEBUG Engine               - isIOS: false
08:11:50.607 [FXGL Background Thread 3 ] DEBUG Engine               - isIntroEnabled: true
08:11:50.608 [FXGL Background Thread 3 ] DEBUG Engine               - isLinux: false
08:11:50.608 [FXGL Background Thread 3 ] DEBUG Engine               - isMac: false
08:11:50.608 [FXGL Background Thread 3 ] DEBUG Engine               - isMainMenuEnabled: false
08:11:50.609 [FXGL Background Thread 3 ] DEBUG Engine               - isManualResizeEnabled: false
08:11:50.609 [FXGL Background Thread 3 ] DEBUG Engine               - isMobile: false
08:11:50.609 [FXGL Background Thread 3 ] DEBUG Engine               - isNative: false
08:11:50.609 [FXGL Background Thread 3 ] DEBUG Engine               - isPauseMusicWhenMinimized: true
08:11:50.610 [FXGL Background Thread 3 ] DEBUG Engine               - isPreserveResizeRatio: false
08:11:50.610 [FXGL Background Thread 3 ] DEBUG Engine               - isProfilingEnabled: false
08:11:50.610 [FXGL Background Thread 3 ] DEBUG Engine               - isScaleAffectedOnResize: true
08:11:50.610 [FXGL Background Thread 3 ] DEBUG Engine               - isSingleStep: false
08:11:50.610 [FXGL Background Thread 3 ] DEBUG Engine               - isUserProfileEnabled: false
08:11:50.610 [FXGL Background Thread 3 ] DEBUG Engine               - isWindows: true
08:11:50.611 [FXGL Background Thread 3 ] DEBUG Engine               - language: ObjectProperty [value: ENGLISH]
08:11:50.611 [FXGL Background Thread 3 ] DEBUG Engine               - menuKey: ESCAPE
08:11:50.611 [FXGL Background Thread 3 ] DEBUG Engine               - mouseSensitivity: 0.2
08:11:50.611 [FXGL Background Thread 3 ] DEBUG Engine               - notificationViewClass: class com.almasb.fxgl.notification.view.XboxNotificationView
08:11:50.612 [FXGL Background Thread 3 ] DEBUG Engine               - pixelsPerMeter: 50.0
08:11:50.612 [FXGL Background Thread 3 ] DEBUG Engine               - platform: WINDOWS
08:11:50.612 [FXGL Background Thread 3 ] DEBUG Engine               - prefHeightProperty: ReadOnlyDoubleProperty [value: 720.0]
08:11:50.612 [FXGL Background Thread 3 ] DEBUG Engine               - prefWidthProperty: ReadOnlyDoubleProperty [value: 1280.0]
08:11:50.612 [FXGL Background Thread 3 ] DEBUG Engine               - profileDir: profiles/
08:11:50.613 [FXGL Background Thread 3 ] DEBUG Engine               - profileName: StringProperty [value: DEFAULT]
08:11:50.613 [FXGL Background Thread 3 ] DEBUG Engine               - randomSeed: -1
08:11:50.614 [FXGL Background Thread 3 ] DEBUG Engine               - runtimeInfo: RuntimeInfo(platform=WINDOWS, version=21.1, build=27.03.2024 07.52)
08:11:50.614 [FXGL Background Thread 3 ] DEBUG Engine               - saveFileExt: sav
08:11:50.614 [FXGL Background Thread 3 ] DEBUG Engine               - scaledHeightProp$fxgl: DoubleProperty [bound, value: 720.0]
08:11:50.615 [FXGL Background Thread 3 ] DEBUG Engine               - scaledWidthProp$fxgl: DoubleProperty [bound, value: 1280.0]
08:11:50.615 [FXGL Background Thread 3 ] DEBUG Engine               - sceneFactory: client.ClientMain$1@4d074421
08:11:50.615 [FXGL Background Thread 3 ] DEBUG Engine               - secondsIn24h: 60
08:11:50.615 [FXGL Background Thread 3 ] DEBUG Engine               - soundMenuBack: menu/back.wav
08:11:50.615 [FXGL Background Thread 3 ] DEBUG Engine               - soundMenuPress: menu/press.wav
08:11:50.616 [FXGL Background Thread 3 ] DEBUG Engine               - soundMenuSelect: menu/select.wav
08:11:50.616 [FXGL Background Thread 3 ] DEBUG Engine               - soundNotification: core/notification.wav
08:11:50.616 [FXGL Background Thread 3 ] DEBUG Engine               - stageStyle: DECORATED
08:11:50.616 [FXGL Background Thread 3 ] DEBUG Engine               - supportedLanguages: [ENGLISH, FRENCH, GERMAN, HUNGARIAN, RUSSIAN]
08:11:50.616 [FXGL Background Thread 3 ] DEBUG Engine               - ticksPerSecond: -1
08:11:50.617 [FXGL Background Thread 3 ] DEBUG Engine               - title: Myth Cards Client 0.0
08:11:50.617 [FXGL Background Thread 3 ] DEBUG Engine               - urlGithub: https://github.com/AlmasB/FXGL
08:11:50.617 [FXGL Background Thread 3 ] DEBUG Engine               - urlLeaderboard: http://fxgl-top.herokuapp.com/
08:11:50.617 [FXGL Background Thread 3 ] DEBUG Engine               - urlPOM: https://raw.githubusercontent.com/AlmasB/FXGL/release/README.md
08:11:50.618 [FXGL Background Thread 3 ] DEBUG Engine               - userAppClass: class client.ClientMain
08:11:50.618 [FXGL Background Thread 3 ] DEBUG Engine               - version: 0.0
08:11:50.618 [FXGL Background Thread 3 ] DEBUG Engine               - versionCheckDays: 7
08:11:50.618 [FXGL Background Thread 3 ] DEBUG Engine               - width: 1280
08:11:50.618 [FXGL Background Thread 3 ] DEBUG Engine               - Logging services
08:11:50.618 [FXGL Background Thread 3 ] DEBUG Engine               - class com.almasb.fxgl.app.services.FXGLAssetLoaderService
08:11:50.619 [FXGL Background Thread 3 ] DEBUG Engine               - class com.almasb.fxgl.app.FXGLApplication$GameApplicationService
08:11:50.619 [FXGL Background Thread 3 ] DEBUG Engine               - class com.almasb.fxgl.app.services.FXGLDialogService
08:11:50.619 [FXGL Background Thread 3 ] DEBUG Engine               - class com.almasb.fxgl.app.services.IOTaskExecutorService
08:11:50.619 [FXGL Background Thread 3 ] DEBUG Engine               - class com.almasb.fxgl.io.FileSystemService
08:11:50.619 [FXGL Background Thread 3 ] DEBUG Engine               - class com.almasb.fxgl.localization.LocalizationService
08:11:50.619 [FXGL Background Thread 3 ] DEBUG Engine               - class com.almasb.fxgl.app.services.SystemBundleService
08:11:50.619 [FXGL Background Thread 3 ] DEBUG Engine               - class com.almasb.fxgl.profile.SaveLoadService
08:11:50.619 [FXGL Background Thread 3 ] DEBUG Engine               - class com.almasb.fxgl.ui.FXGLUIFactoryServiceProvider
08:11:50.620 [FXGL Background Thread 3 ] DEBUG Engine               - class com.almasb.fxgl.ui.FXGLDialogFactoryServiceProvider
08:11:50.620 [FXGL Background Thread 3 ] DEBUG Engine               - class com.almasb.fxgl.audio.AudioPlayer
08:11:50.620 [FXGL Background Thread 3 ] DEBUG Engine               - class com.almasb.fxgl.notification.impl.NotificationServiceProvider
08:11:50.620 [FXGL Background Thread 3 ] DEBUG Engine               - class com.almasb.fxgl.achievement.AchievementService
08:11:50.620 [FXGL Background Thread 3 ] DEBUG Engine               - class com.almasb.fxgl.cutscene.CutsceneService
08:11:50.621 [FXGL Background Thread 3 ] DEBUG Engine               - class com.almasb.fxgl.minigames.MiniGameService
08:11:50.621 [FXGL Background Thread 3 ] DEBUG Engine               - class com.almasb.fxgl.net.NetService
08:11:50.621 [FXGL Background Thread 3 ] DEBUG Engine               - class com.almasb.fxgl.app.services.UpdaterService
08:11:50.621 [FXGL Background Thread 3 ] DEBUG Engine               - class com.almasb.fxgl.dev.DevService
08:12:26.946 [JavaFX Application Thread] DEBUG FXGLApplication      - Exiting FXGL
08:12:26.947 [JavaFX Application Thread] DEBUG LoopRunner           - Stopping loop
08:12:26.947 [JavaFX Application Thread] DEBUG SystemBundleService  - Saving FXGL system data
08:12:26.955 [JavaFX Application Thread] DEBUG FileSystemAccess     - Writing to: C:\Users\Mark Wachtel\git\mythcards-game\mythcardsgame\client\system\fxgl.bundle
08:12:26.961 [JavaFX Application Thread] DEBUG Async                - Shutting down background threads
08:12:26.961 [JavaFX Application Thread] DEBUG PrimaryStageWindow   - Closing main window
08:12:26.993 [JavaFX Application Thread] DEBUG Logger               - Closing Logger
