11:45:39.738 [main                     ] DEBUG Logger               - Configured Logger
11:45:39.747 [main                     ] DEBUG GameApplication      - Logging settings
Title: Myth Cards Client 0.0
Version: 0.0
Width: 1280
Height: 720
Fullscreen: false
Intro: true
Profiling: false
Single step:false
App Mode: DEVELOPER
Menu Key: ESCAPE
Stage Style: DECORATED
Scene Factory: class client.ClientMain$1

11:45:40.286 [JavaFX Application Thread] DEBUG FXGLApplication      - Initializing FXGL
11:45:40.291 [JavaFX Application Thread] INFO  Engine               - FXGL-21.1 (27.03.2024 07.52) on WINDOWS (J:24 FX:21)
11:45:40.292 [JavaFX Application Thread] DEBUG Engine               - JRE Vendor Name: Oracle Corporation
11:45:40.292 [JavaFX Application Thread] DEBUG Engine               - Running on OS: Windows 11 version 10.0
11:45:40.292 [JavaFX Application Thread] DEBUG Engine               - Architecture: amd64
11:45:40.292 [JavaFX Application Thread] INFO  Engine               - Source code and latest versions at: https://github.com/AlmasB/FXGL
11:45:40.292 [JavaFX Application Thread] INFO  Engine               -       Ask questions and discuss at: https://github.com/AlmasB/FXGL/discussions
11:45:40.293 [JavaFX Application Thread] INFO  Engine               -              Join the FXGL chat at: https://gitter.im/AlmasB/FXGL
11:45:40.569 [JavaFX Application Thread] DEBUG PrimaryStageWindow   - Creating a JavaFX scene
11:45:40.665 [JavaFX Application Thread] DEBUG PrimaryStageWindow   - Target settings size: 1280.0 x 720.0
11:45:40.665 [JavaFX Application Thread] DEBUG PrimaryStageWindow   - Scaled scene size:    1280.0 x 720.0
11:45:40.666 [JavaFX Application Thread] DEBUG PrimaryStageWindow   - Scaled ratio: (1.0, 1.0)
11:45:40.667 [JavaFX Application Thread] DEBUG PrimaryStageWindow   - Set initial scene to CustomStartupScene
11:45:40.678 [JavaFX Application Thread] DEBUG PrimaryStageWindow   - Opening main window
11:45:40.855 [JavaFX Application Thread] DEBUG PrimaryStageWindow   - Window border size: (16.0, 39.0)
11:45:40.855 [JavaFX Application Thread] DEBUG PrimaryStageWindow   - Scaled size: 1280.0 x 720.0
11:45:40.856 [JavaFX Application Thread] DEBUG PrimaryStageWindow   - Scaled ratio: (1.0, 1.0)
11:45:40.856 [JavaFX Application Thread] DEBUG PrimaryStageWindow   - Scene size: 1280.0 x 720.0
11:45:40.856 [JavaFX Application Thread] DEBUG PrimaryStageWindow   - Stage size: 1296.0 x 759.0
11:45:40.869 [FXGL Background Thread 1 ] DEBUG Engine               - Initializing environment variables
11:45:40.999 [FXGL Background Thread 1 ] DEBUG FXGLAssetLoaderServi - User app class for loading assets: class client.ClientMain
11:45:41.000 [FXGL Background Thread 1 ] DEBUG GameApplicationServi - Applying CSS: fxgl_dark.css
11:45:41.001 [FXGL Background Thread 1 ] DEBUG FXGLAssetLoaderServi - Loading from file system: jar:file:/C:/Users/Mark%20Wachtel/.m2/repository/com/github/almasb/fxgl/21.1/fxgl-21.1.jar!/fxglassets/ui/css/fxgl_dark.css
11:45:41.093 [FXGL Background Thread 1 ] DEBUG GameApplicationServi - Applying CSS: styles/chat.css
11:45:41.093 [FXGL Background Thread 1 ] DEBUG FXGLAssetLoaderServi - Loading from file system: file:/C:/Users/Mark%20Wachtel/git/mythcards-game/mythcardsgame/client/target/classes/assets/ui/css/styles/chat.css
11:45:41.095 [FXGL Background Thread 1 ] DEBUG GameApplicationServi - Initializing application scenes
11:45:41.171 [FXGL Background Thread 1 ] DEBUG GameWorld            - Game world initialized
11:45:41.257 [FXGL Background Thread 1 ] DEBUG PhysicsWorld         - Physics world initialized: appHeight=720, physics.ppm=50,0
11:45:41.257 [FXGL Background Thread 1 ] DEBUG PhysicsWorld         - Using strategy: BRUTE_FORCE
11:45:41.261 [FXGL Background Thread 1 ] DEBUG GameScene            - Game scene initialized: 1280x720
11:45:41.263 [FXGL Background Thread 1 ] DEBUG FXGLAssetLoaderServi - Loading from file system: file:/C:/Users/Mark%20Wachtel/git/mythcards-game/mythcardsgame/client/target/classes/assets/textures/bg/loading_screen.png
11:45:41.320 [FXGL Background Thread 1 ] DEBUG FXGL.DefaultMenu     - createMenuBodyGameMenu()
11:45:41.344 [FXGL Background Thread 1 ] DEBUG FXGL.DefaultMenu     - createOptionsMenu()
11:45:41.353 [FXGL Background Thread 1 ] DEBUG FXGLAssetLoaderServi - Loading from file system: jar:file:/C:/Users/Mark%20Wachtel/.m2/repository/com/github/almasb/fxgl/21.1/fxgl-21.1.jar!/fxglassets/textures/particles/smoke.png
11:45:41.570 [FXGL Background Thread 1 ] DEBUG FXGLAssetLoaderServi - Loading from file system: jar:file:/C:/Users/Mark%20Wachtel/.m2/repository/com/github/almasb/fxgl/21.1/fxgl-21.1.jar!/fxglassets/textures/particles/trace_horizontal.png
11:45:41.605 [FXGL Background Thread 1 ] DEBUG GameApplicationServi - Application scenes initialized
11:45:41.636 [FXGL Background Thread 1 ] DEBUG SystemBundleService  - Loading FXGL system data
11:45:41.651 [FXGL Background Thread 1 ] DEBUG FileSystemAccess     - Reading from: C:\Users\Mark Wachtel\git\mythcards-game\mythcardsgame\client\system\fxgl.bundle
11:45:41.669 [FXGL Background Thread 1 ] DEBUG SystemBundleService  - Bundle FXGL: {}
11:45:41.669 [FXGL Background Thread 1 ] DEBUG UpdaterService       - Checking for updates
11:45:41.681 [FXGL Background Thread 4 ] DEBUG FXGLApplication      - Loading fonts
11:45:41.682 [FXGL Background Thread 4 ] DEBUG FXGLAssetLoaderServi - Loading from file system: jar:file:/C:/Users/Mark%20Wachtel/.m2/repository/com/github/almasb/fxgl/21.1/fxgl-21.1.jar!/fxglassets/ui/fonts/VarelaRound-Regular.ttf
11:45:41.692 [FXGL Background Thread 1 ] DEBUG FXGLApplication      - Loading default localization
11:45:41.693 [FXGL Background Thread 1 ] DEBUG FXGLAssetLoaderServi - Loading from file system: jar:file:/C:/Users/Mark%20Wachtel/.m2/repository/com/github/almasb/fxgl/21.1/fxgl-21.1.jar!/fxglassets/languages/english.lang
11:45:41.726 [FXGL Background Thread 4 ] DEBUG FXGLAssetLoaderServi - Loading from file system: jar:file:/C:/Users/Mark%20Wachtel/.m2/repository/com/github/almasb/fxgl/21.1/fxgl-21.1.jar!/fxglassets/ui/fonts/Abel-Regular.ttf
11:45:41.742 [FXGL Background Thread 4 ] DEBUG FXGLAssetLoaderServi - Loading from file system: jar:file:/C:/Users/Mark%20Wachtel/.m2/repository/com/github/almasb/fxgl/21.1/fxgl-21.1.jar!/fxglassets/ui/fonts/TerminalLandMono-Regular.otf
11:45:41.758 [FXGL Background Thread 4 ] DEBUG FXGLAssetLoaderServi - Loading from file system: jar:file:/C:/Users/Mark%20Wachtel/.m2/repository/com/github/almasb/fxgl/21.1/fxgl-21.1.jar!/fxglassets/ui/fonts/Courier-Prime.ttf
11:45:41.792 [JavaFX Application Thread] DEBUG FXGLApplication      - Registering font factories with UI factory
11:45:41.869 [FXGL Background Thread 1 ] INFO  FXGLApplication      - FXGL initialization took: 1,001 sec
11:45:41.872 [JavaFX Application Thread] DEBUG FXGLAssetLoaderServi - Loading from file system: jar:file:/C:/Users/Mark%20Wachtel/.m2/repository/com/github/almasb/fxgl/21.1/fxgl-21.1.jar!/fxglassets/textures/fxgl_icon.png
11:45:41.910 [JavaFX Application Thread] DEBUG FXGLAssetLoaderServi - Loading from file system: jar:file:/C:/Users/Mark%20Wachtel/.m2/repository/com/github/almasb/fxgl/21.1/fxgl-21.1.jar!/fxglassets/textures/fxgl_default_cursor.png
11:45:41.963 [JavaFX Application Thread] DEBUG Input                - Registered new binding: Screenshot - CTRL+8
11:45:41.965 [JavaFX Application Thread] DEBUG Input                - Registered new binding: System info dump - CTRL+9
11:45:41.966 [JavaFX Application Thread] DEBUG Input                - Registered new binding: Restart - CTRL+R
11:45:41.969 [JavaFX Application Thread] DEBUG Input                - Registered new binding: Toggle Debug Camera - CTRL+7
11:45:41.981 [JavaFX Application Thread] DEBUG LoopRunner           - Starting loop
11:45:41.981 [JavaFX Application Thread] DEBUG LoopRunner           - Initializing JavaFX AnimationTimerLoop
11:45:41.988 [JavaFX Application Thread] DEBUG GameApplicationServi - Starting new game
11:45:41.988 [JavaFX Application Thread] DEBUG Input                - Clearing active input actions
11:45:42.023 [JavaFX Application Thread] DEBUG GameApplicationServi - Removing overlay from CustomStartupScene and adding to FXGLLoadingScene
11:45:42.024 [JavaFX Application Thread] DEBUG PrimaryStageWindow   - CustomStartupScene -> FXGLLoadingScene
11:45:42.024 [JavaFX Application Thread] DEBUG GameApplicationServi - Clearing previous game
11:45:42.024 [JavaFX Application Thread] DEBUG GameScene            - Clearing game scene
11:45:42.024 [JavaFX Application Thread] DEBUG GameWorld            - Clearing game world
11:45:42.024 [JavaFX Application Thread] DEBUG PhysicsWorld         - Clearing physics world
11:45:42.029 [JavaFX Application Thread] DEBUG Input                - Clearing active input actions
11:45:42.029 [FXGL Background Thread 1 ] DEBUG FXGLApplication      - Initializing game
11:45:42.047 [JavaFX Application Thread] DEBUG GameApplicationServi - Removing overlay from FXGLLoadingScene and adding to MyIntroScene
11:45:42.047 [JavaFX Application Thread] DEBUG PrimaryStageWindow   - CustomStartupScene -> MyIntroScene
11:45:42.054 [FXGL Background Thread 1 ] INFO  FXGLApplication      - Game initialization took: 0,025 sec
11:45:42.090 [JavaFX Application Thread] DEBUG Input                - Clearing active input actions
11:45:42.131 [JavaFX Application Thread] DEBUG GameApplicationServi - Removing overlay from MyIntroScene and adding to GameScene
11:45:42.131 [JavaFX Application Thread] DEBUG PrimaryStageWindow   - MyIntroScene -> GameScene
11:45:44.675 [FXGL Background Thread 3 ] DEBUG Engine               - Logging environment variables
11:45:44.675 [FXGL Background Thread 3 ] DEBUG Engine               - achievements: []
11:45:44.675 [FXGL Background Thread 3 ] DEBUG Engine               - actualHeight: 720.0
11:45:44.675 [FXGL Background Thread 3 ] DEBUG Engine               - actualHeightProperty: ReadOnlyDoubleProperty [value: 720.0]
11:45:44.676 [FXGL Background Thread 3 ] DEBUG Engine               - actualWidth: 1280.0
11:45:44.676 [FXGL Background Thread 3 ] DEBUG Engine               - actualWidthProperty: ReadOnlyDoubleProperty [value: 1280.0]
11:45:44.676 [FXGL Background Thread 3 ] DEBUG Engine               - appIcon: fxgl_icon.png
11:45:44.676 [FXGL Background Thread 3 ] DEBUG Engine               - applicationMode: DEVELOPER
11:45:44.676 [FXGL Background Thread 3 ] DEBUG Engine               - cSSList: [fxgl_dark.css, styles/chat.css]
11:45:44.676 [FXGL Background Thread 3 ] DEBUG Engine               - collisionDetectionStrategy: BRUTE_FORCE
11:45:44.676 [FXGL Background Thread 3 ] DEBUG Engine               - configClass: Optional.empty
11:45:44.676 [FXGL Background Thread 3 ] DEBUG Engine               - credits: []
11:45:44.676 [FXGL Background Thread 3 ] DEBUG Engine               - defaultCursor: CursorInfo(imageName=fxgl_default_cursor.png, hotspotX=7.0, hotspotY=6.0)
11:45:44.676 [FXGL Background Thread 3 ] DEBUG Engine               - devBBoxColorProperty: ObjectProperty [value: 0xff0000ff]
11:45:44.677 [FXGL Background Thread 3 ] DEBUG Engine               - devEnableDebugCameraProperty: BooleanProperty [value: false]
11:45:44.677 [FXGL Background Thread 3 ] DEBUG Engine               - devSensorColorProperty: ObjectProperty [value: 0xffff00ff]
11:45:44.677 [FXGL Background Thread 3 ] DEBUG Engine               - devShowBBoxProperty: BooleanProperty [value: false]
11:45:44.677 [FXGL Background Thread 3 ] DEBUG Engine               - devShowPositionProperty: BooleanProperty [value: false]
11:45:44.677 [FXGL Background Thread 3 ] DEBUG Engine               - enabledMenuItems: []
11:45:44.677 [FXGL Background Thread 3 ] DEBUG Engine               - engineServices: [class com.almasb.fxgl.app.services.FXGLAssetLoaderService, class com.almasb.fxgl.app.FXGLApplication$GameApplicationService, class com.almasb.fxgl.app.services.FXGLDialogService, class com.almasb.fxgl.app.services.IOTaskExecutorService, class com.almasb.fxgl.io.FileSystemService, class com.almasb.fxgl.localization.LocalizationService, class com.almasb.fxgl.app.services.SystemBundleService, class com.almasb.fxgl.profile.SaveLoadService, class com.almasb.fxgl.ui.FXGLUIFactoryServiceProvider, class com.almasb.fxgl.ui.FXGLDialogFactoryServiceProvider, class com.almasb.fxgl.audio.AudioPlayer, class com.almasb.fxgl.notification.impl.NotificationServiceProvider, class com.almasb.fxgl.achievement.AchievementService, class com.almasb.fxgl.cutscene.CutsceneService, class com.almasb.fxgl.minigames.MiniGameService, class com.almasb.fxgl.net.NetService, class com.almasb.fxgl.app.services.UpdaterService, class com.almasb.fxgl.dev.DevService]
11:45:44.677 [FXGL Background Thread 3 ] DEBUG Engine               - fontGame: Abel-Regular.ttf
11:45:44.677 [FXGL Background Thread 3 ] DEBUG Engine               - fontMono: TerminalLandMono-Regular.otf
11:45:44.677 [FXGL Background Thread 3 ] DEBUG Engine               - fontSizeScaleUI: 1.0
11:45:44.677 [FXGL Background Thread 3 ] DEBUG Engine               - fontText: Courier-Prime.ttf
11:45:44.677 [FXGL Background Thread 3 ] DEBUG Engine               - fontUI: VarelaRound-Regular.ttf
11:45:44.677 [FXGL Background Thread 3 ] DEBUG Engine               - fullScreen: BooleanProperty [value: false]
11:45:44.677 [FXGL Background Thread 3 ] DEBUG Engine               - gameDifficulty: MEDIUM
11:45:44.678 [FXGL Background Thread 3 ] DEBUG Engine               - gameDifficultyProperty: ObjectProperty [value: MEDIUM]
11:45:44.678 [FXGL Background Thread 3 ] DEBUG Engine               - globalMusicVolume: 0.5
11:45:44.678 [FXGL Background Thread 3 ] DEBUG Engine               - globalMusicVolumeProperty: DoubleProperty [value: 0.5]
11:45:44.678 [FXGL Background Thread 3 ] DEBUG Engine               - globalSoundVolume: 0.5
11:45:44.678 [FXGL Background Thread 3 ] DEBUG Engine               - globalSoundVolumeProperty: DoubleProperty [value: 0.5]
11:45:44.678 [FXGL Background Thread 3 ] DEBUG Engine               - height: 720
11:45:44.678 [FXGL Background Thread 3 ] DEBUG Engine               - is3D: false
11:45:44.678 [FXGL Background Thread 3 ] DEBUG Engine               - isAndroid: false
11:45:44.678 [FXGL Background Thread 3 ] DEBUG Engine               - isBrowser: false
11:45:44.678 [FXGL Background Thread 3 ] DEBUG Engine               - isClickFeedbackEnabled: false
11:45:44.678 [FXGL Background Thread 3 ] DEBUG Engine               - isCloseConfirmation: false
11:45:44.678 [FXGL Background Thread 3 ] DEBUG Engine               - isDesktop: true
11:45:44.678 [FXGL Background Thread 3 ] DEBUG Engine               - isDeveloperMenuEnabled: false
11:45:44.678 [FXGL Background Thread 3 ] DEBUG Engine               - isEmbedded: false
11:45:44.678 [FXGL Background Thread 3 ] DEBUG Engine               - isEntityPreloadEnabled: true
11:45:44.678 [FXGL Background Thread 3 ] DEBUG Engine               - isExperimentalTiledLargeMap: false
11:45:44.678 [FXGL Background Thread 3 ] DEBUG Engine               - isFileSystemWriteAllowed: true
11:45:44.679 [FXGL Background Thread 3 ] DEBUG Engine               - isFullScreenAllowed: false
11:45:44.679 [FXGL Background Thread 3 ] DEBUG Engine               - isFullScreenFromStart: false
11:45:44.679 [FXGL Background Thread 3 ] DEBUG Engine               - isGameMenuEnabled: true
11:45:44.679 [FXGL Background Thread 3 ] DEBUG Engine               - isIOS: false
11:45:44.679 [FXGL Background Thread 3 ] DEBUG Engine               - isIntroEnabled: true
11:45:44.679 [FXGL Background Thread 3 ] DEBUG Engine               - isLinux: false
11:45:44.679 [FXGL Background Thread 3 ] DEBUG Engine               - isMac: false
11:45:44.679 [FXGL Background Thread 3 ] DEBUG Engine               - isMainMenuEnabled: false
11:45:44.679 [FXGL Background Thread 3 ] DEBUG Engine               - isManualResizeEnabled: false
11:45:44.679 [FXGL Background Thread 3 ] DEBUG Engine               - isMobile: false
11:45:44.679 [FXGL Background Thread 3 ] DEBUG Engine               - isNative: false
11:45:44.679 [FXGL Background Thread 3 ] DEBUG Engine               - isPauseMusicWhenMinimized: true
11:45:44.679 [FXGL Background Thread 3 ] DEBUG Engine               - isPreserveResizeRatio: false
11:45:44.680 [FXGL Background Thread 3 ] DEBUG Engine               - isProfilingEnabled: false
11:45:44.680 [FXGL Background Thread 3 ] DEBUG Engine               - isScaleAffectedOnResize: true
11:45:44.680 [FXGL Background Thread 3 ] DEBUG Engine               - isSingleStep: false
11:45:44.680 [FXGL Background Thread 3 ] DEBUG Engine               - isUserProfileEnabled: false
11:45:44.680 [FXGL Background Thread 3 ] DEBUG Engine               - isWindows: true
11:45:44.680 [FXGL Background Thread 3 ] DEBUG Engine               - language: ObjectProperty [value: ENGLISH]
11:45:44.680 [FXGL Background Thread 3 ] DEBUG Engine               - menuKey: ESCAPE
11:45:44.680 [FXGL Background Thread 3 ] DEBUG Engine               - mouseSensitivity: 0.2
11:45:44.680 [FXGL Background Thread 3 ] DEBUG Engine               - notificationViewClass: class com.almasb.fxgl.notification.view.XboxNotificationView
11:45:44.680 [FXGL Background Thread 3 ] DEBUG Engine               - pixelsPerMeter: 50.0
11:45:44.680 [FXGL Background Thread 3 ] DEBUG Engine               - platform: WINDOWS
11:45:44.680 [FXGL Background Thread 3 ] DEBUG Engine               - prefHeightProperty: ReadOnlyDoubleProperty [value: 720.0]
11:45:44.680 [FXGL Background Thread 3 ] DEBUG Engine               - prefWidthProperty: ReadOnlyDoubleProperty [value: 1280.0]
11:45:44.680 [FXGL Background Thread 3 ] DEBUG Engine               - profileDir: profiles/
11:45:44.680 [FXGL Background Thread 3 ] DEBUG Engine               - profileName: StringProperty [value: DEFAULT]
11:45:44.680 [FXGL Background Thread 3 ] DEBUG Engine               - randomSeed: -1
11:45:44.681 [FXGL Background Thread 3 ] DEBUG Engine               - runtimeInfo: RuntimeInfo(platform=WINDOWS, version=21.1, build=27.03.2024 07.52)
11:45:44.681 [FXGL Background Thread 3 ] DEBUG Engine               - saveFileExt: sav
11:45:44.681 [FXGL Background Thread 3 ] DEBUG Engine               - scaledHeightProp$fxgl: DoubleProperty [bound, value: 720.0]
11:45:44.681 [FXGL Background Thread 3 ] DEBUG Engine               - scaledWidthProp$fxgl: DoubleProperty [bound, value: 1280.0]
11:45:44.681 [FXGL Background Thread 3 ] DEBUG Engine               - sceneFactory: client.ClientMain$1@4edced2b
11:45:44.681 [FXGL Background Thread 3 ] DEBUG Engine               - secondsIn24h: 60
11:45:44.681 [FXGL Background Thread 3 ] DEBUG Engine               - soundMenuBack: menu/back.wav
11:45:44.681 [FXGL Background Thread 3 ] DEBUG Engine               - soundMenuPress: menu/press.wav
11:45:44.681 [FXGL Background Thread 3 ] DEBUG Engine               - soundMenuSelect: menu/select.wav
11:45:44.681 [FXGL Background Thread 3 ] DEBUG Engine               - soundNotification: core/notification.wav
11:45:44.681 [FXGL Background Thread 3 ] DEBUG Engine               - stageStyle: DECORATED
11:45:44.681 [FXGL Background Thread 3 ] DEBUG Engine               - supportedLanguages: [ENGLISH, FRENCH, GERMAN, HUNGARIAN, RUSSIAN]
11:45:44.682 [FXGL Background Thread 3 ] DEBUG Engine               - ticksPerSecond: -1
11:45:44.682 [FXGL Background Thread 3 ] DEBUG Engine               - title: Myth Cards Client 0.0
11:45:44.682 [FXGL Background Thread 3 ] DEBUG Engine               - urlGithub: https://github.com/AlmasB/FXGL
11:45:44.682 [FXGL Background Thread 3 ] DEBUG Engine               - urlLeaderboard: http://fxgl-top.herokuapp.com/
11:45:44.682 [FXGL Background Thread 3 ] DEBUG Engine               - urlPOM: https://raw.githubusercontent.com/AlmasB/FXGL/release/README.md
11:45:44.682 [FXGL Background Thread 3 ] DEBUG Engine               - userAppClass: class client.ClientMain
11:45:44.682 [FXGL Background Thread 3 ] DEBUG Engine               - version: 0.0
11:45:44.682 [FXGL Background Thread 3 ] DEBUG Engine               - versionCheckDays: 7
11:45:44.682 [FXGL Background Thread 3 ] DEBUG Engine               - width: 1280
11:45:44.682 [FXGL Background Thread 3 ] DEBUG Engine               - Logging services
11:45:44.682 [FXGL Background Thread 3 ] DEBUG Engine               - class com.almasb.fxgl.app.services.FXGLAssetLoaderService
11:45:44.682 [FXGL Background Thread 3 ] DEBUG Engine               - class com.almasb.fxgl.app.FXGLApplication$GameApplicationService
11:45:44.682 [FXGL Background Thread 3 ] DEBUG Engine               - class com.almasb.fxgl.app.services.FXGLDialogService
11:45:44.682 [FXGL Background Thread 3 ] DEBUG Engine               - class com.almasb.fxgl.app.services.IOTaskExecutorService
11:45:44.683 [FXGL Background Thread 3 ] DEBUG Engine               - class com.almasb.fxgl.io.FileSystemService
11:45:44.683 [FXGL Background Thread 3 ] DEBUG Engine               - class com.almasb.fxgl.localization.LocalizationService
11:45:44.683 [FXGL Background Thread 3 ] DEBUG Engine               - class com.almasb.fxgl.app.services.SystemBundleService
11:45:44.683 [FXGL Background Thread 3 ] DEBUG Engine               - class com.almasb.fxgl.profile.SaveLoadService
11:45:44.683 [FXGL Background Thread 3 ] DEBUG Engine               - class com.almasb.fxgl.ui.FXGLUIFactoryServiceProvider
11:45:44.683 [FXGL Background Thread 3 ] DEBUG Engine               - class com.almasb.fxgl.ui.FXGLDialogFactoryServiceProvider
11:45:44.683 [FXGL Background Thread 3 ] DEBUG Engine               - class com.almasb.fxgl.audio.AudioPlayer
11:45:44.683 [FXGL Background Thread 3 ] DEBUG Engine               - class com.almasb.fxgl.notification.impl.NotificationServiceProvider
11:45:44.683 [FXGL Background Thread 3 ] DEBUG Engine               - class com.almasb.fxgl.achievement.AchievementService
11:45:44.683 [FXGL Background Thread 3 ] DEBUG Engine               - class com.almasb.fxgl.cutscene.CutsceneService
11:45:44.683 [FXGL Background Thread 3 ] DEBUG Engine               - class com.almasb.fxgl.minigames.MiniGameService
11:45:44.683 [FXGL Background Thread 3 ] DEBUG Engine               - class com.almasb.fxgl.net.NetService
11:45:44.683 [FXGL Background Thread 3 ] DEBUG Engine               - class com.almasb.fxgl.app.services.UpdaterService
11:45:44.683 [FXGL Background Thread 3 ] DEBUG Engine               - class com.almasb.fxgl.dev.DevService
11:46:09.062 [JavaFX Application Thread] DEBUG FXGLApplication      - Exiting FXGL
11:46:09.062 [JavaFX Application Thread] DEBUG LoopRunner           - Stopping loop
11:46:09.063 [JavaFX Application Thread] DEBUG SystemBundleService  - Saving FXGL system data
11:46:09.071 [JavaFX Application Thread] DEBUG FileSystemAccess     - Writing to: C:\Users\Mark Wachtel\git\mythcards-game\mythcardsgame\client\system\fxgl.bundle
11:46:09.073 [JavaFX Application Thread] DEBUG Async                - Shutting down background threads
11:46:09.073 [JavaFX Application Thread] DEBUG PrimaryStageWindow   - Closing main window
11:46:09.099 [JavaFX Application Thread] DEBUG Logger               - Closing Logger
