11:24:25.538 [main                     ] DEBUG Logger               - Configured Logger
11:24:25.549 [main                     ] DEBUG GameApplication      - Logging settings
Title: Myth Cards Client
Version: 0.0
Width: 1280
Height: 720
Fullscreen: false
Intro: false
Profiling: false
Single step:false
App Mode: DEVELOPER
Menu Key: ESCAPE
Stage Style: DECORATED
Scene Factory: class com.almasb.fxgl.app.scene.SceneFactory

11:24:25.923 [JavaFX Application Thread] DEBUG FXGLApplication      - Initializing FXGL
11:24:25.927 [JavaFX Application Thread] INFO  Engine               - FXGL-21.1 (27.03.2024 07.52) on WINDOWS (J:24 FX:21)
11:24:25.927 [JavaFX Application Thread] DEBUG Engine               - JRE Vendor Name: Oracle Corporation
11:24:25.927 [JavaFX Application Thread] DEBUG Engine               - Running on OS: Windows 11 version 10.0
11:24:25.927 [JavaFX Application Thread] DEBUG Engine               - Architecture: amd64
11:24:25.927 [JavaFX Application Thread] INFO  Engine               - Source code and latest versions at: https://github.com/AlmasB/FXGL
11:24:25.928 [JavaFX Application Thread] INFO  Engine               -       Ask questions and discuss at: https://github.com/AlmasB/FXGL/discussions
11:24:25.928 [JavaFX Application Thread] INFO  Engine               -              Join the FXGL chat at: https://gitter.im/AlmasB/FXGL
11:24:26.076 [JavaFX Application Thread] DEBUG PrimaryStageWindow   - Creating a JavaFX scene
11:24:26.131 [JavaFX Application Thread] DEBUG PrimaryStageWindow   - Target settings size: 1280.0 x 720.0
11:24:26.131 [JavaFX Application Thread] DEBUG PrimaryStageWindow   - Scaled scene size:    1280.0 x 720.0
11:24:26.131 [JavaFX Application Thread] DEBUG PrimaryStageWindow   - Scaled ratio: (1.0, 1.0)
11:24:26.132 [JavaFX Application Thread] DEBUG PrimaryStageWindow   - Set initial scene to FXGLStartupScene
11:24:26.135 [JavaFX Application Thread] DEBUG PrimaryStageWindow   - Opening main window
11:24:26.261 [JavaFX Application Thread] DEBUG PrimaryStageWindow   - Window border size: (16.0, 39.0)
11:24:26.261 [JavaFX Application Thread] DEBUG PrimaryStageWindow   - Scaled size: 1280.0 x 720.0
11:24:26.261 [JavaFX Application Thread] DEBUG PrimaryStageWindow   - Scaled ratio: (1.0, 1.0)
11:24:26.261 [JavaFX Application Thread] DEBUG PrimaryStageWindow   - Scene size: 1280.0 x 720.0
11:24:26.262 [JavaFX Application Thread] DEBUG PrimaryStageWindow   - Stage size: 1296.0 x 759.0
11:24:26.268 [FXGL Background Thread 1 ] DEBUG Engine               - Initializing environment variables
11:24:26.379 [FXGL Background Thread 1 ] DEBUG FXGLAssetLoaderServi - User app class for loading assets: class client.ClientMain
11:24:26.380 [FXGL Background Thread 1 ] DEBUG GameApplicationServi - Applying CSS: fxgl_dark.css
11:24:26.380 [FXGL Background Thread 1 ] DEBUG FXGLAssetLoaderServi - Loading from file system: jar:file:/C:/Users/Mark%20Wachtel/.m2/repository/com/github/almasb/fxgl/21.1/fxgl-21.1.jar!/fxglassets/ui/css/fxgl_dark.css
11:24:26.437 [FXGL Background Thread 1 ] DEBUG GameApplicationServi - Initializing application scenes
11:24:26.507 [FXGL Background Thread 1 ] DEBUG GameWorld            - Game world initialized
11:24:26.589 [FXGL Background Thread 1 ] DEBUG PhysicsWorld         - Physics world initialized: appHeight=720, physics.ppm=50,0
11:24:26.589 [FXGL Background Thread 1 ] DEBUG PhysicsWorld         - Using strategy: BRUTE_FORCE
11:24:26.593 [FXGL Background Thread 1 ] DEBUG GameScene            - Game scene initialized: 1280x720
11:24:26.615 [FXGL Background Thread 1 ] DEBUG FXGL.DefaultMenu     - createMenuBodyGameMenu()
11:24:26.634 [FXGL Background Thread 1 ] DEBUG FXGL.DefaultMenu     - createOptionsMenu()
11:24:26.657 [FXGL Background Thread 1 ] DEBUG FXGLAssetLoaderServi - Loading from file system: jar:file:/C:/Users/Mark%20Wachtel/.m2/repository/com/github/almasb/fxgl/21.1/fxgl-21.1.jar!/fxglassets/textures/particles/smoke.png
11:24:26.808 [FXGL Background Thread 1 ] DEBUG FXGLAssetLoaderServi - Loading from file system: jar:file:/C:/Users/Mark%20Wachtel/.m2/repository/com/github/almasb/fxgl/21.1/fxgl-21.1.jar!/fxglassets/textures/particles/trace_horizontal.png
11:24:26.841 [FXGL Background Thread 1 ] DEBUG GameApplicationServi - Application scenes initialized
11:24:26.856 [FXGL Background Thread 1 ] DEBUG SystemBundleService  - Loading FXGL system data
11:24:26.862 [FXGL Background Thread 1 ] DEBUG FileSystemAccess     - Reading from: C:\Users\Mark Wachtel\git\mythcards-game\mythcardsgame\client\system\fxgl.bundle
11:24:26.879 [FXGL Background Thread 1 ] DEBUG SystemBundleService  - Bundle FXGL: {}
11:24:26.879 [FXGL Background Thread 1 ] DEBUG UpdaterService       - Checking for updates
11:24:26.884 [FXGL Background Thread 4 ] DEBUG FXGLApplication      - Loading fonts
11:24:26.885 [FXGL Background Thread 4 ] DEBUG FXGLAssetLoaderServi - Loading from file system: jar:file:/C:/Users/Mark%20Wachtel/.m2/repository/com/github/almasb/fxgl/21.1/fxgl-21.1.jar!/fxglassets/ui/fonts/VarelaRound-Regular.ttf
11:24:26.886 [FXGL Background Thread 1 ] DEBUG FXGLApplication      - Loading default localization
11:24:26.887 [FXGL Background Thread 1 ] DEBUG FXGLAssetLoaderServi - Loading from file system: jar:file:/C:/Users/Mark%20Wachtel/.m2/repository/com/github/almasb/fxgl/21.1/fxgl-21.1.jar!/fxglassets/languages/english.lang
11:24:26.912 [FXGL Background Thread 4 ] DEBUG FXGLAssetLoaderServi - Loading from file system: jar:file:/C:/Users/Mark%20Wachtel/.m2/repository/com/github/almasb/fxgl/21.1/fxgl-21.1.jar!/fxglassets/ui/fonts/Abel-Regular.ttf
11:24:26.925 [FXGL Background Thread 4 ] DEBUG FXGLAssetLoaderServi - Loading from file system: jar:file:/C:/Users/Mark%20Wachtel/.m2/repository/com/github/almasb/fxgl/21.1/fxgl-21.1.jar!/fxglassets/ui/fonts/TerminalLandMono-Regular.otf
11:24:26.926 [FXGL Background Thread 1 ] INFO  FXGLApplication      - FXGL initialization took: 0,658 sec
11:24:26.928 [JavaFX Application Thread] DEBUG FXGLAssetLoaderServi - Loading from file system: jar:file:/C:/Users/Mark%20Wachtel/.m2/repository/com/github/almasb/fxgl/21.1/fxgl-21.1.jar!/fxglassets/textures/fxgl_icon.png
11:24:26.938 [FXGL Background Thread 4 ] DEBUG FXGLAssetLoaderServi - Loading from file system: jar:file:/C:/Users/Mark%20Wachtel/.m2/repository/com/github/almasb/fxgl/21.1/fxgl-21.1.jar!/fxglassets/ui/fonts/Courier-Prime.ttf
11:24:26.955 [JavaFX Application Thread] DEBUG FXGLAssetLoaderServi - Loading from file system: jar:file:/C:/Users/Mark%20Wachtel/.m2/repository/com/github/almasb/fxgl/21.1/fxgl-21.1.jar!/fxglassets/textures/fxgl_default_cursor.png
11:24:26.981 [JavaFX Application Thread] DEBUG Input                - Registered new binding: Screenshot - CTRL+8
11:24:26.982 [JavaFX Application Thread] DEBUG Input                - Registered new binding: System info dump - CTRL+9
11:24:26.983 [JavaFX Application Thread] DEBUG Input                - Registered new binding: Restart - CTRL+R
11:24:26.985 [JavaFX Application Thread] DEBUG Input                - Registered new binding: Toggle Debug Camera - CTRL+7
11:24:26.992 [JavaFX Application Thread] DEBUG LoopRunner           - Starting loop
11:24:26.992 [JavaFX Application Thread] DEBUG LoopRunner           - Initializing JavaFX AnimationTimerLoop
11:24:26.993 [JavaFX Application Thread] DEBUG GameApplicationServi - Starting new game
11:24:26.994 [JavaFX Application Thread] DEBUG Input                - Clearing active input actions
11:24:27.010 [JavaFX Application Thread] DEBUG GameApplicationServi - Removing overlay from FXGLStartupScene and adding to FXGLLoadingScene
11:24:27.010 [JavaFX Application Thread] DEBUG PrimaryStageWindow   - FXGLStartupScene -> FXGLLoadingScene
11:24:27.011 [JavaFX Application Thread] DEBUG GameApplicationServi - Clearing previous game
11:24:27.011 [JavaFX Application Thread] DEBUG GameScene            - Clearing game scene
11:24:27.011 [JavaFX Application Thread] DEBUG GameWorld            - Clearing game world
11:24:27.011 [JavaFX Application Thread] DEBUG PhysicsWorld         - Clearing physics world
11:24:27.014 [FXGL Background Thread 4 ] DEBUG FXGLApplication      - Initializing game
11:24:27.016 [JavaFX Application Thread] DEBUG FXGLApplication      - Registering font factories with UI factory
11:24:27.234 [FXGL Background Thread 4 ] INFO  FXGLApplication      - Game initialization took: 0,220 sec
11:24:27.246 [JavaFX Application Thread] DEBUG Input                - Clearing active input actions
11:24:27.253 [JavaFX Application Thread] DEBUG GameApplicationServi - Removing overlay from FXGLLoadingScene and adding to GameScene
11:24:27.259 [JavaFX Application Thread] DEBUG PrimaryStageWindow   - FXGLLoadingScene -> GameScene
11:24:29.567 [JavaFX Application Thread] WARN  FXGLAssetLoaderServi - Asset "/assets/textures/bg/card_front_water.png" was not found!
11:24:29.567 [JavaFX Application Thread] WARN  FXGLAssetLoaderServi - Failed to load IMAGE
11:24:29.579 [JavaFX Application Thread] DEBUG FXGLAssetLoaderServi - Loading from file system: file:/C:/Users/Mark%20Wachtel/git/mythcards-game/mythcardsgame/client/target/classes/assets/textures/monsters/water_dragon.png
11:24:29.626 [JavaFX Application Thread] DEBUG FXGLAssetLoaderServi - Loading from file system: file:/C:/Users/Mark%20Wachtel/git/mythcards-game/mythcardsgame/client/target/classes/assets/textures/bg/game_logo.png
11:24:29.678 [JavaFX Application Thread] DEBUG FXGLAssetLoaderServi - Loading from file system: file:/C:/Users/Mark%20Wachtel/git/mythcards-game/mythcardsgame/client/target/classes/assets/textures/bars/card_front_bars_effect05.png
11:24:29.683 [JavaFX Application Thread] DEBUG FXGLAssetLoaderServi - Loading from file system: file:/C:/Users/Mark%20Wachtel/git/mythcards-game/mythcardsgame/client/target/classes/assets/textures/bars/card_front_bars_effect01.png
11:24:29.689 [JavaFX Application Thread] DEBUG FXGLAssetLoaderServi - Loading from file system: file:/C:/Users/Mark%20Wachtel/git/mythcards-game/mythcardsgame/client/target/classes/assets/textures/bars/card_front_bars_effect02.png
11:24:29.695 [JavaFX Application Thread] DEBUG FXGLAssetLoaderServi - Loading from file system: file:/C:/Users/Mark%20Wachtel/git/mythcards-game/mythcardsgame/client/target/classes/assets/textures/bars/card_front_bars_effect03.png
11:24:29.743 [JavaFX Application Thread] DEBUG FXGLAssetLoaderServi - Loading from file system: file:/C:/Users/Mark%20Wachtel/git/mythcards-game/mythcardsgame/client/target/classes/assets/textures/bars/card_front_bars_effect04.png
11:24:29.749 [JavaFX Application Thread] WARN  LocalizationService  - name is not localized for language ENGLISH
11:24:29.751 [JavaFX Application Thread] WARN  LocalizationService  - release is not localized for language ENGLISH
11:24:29.751 [JavaFX Application Thread] WARN  LocalizationService  - statAttack is not localized for language ENGLISH
11:24:29.751 [JavaFX Application Thread] WARN  LocalizationService  - statDefense is not localized for language ENGLISH
11:24:29.752 [JavaFX Application Thread] WARN  LocalizationService  - statSpeed is not localized for language ENGLISH
11:24:29.752 [JavaFX Application Thread] WARN  LocalizationService  - statMagic is not localized for language ENGLISH
11:24:29.753 [JavaFX Application Thread] WARN  LocalizationService  - statHealth is not localized for language ENGLISH
11:24:29.753 [JavaFX Application Thread] WARN  LocalizationService  - statAttackRed is not localized for language ENGLISH
11:24:29.753 [JavaFX Application Thread] WARN  LocalizationService  - statDefenseRed is not localized for language ENGLISH
11:24:29.754 [JavaFX Application Thread] WARN  LocalizationService  - statSpeedRed is not localized for language ENGLISH
11:24:29.754 [JavaFX Application Thread] WARN  LocalizationService  - statMagicRed is not localized for language ENGLISH
11:24:29.754 [JavaFX Application Thread] WARN  LocalizationService  - statHealthRed is not localized for language ENGLISH
11:24:29.755 [JavaFX Application Thread] WARN  LocalizationService  - abilityName1 is not localized for language ENGLISH
11:24:29.755 [JavaFX Application Thread] WARN  LocalizationService  - ability1-desc is not localized for language ENGLISH
11:24:29.755 [JavaFX Application Thread] WARN  LocalizationService  - abilityValue1 is not localized for language ENGLISH
11:24:29.755 [JavaFX Application Thread] WARN  LocalizationService  - abilityName2 is not localized for language ENGLISH
11:24:29.755 [JavaFX Application Thread] WARN  LocalizationService  - ability2-desc is not localized for language ENGLISH
11:24:29.756 [JavaFX Application Thread] WARN  LocalizationService  - abilityValue2 is not localized for language ENGLISH
11:24:29.756 [JavaFX Application Thread] WARN  LocalizationService  - abilityName3 is not localized for language ENGLISH
11:24:29.756 [JavaFX Application Thread] WARN  LocalizationService  - ability3-desc is not localized for language ENGLISH
11:24:29.756 [JavaFX Application Thread] WARN  LocalizationService  - abilityValue3 is not localized for language ENGLISH
11:24:29.756 [JavaFX Application Thread] WARN  LocalizationService  - abilityName4 is not localized for language ENGLISH
11:24:29.757 [JavaFX Application Thread] WARN  LocalizationService  - ability4-desc is not localized for language ENGLISH
11:24:29.757 [JavaFX Application Thread] WARN  LocalizationService  - abilityValue4 is not localized for language ENGLISH
11:24:29.883 [FXGL Background Thread 3 ] DEBUG Engine               - Logging environment variables
11:24:29.883 [FXGL Background Thread 3 ] DEBUG Engine               - achievements: []
11:24:29.883 [FXGL Background Thread 3 ] DEBUG Engine               - actualHeight: 720.0
11:24:29.883 [FXGL Background Thread 3 ] DEBUG Engine               - actualHeightProperty: ReadOnlyDoubleProperty [value: 720.0]
11:24:29.883 [FXGL Background Thread 3 ] DEBUG Engine               - actualWidth: 1280.0
11:24:29.883 [FXGL Background Thread 3 ] DEBUG Engine               - actualWidthProperty: ReadOnlyDoubleProperty [value: 1280.0]
11:24:29.883 [FXGL Background Thread 3 ] DEBUG Engine               - appIcon: fxgl_icon.png
11:24:29.883 [FXGL Background Thread 3 ] DEBUG Engine               - applicationMode: DEVELOPER
11:24:29.884 [FXGL Background Thread 3 ] DEBUG Engine               - cSSList: [fxgl_dark.css]
11:24:29.884 [FXGL Background Thread 3 ] DEBUG Engine               - collisionDetectionStrategy: BRUTE_FORCE
11:24:29.884 [FXGL Background Thread 3 ] DEBUG Engine               - configClass: Optional.empty
11:24:29.884 [FXGL Background Thread 3 ] DEBUG Engine               - credits: []
11:24:29.884 [FXGL Background Thread 3 ] DEBUG Engine               - defaultCursor: CursorInfo(imageName=fxgl_default_cursor.png, hotspotX=7.0, hotspotY=6.0)
11:24:29.884 [FXGL Background Thread 3 ] DEBUG Engine               - devBBoxColorProperty: ObjectProperty [value: 0xff0000ff]
11:24:29.884 [FXGL Background Thread 3 ] DEBUG Engine               - devEnableDebugCameraProperty: BooleanProperty [value: false]
11:24:29.884 [FXGL Background Thread 3 ] DEBUG Engine               - devSensorColorProperty: ObjectProperty [value: 0xffff00ff]
11:24:29.884 [FXGL Background Thread 3 ] DEBUG Engine               - devShowBBoxProperty: BooleanProperty [value: false]
11:24:29.884 [FXGL Background Thread 3 ] DEBUG Engine               - devShowPositionProperty: BooleanProperty [value: false]
11:24:29.885 [FXGL Background Thread 3 ] DEBUG Engine               - enabledMenuItems: []
11:24:29.885 [FXGL Background Thread 3 ] DEBUG Engine               - engineServices: [class com.almasb.fxgl.app.services.FXGLAssetLoaderService, class com.almasb.fxgl.app.FXGLApplication$GameApplicationService, class com.almasb.fxgl.app.services.FXGLDialogService, class com.almasb.fxgl.app.services.IOTaskExecutorService, class com.almasb.fxgl.io.FileSystemService, class com.almasb.fxgl.localization.LocalizationService, class com.almasb.fxgl.app.services.SystemBundleService, class com.almasb.fxgl.profile.SaveLoadService, class com.almasb.fxgl.ui.FXGLUIFactoryServiceProvider, class com.almasb.fxgl.ui.FXGLDialogFactoryServiceProvider, class com.almasb.fxgl.audio.AudioPlayer, class com.almasb.fxgl.notification.impl.NotificationServiceProvider, class com.almasb.fxgl.achievement.AchievementService, class com.almasb.fxgl.cutscene.CutsceneService, class com.almasb.fxgl.minigames.MiniGameService, class com.almasb.fxgl.net.NetService, class com.almasb.fxgl.app.services.UpdaterService, class com.almasb.fxgl.dev.DevService]
11:24:29.885 [FXGL Background Thread 3 ] DEBUG Engine               - fontGame: Abel-Regular.ttf
11:24:29.885 [FXGL Background Thread 3 ] DEBUG Engine               - fontMono: TerminalLandMono-Regular.otf
11:24:29.885 [FXGL Background Thread 3 ] DEBUG Engine               - fontSizeScaleUI: 1.0
11:24:29.885 [FXGL Background Thread 3 ] DEBUG Engine               - fontText: Courier-Prime.ttf
11:24:29.885 [FXGL Background Thread 3 ] DEBUG Engine               - fontUI: VarelaRound-Regular.ttf
11:24:29.885 [FXGL Background Thread 3 ] DEBUG Engine               - fullScreen: BooleanProperty [value: false]
11:24:29.885 [FXGL Background Thread 3 ] DEBUG Engine               - gameDifficulty: MEDIUM
11:24:29.885 [FXGL Background Thread 3 ] DEBUG Engine               - gameDifficultyProperty: ObjectProperty [value: MEDIUM]
11:24:29.885 [FXGL Background Thread 3 ] DEBUG Engine               - globalMusicVolume: 0.5
11:24:29.886 [FXGL Background Thread 3 ] DEBUG Engine               - globalMusicVolumeProperty: DoubleProperty [value: 0.5]
11:24:29.886 [FXGL Background Thread 3 ] DEBUG Engine               - globalSoundVolume: 0.5
11:24:29.886 [FXGL Background Thread 3 ] DEBUG Engine               - globalSoundVolumeProperty: DoubleProperty [value: 0.5]
11:24:29.886 [FXGL Background Thread 3 ] DEBUG Engine               - height: 720
11:24:29.886 [FXGL Background Thread 3 ] DEBUG Engine               - is3D: false
11:24:29.886 [FXGL Background Thread 3 ] DEBUG Engine               - isAndroid: false
11:24:29.886 [FXGL Background Thread 3 ] DEBUG Engine               - isBrowser: false
11:24:29.886 [FXGL Background Thread 3 ] DEBUG Engine               - isClickFeedbackEnabled: false
11:24:29.886 [FXGL Background Thread 3 ] DEBUG Engine               - isCloseConfirmation: false
11:24:29.886 [FXGL Background Thread 3 ] DEBUG Engine               - isDesktop: true
11:24:29.886 [FXGL Background Thread 3 ] DEBUG Engine               - isDeveloperMenuEnabled: false
11:24:29.886 [FXGL Background Thread 3 ] DEBUG Engine               - isEmbedded: false
11:24:29.886 [FXGL Background Thread 3 ] DEBUG Engine               - isEntityPreloadEnabled: true
11:24:29.886 [FXGL Background Thread 3 ] DEBUG Engine               - isExperimentalTiledLargeMap: false
11:24:29.886 [FXGL Background Thread 3 ] DEBUG Engine               - isFileSystemWriteAllowed: true
11:24:29.887 [FXGL Background Thread 3 ] DEBUG Engine               - isFullScreenAllowed: false
11:24:29.887 [FXGL Background Thread 3 ] DEBUG Engine               - isFullScreenFromStart: false
11:24:29.887 [FXGL Background Thread 3 ] DEBUG Engine               - isGameMenuEnabled: true
11:24:29.887 [FXGL Background Thread 3 ] DEBUG Engine               - isIOS: false
11:24:29.887 [FXGL Background Thread 3 ] DEBUG Engine               - isIntroEnabled: false
11:24:29.887 [FXGL Background Thread 3 ] DEBUG Engine               - isLinux: false
11:24:29.887 [FXGL Background Thread 3 ] DEBUG Engine               - isMac: false
11:24:29.887 [FXGL Background Thread 3 ] DEBUG Engine               - isMainMenuEnabled: false
11:24:29.887 [FXGL Background Thread 3 ] DEBUG Engine               - isManualResizeEnabled: false
11:24:29.887 [FXGL Background Thread 3 ] DEBUG Engine               - isMobile: false
11:24:29.887 [FXGL Background Thread 3 ] DEBUG Engine               - isNative: false
11:24:29.887 [FXGL Background Thread 3 ] DEBUG Engine               - isPauseMusicWhenMinimized: true
11:24:29.887 [FXGL Background Thread 3 ] DEBUG Engine               - isPreserveResizeRatio: false
11:24:29.887 [FXGL Background Thread 3 ] DEBUG Engine               - isProfilingEnabled: false
11:24:29.888 [FXGL Background Thread 3 ] DEBUG Engine               - isScaleAffectedOnResize: true
11:24:29.888 [FXGL Background Thread 3 ] DEBUG Engine               - isSingleStep: false
11:24:29.888 [FXGL Background Thread 3 ] DEBUG Engine               - isUserProfileEnabled: false
11:24:29.888 [FXGL Background Thread 3 ] DEBUG Engine               - isWindows: true
11:24:29.888 [FXGL Background Thread 3 ] DEBUG Engine               - language: ObjectProperty [value: ENGLISH]
11:24:29.888 [FXGL Background Thread 3 ] DEBUG Engine               - menuKey: ESCAPE
11:24:29.888 [FXGL Background Thread 3 ] DEBUG Engine               - mouseSensitivity: 0.2
11:24:29.888 [FXGL Background Thread 3 ] DEBUG Engine               - notificationViewClass: class com.almasb.fxgl.notification.view.XboxNotificationView
11:24:29.888 [FXGL Background Thread 3 ] DEBUG Engine               - pixelsPerMeter: 50.0
11:24:29.888 [FXGL Background Thread 3 ] DEBUG Engine               - platform: WINDOWS
11:24:29.888 [FXGL Background Thread 3 ] DEBUG Engine               - prefHeightProperty: ReadOnlyDoubleProperty [value: 720.0]
11:24:29.888 [FXGL Background Thread 3 ] DEBUG Engine               - prefWidthProperty: ReadOnlyDoubleProperty [value: 1280.0]
11:24:29.888 [FXGL Background Thread 3 ] DEBUG Engine               - profileDir: profiles/
11:24:29.888 [FXGL Background Thread 3 ] DEBUG Engine               - profileName: StringProperty [value: DEFAULT]
11:24:29.888 [FXGL Background Thread 3 ] DEBUG Engine               - randomSeed: -1
11:24:29.889 [FXGL Background Thread 3 ] DEBUG Engine               - runtimeInfo: RuntimeInfo(platform=WINDOWS, version=21.1, build=27.03.2024 07.52)
11:24:29.889 [FXGL Background Thread 3 ] DEBUG Engine               - saveFileExt: sav
11:24:29.889 [FXGL Background Thread 3 ] DEBUG Engine               - scaledHeightProp$fxgl: DoubleProperty [bound, value: 720.0]
11:24:29.889 [FXGL Background Thread 3 ] DEBUG Engine               - scaledWidthProp$fxgl: DoubleProperty [bound, value: 1280.0]
11:24:29.889 [FXGL Background Thread 3 ] DEBUG Engine               - sceneFactory: com.almasb.fxgl.app.scene.SceneFactory@745c635c
11:24:29.889 [FXGL Background Thread 3 ] DEBUG Engine               - secondsIn24h: 60
11:24:29.889 [FXGL Background Thread 3 ] DEBUG Engine               - soundMenuBack: menu/back.wav
11:24:29.889 [FXGL Background Thread 3 ] DEBUG Engine               - soundMenuPress: menu/press.wav
11:24:29.889 [FXGL Background Thread 3 ] DEBUG Engine               - soundMenuSelect: menu/select.wav
11:24:29.889 [FXGL Background Thread 3 ] DEBUG Engine               - soundNotification: core/notification.wav
11:24:29.889 [FXGL Background Thread 3 ] DEBUG Engine               - stageStyle: DECORATED
11:24:29.889 [FXGL Background Thread 3 ] DEBUG Engine               - supportedLanguages: [ENGLISH, FRENCH, GERMAN, HUNGARIAN, RUSSIAN]
11:24:29.889 [FXGL Background Thread 3 ] DEBUG Engine               - ticksPerSecond: -1
11:24:29.889 [FXGL Background Thread 3 ] DEBUG Engine               - title: Myth Cards Client
11:24:29.889 [FXGL Background Thread 3 ] DEBUG Engine               - urlGithub: https://github.com/AlmasB/FXGL
11:24:29.889 [FXGL Background Thread 3 ] DEBUG Engine               - urlLeaderboard: http://fxgl-top.herokuapp.com/
11:24:29.889 [FXGL Background Thread 3 ] DEBUG Engine               - urlPOM: https://raw.githubusercontent.com/AlmasB/FXGL/release/README.md
11:24:29.889 [FXGL Background Thread 3 ] DEBUG Engine               - userAppClass: class client.ClientMain
11:24:29.889 [FXGL Background Thread 3 ] DEBUG Engine               - version: 0.0
11:24:29.890 [FXGL Background Thread 3 ] DEBUG Engine               - versionCheckDays: 7
11:24:29.890 [FXGL Background Thread 3 ] DEBUG Engine               - width: 1280
11:24:29.890 [FXGL Background Thread 3 ] DEBUG Engine               - Logging services
11:24:29.890 [FXGL Background Thread 3 ] DEBUG Engine               - class com.almasb.fxgl.app.services.FXGLAssetLoaderService
11:24:29.890 [FXGL Background Thread 3 ] DEBUG Engine               - class com.almasb.fxgl.app.FXGLApplication$GameApplicationService
11:24:29.890 [FXGL Background Thread 3 ] DEBUG Engine               - class com.almasb.fxgl.app.services.FXGLDialogService
11:24:29.890 [FXGL Background Thread 3 ] DEBUG Engine               - class com.almasb.fxgl.app.services.IOTaskExecutorService
11:24:29.890 [FXGL Background Thread 3 ] DEBUG Engine               - class com.almasb.fxgl.io.FileSystemService
11:24:29.890 [FXGL Background Thread 3 ] DEBUG Engine               - class com.almasb.fxgl.localization.LocalizationService
11:24:29.890 [FXGL Background Thread 3 ] DEBUG Engine               - class com.almasb.fxgl.app.services.SystemBundleService
11:24:29.890 [FXGL Background Thread 3 ] DEBUG Engine               - class com.almasb.fxgl.profile.SaveLoadService
11:24:29.890 [FXGL Background Thread 3 ] DEBUG Engine               - class com.almasb.fxgl.ui.FXGLUIFactoryServiceProvider
11:24:29.890 [FXGL Background Thread 3 ] DEBUG Engine               - class com.almasb.fxgl.ui.FXGLDialogFactoryServiceProvider
11:24:29.890 [FXGL Background Thread 3 ] DEBUG Engine               - class com.almasb.fxgl.audio.AudioPlayer
11:24:29.890 [FXGL Background Thread 3 ] DEBUG Engine               - class com.almasb.fxgl.notification.impl.NotificationServiceProvider
11:24:29.890 [FXGL Background Thread 3 ] DEBUG Engine               - class com.almasb.fxgl.achievement.AchievementService
11:24:29.890 [FXGL Background Thread 3 ] DEBUG Engine               - class com.almasb.fxgl.cutscene.CutsceneService
11:24:29.890 [FXGL Background Thread 3 ] DEBUG Engine               - class com.almasb.fxgl.minigames.MiniGameService
11:24:29.890 [FXGL Background Thread 3 ] DEBUG Engine               - class com.almasb.fxgl.net.NetService
11:24:29.890 [FXGL Background Thread 3 ] DEBUG Engine               - class com.almasb.fxgl.app.services.UpdaterService
11:24:29.890 [FXGL Background Thread 3 ] DEBUG Engine               - class com.almasb.fxgl.dev.DevService
11:24:32.521 [JavaFX Application Thread] DEBUG FXGLApplication      - Exiting FXGL
11:24:32.522 [JavaFX Application Thread] DEBUG LoopRunner           - Stopping loop
11:24:32.522 [JavaFX Application Thread] DEBUG SystemBundleService  - Saving FXGL system data
11:24:32.532 [JavaFX Application Thread] DEBUG FileSystemAccess     - Writing to: C:\Users\Mark Wachtel\git\mythcards-game\mythcardsgame\client\system\fxgl.bundle
11:24:32.540 [JavaFX Application Thread] DEBUG Async                - Shutting down background threads
11:24:32.541 [JavaFX Application Thread] DEBUG PrimaryStageWindow   - Closing main window
11:24:32.582 [JavaFX Application Thread] DEBUG Logger               - Closing Logger
