17:28:44.585 [main                     ] DEBUG Logger               - Configured Logger
17:28:44.591 [main                     ] DEBUG GameApplication      - Logging settings
Title: Myth Cards Client
Version: 0.0
Width: 1280
Height: 720
Fullscreen: false
Intro: false
Profiling: false
Single step:false
App Mode: DEVELOPER
Menu Key: ESCAPE
Stage Style: DECORATED
Scene Factory: class com.almasb.fxgl.app.scene.SceneFactory

17:28:44.996 [JavaFX Application Thread] DEBUG FXGLApplication      - Initializing FXGL
17:28:44.999 [JavaFX Application Thread] INFO  Engine               - FXGL-21.1 (27.03.2024 07.52) on WINDOWS (J:24 FX:21)
17:28:44.999 [JavaFX Application Thread] DEBUG Engine               - JRE Vendor Name: Oracle Corporation
17:28:44.999 [JavaFX Application Thread] DEBUG Engine               - Running on OS: Windows 11 version 10.0
17:28:44.999 [JavaFX Application Thread] DEBUG Engine               - Architecture: amd64
17:28:45.000 [JavaFX Application Thread] INFO  Engine               - Source code and latest versions at: https://github.com/AlmasB/FXGL
17:28:45.000 [JavaFX Application Thread] INFO  Engine               -       Ask questions and discuss at: https://github.com/AlmasB/FXGL/discussions
17:28:45.000 [JavaFX Application Thread] INFO  Engine               -              Join the FXGL chat at: https://gitter.im/AlmasB/FXGL
17:28:45.147 [JavaFX Application Thread] DEBUG PrimaryStageWindow   - Creating a JavaFX scene
17:28:45.206 [JavaFX Application Thread] DEBUG PrimaryStageWindow   - Target settings size: 1280.0 x 720.0
17:28:45.206 [JavaFX Application Thread] DEBUG PrimaryStageWindow   - Scaled scene size:    1280.0 x 720.0
17:28:45.206 [JavaFX Application Thread] DEBUG PrimaryStageWindow   - Scaled ratio: (1.0, 1.0)
17:28:45.209 [JavaFX Application Thread] DEBUG PrimaryStageWindow   - Set initial scene to FXGLStartupScene
17:28:45.217 [JavaFX Application Thread] DEBUG PrimaryStageWindow   - Opening main window
17:28:45.372 [JavaFX Application Thread] DEBUG PrimaryStageWindow   - Window border size: (16.0, 39.0)
17:28:45.372 [JavaFX Application Thread] DEBUG PrimaryStageWindow   - Scaled size: 1280.0 x 720.0
17:28:45.372 [JavaFX Application Thread] DEBUG PrimaryStageWindow   - Scaled ratio: (1.0, 1.0)
17:28:45.373 [JavaFX Application Thread] DEBUG PrimaryStageWindow   - Scene size: 1280.0 x 720.0
17:28:45.373 [JavaFX Application Thread] DEBUG PrimaryStageWindow   - Stage size: 1296.0 x 759.0
17:28:45.386 [FXGL Background Thread 1 ] DEBUG Engine               - Initializing environment variables
17:28:45.493 [FXGL Background Thread 1 ] DEBUG FXGLAssetLoaderServi - User app class for loading assets: class client.ClientMain
17:28:45.493 [FXGL Background Thread 1 ] DEBUG GameApplicationServi - Applying CSS: fxgl_dark.css
17:28:45.494 [FXGL Background Thread 1 ] DEBUG FXGLAssetLoaderServi - Loading from file system: jar:file:/C:/Users/Mark%20Wachtel/.m2/repository/com/github/almasb/fxgl/21.1/fxgl-21.1.jar!/fxglassets/ui/css/fxgl_dark.css
17:28:45.564 [FXGL Background Thread 1 ] DEBUG GameApplicationServi - Initializing application scenes
17:28:45.657 [FXGL Background Thread 1 ] DEBUG GameWorld            - Game world initialized
17:28:45.771 [FXGL Background Thread 1 ] DEBUG PhysicsWorld         - Physics world initialized: appHeight=720, physics.ppm=50,0
17:28:45.772 [FXGL Background Thread 1 ] DEBUG PhysicsWorld         - Using strategy: BRUTE_FORCE
17:28:45.776 [FXGL Background Thread 1 ] DEBUG GameScene            - Game scene initialized: 1280x720
17:28:45.814 [FXGL Background Thread 1 ] DEBUG FXGL.DefaultMenu     - createMenuBodyGameMenu()
17:28:45.854 [FXGL Background Thread 1 ] DEBUG FXGL.DefaultMenu     - createOptionsMenu()
17:28:45.885 [FXGL Background Thread 1 ] DEBUG FXGLAssetLoaderServi - Loading from file system: jar:file:/C:/Users/Mark%20Wachtel/.m2/repository/com/github/almasb/fxgl/21.1/fxgl-21.1.jar!/fxglassets/textures/particles/smoke.png
17:28:46.104 [FXGL Background Thread 1 ] DEBUG FXGLAssetLoaderServi - Loading from file system: jar:file:/C:/Users/Mark%20Wachtel/.m2/repository/com/github/almasb/fxgl/21.1/fxgl-21.1.jar!/fxglassets/textures/particles/trace_horizontal.png
17:28:46.155 [FXGL Background Thread 1 ] DEBUG GameApplicationServi - Application scenes initialized
17:28:46.174 [FXGL Background Thread 1 ] DEBUG SystemBundleService  - Loading FXGL system data
17:28:46.183 [FXGL Background Thread 1 ] DEBUG FileSystemAccess     - Reading from: C:\Users\Mark Wachtel\git\mythcards-game\mythcardsgame\client\system\fxgl.bundle
17:28:46.193 [FXGL Background Thread 1 ] DEBUG SystemBundleService  - Bundle FXGL: {}
17:28:46.193 [FXGL Background Thread 1 ] DEBUG UpdaterService       - Checking for updates
17:28:46.201 [FXGL Background Thread 4 ] DEBUG FXGLApplication      - Loading fonts
17:28:46.201 [FXGL Background Thread 4 ] DEBUG FXGLAssetLoaderServi - Loading from file system: jar:file:/C:/Users/Mark%20Wachtel/.m2/repository/com/github/almasb/fxgl/21.1/fxgl-21.1.jar!/fxglassets/ui/fonts/VarelaRound-Regular.ttf
17:28:46.203 [FXGL Background Thread 1 ] DEBUG FXGLApplication      - Loading default localization
17:28:46.204 [FXGL Background Thread 1 ] DEBUG FXGLAssetLoaderServi - Loading from file system: jar:file:/C:/Users/Mark%20Wachtel/.m2/repository/com/github/almasb/fxgl/21.1/fxgl-21.1.jar!/fxglassets/languages/english.lang
17:28:46.240 [FXGL Background Thread 4 ] DEBUG FXGLAssetLoaderServi - Loading from file system: jar:file:/C:/Users/Mark%20Wachtel/.m2/repository/com/github/almasb/fxgl/21.1/fxgl-21.1.jar!/fxglassets/ui/fonts/Abel-Regular.ttf
17:28:46.259 [FXGL Background Thread 4 ] DEBUG FXGLAssetLoaderServi - Loading from file system: jar:file:/C:/Users/Mark%20Wachtel/.m2/repository/com/github/almasb/fxgl/21.1/fxgl-21.1.jar!/fxglassets/ui/fonts/TerminalLandMono-Regular.otf
17:28:46.277 [FXGL Background Thread 4 ] DEBUG FXGLAssetLoaderServi - Loading from file system: jar:file:/C:/Users/Mark%20Wachtel/.m2/repository/com/github/almasb/fxgl/21.1/fxgl-21.1.jar!/fxglassets/ui/fonts/Courier-Prime.ttf
17:28:46.285 [FXGL Background Thread 1 ] INFO  FXGLApplication      - FXGL initialization took: 0,898 sec
17:28:46.287 [JavaFX Application Thread] DEBUG FXGLAssetLoaderServi - Loading from file system: jar:file:/C:/Users/Mark%20Wachtel/.m2/repository/com/github/almasb/fxgl/21.1/fxgl-21.1.jar!/fxglassets/textures/fxgl_icon.png
17:28:46.321 [JavaFX Application Thread] DEBUG FXGLAssetLoaderServi - Loading from file system: jar:file:/C:/Users/Mark%20Wachtel/.m2/repository/com/github/almasb/fxgl/21.1/fxgl-21.1.jar!/fxglassets/textures/fxgl_default_cursor.png
17:28:46.349 [JavaFX Application Thread] DEBUG Input                - Registered new binding: Screenshot - CTRL+8
17:28:46.350 [JavaFX Application Thread] DEBUG Input                - Registered new binding: System info dump - CTRL+9
17:28:46.352 [JavaFX Application Thread] DEBUG Input                - Registered new binding: Restart - CTRL+R
17:28:46.354 [JavaFX Application Thread] DEBUG Input                - Registered new binding: Toggle Debug Camera - CTRL+7
17:28:46.365 [JavaFX Application Thread] DEBUG LoopRunner           - Starting loop
17:28:46.365 [JavaFX Application Thread] DEBUG LoopRunner           - Initializing JavaFX AnimationTimerLoop
17:28:46.370 [JavaFX Application Thread] DEBUG GameApplicationServi - Starting new game
17:28:46.371 [JavaFX Application Thread] DEBUG Input                - Clearing active input actions
17:28:46.397 [JavaFX Application Thread] DEBUG GameApplicationServi - Removing overlay from FXGLStartupScene and adding to FXGLLoadingScene
17:28:46.398 [JavaFX Application Thread] DEBUG PrimaryStageWindow   - FXGLStartupScene -> FXGLLoadingScene
17:28:46.398 [JavaFX Application Thread] DEBUG GameApplicationServi - Clearing previous game
17:28:46.398 [JavaFX Application Thread] DEBUG GameScene            - Clearing game scene
17:28:46.398 [JavaFX Application Thread] DEBUG GameWorld            - Clearing game world
17:28:46.398 [JavaFX Application Thread] DEBUG PhysicsWorld         - Clearing physics world
17:28:46.402 [FXGL Background Thread 4 ] DEBUG FXGLApplication      - Initializing game
17:28:46.404 [JavaFX Application Thread] DEBUG FXGLApplication      - Registering font factories with UI factory
17:28:46.617 [FXGL Background Thread 4 ] INFO  FXGLApplication      - Game initialization took: 0,215 sec
17:28:46.676 [JavaFX Application Thread] DEBUG Input                - Clearing active input actions
17:28:46.688 [JavaFX Application Thread] DEBUG GameApplicationServi - Removing overlay from FXGLLoadingScene and adding to GameScene
17:28:46.688 [JavaFX Application Thread] DEBUG PrimaryStageWindow   - FXGLLoadingScene -> GameScene
17:28:48.562 [JavaFX Application Thread] WARN  FXGLAssetLoaderServi - Asset "/assets/ui/css/styles/card.css" was not found!
17:28:48.563 [JavaFX Application Thread] WARN  FXGLAssetLoaderServi - Failed to load CSS
17:28:48.563 [JavaFX Application Thread] DEBUG FXGLAssetLoaderServi - Loading from file system: file:/C:/Users/Mark%20Wachtel/git/mythcards-game/mythcardsgame/client/target/classes/assets/textures/bg/card_front_water.png
17:28:48.599 [JavaFX Application Thread] DEBUG FXGLAssetLoaderServi - Loading from file system: file:/C:/Users/Mark%20Wachtel/git/mythcards-game/mythcardsgame/client/target/classes/assets/textures/monsters/water_dragon.png
17:28:48.652 [JavaFX Application Thread] DEBUG FXGLAssetLoaderServi - Loading from file system: file:/C:/Users/Mark%20Wachtel/git/mythcards-game/mythcardsgame/client/target/classes/assets/textures/bars/card_front_bars_effect05.png
17:28:48.658 [JavaFX Application Thread] DEBUG FXGLAssetLoaderServi - Loading from file system: file:/C:/Users/Mark%20Wachtel/git/mythcards-game/mythcardsgame/client/target/classes/assets/textures/bars/card_front_bars_effect01.png
17:28:48.667 [JavaFX Application Thread] DEBUG FXGLAssetLoaderServi - Loading from file system: file:/C:/Users/Mark%20Wachtel/git/mythcards-game/mythcardsgame/client/target/classes/assets/textures/bg/game_logo.png
17:28:49.198 [FXGL Background Thread 3 ] DEBUG Engine               - Logging environment variables
17:28:49.200 [FXGL Background Thread 3 ] DEBUG Engine               - achievements: []
17:28:49.200 [FXGL Background Thread 3 ] DEBUG Engine               - actualHeight: 720.0
17:28:49.201 [FXGL Background Thread 3 ] DEBUG Engine               - actualHeightProperty: ReadOnlyDoubleProperty [value: 720.0]
17:28:49.202 [FXGL Background Thread 3 ] DEBUG Engine               - actualWidth: 1280.0
17:28:49.202 [FXGL Background Thread 3 ] DEBUG Engine               - actualWidthProperty: ReadOnlyDoubleProperty [value: 1280.0]
17:28:49.203 [FXGL Background Thread 3 ] DEBUG Engine               - appIcon: fxgl_icon.png
17:28:49.203 [FXGL Background Thread 3 ] DEBUG Engine               - applicationMode: DEVELOPER
17:28:49.204 [FXGL Background Thread 3 ] DEBUG Engine               - cSSList: [fxgl_dark.css]
17:28:49.204 [FXGL Background Thread 3 ] DEBUG Engine               - collisionDetectionStrategy: BRUTE_FORCE
17:28:49.205 [FXGL Background Thread 3 ] DEBUG Engine               - configClass: Optional.empty
17:28:49.205 [FXGL Background Thread 3 ] DEBUG Engine               - credits: []
17:28:49.206 [FXGL Background Thread 3 ] DEBUG Engine               - defaultCursor: CursorInfo(imageName=fxgl_default_cursor.png, hotspotX=7.0, hotspotY=6.0)
17:28:49.207 [FXGL Background Thread 3 ] DEBUG Engine               - devBBoxColorProperty: ObjectProperty [value: 0xff0000ff]
17:28:49.207 [FXGL Background Thread 3 ] DEBUG Engine               - devEnableDebugCameraProperty: BooleanProperty [value: false]
17:28:49.208 [FXGL Background Thread 3 ] DEBUG Engine               - devSensorColorProperty: ObjectProperty [value: 0xffff00ff]
17:28:49.208 [FXGL Background Thread 3 ] DEBUG Engine               - devShowBBoxProperty: BooleanProperty [value: false]
17:28:49.208 [FXGL Background Thread 3 ] DEBUG Engine               - devShowPositionProperty: BooleanProperty [value: false]
17:28:49.208 [FXGL Background Thread 3 ] DEBUG Engine               - enabledMenuItems: []
17:28:49.209 [FXGL Background Thread 3 ] DEBUG Engine               - engineServices: [class com.almasb.fxgl.app.services.FXGLAssetLoaderService, class com.almasb.fxgl.app.FXGLApplication$GameApplicationService, class com.almasb.fxgl.app.services.FXGLDialogService, class com.almasb.fxgl.app.services.IOTaskExecutorService, class com.almasb.fxgl.io.FileSystemService, class com.almasb.fxgl.localization.LocalizationService, class com.almasb.fxgl.app.services.SystemBundleService, class com.almasb.fxgl.profile.SaveLoadService, class com.almasb.fxgl.ui.FXGLUIFactoryServiceProvider, class com.almasb.fxgl.ui.FXGLDialogFactoryServiceProvider, class com.almasb.fxgl.audio.AudioPlayer, class com.almasb.fxgl.notification.impl.NotificationServiceProvider, class com.almasb.fxgl.achievement.AchievementService, class com.almasb.fxgl.cutscene.CutsceneService, class com.almasb.fxgl.minigames.MiniGameService, class com.almasb.fxgl.net.NetService, class com.almasb.fxgl.app.services.UpdaterService, class com.almasb.fxgl.dev.DevService]
17:28:49.209 [FXGL Background Thread 3 ] DEBUG Engine               - fontGame: Abel-Regular.ttf
17:28:49.209 [FXGL Background Thread 3 ] DEBUG Engine               - fontMono: TerminalLandMono-Regular.otf
17:28:49.209 [FXGL Background Thread 3 ] DEBUG Engine               - fontSizeScaleUI: 1.0
17:28:49.209 [FXGL Background Thread 3 ] DEBUG Engine               - fontText: Courier-Prime.ttf
17:28:49.210 [FXGL Background Thread 3 ] DEBUG Engine               - fontUI: VarelaRound-Regular.ttf
17:28:49.210 [FXGL Background Thread 3 ] DEBUG Engine               - fullScreen: BooleanProperty [value: false]
17:28:49.210 [FXGL Background Thread 3 ] DEBUG Engine               - gameDifficulty: MEDIUM
17:28:49.210 [FXGL Background Thread 3 ] DEBUG Engine               - gameDifficultyProperty: ObjectProperty [value: MEDIUM]
17:28:49.211 [FXGL Background Thread 3 ] DEBUG Engine               - globalMusicVolume: 0.5
17:28:49.212 [FXGL Background Thread 3 ] DEBUG Engine               - globalMusicVolumeProperty: DoubleProperty [value: 0.5]
17:28:49.212 [FXGL Background Thread 3 ] DEBUG Engine               - globalSoundVolume: 0.5
17:28:49.213 [FXGL Background Thread 3 ] DEBUG Engine               - globalSoundVolumeProperty: DoubleProperty [value: 0.5]
17:28:49.213 [FXGL Background Thread 3 ] DEBUG Engine               - height: 720
17:28:49.214 [FXGL Background Thread 3 ] DEBUG Engine               - is3D: false
17:28:49.215 [FXGL Background Thread 3 ] DEBUG Engine               - isAndroid: false
17:28:49.215 [FXGL Background Thread 3 ] DEBUG Engine               - isBrowser: false
17:28:49.216 [FXGL Background Thread 3 ] DEBUG Engine               - isClickFeedbackEnabled: false
17:28:49.216 [FXGL Background Thread 3 ] DEBUG Engine               - isCloseConfirmation: false
17:28:49.216 [FXGL Background Thread 3 ] DEBUG Engine               - isDesktop: true
17:28:49.217 [FXGL Background Thread 3 ] DEBUG Engine               - isDeveloperMenuEnabled: false
17:28:49.217 [FXGL Background Thread 3 ] DEBUG Engine               - isEmbedded: false
17:28:49.217 [FXGL Background Thread 3 ] DEBUG Engine               - isEntityPreloadEnabled: true
17:28:49.218 [FXGL Background Thread 3 ] DEBUG Engine               - isExperimentalTiledLargeMap: false
17:28:49.218 [FXGL Background Thread 3 ] DEBUG Engine               - isFileSystemWriteAllowed: true
17:28:49.218 [FXGL Background Thread 3 ] DEBUG Engine               - isFullScreenAllowed: false
17:28:49.219 [FXGL Background Thread 3 ] DEBUG Engine               - isFullScreenFromStart: false
17:28:49.219 [FXGL Background Thread 3 ] DEBUG Engine               - isGameMenuEnabled: true
17:28:49.219 [FXGL Background Thread 3 ] DEBUG Engine               - isIOS: false
17:28:49.219 [FXGL Background Thread 3 ] DEBUG Engine               - isIntroEnabled: false
17:28:49.220 [FXGL Background Thread 3 ] DEBUG Engine               - isLinux: false
17:28:49.220 [FXGL Background Thread 3 ] DEBUG Engine               - isMac: false
17:28:49.220 [FXGL Background Thread 3 ] DEBUG Engine               - isMainMenuEnabled: false
17:28:49.220 [FXGL Background Thread 3 ] DEBUG Engine               - isManualResizeEnabled: false
17:28:49.221 [FXGL Background Thread 3 ] DEBUG Engine               - isMobile: false
17:28:49.221 [FXGL Background Thread 3 ] DEBUG Engine               - isNative: false
17:28:49.221 [FXGL Background Thread 3 ] DEBUG Engine               - isPauseMusicWhenMinimized: true
17:28:49.221 [FXGL Background Thread 3 ] DEBUG Engine               - isPreserveResizeRatio: false
17:28:49.221 [FXGL Background Thread 3 ] DEBUG Engine               - isProfilingEnabled: false
17:28:49.221 [FXGL Background Thread 3 ] DEBUG Engine               - isScaleAffectedOnResize: true
17:28:49.221 [FXGL Background Thread 3 ] DEBUG Engine               - isSingleStep: false
17:28:49.222 [FXGL Background Thread 3 ] DEBUG Engine               - isUserProfileEnabled: false
17:28:49.222 [FXGL Background Thread 3 ] DEBUG Engine               - isWindows: true
17:28:49.222 [FXGL Background Thread 3 ] DEBUG Engine               - language: ObjectProperty [value: ENGLISH]
17:28:49.222 [FXGL Background Thread 3 ] DEBUG Engine               - menuKey: ESCAPE
17:28:49.222 [FXGL Background Thread 3 ] DEBUG Engine               - mouseSensitivity: 0.2
17:28:49.222 [FXGL Background Thread 3 ] DEBUG Engine               - notificationViewClass: class com.almasb.fxgl.notification.view.XboxNotificationView
17:28:49.223 [FXGL Background Thread 3 ] DEBUG Engine               - pixelsPerMeter: 50.0
17:28:49.223 [FXGL Background Thread 3 ] DEBUG Engine               - platform: WINDOWS
17:28:49.223 [FXGL Background Thread 3 ] DEBUG Engine               - prefHeightProperty: ReadOnlyDoubleProperty [value: 720.0]
17:28:49.223 [FXGL Background Thread 3 ] DEBUG Engine               - prefWidthProperty: ReadOnlyDoubleProperty [value: 1280.0]
17:28:49.223 [FXGL Background Thread 3 ] DEBUG Engine               - profileDir: profiles/
17:28:49.224 [FXGL Background Thread 3 ] DEBUG Engine               - profileName: StringProperty [value: DEFAULT]
17:28:49.224 [FXGL Background Thread 3 ] DEBUG Engine               - randomSeed: -1
17:28:49.225 [FXGL Background Thread 3 ] DEBUG Engine               - runtimeInfo: RuntimeInfo(platform=WINDOWS, version=21.1, build=27.03.2024 07.52)
17:28:49.225 [FXGL Background Thread 3 ] DEBUG Engine               - saveFileExt: sav
17:28:49.225 [FXGL Background Thread 3 ] DEBUG Engine               - scaledHeightProp$fxgl: DoubleProperty [bound, value: 720.0]
17:28:49.225 [FXGL Background Thread 3 ] DEBUG Engine               - scaledWidthProp$fxgl: DoubleProperty [bound, value: 1280.0]
17:28:49.226 [FXGL Background Thread 3 ] DEBUG Engine               - sceneFactory: com.almasb.fxgl.app.scene.SceneFactory@79b881c6
17:28:49.226 [FXGL Background Thread 3 ] DEBUG Engine               - secondsIn24h: 60
17:28:49.226 [FXGL Background Thread 3 ] DEBUG Engine               - soundMenuBack: menu/back.wav
17:28:49.226 [FXGL Background Thread 3 ] DEBUG Engine               - soundMenuPress: menu/press.wav
17:28:49.226 [FXGL Background Thread 3 ] DEBUG Engine               - soundMenuSelect: menu/select.wav
17:28:49.227 [FXGL Background Thread 3 ] DEBUG Engine               - soundNotification: core/notification.wav
17:28:49.227 [FXGL Background Thread 3 ] DEBUG Engine               - stageStyle: DECORATED
17:28:49.227 [FXGL Background Thread 3 ] DEBUG Engine               - supportedLanguages: [ENGLISH, FRENCH, GERMAN, HUNGARIAN, RUSSIAN]
17:28:49.228 [FXGL Background Thread 3 ] DEBUG Engine               - ticksPerSecond: -1
17:28:49.228 [FXGL Background Thread 3 ] DEBUG Engine               - title: Myth Cards Client
17:28:49.228 [FXGL Background Thread 3 ] DEBUG Engine               - urlGithub: https://github.com/AlmasB/FXGL
17:28:49.228 [FXGL Background Thread 3 ] DEBUG Engine               - urlLeaderboard: http://fxgl-top.herokuapp.com/
17:28:49.228 [FXGL Background Thread 3 ] DEBUG Engine               - urlPOM: https://raw.githubusercontent.com/AlmasB/FXGL/release/README.md
17:28:49.228 [FXGL Background Thread 3 ] DEBUG Engine               - userAppClass: class client.ClientMain
17:28:49.229 [FXGL Background Thread 3 ] DEBUG Engine               - version: 0.0
17:28:49.230 [FXGL Background Thread 3 ] DEBUG Engine               - versionCheckDays: 7
17:28:49.230 [FXGL Background Thread 3 ] DEBUG Engine               - width: 1280
17:28:49.231 [FXGL Background Thread 3 ] DEBUG Engine               - Logging services
17:28:49.231 [FXGL Background Thread 3 ] DEBUG Engine               - class com.almasb.fxgl.app.services.FXGLAssetLoaderService
17:28:49.231 [FXGL Background Thread 3 ] DEBUG Engine               - class com.almasb.fxgl.app.FXGLApplication$GameApplicationService
17:28:49.232 [FXGL Background Thread 3 ] DEBUG Engine               - class com.almasb.fxgl.app.services.FXGLDialogService
17:28:49.232 [FXGL Background Thread 3 ] DEBUG Engine               - class com.almasb.fxgl.app.services.IOTaskExecutorService
17:28:49.232 [FXGL Background Thread 3 ] DEBUG Engine               - class com.almasb.fxgl.io.FileSystemService
17:28:49.233 [FXGL Background Thread 3 ] DEBUG Engine               - class com.almasb.fxgl.localization.LocalizationService
17:28:49.233 [FXGL Background Thread 3 ] DEBUG Engine               - class com.almasb.fxgl.app.services.SystemBundleService
17:28:49.233 [FXGL Background Thread 3 ] DEBUG Engine               - class com.almasb.fxgl.profile.SaveLoadService
17:28:49.234 [FXGL Background Thread 3 ] DEBUG Engine               - class com.almasb.fxgl.ui.FXGLUIFactoryServiceProvider
17:28:49.234 [FXGL Background Thread 3 ] DEBUG Engine               - class com.almasb.fxgl.ui.FXGLDialogFactoryServiceProvider
17:28:49.234 [FXGL Background Thread 3 ] DEBUG Engine               - class com.almasb.fxgl.audio.AudioPlayer
17:28:49.235 [FXGL Background Thread 3 ] DEBUG Engine               - class com.almasb.fxgl.notification.impl.NotificationServiceProvider
17:28:49.235 [FXGL Background Thread 3 ] DEBUG Engine               - class com.almasb.fxgl.achievement.AchievementService
17:28:49.235 [FXGL Background Thread 3 ] DEBUG Engine               - class com.almasb.fxgl.cutscene.CutsceneService
17:28:49.236 [FXGL Background Thread 3 ] DEBUG Engine               - class com.almasb.fxgl.minigames.MiniGameService
17:28:49.236 [FXGL Background Thread 3 ] DEBUG Engine               - class com.almasb.fxgl.net.NetService
17:28:49.236 [FXGL Background Thread 3 ] DEBUG Engine               - class com.almasb.fxgl.app.services.UpdaterService
17:28:49.236 [FXGL Background Thread 3 ] DEBUG Engine               - class com.almasb.fxgl.dev.DevService
17:29:11.069 [JavaFX Application Thread] DEBUG FXGLApplication      - Exiting FXGL
17:29:11.069 [JavaFX Application Thread] DEBUG LoopRunner           - Stopping loop
17:29:11.069 [JavaFX Application Thread] DEBUG SystemBundleService  - Saving FXGL system data
17:29:11.073 [JavaFX Application Thread] DEBUG FileSystemAccess     - Writing to: C:\Users\Mark Wachtel\git\mythcards-game\mythcardsgame\client\system\fxgl.bundle
17:29:11.077 [JavaFX Application Thread] DEBUG Async                - Shutting down background threads
17:29:11.077 [JavaFX Application Thread] DEBUG PrimaryStageWindow   - Closing main window
17:29:11.122 [JavaFX Application Thread] DEBUG Logger               - Closing Logger
