10:52:51.547 [main                     ] DEBUG Logger               - Configured Logger
10:52:51.556 [main                     ] DEBUG GameApplication      - Logging settings
Title: Myth Cards Client
Version: 0.0
Width: 1280
Height: 720
Fullscreen: false
Intro: false
Profiling: false
Single step:false
App Mode: DEVELOPER
Menu Key: ESCAPE
Stage Style: DECORATED
Scene Factory: class com.almasb.fxgl.app.scene.SceneFactory

10:52:51.965 [JavaFX Application Thread] DEBUG FXGLApplication      - Initializing FXGL
10:52:51.968 [JavaFX Application Thread] INFO  Engine               - FXGL-21.1 (27.03.2024 07.52) on WINDOWS (J:24 FX:21)
10:52:51.968 [JavaFX Application Thread] DEBUG Engine               - JRE Vendor Name: Oracle Corporation
10:52:51.969 [JavaFX Application Thread] DEBUG Engine               - Running on OS: Windows 11 version 10.0
10:52:51.969 [JavaFX Application Thread] DEBUG Engine               - Architecture: amd64
10:52:51.969 [JavaFX Application Thread] INFO  Engine               - Source code and latest versions at: https://github.com/AlmasB/FXGL
10:52:51.969 [JavaFX Application Thread] INFO  Engine               -       Ask questions and discuss at: https://github.com/AlmasB/FXGL/discussions
10:52:51.969 [JavaFX Application Thread] INFO  Engine               -              Join the FXGL chat at: https://gitter.im/AlmasB/FXGL
10:52:52.110 [JavaFX Application Thread] DEBUG PrimaryStageWindow   - Creating a JavaFX scene
10:52:52.166 [JavaFX Application Thread] DEBUG PrimaryStageWindow   - Target settings size: 1280.0 x 720.0
10:52:52.166 [JavaFX Application Thread] DEBUG PrimaryStageWindow   - Scaled scene size:    1280.0 x 720.0
10:52:52.166 [JavaFX Application Thread] DEBUG PrimaryStageWindow   - Scaled ratio: (1.0, 1.0)
10:52:52.168 [JavaFX Application Thread] DEBUG PrimaryStageWindow   - Set initial scene to FXGLStartupScene
10:52:52.172 [JavaFX Application Thread] DEBUG PrimaryStageWindow   - Opening main window
10:52:52.312 [JavaFX Application Thread] DEBUG PrimaryStageWindow   - Window border size: (16.0, 39.0)
10:52:52.312 [JavaFX Application Thread] DEBUG PrimaryStageWindow   - Scaled size: 1280.0 x 720.0
10:52:52.312 [JavaFX Application Thread] DEBUG PrimaryStageWindow   - Scaled ratio: (1.0, 1.0)
10:52:52.313 [JavaFX Application Thread] DEBUG PrimaryStageWindow   - Scene size: 1280.0 x 720.0
10:52:52.313 [JavaFX Application Thread] DEBUG PrimaryStageWindow   - Stage size: 1296.0 x 759.0
10:52:52.322 [FXGL Background Thread 1 ] DEBUG Engine               - Initializing environment variables
10:52:52.435 [FXGL Background Thread 1 ] DEBUG FXGLAssetLoaderServi - User app class for loading assets: class client.ClientMain
10:52:52.435 [FXGL Background Thread 1 ] DEBUG GameApplicationServi - Applying CSS: fxgl_dark.css
10:52:52.436 [FXGL Background Thread 1 ] DEBUG FXGLAssetLoaderServi - Loading from file system: jar:file:/C:/Users/Mark%20Wachtel/.m2/repository/com/github/almasb/fxgl/21.1/fxgl-21.1.jar!/fxglassets/ui/css/fxgl_dark.css
10:52:52.504 [FXGL Background Thread 1 ] DEBUG GameApplicationServi - Initializing application scenes
10:52:52.585 [FXGL Background Thread 1 ] DEBUG GameWorld            - Game world initialized
10:52:52.687 [FXGL Background Thread 1 ] DEBUG PhysicsWorld         - Physics world initialized: appHeight=720, physics.ppm=50,0
10:52:52.687 [FXGL Background Thread 1 ] DEBUG PhysicsWorld         - Using strategy: BRUTE_FORCE
10:52:52.694 [FXGL Background Thread 1 ] DEBUG GameScene            - Game scene initialized: 1280x720
10:52:52.728 [FXGL Background Thread 1 ] DEBUG FXGL.DefaultMenu     - createMenuBodyGameMenu()
10:52:52.765 [FXGL Background Thread 1 ] DEBUG FXGL.DefaultMenu     - createOptionsMenu()
10:52:52.793 [FXGL Background Thread 1 ] DEBUG FXGLAssetLoaderServi - Loading from file system: jar:file:/C:/Users/Mark%20Wachtel/.m2/repository/com/github/almasb/fxgl/21.1/fxgl-21.1.jar!/fxglassets/textures/particles/smoke.png
10:52:52.984 [FXGL Background Thread 1 ] DEBUG FXGLAssetLoaderServi - Loading from file system: jar:file:/C:/Users/Mark%20Wachtel/.m2/repository/com/github/almasb/fxgl/21.1/fxgl-21.1.jar!/fxglassets/textures/particles/trace_horizontal.png
10:52:53.019 [FXGL Background Thread 1 ] DEBUG GameApplicationServi - Application scenes initialized
10:52:53.040 [FXGL Background Thread 1 ] DEBUG SystemBundleService  - Loading FXGL system data
10:52:53.048 [FXGL Background Thread 1 ] DEBUG FileSystemAccess     - Reading from: C:\Users\Mark Wachtel\git\mythcards-game\mythcardsgame\client\system\fxgl.bundle
10:52:53.063 [FXGL Background Thread 1 ] DEBUG SystemBundleService  - Bundle FXGL: {}
10:52:53.063 [FXGL Background Thread 1 ] DEBUG UpdaterService       - Checking for updates
10:52:53.070 [FXGL Background Thread 4 ] DEBUG FXGLApplication      - Loading fonts
10:52:53.071 [FXGL Background Thread 4 ] DEBUG FXGLAssetLoaderServi - Loading from file system: jar:file:/C:/Users/Mark%20Wachtel/.m2/repository/com/github/almasb/fxgl/21.1/fxgl-21.1.jar!/fxglassets/ui/fonts/VarelaRound-Regular.ttf
10:52:53.072 [FXGL Background Thread 1 ] DEBUG FXGLApplication      - Loading default localization
10:52:53.072 [FXGL Background Thread 1 ] DEBUG FXGLAssetLoaderServi - Loading from file system: jar:file:/C:/Users/Mark%20Wachtel/.m2/repository/com/github/almasb/fxgl/21.1/fxgl-21.1.jar!/fxglassets/languages/english.lang
10:52:53.104 [FXGL Background Thread 4 ] DEBUG FXGLAssetLoaderServi - Loading from file system: jar:file:/C:/Users/Mark%20Wachtel/.m2/repository/com/github/almasb/fxgl/21.1/fxgl-21.1.jar!/fxglassets/ui/fonts/Abel-Regular.ttf
10:52:53.116 [FXGL Background Thread 4 ] DEBUG FXGLAssetLoaderServi - Loading from file system: jar:file:/C:/Users/Mark%20Wachtel/.m2/repository/com/github/almasb/fxgl/21.1/fxgl-21.1.jar!/fxglassets/ui/fonts/TerminalLandMono-Regular.otf
10:52:53.128 [FXGL Background Thread 4 ] DEBUG FXGLAssetLoaderServi - Loading from file system: jar:file:/C:/Users/Mark%20Wachtel/.m2/repository/com/github/almasb/fxgl/21.1/fxgl-21.1.jar!/fxglassets/ui/fonts/Courier-Prime.ttf
10:52:53.148 [JavaFX Application Thread] DEBUG FXGLApplication      - Registering font factories with UI factory
10:52:53.150 [FXGL Background Thread 1 ] INFO  FXGLApplication      - FXGL initialization took: 0,828 sec
10:52:53.151 [JavaFX Application Thread] DEBUG FXGLAssetLoaderServi - Loading from file system: jar:file:/C:/Users/Mark%20Wachtel/.m2/repository/com/github/almasb/fxgl/21.1/fxgl-21.1.jar!/fxglassets/textures/fxgl_icon.png
10:52:53.178 [JavaFX Application Thread] DEBUG FXGLAssetLoaderServi - Loading from file system: jar:file:/C:/Users/Mark%20Wachtel/.m2/repository/com/github/almasb/fxgl/21.1/fxgl-21.1.jar!/fxglassets/textures/fxgl_default_cursor.png
10:52:53.203 [JavaFX Application Thread] DEBUG Input                - Registered new binding: Screenshot - CTRL+8
10:52:53.205 [JavaFX Application Thread] DEBUG Input                - Registered new binding: System info dump - CTRL+9
10:52:53.206 [JavaFX Application Thread] DEBUG Input                - Registered new binding: Restart - CTRL+R
10:52:53.208 [JavaFX Application Thread] DEBUG Input                - Registered new binding: Toggle Debug Camera - CTRL+7
10:52:53.218 [JavaFX Application Thread] DEBUG LoopRunner           - Starting loop
10:52:53.218 [JavaFX Application Thread] DEBUG LoopRunner           - Initializing JavaFX AnimationTimerLoop
10:52:53.222 [JavaFX Application Thread] DEBUG GameApplicationServi - Starting new game
10:52:53.222 [JavaFX Application Thread] DEBUG Input                - Clearing active input actions
10:52:53.246 [JavaFX Application Thread] DEBUG GameApplicationServi - Removing overlay from FXGLStartupScene and adding to FXGLLoadingScene
10:52:53.246 [JavaFX Application Thread] DEBUG PrimaryStageWindow   - FXGLStartupScene -> FXGLLoadingScene
10:52:53.246 [JavaFX Application Thread] DEBUG GameApplicationServi - Clearing previous game
10:52:53.246 [JavaFX Application Thread] DEBUG GameScene            - Clearing game scene
10:52:53.246 [JavaFX Application Thread] DEBUG GameWorld            - Clearing game world
10:52:53.246 [JavaFX Application Thread] DEBUG PhysicsWorld         - Clearing physics world
10:52:53.250 [FXGL Background Thread 1 ] DEBUG FXGLApplication      - Initializing game
10:52:53.497 [FXGL Background Thread 1 ] INFO  FXGLApplication      - Game initialization took: 0,248 sec
10:52:53.507 [JavaFX Application Thread] DEBUG Input                - Clearing active input actions
10:52:53.525 [JavaFX Application Thread] DEBUG GameApplicationServi - Removing overlay from FXGLLoadingScene and adding to GameScene
10:52:53.526 [JavaFX Application Thread] DEBUG PrimaryStageWindow   - FXGLLoadingScene -> GameScene
10:52:55.816 [JavaFX Application Thread] WARN  FXGLAssetLoaderServi - Asset "/assets/textures/bg/card_front_water.png" was not found!
10:52:55.816 [JavaFX Application Thread] WARN  FXGLAssetLoaderServi - Failed to load IMAGE
10:52:55.831 [JavaFX Application Thread] WARN  FXGLAssetLoaderServi - Asset "/assets/textures/monsters/water_dragon.png" was not found!
10:52:55.832 [JavaFX Application Thread] WARN  FXGLAssetLoaderServi - Failed to load IMAGE
10:52:55.832 [JavaFX Application Thread] WARN  FXGLAssetLoaderServi - Asset "/assets/textures/bg/game_logo.png" was not found!
10:52:55.832 [JavaFX Application Thread] WARN  FXGLAssetLoaderServi - Failed to load IMAGE
10:52:55.833 [JavaFX Application Thread] WARN  FXGLAssetLoaderServi - Asset "/assets/textures/bars/card_front_bars_effect05.png" was not found!
10:52:55.833 [JavaFX Application Thread] WARN  FXGLAssetLoaderServi - Failed to load IMAGE
10:52:55.834 [JavaFX Application Thread] WARN  FXGLAssetLoaderServi - Asset "/assets/textures/bars/card_front_bars_effect01.png" was not found!
10:52:55.835 [JavaFX Application Thread] WARN  FXGLAssetLoaderServi - Failed to load IMAGE
10:52:55.835 [JavaFX Application Thread] WARN  FXGLAssetLoaderServi - Asset "/assets/textures/bars/card_front_bars_effect01.png" was not found!
10:52:55.835 [JavaFX Application Thread] WARN  FXGLAssetLoaderServi - Failed to load IMAGE
10:52:55.836 [JavaFX Application Thread] WARN  FXGLAssetLoaderServi - Asset "/assets/textures/bars/card_front_bars_effect01.png" was not found!
10:52:55.836 [JavaFX Application Thread] WARN  FXGLAssetLoaderServi - Failed to load IMAGE
10:52:55.836 [JavaFX Application Thread] WARN  FXGLAssetLoaderServi - Asset "/assets/textures/bars/card_front_bars_effect01.png" was not found!
10:52:55.836 [JavaFX Application Thread] WARN  FXGLAssetLoaderServi - Failed to load IMAGE
10:52:55.837 [JavaFX Application Thread] WARN  FXGLAssetLoaderServi - Asset "/assets/textures/bars/card_front_bars_effect01.png" was not found!
10:52:55.837 [JavaFX Application Thread] WARN  FXGLAssetLoaderServi - Failed to load IMAGE
10:52:55.838 [JavaFX Application Thread] WARN  FXGLAssetLoaderServi - Asset "/assets/textures/bars/card_front_bars_effect02.png" was not found!
10:52:55.838 [JavaFX Application Thread] WARN  FXGLAssetLoaderServi - Failed to load IMAGE
10:52:55.838 [JavaFX Application Thread] WARN  FXGLAssetLoaderServi - Asset "/assets/textures/bars/card_front_bars_effect02.png" was not found!
10:52:55.839 [JavaFX Application Thread] WARN  FXGLAssetLoaderServi - Failed to load IMAGE
10:52:55.839 [JavaFX Application Thread] WARN  FXGLAssetLoaderServi - Asset "/assets/textures/bars/card_front_bars_effect02.png" was not found!
10:52:55.839 [JavaFX Application Thread] WARN  FXGLAssetLoaderServi - Failed to load IMAGE
10:52:55.840 [JavaFX Application Thread] WARN  FXGLAssetLoaderServi - Asset "/assets/textures/bars/card_front_bars_effect02.png" was not found!
10:52:55.840 [JavaFX Application Thread] WARN  FXGLAssetLoaderServi - Failed to load IMAGE
10:52:55.841 [JavaFX Application Thread] WARN  FXGLAssetLoaderServi - Asset "/assets/textures/bars/card_front_bars_effect03.png" was not found!
10:52:55.841 [JavaFX Application Thread] WARN  FXGLAssetLoaderServi - Failed to load IMAGE
10:52:55.842 [JavaFX Application Thread] WARN  FXGLAssetLoaderServi - Asset "/assets/textures/bars/card_front_bars_effect03.png" was not found!
10:52:55.842 [JavaFX Application Thread] WARN  FXGLAssetLoaderServi - Failed to load IMAGE
10:52:55.842 [JavaFX Application Thread] WARN  FXGLAssetLoaderServi - Asset "/assets/textures/bars/card_front_bars_effect03.png" was not found!
10:52:55.843 [JavaFX Application Thread] WARN  FXGLAssetLoaderServi - Failed to load IMAGE
10:52:55.843 [JavaFX Application Thread] WARN  FXGLAssetLoaderServi - Asset "/assets/textures/bars/card_front_bars_effect03.png" was not found!
10:52:55.844 [JavaFX Application Thread] WARN  FXGLAssetLoaderServi - Failed to load IMAGE
10:52:55.844 [JavaFX Application Thread] WARN  FXGLAssetLoaderServi - Asset "/assets/textures/bars/card_front_bars_effect04.png" was not found!
10:52:55.844 [JavaFX Application Thread] WARN  FXGLAssetLoaderServi - Failed to load IMAGE
10:52:55.845 [JavaFX Application Thread] WARN  FXGLAssetLoaderServi - Asset "/assets/textures/bars/card_front_bars_effect04.png" was not found!
10:52:55.845 [JavaFX Application Thread] WARN  FXGLAssetLoaderServi - Failed to load IMAGE
10:52:55.846 [JavaFX Application Thread] WARN  FXGLAssetLoaderServi - Asset "/assets/textures/bars/card_front_bars_effect04.png" was not found!
10:52:55.846 [JavaFX Application Thread] WARN  FXGLAssetLoaderServi - Failed to load IMAGE
10:52:55.847 [JavaFX Application Thread] WARN  FXGLAssetLoaderServi - Asset "/assets/textures/bars/card_front_bars_effect04.png" was not found!
10:52:55.847 [JavaFX Application Thread] WARN  FXGLAssetLoaderServi - Failed to load IMAGE
10:52:55.848 [JavaFX Application Thread] WARN  FXGLAssetLoaderServi - Asset "/assets/textures/bars/card_front_bars_effect05.png" was not found!
10:52:55.848 [JavaFX Application Thread] WARN  FXGLAssetLoaderServi - Failed to load IMAGE
10:52:55.849 [JavaFX Application Thread] WARN  LocalizationService  - name is not localized for language ENGLISH
10:52:55.851 [JavaFX Application Thread] WARN  LocalizationService  - release is not localized for language ENGLISH
10:52:55.851 [JavaFX Application Thread] WARN  LocalizationService  - statAttack is not localized for language ENGLISH
10:52:55.852 [JavaFX Application Thread] WARN  LocalizationService  - statDefense is not localized for language ENGLISH
10:52:55.852 [JavaFX Application Thread] WARN  LocalizationService  - statSpeed is not localized for language ENGLISH
10:52:55.852 [JavaFX Application Thread] WARN  LocalizationService  - statMagic is not localized for language ENGLISH
10:52:55.853 [JavaFX Application Thread] WARN  LocalizationService  - statHealth is not localized for language ENGLISH
10:52:55.853 [JavaFX Application Thread] WARN  LocalizationService  - statAttackRed is not localized for language ENGLISH
10:52:55.853 [JavaFX Application Thread] WARN  LocalizationService  - statDefenseRed is not localized for language ENGLISH
10:52:55.854 [JavaFX Application Thread] WARN  LocalizationService  - statSpeedRed is not localized for language ENGLISH
10:52:55.854 [JavaFX Application Thread] WARN  LocalizationService  - statMagicRed is not localized for language ENGLISH
10:52:55.854 [JavaFX Application Thread] WARN  LocalizationService  - statHealthRed is not localized for language ENGLISH
10:52:55.854 [JavaFX Application Thread] WARN  LocalizationService  - abilityName1 is not localized for language ENGLISH
10:52:55.855 [JavaFX Application Thread] WARN  LocalizationService  - ability1-desc is not localized for language ENGLISH
10:52:55.855 [JavaFX Application Thread] WARN  LocalizationService  - abilityValue1 is not localized for language ENGLISH
10:52:55.856 [JavaFX Application Thread] WARN  LocalizationService  - abilityName2 is not localized for language ENGLISH
10:52:55.856 [JavaFX Application Thread] WARN  LocalizationService  - ability2-desc is not localized for language ENGLISH
10:52:55.856 [JavaFX Application Thread] WARN  LocalizationService  - abilityValue2 is not localized for language ENGLISH
10:52:55.856 [JavaFX Application Thread] WARN  LocalizationService  - abilityName3 is not localized for language ENGLISH
10:52:55.857 [JavaFX Application Thread] WARN  LocalizationService  - ability3-desc is not localized for language ENGLISH
10:52:55.857 [JavaFX Application Thread] WARN  LocalizationService  - abilityValue3 is not localized for language ENGLISH
10:52:55.857 [JavaFX Application Thread] WARN  LocalizationService  - abilityName4 is not localized for language ENGLISH
10:52:55.857 [JavaFX Application Thread] WARN  LocalizationService  - ability4-desc is not localized for language ENGLISH
10:52:55.857 [JavaFX Application Thread] WARN  LocalizationService  - abilityValue4 is not localized for language ENGLISH
10:52:56.070 [FXGL Background Thread 3 ] DEBUG Engine               - Logging environment variables
10:52:56.070 [FXGL Background Thread 3 ] DEBUG Engine               - achievements: []
10:52:56.070 [FXGL Background Thread 3 ] DEBUG Engine               - actualHeight: 720.0
10:52:56.070 [FXGL Background Thread 3 ] DEBUG Engine               - actualHeightProperty: ReadOnlyDoubleProperty [value: 720.0]
10:52:56.070 [FXGL Background Thread 3 ] DEBUG Engine               - actualWidth: 1280.0
10:52:56.070 [FXGL Background Thread 3 ] DEBUG Engine               - actualWidthProperty: ReadOnlyDoubleProperty [value: 1280.0]
10:52:56.070 [FXGL Background Thread 3 ] DEBUG Engine               - appIcon: fxgl_icon.png
10:52:56.070 [FXGL Background Thread 3 ] DEBUG Engine               - applicationMode: DEVELOPER
10:52:56.070 [FXGL Background Thread 3 ] DEBUG Engine               - cSSList: [fxgl_dark.css]
10:52:56.071 [FXGL Background Thread 3 ] DEBUG Engine               - collisionDetectionStrategy: BRUTE_FORCE
10:52:56.071 [FXGL Background Thread 3 ] DEBUG Engine               - configClass: Optional.empty
10:52:56.071 [FXGL Background Thread 3 ] DEBUG Engine               - credits: []
10:52:56.071 [FXGL Background Thread 3 ] DEBUG Engine               - defaultCursor: CursorInfo(imageName=fxgl_default_cursor.png, hotspotX=7.0, hotspotY=6.0)
10:52:56.071 [FXGL Background Thread 3 ] DEBUG Engine               - devBBoxColorProperty: ObjectProperty [value: 0xff0000ff]
10:52:56.071 [FXGL Background Thread 3 ] DEBUG Engine               - devEnableDebugCameraProperty: BooleanProperty [value: false]
10:52:56.071 [FXGL Background Thread 3 ] DEBUG Engine               - devSensorColorProperty: ObjectProperty [value: 0xffff00ff]
10:52:56.071 [FXGL Background Thread 3 ] DEBUG Engine               - devShowBBoxProperty: BooleanProperty [value: false]
10:52:56.071 [FXGL Background Thread 3 ] DEBUG Engine               - devShowPositionProperty: BooleanProperty [value: false]
10:52:56.071 [FXGL Background Thread 3 ] DEBUG Engine               - enabledMenuItems: []
10:52:56.071 [FXGL Background Thread 3 ] DEBUG Engine               - engineServices: [class com.almasb.fxgl.app.services.FXGLAssetLoaderService, class com.almasb.fxgl.app.FXGLApplication$GameApplicationService, class com.almasb.fxgl.app.services.FXGLDialogService, class com.almasb.fxgl.app.services.IOTaskExecutorService, class com.almasb.fxgl.io.FileSystemService, class com.almasb.fxgl.localization.LocalizationService, class com.almasb.fxgl.app.services.SystemBundleService, class com.almasb.fxgl.profile.SaveLoadService, class com.almasb.fxgl.ui.FXGLUIFactoryServiceProvider, class com.almasb.fxgl.ui.FXGLDialogFactoryServiceProvider, class com.almasb.fxgl.audio.AudioPlayer, class com.almasb.fxgl.notification.impl.NotificationServiceProvider, class com.almasb.fxgl.achievement.AchievementService, class com.almasb.fxgl.cutscene.CutsceneService, class com.almasb.fxgl.minigames.MiniGameService, class com.almasb.fxgl.net.NetService, class com.almasb.fxgl.app.services.UpdaterService, class com.almasb.fxgl.dev.DevService]
10:52:56.071 [FXGL Background Thread 3 ] DEBUG Engine               - fontGame: Abel-Regular.ttf
10:52:56.071 [FXGL Background Thread 3 ] DEBUG Engine               - fontMono: TerminalLandMono-Regular.otf
10:52:56.071 [FXGL Background Thread 3 ] DEBUG Engine               - fontSizeScaleUI: 1.0
10:52:56.071 [FXGL Background Thread 3 ] DEBUG Engine               - fontText: Courier-Prime.ttf
10:52:56.072 [FXGL Background Thread 3 ] DEBUG Engine               - fontUI: VarelaRound-Regular.ttf
10:52:56.072 [FXGL Background Thread 3 ] DEBUG Engine               - fullScreen: BooleanProperty [value: false]
10:52:56.072 [FXGL Background Thread 3 ] DEBUG Engine               - gameDifficulty: MEDIUM
10:52:56.072 [FXGL Background Thread 3 ] DEBUG Engine               - gameDifficultyProperty: ObjectProperty [value: MEDIUM]
10:52:56.072 [FXGL Background Thread 3 ] DEBUG Engine               - globalMusicVolume: 0.5
10:52:56.072 [FXGL Background Thread 3 ] DEBUG Engine               - globalMusicVolumeProperty: DoubleProperty [value: 0.5]
10:52:56.072 [FXGL Background Thread 3 ] DEBUG Engine               - globalSoundVolume: 0.5
10:52:56.072 [FXGL Background Thread 3 ] DEBUG Engine               - globalSoundVolumeProperty: DoubleProperty [value: 0.5]
10:52:56.072 [FXGL Background Thread 3 ] DEBUG Engine               - height: 720
10:52:56.072 [FXGL Background Thread 3 ] DEBUG Engine               - is3D: false
10:52:56.072 [FXGL Background Thread 3 ] DEBUG Engine               - isAndroid: false
10:52:56.072 [FXGL Background Thread 3 ] DEBUG Engine               - isBrowser: false
10:52:56.072 [FXGL Background Thread 3 ] DEBUG Engine               - isClickFeedbackEnabled: false
10:52:56.072 [FXGL Background Thread 3 ] DEBUG Engine               - isCloseConfirmation: false
10:52:56.072 [FXGL Background Thread 3 ] DEBUG Engine               - isDesktop: true
10:52:56.072 [FXGL Background Thread 3 ] DEBUG Engine               - isDeveloperMenuEnabled: false
10:52:56.072 [FXGL Background Thread 3 ] DEBUG Engine               - isEmbedded: false
10:52:56.072 [FXGL Background Thread 3 ] DEBUG Engine               - isEntityPreloadEnabled: true
10:52:56.072 [FXGL Background Thread 3 ] DEBUG Engine               - isExperimentalTiledLargeMap: false
10:52:56.072 [FXGL Background Thread 3 ] DEBUG Engine               - isFileSystemWriteAllowed: true
10:52:56.072 [FXGL Background Thread 3 ] DEBUG Engine               - isFullScreenAllowed: false
10:52:56.073 [FXGL Background Thread 3 ] DEBUG Engine               - isFullScreenFromStart: false
10:52:56.073 [FXGL Background Thread 3 ] DEBUG Engine               - isGameMenuEnabled: true
10:52:56.073 [FXGL Background Thread 3 ] DEBUG Engine               - isIOS: false
10:52:56.073 [FXGL Background Thread 3 ] DEBUG Engine               - isIntroEnabled: false
10:52:56.073 [FXGL Background Thread 3 ] DEBUG Engine               - isLinux: false
10:52:56.073 [FXGL Background Thread 3 ] DEBUG Engine               - isMac: false
10:52:56.073 [FXGL Background Thread 3 ] DEBUG Engine               - isMainMenuEnabled: false
10:52:56.073 [FXGL Background Thread 3 ] DEBUG Engine               - isManualResizeEnabled: false
10:52:56.073 [FXGL Background Thread 3 ] DEBUG Engine               - isMobile: false
10:52:56.073 [FXGL Background Thread 3 ] DEBUG Engine               - isNative: false
10:52:56.073 [FXGL Background Thread 3 ] DEBUG Engine               - isPauseMusicWhenMinimized: true
10:52:56.073 [FXGL Background Thread 3 ] DEBUG Engine               - isPreserveResizeRatio: false
10:52:56.073 [FXGL Background Thread 3 ] DEBUG Engine               - isProfilingEnabled: false
10:52:56.073 [FXGL Background Thread 3 ] DEBUG Engine               - isScaleAffectedOnResize: true
10:52:56.073 [FXGL Background Thread 3 ] DEBUG Engine               - isSingleStep: false
10:52:56.073 [FXGL Background Thread 3 ] DEBUG Engine               - isUserProfileEnabled: false
10:52:56.073 [FXGL Background Thread 3 ] DEBUG Engine               - isWindows: true
10:52:56.073 [FXGL Background Thread 3 ] DEBUG Engine               - language: ObjectProperty [value: ENGLISH]
10:52:56.073 [FXGL Background Thread 3 ] DEBUG Engine               - menuKey: ESCAPE
10:52:56.073 [FXGL Background Thread 3 ] DEBUG Engine               - mouseSensitivity: 0.2
10:52:56.073 [FXGL Background Thread 3 ] DEBUG Engine               - notificationViewClass: class com.almasb.fxgl.notification.view.XboxNotificationView
10:52:56.073 [FXGL Background Thread 3 ] DEBUG Engine               - pixelsPerMeter: 50.0
10:52:56.078 [FXGL Background Thread 3 ] DEBUG Engine               - platform: WINDOWS
10:52:56.078 [FXGL Background Thread 3 ] DEBUG Engine               - prefHeightProperty: ReadOnlyDoubleProperty [value: 720.0]
10:52:56.078 [FXGL Background Thread 3 ] DEBUG Engine               - prefWidthProperty: ReadOnlyDoubleProperty [value: 1280.0]
10:52:56.078 [FXGL Background Thread 3 ] DEBUG Engine               - profileDir: profiles/
10:52:56.078 [FXGL Background Thread 3 ] DEBUG Engine               - profileName: StringProperty [value: DEFAULT]
10:52:56.078 [FXGL Background Thread 3 ] DEBUG Engine               - randomSeed: -1
10:52:56.079 [FXGL Background Thread 3 ] DEBUG Engine               - runtimeInfo: RuntimeInfo(platform=WINDOWS, version=21.1, build=27.03.2024 07.52)
10:52:56.079 [FXGL Background Thread 3 ] DEBUG Engine               - saveFileExt: sav
10:52:56.079 [FXGL Background Thread 3 ] DEBUG Engine               - scaledHeightProp$fxgl: DoubleProperty [bound, value: 720.0]
10:52:56.079 [FXGL Background Thread 3 ] DEBUG Engine               - scaledWidthProp$fxgl: DoubleProperty [bound, value: 1280.0]
10:52:56.079 [FXGL Background Thread 3 ] DEBUG Engine               - sceneFactory: com.almasb.fxgl.app.scene.SceneFactory@223231f7
10:52:56.079 [FXGL Background Thread 3 ] DEBUG Engine               - secondsIn24h: 60
10:52:56.079 [FXGL Background Thread 3 ] DEBUG Engine               - soundMenuBack: menu/back.wav
10:52:56.079 [FXGL Background Thread 3 ] DEBUG Engine               - soundMenuPress: menu/press.wav
10:52:56.079 [FXGL Background Thread 3 ] DEBUG Engine               - soundMenuSelect: menu/select.wav
10:52:56.079 [FXGL Background Thread 3 ] DEBUG Engine               - soundNotification: core/notification.wav
10:52:56.079 [FXGL Background Thread 3 ] DEBUG Engine               - stageStyle: DECORATED
10:52:56.079 [FXGL Background Thread 3 ] DEBUG Engine               - supportedLanguages: [ENGLISH, FRENCH, GERMAN, HUNGARIAN, RUSSIAN]
10:52:56.080 [FXGL Background Thread 3 ] DEBUG Engine               - ticksPerSecond: -1
10:52:56.080 [FXGL Background Thread 3 ] DEBUG Engine               - title: Myth Cards Client
10:52:56.080 [FXGL Background Thread 3 ] DEBUG Engine               - urlGithub: https://github.com/AlmasB/FXGL
10:52:56.080 [FXGL Background Thread 3 ] DEBUG Engine               - urlLeaderboard: http://fxgl-top.herokuapp.com/
10:52:56.080 [FXGL Background Thread 3 ] DEBUG Engine               - urlPOM: https://raw.githubusercontent.com/AlmasB/FXGL/release/README.md
10:52:56.080 [FXGL Background Thread 3 ] DEBUG Engine               - userAppClass: class client.ClientMain
10:52:56.080 [FXGL Background Thread 3 ] DEBUG Engine               - version: 0.0
10:52:56.080 [FXGL Background Thread 3 ] DEBUG Engine               - versionCheckDays: 7
10:52:56.080 [FXGL Background Thread 3 ] DEBUG Engine               - width: 1280
10:52:56.080 [FXGL Background Thread 3 ] DEBUG Engine               - Logging services
10:52:56.080 [FXGL Background Thread 3 ] DEBUG Engine               - class com.almasb.fxgl.app.services.FXGLAssetLoaderService
10:52:56.080 [FXGL Background Thread 3 ] DEBUG Engine               - class com.almasb.fxgl.app.FXGLApplication$GameApplicationService
10:52:56.080 [FXGL Background Thread 3 ] DEBUG Engine               - class com.almasb.fxgl.app.services.FXGLDialogService
10:52:56.080 [FXGL Background Thread 3 ] DEBUG Engine               - class com.almasb.fxgl.app.services.IOTaskExecutorService
10:52:56.080 [FXGL Background Thread 3 ] DEBUG Engine               - class com.almasb.fxgl.io.FileSystemService
10:52:56.080 [FXGL Background Thread 3 ] DEBUG Engine               - class com.almasb.fxgl.localization.LocalizationService
10:52:56.080 [FXGL Background Thread 3 ] DEBUG Engine               - class com.almasb.fxgl.app.services.SystemBundleService
10:52:56.080 [FXGL Background Thread 3 ] DEBUG Engine               - class com.almasb.fxgl.profile.SaveLoadService
10:52:56.080 [FXGL Background Thread 3 ] DEBUG Engine               - class com.almasb.fxgl.ui.FXGLUIFactoryServiceProvider
10:52:56.081 [FXGL Background Thread 3 ] DEBUG Engine               - class com.almasb.fxgl.ui.FXGLDialogFactoryServiceProvider
10:52:56.081 [FXGL Background Thread 3 ] DEBUG Engine               - class com.almasb.fxgl.audio.AudioPlayer
10:52:56.081 [FXGL Background Thread 3 ] DEBUG Engine               - class com.almasb.fxgl.notification.impl.NotificationServiceProvider
10:52:56.081 [FXGL Background Thread 3 ] DEBUG Engine               - class com.almasb.fxgl.achievement.AchievementService
10:52:56.081 [FXGL Background Thread 3 ] DEBUG Engine               - class com.almasb.fxgl.cutscene.CutsceneService
10:52:56.081 [FXGL Background Thread 3 ] DEBUG Engine               - class com.almasb.fxgl.minigames.MiniGameService
10:52:56.081 [FXGL Background Thread 3 ] DEBUG Engine               - class com.almasb.fxgl.net.NetService
10:52:56.081 [FXGL Background Thread 3 ] DEBUG Engine               - class com.almasb.fxgl.app.services.UpdaterService
10:52:56.081 [FXGL Background Thread 3 ] DEBUG Engine               - class com.almasb.fxgl.dev.DevService
10:52:58.236 [JavaFX Application Thread] DEBUG FXGLApplication      - Exiting FXGL
10:52:58.237 [JavaFX Application Thread] DEBUG LoopRunner           - Stopping loop
10:52:58.237 [JavaFX Application Thread] DEBUG SystemBundleService  - Saving FXGL system data
10:52:58.240 [JavaFX Application Thread] DEBUG FileSystemAccess     - Writing to: C:\Users\Mark Wachtel\git\mythcards-game\mythcardsgame\client\system\fxgl.bundle
10:52:58.242 [JavaFX Application Thread] DEBUG Async                - Shutting down background threads
10:52:58.243 [JavaFX Application Thread] DEBUG PrimaryStageWindow   - Closing main window
10:52:58.266 [JavaFX Application Thread] DEBUG Logger               - Closing Logger
