08:17:36.658 [main                     ] DEBUG Logger               - Configured Logger
08:17:36.669 [main                     ] DEBUG GameApplication      - Logging settings
Title: Myth Cards Client 0.0
Version: 0.0
Width: 1280
Height: 720
Fullscreen: false
Intro: true
Profiling: false
Single step:false
App Mode: DEVELOPER
Menu Key: ESCAPE
Stage Style: DECORATED
Scene Factory: class client.ClientMain$1

08:17:37.115 [JavaFX Application Thread] DEBUG FXGLApplication      - Initializing FXGL
08:17:37.118 [JavaFX Application Thread] INFO  Engine               - FXGL-21.1 (27.03.2024 07.52) on WINDOWS (J:24 FX:21)
08:17:37.119 [JavaFX Application Thread] DEBUG Engine               - JRE Vendor Name: Oracle Corporation
08:17:37.119 [JavaFX Application Thread] DEBUG Engine               - Running on OS: Windows 11 version 10.0
08:17:37.119 [JavaFX Application Thread] DEBUG Engine               - Architecture: amd64
08:17:37.119 [JavaFX Application Thread] INFO  Engine               - Source code and latest versions at: https://github.com/AlmasB/FXGL
08:17:37.119 [JavaFX Application Thread] INFO  Engine               -       Ask questions and discuss at: https://github.com/AlmasB/FXGL/discussions
08:17:37.119 [JavaFX Application Thread] INFO  Engine               -              Join the FXGL chat at: https://gitter.im/AlmasB/FXGL
08:17:37.365 [JavaFX Application Thread] DEBUG PrimaryStageWindow   - Creating a JavaFX scene
08:17:37.440 [JavaFX Application Thread] DEBUG PrimaryStageWindow   - Target settings size: 1280.0 x 720.0
08:17:37.440 [JavaFX Application Thread] DEBUG PrimaryStageWindow   - Scaled scene size:    1280.0 x 720.0
08:17:37.440 [JavaFX Application Thread] DEBUG PrimaryStageWindow   - Scaled ratio: (1.0, 1.0)
08:17:37.441 [JavaFX Application Thread] DEBUG PrimaryStageWindow   - Set initial scene to CustomStartupScene
08:17:37.445 [JavaFX Application Thread] DEBUG PrimaryStageWindow   - Opening main window
08:17:37.584 [JavaFX Application Thread] DEBUG PrimaryStageWindow   - Window border size: (16.0, 39.0)
08:17:37.585 [JavaFX Application Thread] DEBUG PrimaryStageWindow   - Scaled size: 1280.0 x 720.0
08:17:37.585 [JavaFX Application Thread] DEBUG PrimaryStageWindow   - Scaled ratio: (1.0, 1.0)
08:17:37.585 [JavaFX Application Thread] DEBUG PrimaryStageWindow   - Scene size: 1280.0 x 720.0
08:17:37.585 [JavaFX Application Thread] DEBUG PrimaryStageWindow   - Stage size: 1296.0 x 759.0
08:17:37.592 [FXGL Background Thread 1 ] DEBUG Engine               - Initializing environment variables
08:17:37.712 [FXGL Background Thread 1 ] DEBUG FXGLAssetLoaderServi - User app class for loading assets: class client.ClientMain
08:17:37.713 [FXGL Background Thread 1 ] DEBUG GameApplicationServi - Applying CSS: fxgl_dark.css
08:17:37.715 [FXGL Background Thread 1 ] DEBUG FXGLAssetLoaderServi - Loading from file system: jar:file:/C:/Users/Mark%20Wachtel/.m2/repository/com/github/almasb/fxgl/21.1/fxgl-21.1.jar!/fxglassets/ui/css/fxgl_dark.css
08:17:37.808 [FXGL Background Thread 1 ] DEBUG GameApplicationServi - Applying CSS: styles/chat.css
08:17:37.808 [FXGL Background Thread 1 ] DEBUG FXGLAssetLoaderServi - Loading from file system: file:/C:/Users/Mark%20Wachtel/git/mythcards-game/mythcardsgame/client/target/classes/assets/ui/css/styles/chat.css
08:17:37.810 [FXGL Background Thread 1 ] DEBUG GameApplicationServi - Initializing application scenes
08:17:37.881 [FXGL Background Thread 1 ] DEBUG GameWorld            - Game world initialized
08:17:37.987 [FXGL Background Thread 1 ] DEBUG PhysicsWorld         - Physics world initialized: appHeight=720, physics.ppm=50,0
08:17:37.987 [FXGL Background Thread 1 ] DEBUG PhysicsWorld         - Using strategy: BRUTE_FORCE
08:17:37.992 [FXGL Background Thread 1 ] DEBUG GameScene            - Game scene initialized: 1280x720
08:17:37.995 [FXGL Background Thread 1 ] DEBUG FXGLAssetLoaderServi - Loading from file system: file:/C:/Users/Mark%20Wachtel/git/mythcards-game/mythcardsgame/client/target/classes/assets/textures/bg/loading_screen.png
08:17:38.053 [FXGL Background Thread 1 ] DEBUG FXGL.DefaultMenu     - createMenuBodyGameMenu()
08:17:38.071 [FXGL Background Thread 1 ] DEBUG FXGL.DefaultMenu     - createOptionsMenu()
08:17:38.080 [FXGL Background Thread 1 ] DEBUG FXGLAssetLoaderServi - Loading from file system: jar:file:/C:/Users/Mark%20Wachtel/.m2/repository/com/github/almasb/fxgl/21.1/fxgl-21.1.jar!/fxglassets/textures/particles/smoke.png
08:17:38.216 [FXGL Background Thread 1 ] DEBUG FXGLAssetLoaderServi - Loading from file system: jar:file:/C:/Users/Mark%20Wachtel/.m2/repository/com/github/almasb/fxgl/21.1/fxgl-21.1.jar!/fxglassets/textures/particles/trace_horizontal.png
08:17:38.245 [FXGL Background Thread 1 ] DEBUG GameApplicationServi - Application scenes initialized
08:17:38.267 [FXGL Background Thread 1 ] DEBUG SystemBundleService  - Loading FXGL system data
08:17:38.274 [FXGL Background Thread 1 ] DEBUG FileSystemAccess     - Reading from: C:\Users\Mark Wachtel\git\mythcards-game\mythcardsgame\client\system\fxgl.bundle
08:17:38.290 [FXGL Background Thread 1 ] DEBUG SystemBundleService  - Bundle FXGL: {}
08:17:38.291 [FXGL Background Thread 1 ] DEBUG UpdaterService       - Checking for updates
08:17:38.303 [FXGL Background Thread 4 ] DEBUG FXGLApplication      - Loading fonts
08:17:38.303 [FXGL Background Thread 4 ] DEBUG FXGLAssetLoaderServi - Loading from file system: jar:file:/C:/Users/Mark%20Wachtel/.m2/repository/com/github/almasb/fxgl/21.1/fxgl-21.1.jar!/fxglassets/ui/fonts/VarelaRound-Regular.ttf
08:17:38.307 [FXGL Background Thread 1 ] DEBUG FXGLApplication      - Loading default localization
08:17:38.307 [FXGL Background Thread 1 ] DEBUG FXGLAssetLoaderServi - Loading from file system: jar:file:/C:/Users/Mark%20Wachtel/.m2/repository/com/github/almasb/fxgl/21.1/fxgl-21.1.jar!/fxglassets/languages/english.lang
08:17:38.339 [FXGL Background Thread 4 ] DEBUG FXGLAssetLoaderServi - Loading from file system: jar:file:/C:/Users/Mark%20Wachtel/.m2/repository/com/github/almasb/fxgl/21.1/fxgl-21.1.jar!/fxglassets/ui/fonts/Abel-Regular.ttf
08:17:38.354 [FXGL Background Thread 4 ] DEBUG FXGLAssetLoaderServi - Loading from file system: jar:file:/C:/Users/Mark%20Wachtel/.m2/repository/com/github/almasb/fxgl/21.1/fxgl-21.1.jar!/fxglassets/ui/fonts/TerminalLandMono-Regular.otf
08:17:38.370 [FXGL Background Thread 4 ] DEBUG FXGLAssetLoaderServi - Loading from file system: jar:file:/C:/Users/Mark%20Wachtel/.m2/repository/com/github/almasb/fxgl/21.1/fxgl-21.1.jar!/fxglassets/ui/fonts/Courier-Prime.ttf
08:17:38.398 [JavaFX Application Thread] DEBUG FXGLApplication      - Registering font factories with UI factory
08:17:38.421 [FXGL Background Thread 1 ] INFO  FXGLApplication      - FXGL initialization took: 0,830 sec
08:17:38.423 [JavaFX Application Thread] DEBUG FXGLAssetLoaderServi - Loading from file system: jar:file:/C:/Users/Mark%20Wachtel/.m2/repository/com/github/almasb/fxgl/21.1/fxgl-21.1.jar!/fxglassets/textures/fxgl_icon.png
08:17:38.485 [JavaFX Application Thread] DEBUG FXGLAssetLoaderServi - Loading from file system: jar:file:/C:/Users/Mark%20Wachtel/.m2/repository/com/github/almasb/fxgl/21.1/fxgl-21.1.jar!/fxglassets/textures/fxgl_default_cursor.png
08:17:38.517 [JavaFX Application Thread] DEBUG Input                - Registered new binding: Screenshot - CTRL+8
08:17:38.519 [JavaFX Application Thread] DEBUG Input                - Registered new binding: System info dump - CTRL+9
08:17:38.520 [JavaFX Application Thread] DEBUG Input                - Registered new binding: Restart - CTRL+R
08:17:38.523 [JavaFX Application Thread] DEBUG Input                - Registered new binding: Toggle Debug Camera - CTRL+7
08:17:38.533 [JavaFX Application Thread] DEBUG LoopRunner           - Starting loop
08:17:38.533 [JavaFX Application Thread] DEBUG LoopRunner           - Initializing JavaFX AnimationTimerLoop
08:17:38.538 [JavaFX Application Thread] DEBUG GameApplicationServi - Starting new game
08:17:38.539 [JavaFX Application Thread] DEBUG Input                - Clearing active input actions
08:17:38.563 [JavaFX Application Thread] DEBUG GameApplicationServi - Removing overlay from CustomStartupScene and adding to FXGLLoadingScene
08:17:38.563 [JavaFX Application Thread] DEBUG PrimaryStageWindow   - CustomStartupScene -> FXGLLoadingScene
08:17:38.563 [JavaFX Application Thread] DEBUG GameApplicationServi - Clearing previous game
08:17:38.564 [JavaFX Application Thread] DEBUG GameScene            - Clearing game scene
08:17:38.564 [JavaFX Application Thread] DEBUG GameWorld            - Clearing game world
08:17:38.564 [JavaFX Application Thread] DEBUG PhysicsWorld         - Clearing physics world
08:17:38.566 [JavaFX Application Thread] DEBUG Input                - Clearing active input actions
08:17:38.567 [FXGL Background Thread 1 ] DEBUG FXGLApplication      - Initializing game
08:17:38.587 [JavaFX Application Thread] DEBUG GameApplicationServi - Removing overlay from FXGLLoadingScene and adding to MyIntroScene
08:17:38.588 [JavaFX Application Thread] DEBUG PrimaryStageWindow   - CustomStartupScene -> MyIntroScene
08:17:38.596 [FXGL Background Thread 1 ] INFO  FXGLApplication      - Game initialization took: 0,030 sec
08:17:38.628 [JavaFX Application Thread] DEBUG Input                - Clearing active input actions
08:17:38.664 [JavaFX Application Thread] DEBUG GameApplicationServi - Removing overlay from MyIntroScene and adding to GameScene
08:17:38.665 [JavaFX Application Thread] DEBUG PrimaryStageWindow   - MyIntroScene -> GameScene
08:17:41.299 [FXGL Background Thread 3 ] DEBUG Engine               - Logging environment variables
08:17:41.301 [FXGL Background Thread 3 ] DEBUG Engine               - achievements: []
08:17:41.301 [FXGL Background Thread 3 ] DEBUG Engine               - actualHeight: 720.0
08:17:41.302 [FXGL Background Thread 3 ] DEBUG Engine               - actualHeightProperty: ReadOnlyDoubleProperty [value: 720.0]
08:17:41.302 [FXGL Background Thread 3 ] DEBUG Engine               - actualWidth: 1280.0
08:17:41.302 [FXGL Background Thread 3 ] DEBUG Engine               - actualWidthProperty: ReadOnlyDoubleProperty [value: 1280.0]
08:17:41.303 [FXGL Background Thread 3 ] DEBUG Engine               - appIcon: fxgl_icon.png
08:17:41.303 [FXGL Background Thread 3 ] DEBUG Engine               - applicationMode: DEVELOPER
08:17:41.303 [FXGL Background Thread 3 ] DEBUG Engine               - cSSList: [fxgl_dark.css, styles/chat.css]
08:17:41.303 [FXGL Background Thread 3 ] DEBUG Engine               - collisionDetectionStrategy: BRUTE_FORCE
08:17:41.304 [FXGL Background Thread 3 ] DEBUG Engine               - configClass: Optional.empty
08:17:41.304 [FXGL Background Thread 3 ] DEBUG Engine               - credits: []
08:17:41.305 [FXGL Background Thread 3 ] DEBUG Engine               - defaultCursor: CursorInfo(imageName=fxgl_default_cursor.png, hotspotX=7.0, hotspotY=6.0)
08:17:41.305 [FXGL Background Thread 3 ] DEBUG Engine               - devBBoxColorProperty: ObjectProperty [value: 0xff0000ff]
08:17:41.306 [FXGL Background Thread 3 ] DEBUG Engine               - devEnableDebugCameraProperty: BooleanProperty [value: false]
08:17:41.306 [FXGL Background Thread 3 ] DEBUG Engine               - devSensorColorProperty: ObjectProperty [value: 0xffff00ff]
08:17:41.306 [FXGL Background Thread 3 ] DEBUG Engine               - devShowBBoxProperty: BooleanProperty [value: false]
08:17:41.306 [FXGL Background Thread 3 ] DEBUG Engine               - devShowPositionProperty: BooleanProperty [value: false]
08:17:41.307 [FXGL Background Thread 3 ] DEBUG Engine               - enabledMenuItems: []
08:17:41.307 [FXGL Background Thread 3 ] DEBUG Engine               - engineServices: [class com.almasb.fxgl.app.services.FXGLAssetLoaderService, class com.almasb.fxgl.app.FXGLApplication$GameApplicationService, class com.almasb.fxgl.app.services.FXGLDialogService, class com.almasb.fxgl.app.services.IOTaskExecutorService, class com.almasb.fxgl.io.FileSystemService, class com.almasb.fxgl.localization.LocalizationService, class com.almasb.fxgl.app.services.SystemBundleService, class com.almasb.fxgl.profile.SaveLoadService, class com.almasb.fxgl.ui.FXGLUIFactoryServiceProvider, class com.almasb.fxgl.ui.FXGLDialogFactoryServiceProvider, class com.almasb.fxgl.audio.AudioPlayer, class com.almasb.fxgl.notification.impl.NotificationServiceProvider, class com.almasb.fxgl.achievement.AchievementService, class com.almasb.fxgl.cutscene.CutsceneService, class com.almasb.fxgl.minigames.MiniGameService, class com.almasb.fxgl.net.NetService, class com.almasb.fxgl.app.services.UpdaterService, class com.almasb.fxgl.dev.DevService]
08:17:41.308 [FXGL Background Thread 3 ] DEBUG Engine               - fontGame: Abel-Regular.ttf
08:17:41.308 [FXGL Background Thread 3 ] DEBUG Engine               - fontMono: TerminalLandMono-Regular.otf
08:17:41.308 [FXGL Background Thread 3 ] DEBUG Engine               - fontSizeScaleUI: 1.0
08:17:41.309 [FXGL Background Thread 3 ] DEBUG Engine               - fontText: Courier-Prime.ttf
08:17:41.309 [FXGL Background Thread 3 ] DEBUG Engine               - fontUI: VarelaRound-Regular.ttf
08:17:41.309 [FXGL Background Thread 3 ] DEBUG Engine               - fullScreen: BooleanProperty [value: false]
08:17:41.309 [FXGL Background Thread 3 ] DEBUG Engine               - gameDifficulty: MEDIUM
08:17:41.310 [FXGL Background Thread 3 ] DEBUG Engine               - gameDifficultyProperty: ObjectProperty [value: MEDIUM]
08:17:41.310 [FXGL Background Thread 3 ] DEBUG Engine               - globalMusicVolume: 0.5
08:17:41.310 [FXGL Background Thread 3 ] DEBUG Engine               - globalMusicVolumeProperty: DoubleProperty [value: 0.5]
08:17:41.311 [FXGL Background Thread 3 ] DEBUG Engine               - globalSoundVolume: 0.5
08:17:41.311 [FXGL Background Thread 3 ] DEBUG Engine               - globalSoundVolumeProperty: DoubleProperty [value: 0.5]
08:17:41.311 [FXGL Background Thread 3 ] DEBUG Engine               - height: 720
08:17:41.311 [FXGL Background Thread 3 ] DEBUG Engine               - is3D: false
08:17:41.311 [FXGL Background Thread 3 ] DEBUG Engine               - isAndroid: false
08:17:41.312 [FXGL Background Thread 3 ] DEBUG Engine               - isBrowser: false
08:17:41.312 [FXGL Background Thread 3 ] DEBUG Engine               - isClickFeedbackEnabled: false
08:17:41.312 [FXGL Background Thread 3 ] DEBUG Engine               - isCloseConfirmation: false
08:17:41.312 [FXGL Background Thread 3 ] DEBUG Engine               - isDesktop: true
08:17:41.313 [FXGL Background Thread 3 ] DEBUG Engine               - isDeveloperMenuEnabled: false
08:17:41.313 [FXGL Background Thread 3 ] DEBUG Engine               - isEmbedded: false
08:17:41.314 [FXGL Background Thread 3 ] DEBUG Engine               - isEntityPreloadEnabled: true
08:17:41.314 [FXGL Background Thread 3 ] DEBUG Engine               - isExperimentalTiledLargeMap: false
08:17:41.314 [FXGL Background Thread 3 ] DEBUG Engine               - isFileSystemWriteAllowed: true
08:17:41.315 [FXGL Background Thread 3 ] DEBUG Engine               - isFullScreenAllowed: false
08:17:41.315 [FXGL Background Thread 3 ] DEBUG Engine               - isFullScreenFromStart: false
08:17:41.315 [FXGL Background Thread 3 ] DEBUG Engine               - isGameMenuEnabled: true
08:17:41.315 [FXGL Background Thread 3 ] DEBUG Engine               - isIOS: false
08:17:41.315 [FXGL Background Thread 3 ] DEBUG Engine               - isIntroEnabled: true
08:17:41.316 [FXGL Background Thread 3 ] DEBUG Engine               - isLinux: false
08:17:41.316 [FXGL Background Thread 3 ] DEBUG Engine               - isMac: false
08:17:41.316 [FXGL Background Thread 3 ] DEBUG Engine               - isMainMenuEnabled: false
08:17:41.316 [FXGL Background Thread 3 ] DEBUG Engine               - isManualResizeEnabled: false
08:17:41.317 [FXGL Background Thread 3 ] DEBUG Engine               - isMobile: false
08:17:41.317 [FXGL Background Thread 3 ] DEBUG Engine               - isNative: false
08:17:41.317 [FXGL Background Thread 3 ] DEBUG Engine               - isPauseMusicWhenMinimized: true
08:17:41.317 [FXGL Background Thread 3 ] DEBUG Engine               - isPreserveResizeRatio: false
08:17:41.317 [FXGL Background Thread 3 ] DEBUG Engine               - isProfilingEnabled: false
08:17:41.317 [FXGL Background Thread 3 ] DEBUG Engine               - isScaleAffectedOnResize: true
08:17:41.318 [FXGL Background Thread 3 ] DEBUG Engine               - isSingleStep: false
08:17:41.318 [FXGL Background Thread 3 ] DEBUG Engine               - isUserProfileEnabled: false
08:17:41.318 [FXGL Background Thread 3 ] DEBUG Engine               - isWindows: true
08:17:41.318 [FXGL Background Thread 3 ] DEBUG Engine               - language: ObjectProperty [value: ENGLISH]
08:17:41.318 [FXGL Background Thread 3 ] DEBUG Engine               - menuKey: ESCAPE
08:17:41.318 [FXGL Background Thread 3 ] DEBUG Engine               - mouseSensitivity: 0.2
08:17:41.318 [FXGL Background Thread 3 ] DEBUG Engine               - notificationViewClass: class com.almasb.fxgl.notification.view.XboxNotificationView
08:17:41.318 [FXGL Background Thread 3 ] DEBUG Engine               - pixelsPerMeter: 50.0
08:17:41.319 [FXGL Background Thread 3 ] DEBUG Engine               - platform: WINDOWS
08:17:41.319 [FXGL Background Thread 3 ] DEBUG Engine               - prefHeightProperty: ReadOnlyDoubleProperty [value: 720.0]
08:17:41.319 [FXGL Background Thread 3 ] DEBUG Engine               - prefWidthProperty: ReadOnlyDoubleProperty [value: 1280.0]
08:17:41.319 [FXGL Background Thread 3 ] DEBUG Engine               - profileDir: profiles/
08:17:41.319 [FXGL Background Thread 3 ] DEBUG Engine               - profileName: StringProperty [value: DEFAULT]
08:17:41.319 [FXGL Background Thread 3 ] DEBUG Engine               - randomSeed: -1
08:17:41.320 [FXGL Background Thread 3 ] DEBUG Engine               - runtimeInfo: RuntimeInfo(platform=WINDOWS, version=21.1, build=27.03.2024 07.52)
08:17:41.320 [FXGL Background Thread 3 ] DEBUG Engine               - saveFileExt: sav
08:17:41.320 [FXGL Background Thread 3 ] DEBUG Engine               - scaledHeightProp$fxgl: DoubleProperty [bound, value: 720.0]
08:17:41.320 [FXGL Background Thread 3 ] DEBUG Engine               - scaledWidthProp$fxgl: DoubleProperty [bound, value: 1280.0]
08:17:41.320 [FXGL Background Thread 3 ] DEBUG Engine               - sceneFactory: client.ClientMain$1@98fefc
08:17:41.321 [FXGL Background Thread 3 ] DEBUG Engine               - secondsIn24h: 60
08:17:41.321 [FXGL Background Thread 3 ] DEBUG Engine               - soundMenuBack: menu/back.wav
08:17:41.321 [FXGL Background Thread 3 ] DEBUG Engine               - soundMenuPress: menu/press.wav
08:17:41.321 [FXGL Background Thread 3 ] DEBUG Engine               - soundMenuSelect: menu/select.wav
08:17:41.321 [FXGL Background Thread 3 ] DEBUG Engine               - soundNotification: core/notification.wav
08:17:41.321 [FXGL Background Thread 3 ] DEBUG Engine               - stageStyle: DECORATED
08:17:41.321 [FXGL Background Thread 3 ] DEBUG Engine               - supportedLanguages: [ENGLISH, FRENCH, GERMAN, HUNGARIAN, RUSSIAN]
08:17:41.321 [FXGL Background Thread 3 ] DEBUG Engine               - ticksPerSecond: -1
08:17:41.321 [FXGL Background Thread 3 ] DEBUG Engine               - title: Myth Cards Client 0.0
08:17:41.322 [FXGL Background Thread 3 ] DEBUG Engine               - urlGithub: https://github.com/AlmasB/FXGL
08:17:41.322 [FXGL Background Thread 3 ] DEBUG Engine               - urlLeaderboard: http://fxgl-top.herokuapp.com/
08:17:41.322 [FXGL Background Thread 3 ] DEBUG Engine               - urlPOM: https://raw.githubusercontent.com/AlmasB/FXGL/release/README.md
08:17:41.322 [FXGL Background Thread 3 ] DEBUG Engine               - userAppClass: class client.ClientMain
08:17:41.322 [FXGL Background Thread 3 ] DEBUG Engine               - version: 0.0
08:17:41.322 [FXGL Background Thread 3 ] DEBUG Engine               - versionCheckDays: 7
08:17:41.322 [FXGL Background Thread 3 ] DEBUG Engine               - width: 1280
08:17:41.322 [FXGL Background Thread 3 ] DEBUG Engine               - Logging services
08:17:41.322 [FXGL Background Thread 3 ] DEBUG Engine               - class com.almasb.fxgl.app.services.FXGLAssetLoaderService
08:17:41.323 [FXGL Background Thread 3 ] DEBUG Engine               - class com.almasb.fxgl.app.FXGLApplication$GameApplicationService
08:17:41.323 [FXGL Background Thread 3 ] DEBUG Engine               - class com.almasb.fxgl.app.services.FXGLDialogService
08:17:41.323 [FXGL Background Thread 3 ] DEBUG Engine               - class com.almasb.fxgl.app.services.IOTaskExecutorService
08:17:41.323 [FXGL Background Thread 3 ] DEBUG Engine               - class com.almasb.fxgl.io.FileSystemService
08:17:41.323 [FXGL Background Thread 3 ] DEBUG Engine               - class com.almasb.fxgl.localization.LocalizationService
08:17:41.323 [FXGL Background Thread 3 ] DEBUG Engine               - class com.almasb.fxgl.app.services.SystemBundleService
08:17:41.323 [FXGL Background Thread 3 ] DEBUG Engine               - class com.almasb.fxgl.profile.SaveLoadService
08:17:41.323 [FXGL Background Thread 3 ] DEBUG Engine               - class com.almasb.fxgl.ui.FXGLUIFactoryServiceProvider
08:17:41.323 [FXGL Background Thread 3 ] DEBUG Engine               - class com.almasb.fxgl.ui.FXGLDialogFactoryServiceProvider
08:17:41.323 [FXGL Background Thread 3 ] DEBUG Engine               - class com.almasb.fxgl.audio.AudioPlayer
08:17:41.323 [FXGL Background Thread 3 ] DEBUG Engine               - class com.almasb.fxgl.notification.impl.NotificationServiceProvider
08:17:41.323 [FXGL Background Thread 3 ] DEBUG Engine               - class com.almasb.fxgl.achievement.AchievementService
08:17:41.324 [FXGL Background Thread 3 ] DEBUG Engine               - class com.almasb.fxgl.cutscene.CutsceneService
08:17:41.324 [FXGL Background Thread 3 ] DEBUG Engine               - class com.almasb.fxgl.minigames.MiniGameService
08:17:41.324 [FXGL Background Thread 3 ] DEBUG Engine               - class com.almasb.fxgl.net.NetService
08:17:41.324 [FXGL Background Thread 3 ] DEBUG Engine               - class com.almasb.fxgl.app.services.UpdaterService
08:17:41.324 [FXGL Background Thread 3 ] DEBUG Engine               - class com.almasb.fxgl.dev.DevService
08:19:47.603 [JavaFX Application Thread] DEBUG FXGLApplication      - Exiting FXGL
08:19:47.604 [JavaFX Application Thread] DEBUG LoopRunner           - Stopping loop
08:19:47.604 [JavaFX Application Thread] DEBUG SystemBundleService  - Saving FXGL system data
08:19:47.614 [JavaFX Application Thread] DEBUG FileSystemAccess     - Writing to: C:\Users\Mark Wachtel\git\mythcards-game\mythcardsgame\client\system\fxgl.bundle
08:19:47.620 [JavaFX Application Thread] DEBUG Async                - Shutting down background threads
08:19:47.622 [JavaFX Application Thread] DEBUG PrimaryStageWindow   - Closing main window
08:19:47.662 [JavaFX Application Thread] DEBUG Logger               - Closing Logger
