09:19:28.264 [main                     ] DEBUG Logger               - Configured Logger
09:19:28.299 [main                     ] DEBUG GameApplication      - Logging settings
Title: Myth Cards Client 0.0
Version: 0.0
Width: 1280
Height: 720
Fullscreen: false
Intro: true
Profiling: false
Single step:false
App Mode: DEVELOPER
Menu Key: ESCAPE
Stage Style: DECORATED
Scene Factory: class client.ClientMain$1

09:19:29.499 [JavaFX Application Thread] DEBUG FXGLApplication      - Initializing FXGL
09:19:29.507 [JavaFX Application Thread] INFO  Engine               - FXGL-21.1 (27.03.2024 07.52) on WINDOWS (J:24 FX:21)
09:19:29.508 [JavaFX Application Thread] DEBUG Engine               - JRE Vendor Name: Oracle Corporation
09:19:29.508 [JavaFX Application Thread] DEBUG Engine               - Running on OS: Windows 11 version 10.0
09:19:29.509 [JavaFX Application Thread] DEBUG Engine               - Architecture: amd64
09:19:29.509 [JavaFX Application Thread] INFO  Engine               - Source code and latest versions at: https://github.com/AlmasB/FXGL
09:19:29.509 [JavaFX Application Thread] INFO  Engine               -       Ask questions and discuss at: https://github.com/AlmasB/FXGL/discussions
09:19:29.509 [JavaFX Application Thread] INFO  Engine               -              Join the FXGL chat at: https://gitter.im/AlmasB/FXGL
09:19:30.178 [JavaFX Application Thread] DEBUG PrimaryStageWindow   - Creating a JavaFX scene
09:19:30.358 [JavaFX Application Thread] DEBUG PrimaryStageWindow   - Target settings size: 1280.0 x 720.0
09:19:30.358 [JavaFX Application Thread] DEBUG PrimaryStageWindow   - Scaled scene size:    1280.0 x 720.0
09:19:30.358 [JavaFX Application Thread] DEBUG PrimaryStageWindow   - Scaled ratio: (1.0, 1.0)
09:19:30.361 [JavaFX Application Thread] DEBUG PrimaryStageWindow   - Set initial scene to CustomStartupScene
09:19:30.383 [JavaFX Application Thread] DEBUG PrimaryStageWindow   - Opening main window
09:19:30.718 [JavaFX Application Thread] DEBUG PrimaryStageWindow   - Window border size: (16.0, 39.0)
09:19:30.719 [JavaFX Application Thread] DEBUG PrimaryStageWindow   - Scaled size: 1280.0 x 720.0
09:19:30.720 [JavaFX Application Thread] DEBUG PrimaryStageWindow   - Scaled ratio: (1.0, 1.0)
09:19:30.721 [JavaFX Application Thread] DEBUG PrimaryStageWindow   - Scene size: 1280.0 x 720.0
09:19:30.723 [JavaFX Application Thread] DEBUG PrimaryStageWindow   - Stage size: 1296.0 x 759.0
09:19:30.772 [FXGL Background Thread 1 ] DEBUG Engine               - Initializing environment variables
09:19:31.093 [FXGL Background Thread 1 ] DEBUG FXGLAssetLoaderServi - User app class for loading assets: class client.ClientMain
09:19:31.094 [FXGL Background Thread 1 ] DEBUG GameApplicationServi - Applying CSS: fxgl_dark.css
09:19:31.097 [FXGL Background Thread 1 ] DEBUG FXGLAssetLoaderServi - Loading from file system: jar:file:/C:/Users/Mark%20Wachtel/.m2/repository/com/github/almasb/fxgl/21.1/fxgl-21.1.jar!/fxglassets/ui/css/fxgl_dark.css
09:19:31.271 [FXGL Background Thread 1 ] DEBUG GameApplicationServi - Applying CSS: styles/chat.css
09:19:31.272 [FXGL Background Thread 1 ] DEBUG FXGLAssetLoaderServi - Loading from file system: file:/C:/Users/Mark%20Wachtel/git/mythcards-game/mythcardsgame/client/target/classes/assets/ui/css/styles/chat.css
09:19:31.277 [FXGL Background Thread 1 ] DEBUG GameApplicationServi - Initializing application scenes
09:19:31.462 [FXGL Background Thread 1 ] DEBUG GameWorld            - Game world initialized
09:19:31.694 [FXGL Background Thread 1 ] DEBUG PhysicsWorld         - Physics world initialized: appHeight=720, physics.ppm=50,0
09:19:31.694 [FXGL Background Thread 1 ] DEBUG PhysicsWorld         - Using strategy: BRUTE_FORCE
09:19:31.705 [FXGL Background Thread 1 ] DEBUG GameScene            - Game scene initialized: 1280x720
09:19:31.715 [FXGL Background Thread 1 ] DEBUG FXGLAssetLoaderServi - Loading from file system: file:/C:/Users/Mark%20Wachtel/git/mythcards-game/mythcardsgame/client/target/classes/assets/textures/bg/loading_screen.png
09:19:31.866 [FXGL Background Thread 1 ] DEBUG FXGL.DefaultMenu     - createMenuBodyGameMenu()
09:19:31.918 [FXGL Background Thread 1 ] DEBUG FXGL.DefaultMenu     - createOptionsMenu()
09:19:31.948 [FXGL Background Thread 1 ] DEBUG FXGLAssetLoaderServi - Loading from file system: jar:file:/C:/Users/Mark%20Wachtel/.m2/repository/com/github/almasb/fxgl/21.1/fxgl-21.1.jar!/fxglassets/textures/particles/smoke.png
09:19:32.302 [FXGL Background Thread 1 ] DEBUG FXGLAssetLoaderServi - Loading from file system: jar:file:/C:/Users/Mark%20Wachtel/.m2/repository/com/github/almasb/fxgl/21.1/fxgl-21.1.jar!/fxglassets/textures/particles/trace_horizontal.png
09:19:32.368 [FXGL Background Thread 1 ] DEBUG GameApplicationServi - Application scenes initialized
09:19:32.417 [FXGL Background Thread 1 ] DEBUG SystemBundleService  - Loading FXGL system data
09:19:32.426 [FXGL Background Thread 1 ] DEBUG FileSystemAccess     - Reading from: C:\Users\Mark Wachtel\git\mythcards-game\mythcardsgame\client\system\fxgl.bundle
09:19:32.445 [FXGL Background Thread 1 ] DEBUG SystemBundleService  - Bundle FXGL: {}
09:19:32.445 [FXGL Background Thread 1 ] DEBUG UpdaterService       - Checking for updates
09:19:32.472 [FXGL Background Thread 4 ] DEBUG FXGLApplication      - Loading fonts
09:19:32.474 [FXGL Background Thread 1 ] DEBUG FXGLApplication      - Loading default localization
09:19:32.476 [FXGL Background Thread 1 ] DEBUG FXGLAssetLoaderServi - Loading from file system: jar:file:/C:/Users/Mark%20Wachtel/.m2/repository/com/github/almasb/fxgl/21.1/fxgl-21.1.jar!/fxglassets/languages/english.lang
09:19:32.503 [FXGL Background Thread 4 ] DEBUG FXGLAssetLoaderServi - Loading from file system: jar:file:/C:/Users/Mark%20Wachtel/.m2/repository/com/github/almasb/fxgl/21.1/fxgl-21.1.jar!/fxglassets/ui/fonts/VarelaRound-Regular.ttf
09:19:32.587 [FXGL Background Thread 4 ] DEBUG FXGLAssetLoaderServi - Loading from file system: jar:file:/C:/Users/Mark%20Wachtel/.m2/repository/com/github/almasb/fxgl/21.1/fxgl-21.1.jar!/fxglassets/ui/fonts/Abel-Regular.ttf
09:19:32.604 [FXGL Background Thread 1 ] INFO  FXGLApplication      - FXGL initialization took: 1,831 sec
09:19:32.610 [JavaFX Application Thread] DEBUG FXGLAssetLoaderServi - Loading from file system: jar:file:/C:/Users/Mark%20Wachtel/.m2/repository/com/github/almasb/fxgl/21.1/fxgl-21.1.jar!/fxglassets/textures/fxgl_icon.png
09:19:32.624 [FXGL Background Thread 4 ] DEBUG FXGLAssetLoaderServi - Loading from file system: jar:file:/C:/Users/Mark%20Wachtel/.m2/repository/com/github/almasb/fxgl/21.1/fxgl-21.1.jar!/fxglassets/ui/fonts/TerminalLandMono-Regular.otf
09:19:32.695 [JavaFX Application Thread] DEBUG FXGLAssetLoaderServi - Loading from file system: jar:file:/C:/Users/Mark%20Wachtel/.m2/repository/com/github/almasb/fxgl/21.1/fxgl-21.1.jar!/fxglassets/textures/fxgl_default_cursor.png
09:19:32.713 [FXGL Background Thread 4 ] DEBUG FXGLAssetLoaderServi - Loading from file system: jar:file:/C:/Users/Mark%20Wachtel/.m2/repository/com/github/almasb/fxgl/21.1/fxgl-21.1.jar!/fxglassets/ui/fonts/Courier-Prime.ttf
09:19:32.753 [JavaFX Application Thread] DEBUG Input                - Registered new binding: Screenshot - CTRL+8
09:19:32.755 [JavaFX Application Thread] DEBUG Input                - Registered new binding: System info dump - CTRL+9
09:19:32.757 [JavaFX Application Thread] DEBUG Input                - Registered new binding: Restart - CTRL+R
09:19:32.759 [JavaFX Application Thread] DEBUG Input                - Registered new binding: Toggle Debug Camera - CTRL+7
09:19:32.771 [JavaFX Application Thread] DEBUG LoopRunner           - Starting loop
09:19:32.771 [JavaFX Application Thread] DEBUG LoopRunner           - Initializing JavaFX AnimationTimerLoop
09:19:32.777 [JavaFX Application Thread] DEBUG GameApplicationServi - Starting new game
09:19:32.777 [JavaFX Application Thread] DEBUG Input                - Clearing active input actions
09:19:32.883 [JavaFX Application Thread] DEBUG GameApplicationServi - Removing overlay from CustomStartupScene and adding to FXGLLoadingScene
09:19:32.884 [JavaFX Application Thread] DEBUG PrimaryStageWindow   - CustomStartupScene -> FXGLLoadingScene
09:19:32.884 [JavaFX Application Thread] DEBUG GameApplicationServi - Clearing previous game
09:19:32.885 [JavaFX Application Thread] DEBUG GameScene            - Clearing game scene
09:19:32.885 [JavaFX Application Thread] DEBUG GameWorld            - Clearing game world
09:19:32.885 [JavaFX Application Thread] DEBUG PhysicsWorld         - Clearing physics world
09:19:32.899 [JavaFX Application Thread] DEBUG Input                - Clearing active input actions
09:19:32.905 [FXGL Background Thread 4 ] DEBUG FXGLApplication      - Initializing game
09:19:32.991 [FXGL Background Thread 4 ] INFO  FXGLApplication      - Game initialization took: 0,086 sec
09:19:33.002 [JavaFX Application Thread] DEBUG GameApplicationServi - Removing overlay from FXGLLoadingScene and adding to MyIntroScene
09:19:33.003 [JavaFX Application Thread] DEBUG PrimaryStageWindow   - CustomStartupScene -> MyIntroScene
09:19:33.003 [JavaFX Application Thread] DEBUG FXGLApplication      - Registering font factories with UI factory
09:19:33.057 [JavaFX Application Thread] DEBUG Input                - Clearing active input actions
09:19:33.151 [JavaFX Application Thread] DEBUG GameApplicationServi - Removing overlay from MyIntroScene and adding to GameScene
09:19:33.152 [JavaFX Application Thread] DEBUG PrimaryStageWindow   - MyIntroScene -> GameScene
09:19:35.461 [FXGL Background Thread 3 ] DEBUG Engine               - Logging environment variables
09:19:35.462 [FXGL Background Thread 3 ] DEBUG Engine               - achievements: []
09:19:35.462 [FXGL Background Thread 3 ] DEBUG Engine               - actualHeight: 720.0
09:19:35.462 [FXGL Background Thread 3 ] DEBUG Engine               - actualHeightProperty: ReadOnlyDoubleProperty [value: 720.0]
09:19:35.462 [FXGL Background Thread 3 ] DEBUG Engine               - actualWidth: 1280.0
09:19:35.462 [FXGL Background Thread 3 ] DEBUG Engine               - actualWidthProperty: ReadOnlyDoubleProperty [value: 1280.0]
09:19:35.462 [FXGL Background Thread 3 ] DEBUG Engine               - appIcon: fxgl_icon.png
09:19:35.463 [FXGL Background Thread 3 ] DEBUG Engine               - applicationMode: DEVELOPER
09:19:35.463 [FXGL Background Thread 3 ] DEBUG Engine               - cSSList: [fxgl_dark.css, styles/chat.css]
09:19:35.463 [FXGL Background Thread 3 ] DEBUG Engine               - collisionDetectionStrategy: BRUTE_FORCE
09:19:35.463 [FXGL Background Thread 3 ] DEBUG Engine               - configClass: Optional.empty
09:19:35.463 [FXGL Background Thread 3 ] DEBUG Engine               - credits: []
09:19:35.464 [FXGL Background Thread 3 ] DEBUG Engine               - defaultCursor: CursorInfo(imageName=fxgl_default_cursor.png, hotspotX=7.0, hotspotY=6.0)
09:19:35.464 [FXGL Background Thread 3 ] DEBUG Engine               - devBBoxColorProperty: ObjectProperty [value: 0xff0000ff]
09:19:35.464 [FXGL Background Thread 3 ] DEBUG Engine               - devEnableDebugCameraProperty: BooleanProperty [value: false]
09:19:35.465 [FXGL Background Thread 3 ] DEBUG Engine               - devSensorColorProperty: ObjectProperty [value: 0xffff00ff]
09:19:35.465 [FXGL Background Thread 3 ] DEBUG Engine               - devShowBBoxProperty: BooleanProperty [value: false]
09:19:35.465 [FXGL Background Thread 3 ] DEBUG Engine               - devShowPositionProperty: BooleanProperty [value: false]
09:19:35.465 [FXGL Background Thread 3 ] DEBUG Engine               - enabledMenuItems: []
09:19:35.465 [FXGL Background Thread 3 ] DEBUG Engine               - engineServices: [class com.almasb.fxgl.app.services.FXGLAssetLoaderService, class com.almasb.fxgl.app.FXGLApplication$GameApplicationService, class com.almasb.fxgl.app.services.FXGLDialogService, class com.almasb.fxgl.app.services.IOTaskExecutorService, class com.almasb.fxgl.io.FileSystemService, class com.almasb.fxgl.localization.LocalizationService, class com.almasb.fxgl.app.services.SystemBundleService, class com.almasb.fxgl.profile.SaveLoadService, class com.almasb.fxgl.ui.FXGLUIFactoryServiceProvider, class com.almasb.fxgl.ui.FXGLDialogFactoryServiceProvider, class com.almasb.fxgl.audio.AudioPlayer, class com.almasb.fxgl.notification.impl.NotificationServiceProvider, class com.almasb.fxgl.achievement.AchievementService, class com.almasb.fxgl.cutscene.CutsceneService, class com.almasb.fxgl.minigames.MiniGameService, class com.almasb.fxgl.net.NetService, class com.almasb.fxgl.app.services.UpdaterService, class com.almasb.fxgl.dev.DevService]
09:19:35.465 [FXGL Background Thread 3 ] DEBUG Engine               - fontGame: Abel-Regular.ttf
09:19:35.466 [FXGL Background Thread 3 ] DEBUG Engine               - fontMono: TerminalLandMono-Regular.otf
09:19:35.466 [FXGL Background Thread 3 ] DEBUG Engine               - fontSizeScaleUI: 1.0
09:19:35.466 [FXGL Background Thread 3 ] DEBUG Engine               - fontText: Courier-Prime.ttf
09:19:35.466 [FXGL Background Thread 3 ] DEBUG Engine               - fontUI: VarelaRound-Regular.ttf
09:19:35.466 [FXGL Background Thread 3 ] DEBUG Engine               - fullScreen: BooleanProperty [value: false]
09:19:35.466 [FXGL Background Thread 3 ] DEBUG Engine               - gameDifficulty: MEDIUM
09:19:35.466 [FXGL Background Thread 3 ] DEBUG Engine               - gameDifficultyProperty: ObjectProperty [value: MEDIUM]
09:19:35.466 [FXGL Background Thread 3 ] DEBUG Engine               - globalMusicVolume: 0.5
09:19:35.467 [FXGL Background Thread 3 ] DEBUG Engine               - globalMusicVolumeProperty: DoubleProperty [value: 0.5]
09:19:35.467 [FXGL Background Thread 3 ] DEBUG Engine               - globalSoundVolume: 0.5
09:19:35.467 [FXGL Background Thread 3 ] DEBUG Engine               - globalSoundVolumeProperty: DoubleProperty [value: 0.5]
09:19:35.467 [FXGL Background Thread 3 ] DEBUG Engine               - height: 720
09:19:35.467 [FXGL Background Thread 3 ] DEBUG Engine               - is3D: false
09:19:35.467 [FXGL Background Thread 3 ] DEBUG Engine               - isAndroid: false
09:19:35.467 [FXGL Background Thread 3 ] DEBUG Engine               - isBrowser: false
09:19:35.467 [FXGL Background Thread 3 ] DEBUG Engine               - isClickFeedbackEnabled: false
09:19:35.467 [FXGL Background Thread 3 ] DEBUG Engine               - isCloseConfirmation: false
09:19:35.467 [FXGL Background Thread 3 ] DEBUG Engine               - isDesktop: true
09:19:35.468 [FXGL Background Thread 3 ] DEBUG Engine               - isDeveloperMenuEnabled: false
09:19:35.468 [FXGL Background Thread 3 ] DEBUG Engine               - isEmbedded: false
09:19:35.468 [FXGL Background Thread 3 ] DEBUG Engine               - isEntityPreloadEnabled: true
09:19:35.468 [FXGL Background Thread 3 ] DEBUG Engine               - isExperimentalTiledLargeMap: false
09:19:35.468 [FXGL Background Thread 3 ] DEBUG Engine               - isFileSystemWriteAllowed: true
09:19:35.468 [FXGL Background Thread 3 ] DEBUG Engine               - isFullScreenAllowed: false
09:19:35.468 [FXGL Background Thread 3 ] DEBUG Engine               - isFullScreenFromStart: false
09:19:35.468 [FXGL Background Thread 3 ] DEBUG Engine               - isGameMenuEnabled: true
09:19:35.469 [FXGL Background Thread 3 ] DEBUG Engine               - isIOS: false
09:19:35.469 [FXGL Background Thread 3 ] DEBUG Engine               - isIntroEnabled: true
09:19:35.469 [FXGL Background Thread 3 ] DEBUG Engine               - isLinux: false
09:19:35.469 [FXGL Background Thread 3 ] DEBUG Engine               - isMac: false
09:19:35.469 [FXGL Background Thread 3 ] DEBUG Engine               - isMainMenuEnabled: false
09:19:35.469 [FXGL Background Thread 3 ] DEBUG Engine               - isManualResizeEnabled: false
09:19:35.469 [FXGL Background Thread 3 ] DEBUG Engine               - isMobile: false
09:19:35.470 [FXGL Background Thread 3 ] DEBUG Engine               - isNative: false
09:19:35.470 [FXGL Background Thread 3 ] DEBUG Engine               - isPauseMusicWhenMinimized: true
09:19:35.470 [FXGL Background Thread 3 ] DEBUG Engine               - isPreserveResizeRatio: false
09:19:35.470 [FXGL Background Thread 3 ] DEBUG Engine               - isProfilingEnabled: false
09:19:35.470 [FXGL Background Thread 3 ] DEBUG Engine               - isScaleAffectedOnResize: true
09:19:35.470 [FXGL Background Thread 3 ] DEBUG Engine               - isSingleStep: false
09:19:35.470 [FXGL Background Thread 3 ] DEBUG Engine               - isUserProfileEnabled: false
09:19:35.470 [FXGL Background Thread 3 ] DEBUG Engine               - isWindows: true
09:19:35.470 [FXGL Background Thread 3 ] DEBUG Engine               - language: ObjectProperty [value: ENGLISH]
09:19:35.471 [FXGL Background Thread 3 ] DEBUG Engine               - menuKey: ESCAPE
09:19:35.471 [FXGL Background Thread 3 ] DEBUG Engine               - mouseSensitivity: 0.2
09:19:35.471 [FXGL Background Thread 3 ] DEBUG Engine               - notificationViewClass: class com.almasb.fxgl.notification.view.XboxNotificationView
09:19:35.471 [FXGL Background Thread 3 ] DEBUG Engine               - pixelsPerMeter: 50.0
09:19:35.471 [FXGL Background Thread 3 ] DEBUG Engine               - platform: WINDOWS
09:19:35.471 [FXGL Background Thread 3 ] DEBUG Engine               - prefHeightProperty: ReadOnlyDoubleProperty [value: 720.0]
09:19:35.472 [FXGL Background Thread 3 ] DEBUG Engine               - prefWidthProperty: ReadOnlyDoubleProperty [value: 1280.0]
09:19:35.472 [FXGL Background Thread 3 ] DEBUG Engine               - profileDir: profiles/
09:19:35.472 [FXGL Background Thread 3 ] DEBUG Engine               - profileName: StringProperty [value: DEFAULT]
09:19:35.472 [FXGL Background Thread 3 ] DEBUG Engine               - randomSeed: -1
09:19:35.472 [FXGL Background Thread 3 ] DEBUG Engine               - runtimeInfo: RuntimeInfo(platform=WINDOWS, version=21.1, build=27.03.2024 07.52)
09:19:35.473 [FXGL Background Thread 3 ] DEBUG Engine               - saveFileExt: sav
09:19:35.473 [FXGL Background Thread 3 ] DEBUG Engine               - scaledHeightProp$fxgl: DoubleProperty [bound, value: 720.0]
09:19:35.473 [FXGL Background Thread 3 ] DEBUG Engine               - scaledWidthProp$fxgl: DoubleProperty [bound, value: 1280.0]
09:19:35.473 [FXGL Background Thread 3 ] DEBUG Engine               - sceneFactory: client.ClientMain$1@610b7d30
09:19:35.473 [FXGL Background Thread 3 ] DEBUG Engine               - secondsIn24h: 60
09:19:35.473 [FXGL Background Thread 3 ] DEBUG Engine               - soundMenuBack: menu/back.wav
09:19:35.473 [FXGL Background Thread 3 ] DEBUG Engine               - soundMenuPress: menu/press.wav
09:19:35.473 [FXGL Background Thread 3 ] DEBUG Engine               - soundMenuSelect: menu/select.wav
09:19:35.474 [FXGL Background Thread 3 ] DEBUG Engine               - soundNotification: core/notification.wav
09:19:35.474 [FXGL Background Thread 3 ] DEBUG Engine               - stageStyle: DECORATED
09:19:35.474 [FXGL Background Thread 3 ] DEBUG Engine               - supportedLanguages: [ENGLISH, FRENCH, GERMAN, HUNGARIAN, RUSSIAN]
09:19:35.474 [FXGL Background Thread 3 ] DEBUG Engine               - ticksPerSecond: -1
09:19:35.474 [FXGL Background Thread 3 ] DEBUG Engine               - title: Myth Cards Client 0.0
09:19:35.474 [FXGL Background Thread 3 ] DEBUG Engine               - urlGithub: https://github.com/AlmasB/FXGL
09:19:35.474 [FXGL Background Thread 3 ] DEBUG Engine               - urlLeaderboard: http://fxgl-top.herokuapp.com/
09:19:35.474 [FXGL Background Thread 3 ] DEBUG Engine               - urlPOM: https://raw.githubusercontent.com/AlmasB/FXGL/release/README.md
09:19:35.474 [FXGL Background Thread 3 ] DEBUG Engine               - userAppClass: class client.ClientMain
09:19:35.474 [FXGL Background Thread 3 ] DEBUG Engine               - version: 0.0
09:19:35.475 [FXGL Background Thread 3 ] DEBUG Engine               - versionCheckDays: 7
09:19:35.475 [FXGL Background Thread 3 ] DEBUG Engine               - width: 1280
09:19:35.475 [FXGL Background Thread 3 ] DEBUG Engine               - Logging services
09:19:35.475 [FXGL Background Thread 3 ] DEBUG Engine               - class com.almasb.fxgl.app.services.FXGLAssetLoaderService
09:19:35.475 [FXGL Background Thread 3 ] DEBUG Engine               - class com.almasb.fxgl.app.FXGLApplication$GameApplicationService
09:19:35.475 [FXGL Background Thread 3 ] DEBUG Engine               - class com.almasb.fxgl.app.services.FXGLDialogService
09:19:35.475 [FXGL Background Thread 3 ] DEBUG Engine               - class com.almasb.fxgl.app.services.IOTaskExecutorService
09:19:35.476 [FXGL Background Thread 3 ] DEBUG Engine               - class com.almasb.fxgl.io.FileSystemService
09:19:35.476 [FXGL Background Thread 3 ] DEBUG Engine               - class com.almasb.fxgl.localization.LocalizationService
09:19:35.476 [FXGL Background Thread 3 ] DEBUG Engine               - class com.almasb.fxgl.app.services.SystemBundleService
09:19:35.476 [FXGL Background Thread 3 ] DEBUG Engine               - class com.almasb.fxgl.profile.SaveLoadService
09:19:35.476 [FXGL Background Thread 3 ] DEBUG Engine               - class com.almasb.fxgl.ui.FXGLUIFactoryServiceProvider
09:19:35.476 [FXGL Background Thread 3 ] DEBUG Engine               - class com.almasb.fxgl.ui.FXGLDialogFactoryServiceProvider
09:19:35.476 [FXGL Background Thread 3 ] DEBUG Engine               - class com.almasb.fxgl.audio.AudioPlayer
09:19:35.476 [FXGL Background Thread 3 ] DEBUG Engine               - class com.almasb.fxgl.notification.impl.NotificationServiceProvider
09:19:35.476 [FXGL Background Thread 3 ] DEBUG Engine               - class com.almasb.fxgl.achievement.AchievementService
09:19:35.476 [FXGL Background Thread 3 ] DEBUG Engine               - class com.almasb.fxgl.cutscene.CutsceneService
09:19:35.477 [FXGL Background Thread 3 ] DEBUG Engine               - class com.almasb.fxgl.minigames.MiniGameService
09:19:35.477 [FXGL Background Thread 3 ] DEBUG Engine               - class com.almasb.fxgl.net.NetService
09:19:35.477 [FXGL Background Thread 3 ] DEBUG Engine               - class com.almasb.fxgl.app.services.UpdaterService
09:19:35.477 [FXGL Background Thread 3 ] DEBUG Engine               - class com.almasb.fxgl.dev.DevService
09:20:18.633 [JavaFX Application Thread] DEBUG FXGLApplication      - Exiting FXGL
09:20:18.634 [JavaFX Application Thread] DEBUG LoopRunner           - Stopping loop
09:20:18.634 [JavaFX Application Thread] DEBUG SystemBundleService  - Saving FXGL system data
09:20:18.644 [JavaFX Application Thread] DEBUG FileSystemAccess     - Writing to: C:\Users\Mark Wachtel\git\mythcards-game\mythcardsgame\client\system\fxgl.bundle
09:20:18.651 [JavaFX Application Thread] DEBUG Async                - Shutting down background threads
09:20:18.652 [JavaFX Application Thread] DEBUG PrimaryStageWindow   - Closing main window
09:20:18.685 [JavaFX Application Thread] DEBUG Logger               - Closing Logger
