10:41:06.122 [main                     ] DEBUG Logger               - Configured Logger
10:41:06.130 [main                     ] DEBUG GameApplication      - Logging settings
Title: Myth Cards Client
Version: 0.0
Width: 1280
Height: 720
Fullscreen: false
Intro: false
Profiling: false
Single step:false
App Mode: DEVELOPER
Menu Key: ESCAPE
Stage Style: DECORATED
Scene Factory: class com.almasb.fxgl.app.scene.SceneFactory

10:41:06.550 [JavaFX Application Thread] DEBUG FXGLApplication      - Initializing FXGL
10:41:06.553 [JavaFX Application Thread] INFO  Engine               - FXGL-21.1 (27.03.2024 07.52) on WINDOWS (J:24 FX:21)
10:41:06.553 [JavaFX Application Thread] DEBUG Engine               - JRE Vendor Name: Oracle Corporation
10:41:06.554 [JavaFX Application Thread] DEBUG Engine               - Running on OS: Windows 11 version 10.0
10:41:06.554 [JavaFX Application Thread] DEBUG Engine               - Architecture: amd64
10:41:06.554 [JavaFX Application Thread] INFO  Engine               - Source code and latest versions at: https://github.com/AlmasB/FXGL
10:41:06.554 [JavaFX Application Thread] INFO  Engine               -       Ask questions and discuss at: https://github.com/AlmasB/FXGL/discussions
10:41:06.554 [JavaFX Application Thread] INFO  Engine               -              Join the FXGL chat at: https://gitter.im/AlmasB/FXGL
10:41:06.702 [JavaFX Application Thread] DEBUG PrimaryStageWindow   - Creating a JavaFX scene
10:41:06.760 [JavaFX Application Thread] DEBUG PrimaryStageWindow   - Target settings size: 1280.0 x 720.0
10:41:06.760 [JavaFX Application Thread] DEBUG PrimaryStageWindow   - Scaled scene size:    1280.0 x 720.0
10:41:06.760 [JavaFX Application Thread] DEBUG PrimaryStageWindow   - Scaled ratio: (1.0, 1.0)
10:41:06.762 [JavaFX Application Thread] DEBUG PrimaryStageWindow   - Set initial scene to FXGLStartupScene
10:41:06.766 [JavaFX Application Thread] DEBUG PrimaryStageWindow   - Opening main window
10:41:06.898 [JavaFX Application Thread] DEBUG PrimaryStageWindow   - Window border size: (16.0, 39.0)
10:41:06.898 [JavaFX Application Thread] DEBUG PrimaryStageWindow   - Scaled size: 1280.0 x 720.0
10:41:06.899 [JavaFX Application Thread] DEBUG PrimaryStageWindow   - Scaled ratio: (1.0, 1.0)
10:41:06.899 [JavaFX Application Thread] DEBUG PrimaryStageWindow   - Scene size: 1280.0 x 720.0
10:41:06.899 [JavaFX Application Thread] DEBUG PrimaryStageWindow   - Stage size: 1296.0 x 759.0
10:41:06.909 [FXGL Background Thread 1 ] DEBUG Engine               - Initializing environment variables
10:41:07.024 [FXGL Background Thread 1 ] DEBUG FXGLAssetLoaderServi - User app class for loading assets: class client.ClientMain
10:41:07.024 [FXGL Background Thread 1 ] DEBUG GameApplicationServi - Applying CSS: fxgl_dark.css
10:41:07.025 [FXGL Background Thread 1 ] DEBUG FXGLAssetLoaderServi - Loading from file system: jar:file:/C:/Users/Mark%20Wachtel/.m2/repository/com/github/almasb/fxgl/21.1/fxgl-21.1.jar!/fxglassets/ui/css/fxgl_dark.css
10:41:07.096 [FXGL Background Thread 1 ] DEBUG GameApplicationServi - Initializing application scenes
10:41:07.172 [FXGL Background Thread 1 ] DEBUG GameWorld            - Game world initialized
10:41:07.258 [FXGL Background Thread 1 ] DEBUG PhysicsWorld         - Physics world initialized: appHeight=720, physics.ppm=50,0
10:41:07.258 [FXGL Background Thread 1 ] DEBUG PhysicsWorld         - Using strategy: BRUTE_FORCE
10:41:07.261 [FXGL Background Thread 1 ] DEBUG GameScene            - Game scene initialized: 1280x720
10:41:07.280 [FXGL Background Thread 1 ] DEBUG FXGL.DefaultMenu     - createMenuBodyGameMenu()
10:41:07.307 [FXGL Background Thread 1 ] DEBUG FXGL.DefaultMenu     - createOptionsMenu()
10:41:07.326 [FXGL Background Thread 1 ] DEBUG FXGLAssetLoaderServi - Loading from file system: jar:file:/C:/Users/Mark%20Wachtel/.m2/repository/com/github/almasb/fxgl/21.1/fxgl-21.1.jar!/fxglassets/textures/particles/smoke.png
10:41:07.487 [FXGL Background Thread 1 ] DEBUG FXGLAssetLoaderServi - Loading from file system: jar:file:/C:/Users/Mark%20Wachtel/.m2/repository/com/github/almasb/fxgl/21.1/fxgl-21.1.jar!/fxglassets/textures/particles/trace_horizontal.png
10:41:07.519 [FXGL Background Thread 1 ] DEBUG GameApplicationServi - Application scenes initialized
10:41:07.535 [FXGL Background Thread 1 ] DEBUG SystemBundleService  - Loading FXGL system data
10:41:07.545 [FXGL Background Thread 1 ] DEBUG FileSystemAccess     - Reading from: C:\Users\Mark Wachtel\git\mythcards-game\mythcardsgame\client\system\fxgl.bundle
10:41:07.554 [FXGL Background Thread 1 ] DEBUG SystemBundleService  - Bundle FXGL: {}
10:41:07.554 [FXGL Background Thread 1 ] DEBUG UpdaterService       - Checking for updates
10:41:07.561 [FXGL Background Thread 4 ] DEBUG FXGLApplication      - Loading fonts
10:41:07.561 [FXGL Background Thread 4 ] DEBUG FXGLAssetLoaderServi - Loading from file system: jar:file:/C:/Users/Mark%20Wachtel/.m2/repository/com/github/almasb/fxgl/21.1/fxgl-21.1.jar!/fxglassets/ui/fonts/VarelaRound-Regular.ttf
10:41:07.563 [FXGL Background Thread 1 ] DEBUG FXGLApplication      - Loading default localization
10:41:07.563 [FXGL Background Thread 1 ] DEBUG FXGLAssetLoaderServi - Loading from file system: jar:file:/C:/Users/Mark%20Wachtel/.m2/repository/com/github/almasb/fxgl/21.1/fxgl-21.1.jar!/fxglassets/languages/english.lang
10:41:07.591 [FXGL Background Thread 4 ] DEBUG FXGLAssetLoaderServi - Loading from file system: jar:file:/C:/Users/Mark%20Wachtel/.m2/repository/com/github/almasb/fxgl/21.1/fxgl-21.1.jar!/fxglassets/ui/fonts/Abel-Regular.ttf
10:41:07.603 [FXGL Background Thread 4 ] DEBUG FXGLAssetLoaderServi - Loading from file system: jar:file:/C:/Users/Mark%20Wachtel/.m2/repository/com/github/almasb/fxgl/21.1/fxgl-21.1.jar!/fxglassets/ui/fonts/TerminalLandMono-Regular.otf
10:41:07.610 [FXGL Background Thread 1 ] INFO  FXGLApplication      - FXGL initialization took: 0,701 sec
10:41:07.611 [JavaFX Application Thread] DEBUG FXGLAssetLoaderServi - Loading from file system: jar:file:/C:/Users/Mark%20Wachtel/.m2/repository/com/github/almasb/fxgl/21.1/fxgl-21.1.jar!/fxglassets/textures/fxgl_icon.png
10:41:07.617 [FXGL Background Thread 4 ] DEBUG FXGLAssetLoaderServi - Loading from file system: jar:file:/C:/Users/Mark%20Wachtel/.m2/repository/com/github/almasb/fxgl/21.1/fxgl-21.1.jar!/fxglassets/ui/fonts/Courier-Prime.ttf
10:41:07.640 [JavaFX Application Thread] DEBUG FXGLAssetLoaderServi - Loading from file system: jar:file:/C:/Users/Mark%20Wachtel/.m2/repository/com/github/almasb/fxgl/21.1/fxgl-21.1.jar!/fxglassets/textures/fxgl_default_cursor.png
10:41:07.663 [JavaFX Application Thread] DEBUG Input                - Registered new binding: Screenshot - CTRL+8
10:41:07.663 [JavaFX Application Thread] DEBUG Input                - Registered new binding: System info dump - CTRL+9
10:41:07.664 [JavaFX Application Thread] DEBUG Input                - Registered new binding: Restart - CTRL+R
10:41:07.665 [JavaFX Application Thread] DEBUG Input                - Registered new binding: Toggle Debug Camera - CTRL+7
10:41:07.673 [JavaFX Application Thread] DEBUG LoopRunner           - Starting loop
10:41:07.673 [JavaFX Application Thread] DEBUG LoopRunner           - Initializing JavaFX AnimationTimerLoop
10:41:07.678 [JavaFX Application Thread] DEBUG GameApplicationServi - Starting new game
10:41:07.678 [JavaFX Application Thread] DEBUG Input                - Clearing active input actions
10:41:07.695 [JavaFX Application Thread] DEBUG GameApplicationServi - Removing overlay from FXGLStartupScene and adding to FXGLLoadingScene
10:41:07.695 [JavaFX Application Thread] DEBUG PrimaryStageWindow   - FXGLStartupScene -> FXGLLoadingScene
10:41:07.696 [JavaFX Application Thread] DEBUG GameApplicationServi - Clearing previous game
10:41:07.696 [JavaFX Application Thread] DEBUG GameScene            - Clearing game scene
10:41:07.696 [JavaFX Application Thread] DEBUG GameWorld            - Clearing game world
10:41:07.696 [JavaFX Application Thread] DEBUG PhysicsWorld         - Clearing physics world
10:41:07.699 [FXGL Background Thread 4 ] DEBUG FXGLApplication      - Initializing game
10:41:07.699 [JavaFX Application Thread] DEBUG FXGLApplication      - Registering font factories with UI factory
10:41:07.940 [FXGL Background Thread 4 ] INFO  FXGLApplication      - Game initialization took: 0,241 sec
10:41:07.948 [JavaFX Application Thread] DEBUG Input                - Clearing active input actions
10:41:07.962 [JavaFX Application Thread] DEBUG GameApplicationServi - Removing overlay from FXGLLoadingScene and adding to GameScene
10:41:07.963 [JavaFX Application Thread] DEBUG PrimaryStageWindow   - FXGLLoadingScene -> GameScene
10:41:10.559 [FXGL Background Thread 3 ] DEBUG Engine               - Logging environment variables
10:41:10.560 [FXGL Background Thread 3 ] DEBUG Engine               - achievements: []
10:41:10.560 [FXGL Background Thread 3 ] DEBUG Engine               - actualHeight: 720.0
10:41:10.560 [FXGL Background Thread 3 ] DEBUG Engine               - actualHeightProperty: ReadOnlyDoubleProperty [value: 720.0]
10:41:10.561 [FXGL Background Thread 3 ] DEBUG Engine               - actualWidth: 1280.0
10:41:10.561 [FXGL Background Thread 3 ] DEBUG Engine               - actualWidthProperty: ReadOnlyDoubleProperty [value: 1280.0]
10:41:10.561 [FXGL Background Thread 3 ] DEBUG Engine               - appIcon: fxgl_icon.png
10:41:10.561 [FXGL Background Thread 3 ] DEBUG Engine               - applicationMode: DEVELOPER
10:41:10.561 [FXGL Background Thread 3 ] DEBUG Engine               - cSSList: [fxgl_dark.css]
10:41:10.561 [FXGL Background Thread 3 ] DEBUG Engine               - collisionDetectionStrategy: BRUTE_FORCE
10:41:10.561 [FXGL Background Thread 3 ] DEBUG Engine               - configClass: Optional.empty
10:41:10.561 [FXGL Background Thread 3 ] DEBUG Engine               - credits: []
10:41:10.562 [FXGL Background Thread 3 ] DEBUG Engine               - defaultCursor: CursorInfo(imageName=fxgl_default_cursor.png, hotspotX=7.0, hotspotY=6.0)
10:41:10.562 [FXGL Background Thread 3 ] DEBUG Engine               - devBBoxColorProperty: ObjectProperty [value: 0xff0000ff]
10:41:10.563 [FXGL Background Thread 3 ] DEBUG Engine               - devEnableDebugCameraProperty: BooleanProperty [value: false]
10:41:10.563 [FXGL Background Thread 3 ] DEBUG Engine               - devSensorColorProperty: ObjectProperty [value: 0xffff00ff]
10:41:10.563 [FXGL Background Thread 3 ] DEBUG Engine               - devShowBBoxProperty: BooleanProperty [value: false]
10:41:10.563 [FXGL Background Thread 3 ] DEBUG Engine               - devShowPositionProperty: BooleanProperty [value: false]
10:41:10.563 [FXGL Background Thread 3 ] DEBUG Engine               - enabledMenuItems: []
10:41:10.563 [FXGL Background Thread 3 ] DEBUG Engine               - engineServices: [class com.almasb.fxgl.app.services.FXGLAssetLoaderService, class com.almasb.fxgl.app.FXGLApplication$GameApplicationService, class com.almasb.fxgl.app.services.FXGLDialogService, class com.almasb.fxgl.app.services.IOTaskExecutorService, class com.almasb.fxgl.io.FileSystemService, class com.almasb.fxgl.localization.LocalizationService, class com.almasb.fxgl.app.services.SystemBundleService, class com.almasb.fxgl.profile.SaveLoadService, class com.almasb.fxgl.ui.FXGLUIFactoryServiceProvider, class com.almasb.fxgl.ui.FXGLDialogFactoryServiceProvider, class com.almasb.fxgl.audio.AudioPlayer, class com.almasb.fxgl.notification.impl.NotificationServiceProvider, class com.almasb.fxgl.achievement.AchievementService, class com.almasb.fxgl.cutscene.CutsceneService, class com.almasb.fxgl.minigames.MiniGameService, class com.almasb.fxgl.net.NetService, class com.almasb.fxgl.app.services.UpdaterService, class com.almasb.fxgl.dev.DevService]
10:41:10.564 [FXGL Background Thread 3 ] DEBUG Engine               - fontGame: Abel-Regular.ttf
10:41:10.564 [FXGL Background Thread 3 ] DEBUG Engine               - fontMono: TerminalLandMono-Regular.otf
10:41:10.564 [FXGL Background Thread 3 ] DEBUG Engine               - fontSizeScaleUI: 1.0
10:41:10.564 [FXGL Background Thread 3 ] DEBUG Engine               - fontText: Courier-Prime.ttf
10:41:10.564 [FXGL Background Thread 3 ] DEBUG Engine               - fontUI: VarelaRound-Regular.ttf
10:41:10.564 [FXGL Background Thread 3 ] DEBUG Engine               - fullScreen: BooleanProperty [value: false]
10:41:10.565 [FXGL Background Thread 3 ] DEBUG Engine               - gameDifficulty: MEDIUM
10:41:10.565 [FXGL Background Thread 3 ] DEBUG Engine               - gameDifficultyProperty: ObjectProperty [value: MEDIUM]
10:41:10.565 [FXGL Background Thread 3 ] DEBUG Engine               - globalMusicVolume: 0.5
10:41:10.565 [FXGL Background Thread 3 ] DEBUG Engine               - globalMusicVolumeProperty: DoubleProperty [value: 0.5]
10:41:10.565 [FXGL Background Thread 3 ] DEBUG Engine               - globalSoundVolume: 0.5
10:41:10.566 [FXGL Background Thread 3 ] DEBUG Engine               - globalSoundVolumeProperty: DoubleProperty [value: 0.5]
10:41:10.566 [FXGL Background Thread 3 ] DEBUG Engine               - height: 720
10:41:10.566 [FXGL Background Thread 3 ] DEBUG Engine               - is3D: false
10:41:10.566 [FXGL Background Thread 3 ] DEBUG Engine               - isAndroid: false
10:41:10.566 [FXGL Background Thread 3 ] DEBUG Engine               - isBrowser: false
10:41:10.566 [FXGL Background Thread 3 ] DEBUG Engine               - isClickFeedbackEnabled: false
10:41:10.566 [FXGL Background Thread 3 ] DEBUG Engine               - isCloseConfirmation: false
10:41:10.567 [FXGL Background Thread 3 ] DEBUG Engine               - isDesktop: true
10:41:10.567 [FXGL Background Thread 3 ] DEBUG Engine               - isDeveloperMenuEnabled: false
10:41:10.567 [FXGL Background Thread 3 ] DEBUG Engine               - isEmbedded: false
10:41:10.567 [FXGL Background Thread 3 ] DEBUG Engine               - isEntityPreloadEnabled: true
10:41:10.567 [FXGL Background Thread 3 ] DEBUG Engine               - isExperimentalTiledLargeMap: false
10:41:10.567 [FXGL Background Thread 3 ] DEBUG Engine               - isFileSystemWriteAllowed: true
10:41:10.567 [FXGL Background Thread 3 ] DEBUG Engine               - isFullScreenAllowed: false
10:41:10.567 [FXGL Background Thread 3 ] DEBUG Engine               - isFullScreenFromStart: false
10:41:10.568 [FXGL Background Thread 3 ] DEBUG Engine               - isGameMenuEnabled: true
10:41:10.568 [FXGL Background Thread 3 ] DEBUG Engine               - isIOS: false
10:41:10.568 [FXGL Background Thread 3 ] DEBUG Engine               - isIntroEnabled: false
10:41:10.568 [FXGL Background Thread 3 ] DEBUG Engine               - isLinux: false
10:41:10.568 [FXGL Background Thread 3 ] DEBUG Engine               - isMac: false
10:41:10.568 [FXGL Background Thread 3 ] DEBUG Engine               - isMainMenuEnabled: false
10:41:10.568 [FXGL Background Thread 3 ] DEBUG Engine               - isManualResizeEnabled: false
10:41:10.569 [FXGL Background Thread 3 ] DEBUG Engine               - isMobile: false
10:41:10.569 [FXGL Background Thread 3 ] DEBUG Engine               - isNative: false
10:41:10.569 [FXGL Background Thread 3 ] DEBUG Engine               - isPauseMusicWhenMinimized: true
10:41:10.569 [FXGL Background Thread 3 ] DEBUG Engine               - isPreserveResizeRatio: false
10:41:10.569 [FXGL Background Thread 3 ] DEBUG Engine               - isProfilingEnabled: false
10:41:10.569 [FXGL Background Thread 3 ] DEBUG Engine               - isScaleAffectedOnResize: true
10:41:10.570 [FXGL Background Thread 3 ] DEBUG Engine               - isSingleStep: false
10:41:10.570 [FXGL Background Thread 3 ] DEBUG Engine               - isUserProfileEnabled: false
10:41:10.570 [FXGL Background Thread 3 ] DEBUG Engine               - isWindows: true
10:41:10.570 [FXGL Background Thread 3 ] DEBUG Engine               - language: ObjectProperty [value: ENGLISH]
10:41:10.570 [FXGL Background Thread 3 ] DEBUG Engine               - menuKey: ESCAPE
10:41:10.570 [FXGL Background Thread 3 ] DEBUG Engine               - mouseSensitivity: 0.2
10:41:10.570 [FXGL Background Thread 3 ] DEBUG Engine               - notificationViewClass: class com.almasb.fxgl.notification.view.XboxNotificationView
10:41:10.570 [FXGL Background Thread 3 ] DEBUG Engine               - pixelsPerMeter: 50.0
10:41:10.571 [FXGL Background Thread 3 ] DEBUG Engine               - platform: WINDOWS
10:41:10.571 [FXGL Background Thread 3 ] DEBUG Engine               - prefHeightProperty: ReadOnlyDoubleProperty [value: 720.0]
10:41:10.571 [FXGL Background Thread 3 ] DEBUG Engine               - prefWidthProperty: ReadOnlyDoubleProperty [value: 1280.0]
10:41:10.571 [FXGL Background Thread 3 ] DEBUG Engine               - profileDir: profiles/
10:41:10.572 [FXGL Background Thread 3 ] DEBUG Engine               - profileName: StringProperty [value: DEFAULT]
10:41:10.572 [FXGL Background Thread 3 ] DEBUG Engine               - randomSeed: -1
10:41:10.572 [FXGL Background Thread 3 ] DEBUG Engine               - runtimeInfo: RuntimeInfo(platform=WINDOWS, version=21.1, build=27.03.2024 07.52)
10:41:10.572 [FXGL Background Thread 3 ] DEBUG Engine               - saveFileExt: sav
10:41:10.572 [FXGL Background Thread 3 ] DEBUG Engine               - scaledHeightProp$fxgl: DoubleProperty [bound, value: 720.0]
10:41:10.573 [FXGL Background Thread 3 ] DEBUG Engine               - scaledWidthProp$fxgl: DoubleProperty [bound, value: 1280.0]
10:41:10.573 [FXGL Background Thread 3 ] DEBUG Engine               - sceneFactory: com.almasb.fxgl.app.scene.SceneFactory@8d7dfa4
10:41:10.573 [FXGL Background Thread 3 ] DEBUG Engine               - secondsIn24h: 60
10:41:10.573 [FXGL Background Thread 3 ] DEBUG Engine               - soundMenuBack: menu/back.wav
10:41:10.573 [FXGL Background Thread 3 ] DEBUG Engine               - soundMenuPress: menu/press.wav
10:41:10.573 [FXGL Background Thread 3 ] DEBUG Engine               - soundMenuSelect: menu/select.wav
10:41:10.573 [FXGL Background Thread 3 ] DEBUG Engine               - soundNotification: core/notification.wav
10:41:10.573 [FXGL Background Thread 3 ] DEBUG Engine               - stageStyle: DECORATED
10:41:10.574 [FXGL Background Thread 3 ] DEBUG Engine               - supportedLanguages: [ENGLISH, FRENCH, GERMAN, HUNGARIAN, RUSSIAN]
10:41:10.574 [FXGL Background Thread 3 ] DEBUG Engine               - ticksPerSecond: -1
10:41:10.574 [FXGL Background Thread 3 ] DEBUG Engine               - title: Myth Cards Client
10:41:10.574 [FXGL Background Thread 3 ] DEBUG Engine               - urlGithub: https://github.com/AlmasB/FXGL
10:41:10.574 [FXGL Background Thread 3 ] DEBUG Engine               - urlLeaderboard: http://fxgl-top.herokuapp.com/
10:41:10.574 [FXGL Background Thread 3 ] DEBUG Engine               - urlPOM: https://raw.githubusercontent.com/AlmasB/FXGL/release/README.md
10:41:10.574 [FXGL Background Thread 3 ] DEBUG Engine               - userAppClass: class client.ClientMain
10:41:10.574 [FXGL Background Thread 3 ] DEBUG Engine               - version: 0.0
10:41:10.575 [FXGL Background Thread 3 ] DEBUG Engine               - versionCheckDays: 7
10:41:10.575 [FXGL Background Thread 3 ] DEBUG Engine               - width: 1280
10:41:10.575 [FXGL Background Thread 3 ] DEBUG Engine               - Logging services
10:41:10.575 [FXGL Background Thread 3 ] DEBUG Engine               - class com.almasb.fxgl.app.services.FXGLAssetLoaderService
10:41:10.575 [FXGL Background Thread 3 ] DEBUG Engine               - class com.almasb.fxgl.app.FXGLApplication$GameApplicationService
10:41:10.575 [FXGL Background Thread 3 ] DEBUG Engine               - class com.almasb.fxgl.app.services.FXGLDialogService
10:41:10.575 [FXGL Background Thread 3 ] DEBUG Engine               - class com.almasb.fxgl.app.services.IOTaskExecutorService
10:41:10.576 [FXGL Background Thread 3 ] DEBUG Engine               - class com.almasb.fxgl.io.FileSystemService
10:41:10.576 [FXGL Background Thread 3 ] DEBUG Engine               - class com.almasb.fxgl.localization.LocalizationService
10:41:10.576 [FXGL Background Thread 3 ] DEBUG Engine               - class com.almasb.fxgl.app.services.SystemBundleService
10:41:10.576 [FXGL Background Thread 3 ] DEBUG Engine               - class com.almasb.fxgl.profile.SaveLoadService
10:41:10.576 [FXGL Background Thread 3 ] DEBUG Engine               - class com.almasb.fxgl.ui.FXGLUIFactoryServiceProvider
10:41:10.576 [FXGL Background Thread 3 ] DEBUG Engine               - class com.almasb.fxgl.ui.FXGLDialogFactoryServiceProvider
10:41:10.576 [FXGL Background Thread 3 ] DEBUG Engine               - class com.almasb.fxgl.audio.AudioPlayer
10:41:10.576 [FXGL Background Thread 3 ] DEBUG Engine               - class com.almasb.fxgl.notification.impl.NotificationServiceProvider
10:41:10.576 [FXGL Background Thread 3 ] DEBUG Engine               - class com.almasb.fxgl.achievement.AchievementService
10:41:10.577 [FXGL Background Thread 3 ] DEBUG Engine               - class com.almasb.fxgl.cutscene.CutsceneService
10:41:10.577 [FXGL Background Thread 3 ] DEBUG Engine               - class com.almasb.fxgl.minigames.MiniGameService
10:41:10.577 [FXGL Background Thread 3 ] DEBUG Engine               - class com.almasb.fxgl.net.NetService
10:41:10.577 [FXGL Background Thread 3 ] DEBUG Engine               - class com.almasb.fxgl.app.services.UpdaterService
10:41:10.577 [FXGL Background Thread 3 ] DEBUG Engine               - class com.almasb.fxgl.dev.DevService
10:41:11.679 [JavaFX Application Thread] WARN  FXGLAssetLoaderServi - Asset "/assets/textures/bg/card_front_water.png" was not found!
10:41:11.679 [JavaFX Application Thread] WARN  FXGLAssetLoaderServi - Failed to load IMAGE
10:41:11.692 [JavaFX Application Thread] WARN  FXGLAssetLoaderServi - Asset "/assets/textures/monsters/water_dragon.png" was not found!
10:41:11.692 [JavaFX Application Thread] WARN  FXGLAssetLoaderServi - Failed to load IMAGE
10:41:11.693 [JavaFX Application Thread] WARN  FXGLAssetLoaderServi - Asset "/assets/textures/bg/game_logo.png" was not found!
10:41:11.693 [JavaFX Application Thread] WARN  FXGLAssetLoaderServi - Failed to load IMAGE
10:41:11.694 [JavaFX Application Thread] WARN  FXGLAssetLoaderServi - Asset "/assets/textures/bars/card_front_bars_effect05.png" was not found!
10:41:11.694 [JavaFX Application Thread] WARN  FXGLAssetLoaderServi - Failed to load IMAGE
10:41:11.695 [JavaFX Application Thread] WARN  FXGLAssetLoaderServi - Asset "/assets/textures/bars/card_front_bars_effect01.png" was not found!
10:41:11.696 [JavaFX Application Thread] WARN  FXGLAssetLoaderServi - Failed to load IMAGE
10:41:11.696 [JavaFX Application Thread] WARN  FXGLAssetLoaderServi - Asset "/assets/textures/bars/card_front_bars_effect01.png" was not found!
10:41:11.697 [JavaFX Application Thread] WARN  FXGLAssetLoaderServi - Failed to load IMAGE
10:41:11.697 [JavaFX Application Thread] WARN  FXGLAssetLoaderServi - Asset "/assets/textures/bars/card_front_bars_effect01.png" was not found!
10:41:11.698 [JavaFX Application Thread] WARN  FXGLAssetLoaderServi - Failed to load IMAGE
10:41:11.698 [JavaFX Application Thread] WARN  FXGLAssetLoaderServi - Asset "/assets/textures/bars/card_front_bars_effect01.png" was not found!
10:41:11.698 [JavaFX Application Thread] WARN  FXGLAssetLoaderServi - Failed to load IMAGE
10:41:11.699 [JavaFX Application Thread] WARN  FXGLAssetLoaderServi - Asset "/assets/textures/bars/card_front_bars_effect01.png" was not found!
10:41:11.699 [JavaFX Application Thread] WARN  FXGLAssetLoaderServi - Failed to load IMAGE
10:41:11.699 [JavaFX Application Thread] WARN  FXGLAssetLoaderServi - Asset "/assets/textures/bars/card_front_bars_effect02.png" was not found!
10:41:11.699 [JavaFX Application Thread] WARN  FXGLAssetLoaderServi - Failed to load IMAGE
10:41:11.700 [JavaFX Application Thread] WARN  FXGLAssetLoaderServi - Asset "/assets/textures/bars/card_front_bars_effect02.png" was not found!
10:41:11.700 [JavaFX Application Thread] WARN  FXGLAssetLoaderServi - Failed to load IMAGE
10:41:11.701 [JavaFX Application Thread] WARN  FXGLAssetLoaderServi - Asset "/assets/textures/bars/card_front_bars_effect02.png" was not found!
10:41:11.701 [JavaFX Application Thread] WARN  FXGLAssetLoaderServi - Failed to load IMAGE
10:41:11.701 [JavaFX Application Thread] WARN  FXGLAssetLoaderServi - Asset "/assets/textures/bars/card_front_bars_effect02.png" was not found!
10:41:11.701 [JavaFX Application Thread] WARN  FXGLAssetLoaderServi - Failed to load IMAGE
10:41:11.702 [JavaFX Application Thread] WARN  FXGLAssetLoaderServi - Asset "/assets/textures/bars/card_front_bars_effect03.png" was not found!
10:41:11.702 [JavaFX Application Thread] WARN  FXGLAssetLoaderServi - Failed to load IMAGE
10:41:11.703 [JavaFX Application Thread] WARN  FXGLAssetLoaderServi - Asset "/assets/textures/bars/card_front_bars_effect03.png" was not found!
10:41:11.703 [JavaFX Application Thread] WARN  FXGLAssetLoaderServi - Failed to load IMAGE
10:41:11.703 [JavaFX Application Thread] WARN  FXGLAssetLoaderServi - Asset "/assets/textures/bars/card_front_bars_effect03.png" was not found!
10:41:11.703 [JavaFX Application Thread] WARN  FXGLAssetLoaderServi - Failed to load IMAGE
10:41:11.704 [JavaFX Application Thread] WARN  FXGLAssetLoaderServi - Asset "/assets/textures/bars/card_front_bars_effect03.png" was not found!
10:41:11.704 [JavaFX Application Thread] WARN  FXGLAssetLoaderServi - Failed to load IMAGE
10:41:11.705 [JavaFX Application Thread] WARN  FXGLAssetLoaderServi - Asset "/assets/textures/bars/card_front_bars_effect04.png" was not found!
10:41:11.705 [JavaFX Application Thread] WARN  FXGLAssetLoaderServi - Failed to load IMAGE
10:41:11.706 [JavaFX Application Thread] WARN  FXGLAssetLoaderServi - Asset "/assets/textures/bars/card_front_bars_effect04.png" was not found!
10:41:11.706 [JavaFX Application Thread] WARN  FXGLAssetLoaderServi - Failed to load IMAGE
10:41:11.706 [JavaFX Application Thread] WARN  FXGLAssetLoaderServi - Asset "/assets/textures/bars/card_front_bars_effect04.png" was not found!
10:41:11.707 [JavaFX Application Thread] WARN  FXGLAssetLoaderServi - Failed to load IMAGE
10:41:11.707 [JavaFX Application Thread] WARN  FXGLAssetLoaderServi - Asset "/assets/textures/bars/card_front_bars_effect04.png" was not found!
10:41:11.707 [JavaFX Application Thread] WARN  FXGLAssetLoaderServi - Failed to load IMAGE
10:41:11.708 [JavaFX Application Thread] WARN  FXGLAssetLoaderServi - Asset "/assets/textures/bars/card_front_bars_effect05.png" was not found!
10:41:11.708 [JavaFX Application Thread] WARN  FXGLAssetLoaderServi - Failed to load IMAGE
10:41:11.709 [JavaFX Application Thread] WARN  LocalizationService  - name is not localized for language ENGLISH
10:41:11.710 [JavaFX Application Thread] WARN  LocalizationService  - release is not localized for language ENGLISH
10:41:11.710 [JavaFX Application Thread] WARN  LocalizationService  - statAttack is not localized for language ENGLISH
10:41:11.711 [JavaFX Application Thread] WARN  LocalizationService  - statDefense is not localized for language ENGLISH
10:41:11.711 [JavaFX Application Thread] WARN  LocalizationService  - statSpeed is not localized for language ENGLISH
10:41:11.711 [JavaFX Application Thread] WARN  LocalizationService  - statMagic is not localized for language ENGLISH
10:41:11.711 [JavaFX Application Thread] WARN  LocalizationService  - statHealth is not localized for language ENGLISH
10:41:11.712 [JavaFX Application Thread] WARN  LocalizationService  - statAttackRed is not localized for language ENGLISH
10:41:11.712 [JavaFX Application Thread] WARN  LocalizationService  - statDefenseRed is not localized for language ENGLISH
10:41:11.713 [JavaFX Application Thread] WARN  LocalizationService  - statSpeedRed is not localized for language ENGLISH
10:41:11.713 [JavaFX Application Thread] WARN  LocalizationService  - statMagicRed is not localized for language ENGLISH
10:41:11.713 [JavaFX Application Thread] WARN  LocalizationService  - statHealthRed is not localized for language ENGLISH
10:41:11.714 [JavaFX Application Thread] WARN  LocalizationService  - abilityName1 is not localized for language ENGLISH
10:41:11.714 [JavaFX Application Thread] WARN  LocalizationService  - ability1-desc is not localized for language ENGLISH
10:41:11.714 [JavaFX Application Thread] WARN  LocalizationService  - abilityValue1 is not localized for language ENGLISH
10:41:11.715 [JavaFX Application Thread] WARN  LocalizationService  - abilityName2 is not localized for language ENGLISH
10:41:11.715 [JavaFX Application Thread] WARN  LocalizationService  - ability2-desc is not localized for language ENGLISH
10:41:11.715 [JavaFX Application Thread] WARN  LocalizationService  - abilityValue2 is not localized for language ENGLISH
10:41:11.715 [JavaFX Application Thread] WARN  LocalizationService  - abilityName3 is not localized for language ENGLISH
10:41:11.716 [JavaFX Application Thread] WARN  LocalizationService  - ability3-desc is not localized for language ENGLISH
10:41:11.716 [JavaFX Application Thread] WARN  LocalizationService  - abilityValue3 is not localized for language ENGLISH
10:41:11.716 [JavaFX Application Thread] WARN  LocalizationService  - abilityName4 is not localized for language ENGLISH
10:41:11.717 [JavaFX Application Thread] WARN  LocalizationService  - ability4-desc is not localized for language ENGLISH
10:41:11.717 [JavaFX Application Thread] WARN  LocalizationService  - abilityValue4 is not localized for language ENGLISH
10:41:15.109 [JavaFX Application Thread] DEBUG FXGLApplication      - Exiting FXGL
10:41:15.109 [JavaFX Application Thread] DEBUG LoopRunner           - Stopping loop
10:41:15.110 [JavaFX Application Thread] DEBUG SystemBundleService  - Saving FXGL system data
10:41:15.120 [JavaFX Application Thread] DEBUG FileSystemAccess     - Writing to: C:\Users\Mark Wachtel\git\mythcards-game\mythcardsgame\client\system\fxgl.bundle
10:41:15.128 [JavaFX Application Thread] DEBUG Async                - Shutting down background threads
10:41:15.129 [JavaFX Application Thread] DEBUG PrimaryStageWindow   - Closing main window
10:41:15.238 [JavaFX Application Thread] DEBUG Logger               - Closing Logger
