09:09:20.521 [main                     ] DEBUG Logger               - Configured Logger
09:09:20.537 [main                     ] DEBUG GameApplication      - Logging settings
Title: Myth Cards Client 0.0
Version: 0.0
Width: 1280
Height: 720
Fullscreen: false
Intro: true
Profiling: false
Single step:false
App Mode: DEVELOPER
Menu Key: ESCAPE
Stage Style: DECORATED
Scene Factory: class client.ClientMain$1

09:09:21.810 [JavaFX Application Thread] DEBUG FXGLApplication      - Initializing FXGL
09:09:21.832 [JavaFX Application Thread] INFO  Engine               - FXGL-21.1 (27.03.2024 07.52) on WINDOWS (J:24 FX:21)
09:09:21.833 [JavaFX Application Thread] DEBUG Engine               - JRE Vendor Name: Oracle Corporation
09:09:21.833 [JavaFX Application Thread] DEBUG Engine               - Running on OS: Windows 11 version 10.0
09:09:21.833 [JavaFX Application Thread] DEBUG Engine               - Architecture: amd64
09:09:21.833 [JavaFX Application Thread] INFO  Engine               - Source code and latest versions at: https://github.com/AlmasB/FXGL
09:09:21.834 [JavaFX Application Thread] INFO  Engine               -       Ask questions and discuss at: https://github.com/AlmasB/FXGL/discussions
09:09:21.834 [JavaFX Application Thread] INFO  Engine               -              Join the FXGL chat at: https://gitter.im/AlmasB/FXGL
09:09:22.597 [JavaFX Application Thread] DEBUG PrimaryStageWindow   - Creating a JavaFX scene
09:09:22.862 [JavaFX Application Thread] DEBUG PrimaryStageWindow   - Target settings size: 1280.0 x 720.0
09:09:22.870 [JavaFX Application Thread] DEBUG PrimaryStageWindow   - Scaled scene size:    1280.0 x 720.0
09:09:22.870 [JavaFX Application Thread] DEBUG PrimaryStageWindow   - Scaled ratio: (1.0, 1.0)
09:09:22.877 [JavaFX Application Thread] DEBUG PrimaryStageWindow   - Set initial scene to CustomStartupScene
09:09:22.897 [JavaFX Application Thread] DEBUG PrimaryStageWindow   - Opening main window
09:09:23.338 [JavaFX Application Thread] DEBUG PrimaryStageWindow   - Window border size: (16.0, 39.0)
09:09:23.339 [JavaFX Application Thread] DEBUG PrimaryStageWindow   - Scaled size: 1280.0 x 720.0
09:09:23.339 [JavaFX Application Thread] DEBUG PrimaryStageWindow   - Scaled ratio: (1.0, 1.0)
09:09:23.339 [JavaFX Application Thread] DEBUG PrimaryStageWindow   - Scene size: 1280.0 x 720.0
09:09:23.340 [JavaFX Application Thread] DEBUG PrimaryStageWindow   - Stage size: 1296.0 x 759.0
09:09:23.364 [FXGL Background Thread 1 ] DEBUG Engine               - Initializing environment variables
09:09:23.610 [FXGL Background Thread 1 ] DEBUG FXGLAssetLoaderServi - User app class for loading assets: class client.ClientMain
09:09:23.611 [FXGL Background Thread 1 ] DEBUG GameApplicationServi - Applying CSS: fxgl_dark.css
09:09:23.614 [FXGL Background Thread 1 ] DEBUG FXGLAssetLoaderServi - Loading from file system: jar:file:/C:/Users/Mark%20Wachtel/.m2/repository/com/github/almasb/fxgl/21.1/fxgl-21.1.jar!/fxglassets/ui/css/fxgl_dark.css
09:09:23.780 [FXGL Background Thread 1 ] DEBUG GameApplicationServi - Applying CSS: styles/chat.css
09:09:23.781 [FXGL Background Thread 1 ] DEBUG FXGLAssetLoaderServi - Loading from file system: file:/C:/Users/Mark%20Wachtel/git/mythcards-game/mythcardsgame/client/target/classes/assets/ui/css/styles/chat.css
09:09:23.784 [FXGL Background Thread 1 ] DEBUG GameApplicationServi - Initializing application scenes
09:09:23.952 [FXGL Background Thread 1 ] DEBUG GameWorld            - Game world initialized
09:09:24.168 [FXGL Background Thread 1 ] DEBUG PhysicsWorld         - Physics world initialized: appHeight=720, physics.ppm=50,0
09:09:24.168 [FXGL Background Thread 1 ] DEBUG PhysicsWorld         - Using strategy: BRUTE_FORCE
09:09:24.180 [FXGL Background Thread 1 ] DEBUG GameScene            - Game scene initialized: 1280x720
09:09:24.184 [FXGL Background Thread 1 ] DEBUG FXGLAssetLoaderServi - Loading from file system: file:/C:/Users/Mark%20Wachtel/git/mythcards-game/mythcardsgame/client/target/classes/assets/textures/bg/loading_screen.png
09:09:24.329 [FXGL Background Thread 1 ] DEBUG FXGL.DefaultMenu     - createMenuBodyGameMenu()
09:09:24.390 [FXGL Background Thread 1 ] DEBUG FXGL.DefaultMenu     - createOptionsMenu()
09:09:24.412 [FXGL Background Thread 1 ] DEBUG FXGLAssetLoaderServi - Loading from file system: jar:file:/C:/Users/Mark%20Wachtel/.m2/repository/com/github/almasb/fxgl/21.1/fxgl-21.1.jar!/fxglassets/textures/particles/smoke.png
09:09:24.680 [FXGL Background Thread 1 ] DEBUG FXGLAssetLoaderServi - Loading from file system: jar:file:/C:/Users/Mark%20Wachtel/.m2/repository/com/github/almasb/fxgl/21.1/fxgl-21.1.jar!/fxglassets/textures/particles/trace_horizontal.png
09:09:24.730 [FXGL Background Thread 1 ] DEBUG GameApplicationServi - Application scenes initialized
09:09:24.759 [FXGL Background Thread 1 ] DEBUG SystemBundleService  - Loading FXGL system data
09:09:24.767 [FXGL Background Thread 1 ] DEBUG FileSystemAccess     - Reading from: C:\Users\Mark Wachtel\git\mythcards-game\mythcardsgame\client\system\fxgl.bundle
09:09:24.782 [FXGL Background Thread 1 ] DEBUG SystemBundleService  - Bundle FXGL: {}
09:09:24.783 [FXGL Background Thread 1 ] DEBUG UpdaterService       - Checking for updates
09:09:24.792 [FXGL Background Thread 4 ] DEBUG FXGLApplication      - Loading fonts
09:09:24.793 [FXGL Background Thread 4 ] DEBUG FXGLAssetLoaderServi - Loading from file system: jar:file:/C:/Users/Mark%20Wachtel/.m2/repository/com/github/almasb/fxgl/21.1/fxgl-21.1.jar!/fxglassets/ui/fonts/VarelaRound-Regular.ttf
09:09:24.795 [FXGL Background Thread 1 ] DEBUG FXGLApplication      - Loading default localization
09:09:24.796 [FXGL Background Thread 1 ] DEBUG FXGLAssetLoaderServi - Loading from file system: jar:file:/C:/Users/Mark%20Wachtel/.m2/repository/com/github/almasb/fxgl/21.1/fxgl-21.1.jar!/fxglassets/languages/english.lang
09:09:24.833 [FXGL Background Thread 4 ] DEBUG FXGLAssetLoaderServi - Loading from file system: jar:file:/C:/Users/Mark%20Wachtel/.m2/repository/com/github/almasb/fxgl/21.1/fxgl-21.1.jar!/fxglassets/ui/fonts/Abel-Regular.ttf
09:09:24.846 [FXGL Background Thread 1 ] INFO  FXGLApplication      - FXGL initialization took: 1,481 sec
09:09:24.848 [JavaFX Application Thread] DEBUG FXGLAssetLoaderServi - Loading from file system: jar:file:/C:/Users/Mark%20Wachtel/.m2/repository/com/github/almasb/fxgl/21.1/fxgl-21.1.jar!/fxglassets/textures/fxgl_icon.png
09:09:24.858 [FXGL Background Thread 4 ] DEBUG FXGLAssetLoaderServi - Loading from file system: jar:file:/C:/Users/Mark%20Wachtel/.m2/repository/com/github/almasb/fxgl/21.1/fxgl-21.1.jar!/fxglassets/ui/fonts/TerminalLandMono-Regular.otf
09:09:24.886 [FXGL Background Thread 4 ] DEBUG FXGLAssetLoaderServi - Loading from file system: jar:file:/C:/Users/Mark%20Wachtel/.m2/repository/com/github/almasb/fxgl/21.1/fxgl-21.1.jar!/fxglassets/ui/fonts/Courier-Prime.ttf
09:09:24.917 [JavaFX Application Thread] DEBUG FXGLAssetLoaderServi - Loading from file system: jar:file:/C:/Users/Mark%20Wachtel/.m2/repository/com/github/almasb/fxgl/21.1/fxgl-21.1.jar!/fxglassets/textures/fxgl_default_cursor.png
09:09:24.947 [JavaFX Application Thread] DEBUG Input                - Registered new binding: Screenshot - CTRL+8
09:09:24.948 [JavaFX Application Thread] DEBUG Input                - Registered new binding: System info dump - CTRL+9
09:09:24.951 [JavaFX Application Thread] DEBUG Input                - Registered new binding: Restart - CTRL+R
09:09:24.954 [JavaFX Application Thread] DEBUG Input                - Registered new binding: Toggle Debug Camera - CTRL+7
09:09:24.967 [JavaFX Application Thread] DEBUG LoopRunner           - Starting loop
09:09:24.967 [JavaFX Application Thread] DEBUG LoopRunner           - Initializing JavaFX AnimationTimerLoop
09:09:24.976 [JavaFX Application Thread] DEBUG GameApplicationServi - Starting new game
09:09:24.977 [JavaFX Application Thread] DEBUG Input                - Clearing active input actions
09:09:25.018 [JavaFX Application Thread] DEBUG GameApplicationServi - Removing overlay from CustomStartupScene and adding to FXGLLoadingScene
09:09:25.018 [JavaFX Application Thread] DEBUG PrimaryStageWindow   - CustomStartupScene -> FXGLLoadingScene
09:09:25.018 [JavaFX Application Thread] DEBUG GameApplicationServi - Clearing previous game
09:09:25.019 [JavaFX Application Thread] DEBUG GameScene            - Clearing game scene
09:09:25.019 [JavaFX Application Thread] DEBUG GameWorld            - Clearing game world
09:09:25.019 [JavaFX Application Thread] DEBUG PhysicsWorld         - Clearing physics world
09:09:25.024 [JavaFX Application Thread] DEBUG Input                - Clearing active input actions
09:09:25.024 [FXGL Background Thread 4 ] DEBUG FXGLApplication      - Initializing game
09:09:25.046 [JavaFX Application Thread] DEBUG GameApplicationServi - Removing overlay from FXGLLoadingScene and adding to MyIntroScene
09:09:25.047 [JavaFX Application Thread] DEBUG PrimaryStageWindow   - CustomStartupScene -> MyIntroScene
09:09:25.047 [JavaFX Application Thread] DEBUG FXGLApplication      - Registering font factories with UI factory
09:09:25.071 [FXGL Background Thread 4 ] INFO  FXGLApplication      - Game initialization took: 0,047 sec
09:09:25.095 [JavaFX Application Thread] DEBUG Input                - Clearing active input actions
09:09:25.156 [JavaFX Application Thread] DEBUG GameApplicationServi - Removing overlay from MyIntroScene and adding to GameScene
09:09:25.157 [JavaFX Application Thread] DEBUG PrimaryStageWindow   - MyIntroScene -> GameScene
09:09:27.789 [FXGL Background Thread 3 ] DEBUG Engine               - Logging environment variables
09:09:27.789 [FXGL Background Thread 3 ] DEBUG Engine               - achievements: []
09:09:27.790 [FXGL Background Thread 3 ] DEBUG Engine               - actualHeight: 720.0
09:09:27.790 [FXGL Background Thread 3 ] DEBUG Engine               - actualHeightProperty: ReadOnlyDoubleProperty [value: 720.0]
09:09:27.790 [FXGL Background Thread 3 ] DEBUG Engine               - actualWidth: 1280.0
09:09:27.790 [FXGL Background Thread 3 ] DEBUG Engine               - actualWidthProperty: ReadOnlyDoubleProperty [value: 1280.0]
09:09:27.790 [FXGL Background Thread 3 ] DEBUG Engine               - appIcon: fxgl_icon.png
09:09:27.790 [FXGL Background Thread 3 ] DEBUG Engine               - applicationMode: DEVELOPER
09:09:27.791 [FXGL Background Thread 3 ] DEBUG Engine               - cSSList: [fxgl_dark.css, styles/chat.css]
09:09:27.791 [FXGL Background Thread 3 ] DEBUG Engine               - collisionDetectionStrategy: BRUTE_FORCE
09:09:27.791 [FXGL Background Thread 3 ] DEBUG Engine               - configClass: Optional.empty
09:09:27.791 [FXGL Background Thread 3 ] DEBUG Engine               - credits: []
09:09:27.791 [FXGL Background Thread 3 ] DEBUG Engine               - defaultCursor: CursorInfo(imageName=fxgl_default_cursor.png, hotspotX=7.0, hotspotY=6.0)
09:09:27.792 [FXGL Background Thread 3 ] DEBUG Engine               - devBBoxColorProperty: ObjectProperty [value: 0xff0000ff]
09:09:27.792 [FXGL Background Thread 3 ] DEBUG Engine               - devEnableDebugCameraProperty: BooleanProperty [value: false]
09:09:27.792 [FXGL Background Thread 3 ] DEBUG Engine               - devSensorColorProperty: ObjectProperty [value: 0xffff00ff]
09:09:27.792 [FXGL Background Thread 3 ] DEBUG Engine               - devShowBBoxProperty: BooleanProperty [value: false]
09:09:27.792 [FXGL Background Thread 3 ] DEBUG Engine               - devShowPositionProperty: BooleanProperty [value: false]
09:09:27.793 [FXGL Background Thread 3 ] DEBUG Engine               - enabledMenuItems: []
09:09:27.793 [FXGL Background Thread 3 ] DEBUG Engine               - engineServices: [class com.almasb.fxgl.app.services.FXGLAssetLoaderService, class com.almasb.fxgl.app.FXGLApplication$GameApplicationService, class com.almasb.fxgl.app.services.FXGLDialogService, class com.almasb.fxgl.app.services.IOTaskExecutorService, class com.almasb.fxgl.io.FileSystemService, class com.almasb.fxgl.localization.LocalizationService, class com.almasb.fxgl.app.services.SystemBundleService, class com.almasb.fxgl.profile.SaveLoadService, class com.almasb.fxgl.ui.FXGLUIFactoryServiceProvider, class com.almasb.fxgl.ui.FXGLDialogFactoryServiceProvider, class com.almasb.fxgl.audio.AudioPlayer, class com.almasb.fxgl.notification.impl.NotificationServiceProvider, class com.almasb.fxgl.achievement.AchievementService, class com.almasb.fxgl.cutscene.CutsceneService, class com.almasb.fxgl.minigames.MiniGameService, class com.almasb.fxgl.net.NetService, class com.almasb.fxgl.app.services.UpdaterService, class com.almasb.fxgl.dev.DevService]
09:09:27.793 [FXGL Background Thread 3 ] DEBUG Engine               - fontGame: Abel-Regular.ttf
09:09:27.793 [FXGL Background Thread 3 ] DEBUG Engine               - fontMono: TerminalLandMono-Regular.otf
09:09:27.793 [FXGL Background Thread 3 ] DEBUG Engine               - fontSizeScaleUI: 1.0
09:09:27.793 [FXGL Background Thread 3 ] DEBUG Engine               - fontText: Courier-Prime.ttf
09:09:27.793 [FXGL Background Thread 3 ] DEBUG Engine               - fontUI: VarelaRound-Regular.ttf
09:09:27.794 [FXGL Background Thread 3 ] DEBUG Engine               - fullScreen: BooleanProperty [value: false]
09:09:27.794 [FXGL Background Thread 3 ] DEBUG Engine               - gameDifficulty: MEDIUM
09:09:27.794 [FXGL Background Thread 3 ] DEBUG Engine               - gameDifficultyProperty: ObjectProperty [value: MEDIUM]
09:09:27.794 [FXGL Background Thread 3 ] DEBUG Engine               - globalMusicVolume: 0.5
09:09:27.794 [FXGL Background Thread 3 ] DEBUG Engine               - globalMusicVolumeProperty: DoubleProperty [value: 0.5]
09:09:27.794 [FXGL Background Thread 3 ] DEBUG Engine               - globalSoundVolume: 0.5
09:09:27.794 [FXGL Background Thread 3 ] DEBUG Engine               - globalSoundVolumeProperty: DoubleProperty [value: 0.5]
09:09:27.795 [FXGL Background Thread 3 ] DEBUG Engine               - height: 720
09:09:27.795 [FXGL Background Thread 3 ] DEBUG Engine               - is3D: false
09:09:27.795 [FXGL Background Thread 3 ] DEBUG Engine               - isAndroid: false
09:09:27.795 [FXGL Background Thread 3 ] DEBUG Engine               - isBrowser: false
09:09:27.795 [FXGL Background Thread 3 ] DEBUG Engine               - isClickFeedbackEnabled: false
09:09:27.795 [FXGL Background Thread 3 ] DEBUG Engine               - isCloseConfirmation: false
09:09:27.795 [FXGL Background Thread 3 ] DEBUG Engine               - isDesktop: true
09:09:27.795 [FXGL Background Thread 3 ] DEBUG Engine               - isDeveloperMenuEnabled: false
09:09:27.795 [FXGL Background Thread 3 ] DEBUG Engine               - isEmbedded: false
09:09:27.796 [FXGL Background Thread 3 ] DEBUG Engine               - isEntityPreloadEnabled: true
09:09:27.796 [FXGL Background Thread 3 ] DEBUG Engine               - isExperimentalTiledLargeMap: false
09:09:27.796 [FXGL Background Thread 3 ] DEBUG Engine               - isFileSystemWriteAllowed: true
09:09:27.796 [FXGL Background Thread 3 ] DEBUG Engine               - isFullScreenAllowed: false
09:09:27.796 [FXGL Background Thread 3 ] DEBUG Engine               - isFullScreenFromStart: false
09:09:27.796 [FXGL Background Thread 3 ] DEBUG Engine               - isGameMenuEnabled: true
09:09:27.796 [FXGL Background Thread 3 ] DEBUG Engine               - isIOS: false
09:09:27.796 [FXGL Background Thread 3 ] DEBUG Engine               - isIntroEnabled: true
09:09:27.796 [FXGL Background Thread 3 ] DEBUG Engine               - isLinux: false
09:09:27.797 [FXGL Background Thread 3 ] DEBUG Engine               - isMac: false
09:09:27.797 [FXGL Background Thread 3 ] DEBUG Engine               - isMainMenuEnabled: false
09:09:27.797 [FXGL Background Thread 3 ] DEBUG Engine               - isManualResizeEnabled: false
09:09:27.797 [FXGL Background Thread 3 ] DEBUG Engine               - isMobile: false
09:09:27.797 [FXGL Background Thread 3 ] DEBUG Engine               - isNative: false
09:09:27.797 [FXGL Background Thread 3 ] DEBUG Engine               - isPauseMusicWhenMinimized: true
09:09:27.797 [FXGL Background Thread 3 ] DEBUG Engine               - isPreserveResizeRatio: false
09:09:27.797 [FXGL Background Thread 3 ] DEBUG Engine               - isProfilingEnabled: false
09:09:27.798 [FXGL Background Thread 3 ] DEBUG Engine               - isScaleAffectedOnResize: true
09:09:27.798 [FXGL Background Thread 3 ] DEBUG Engine               - isSingleStep: false
09:09:27.798 [FXGL Background Thread 3 ] DEBUG Engine               - isUserProfileEnabled: false
09:09:27.798 [FXGL Background Thread 3 ] DEBUG Engine               - isWindows: true
09:09:27.798 [FXGL Background Thread 3 ] DEBUG Engine               - language: ObjectProperty [value: ENGLISH]
09:09:27.798 [FXGL Background Thread 3 ] DEBUG Engine               - menuKey: ESCAPE
09:09:27.798 [FXGL Background Thread 3 ] DEBUG Engine               - mouseSensitivity: 0.2
09:09:27.798 [FXGL Background Thread 3 ] DEBUG Engine               - notificationViewClass: class com.almasb.fxgl.notification.view.XboxNotificationView
09:09:27.799 [FXGL Background Thread 3 ] DEBUG Engine               - pixelsPerMeter: 50.0
09:09:27.799 [FXGL Background Thread 3 ] DEBUG Engine               - platform: WINDOWS
09:09:27.799 [FXGL Background Thread 3 ] DEBUG Engine               - prefHeightProperty: ReadOnlyDoubleProperty [value: 720.0]
09:09:27.799 [FXGL Background Thread 3 ] DEBUG Engine               - prefWidthProperty: ReadOnlyDoubleProperty [value: 1280.0]
09:09:27.799 [FXGL Background Thread 3 ] DEBUG Engine               - profileDir: profiles/
09:09:27.799 [FXGL Background Thread 3 ] DEBUG Engine               - profileName: StringProperty [value: DEFAULT]
09:09:27.799 [FXGL Background Thread 3 ] DEBUG Engine               - randomSeed: -1
09:09:27.800 [FXGL Background Thread 3 ] DEBUG Engine               - runtimeInfo: RuntimeInfo(platform=WINDOWS, version=21.1, build=27.03.2024 07.52)
09:09:27.800 [FXGL Background Thread 3 ] DEBUG Engine               - saveFileExt: sav
09:09:27.800 [FXGL Background Thread 3 ] DEBUG Engine               - scaledHeightProp$fxgl: DoubleProperty [bound, value: 720.0]
09:09:27.800 [FXGL Background Thread 3 ] DEBUG Engine               - scaledWidthProp$fxgl: DoubleProperty [bound, value: 1280.0]
09:09:27.800 [FXGL Background Thread 3 ] DEBUG Engine               - sceneFactory: client.ClientMain$1@56f36f15
09:09:27.800 [FXGL Background Thread 3 ] DEBUG Engine               - secondsIn24h: 60
09:09:27.801 [FXGL Background Thread 3 ] DEBUG Engine               - soundMenuBack: menu/back.wav
09:09:27.801 [FXGL Background Thread 3 ] DEBUG Engine               - soundMenuPress: menu/press.wav
09:09:27.801 [FXGL Background Thread 3 ] DEBUG Engine               - soundMenuSelect: menu/select.wav
09:09:27.801 [FXGL Background Thread 3 ] DEBUG Engine               - soundNotification: core/notification.wav
09:09:27.801 [FXGL Background Thread 3 ] DEBUG Engine               - stageStyle: DECORATED
09:09:27.801 [FXGL Background Thread 3 ] DEBUG Engine               - supportedLanguages: [ENGLISH, FRENCH, GERMAN, HUNGARIAN, RUSSIAN]
09:09:27.801 [FXGL Background Thread 3 ] DEBUG Engine               - ticksPerSecond: -1
09:09:27.801 [FXGL Background Thread 3 ] DEBUG Engine               - title: Myth Cards Client 0.0
09:09:27.801 [FXGL Background Thread 3 ] DEBUG Engine               - urlGithub: https://github.com/AlmasB/FXGL
09:09:27.801 [FXGL Background Thread 3 ] DEBUG Engine               - urlLeaderboard: http://fxgl-top.herokuapp.com/
09:09:27.801 [FXGL Background Thread 3 ] DEBUG Engine               - urlPOM: https://raw.githubusercontent.com/AlmasB/FXGL/release/README.md
09:09:27.801 [FXGL Background Thread 3 ] DEBUG Engine               - userAppClass: class client.ClientMain
09:09:27.801 [FXGL Background Thread 3 ] DEBUG Engine               - version: 0.0
09:09:27.802 [FXGL Background Thread 3 ] DEBUG Engine               - versionCheckDays: 7
09:09:27.802 [FXGL Background Thread 3 ] DEBUG Engine               - width: 1280
09:09:27.802 [FXGL Background Thread 3 ] DEBUG Engine               - Logging services
09:09:27.802 [FXGL Background Thread 3 ] DEBUG Engine               - class com.almasb.fxgl.app.services.FXGLAssetLoaderService
09:09:27.802 [FXGL Background Thread 3 ] DEBUG Engine               - class com.almasb.fxgl.app.FXGLApplication$GameApplicationService
09:09:27.802 [FXGL Background Thread 3 ] DEBUG Engine               - class com.almasb.fxgl.app.services.FXGLDialogService
09:09:27.802 [FXGL Background Thread 3 ] DEBUG Engine               - class com.almasb.fxgl.app.services.IOTaskExecutorService
09:09:27.802 [FXGL Background Thread 3 ] DEBUG Engine               - class com.almasb.fxgl.io.FileSystemService
09:09:27.802 [FXGL Background Thread 3 ] DEBUG Engine               - class com.almasb.fxgl.localization.LocalizationService
09:09:27.802 [FXGL Background Thread 3 ] DEBUG Engine               - class com.almasb.fxgl.app.services.SystemBundleService
09:09:27.802 [FXGL Background Thread 3 ] DEBUG Engine               - class com.almasb.fxgl.profile.SaveLoadService
09:09:27.802 [FXGL Background Thread 3 ] DEBUG Engine               - class com.almasb.fxgl.ui.FXGLUIFactoryServiceProvider
09:09:27.802 [FXGL Background Thread 3 ] DEBUG Engine               - class com.almasb.fxgl.ui.FXGLDialogFactoryServiceProvider
09:09:27.803 [FXGL Background Thread 3 ] DEBUG Engine               - class com.almasb.fxgl.audio.AudioPlayer
09:09:27.803 [FXGL Background Thread 3 ] DEBUG Engine               - class com.almasb.fxgl.notification.impl.NotificationServiceProvider
09:09:27.803 [FXGL Background Thread 3 ] DEBUG Engine               - class com.almasb.fxgl.achievement.AchievementService
09:09:27.803 [FXGL Background Thread 3 ] DEBUG Engine               - class com.almasb.fxgl.cutscene.CutsceneService
09:09:27.803 [FXGL Background Thread 3 ] DEBUG Engine               - class com.almasb.fxgl.minigames.MiniGameService
09:09:27.803 [FXGL Background Thread 3 ] DEBUG Engine               - class com.almasb.fxgl.net.NetService
09:09:27.803 [FXGL Background Thread 3 ] DEBUG Engine               - class com.almasb.fxgl.app.services.UpdaterService
09:09:27.803 [FXGL Background Thread 3 ] DEBUG Engine               - class com.almasb.fxgl.dev.DevService
09:09:46.758 [JavaFX Application Thread] DEBUG LoopRunner           - Pausing loop
09:09:47.999 [JavaFX Application Thread] DEBUG LoopRunner           - Resuming loop
09:10:19.388 [JavaFX Application Thread] DEBUG FXGLApplication      - Exiting FXGL
09:10:19.389 [JavaFX Application Thread] DEBUG LoopRunner           - Stopping loop
09:10:19.389 [JavaFX Application Thread] DEBUG SystemBundleService  - Saving FXGL system data
09:10:19.400 [JavaFX Application Thread] DEBUG FileSystemAccess     - Writing to: C:\Users\Mark Wachtel\git\mythcards-game\mythcardsgame\client\system\fxgl.bundle
09:10:19.408 [JavaFX Application Thread] DEBUG Async                - Shutting down background threads
09:10:19.408 [JavaFX Application Thread] DEBUG PrimaryStageWindow   - Closing main window
09:10:19.459 [JavaFX Application Thread] DEBUG Logger               - Closing Logger
