21:47:45.069 [main                     ] DEBUG Logger               - Configured Logger
21:47:45.094 [main                     ] DEBUG GameApplication      - Logging settings
Title: Myth Cards Client 0.0
Version: 0.0
Width: 1280
Height: 720
Fullscreen: false
Intro: true
Profiling: false
Single step:false
App Mode: DEVELOPER
Menu Key: ESCAPE
Stage Style: DECORATED
Scene Factory: class client.ClientMain$1

21:47:46.338 [JavaFX Application Thread] DEBUG FXGLApplication      - Initializing FXGL
21:47:46.347 [JavaFX Application Thread] INFO  Engine               - FXGL-21.1 (27.03.2024 07.52) on WINDOWS (J:24 FX:21)
21:47:46.348 [JavaFX Application Thread] DEBUG Engine               - JRE Vendor Name: Oracle Corporation
21:47:46.348 [JavaFX Application Thread] DEBUG Engine               - Running on OS: Windows 11 version 10.0
21:47:46.349 [JavaFX Application Thread] DEBUG Engine               - Architecture: amd64
21:47:46.349 [JavaFX Application Thread] INFO  Engine               - Source code and latest versions at: https://github.com/AlmasB/FXGL
21:47:46.349 [JavaFX Application Thread] INFO  Engine               -       Ask questions and discuss at: https://github.com/AlmasB/FXGL/discussions
21:47:46.350 [JavaFX Application Thread] INFO  Engine               -              Join the FXGL chat at: https://gitter.im/AlmasB/FXGL
21:47:46.885 [JavaFX Application Thread] DEBUG PrimaryStageWindow   - Creating a JavaFX scene
21:47:47.074 [JavaFX Application Thread] DEBUG PrimaryStageWindow   - Target settings size: 1280.0 x 720.0
21:47:47.074 [JavaFX Application Thread] DEBUG PrimaryStageWindow   - Scaled scene size:    1280.0 x 720.0
21:47:47.075 [JavaFX Application Thread] DEBUG PrimaryStageWindow   - Scaled ratio: (1.0, 1.0)
21:47:47.078 [JavaFX Application Thread] DEBUG PrimaryStageWindow   - Set initial scene to CustomStartupScene
21:47:47.088 [JavaFX Application Thread] DEBUG PrimaryStageWindow   - Opening main window
21:47:47.305 [JavaFX Application Thread] DEBUG PrimaryStageWindow   - Window border size: (16.0, 39.0)
21:47:47.305 [JavaFX Application Thread] DEBUG PrimaryStageWindow   - Scaled size: 1280.0 x 720.0
21:47:47.305 [JavaFX Application Thread] DEBUG PrimaryStageWindow   - Scaled ratio: (1.0, 1.0)
21:47:47.306 [JavaFX Application Thread] DEBUG PrimaryStageWindow   - Scene size: 1280.0 x 720.0
21:47:47.306 [JavaFX Application Thread] DEBUG PrimaryStageWindow   - Stage size: 1296.0 x 759.0
21:47:47.324 [FXGL Background Thread 1 ] DEBUG Engine               - Initializing environment variables
21:47:47.522 [FXGL Background Thread 1 ] DEBUG FXGLAssetLoaderServi - User app class for loading assets: class client.ClientMain
21:47:47.522 [FXGL Background Thread 1 ] DEBUG GameApplicationServi - Applying CSS: fxgl_dark.css
21:47:47.525 [FXGL Background Thread 1 ] DEBUG FXGLAssetLoaderServi - Loading from file system: jar:file:/C:/Users/Mark%20Wachtel/.m2/repository/com/github/almasb/fxgl/21.1/fxgl-21.1.jar!/fxglassets/ui/css/fxgl_dark.css
21:47:47.635 [FXGL Background Thread 1 ] DEBUG GameApplicationServi - Applying CSS: styles/chat.css
21:47:47.636 [FXGL Background Thread 1 ] DEBUG FXGLAssetLoaderServi - Loading from file system: file:/C:/Users/Mark%20Wachtel/git/mythcards-game/mythcardsgame/client/target/classes/assets/ui/css/styles/chat.css
21:47:47.639 [FXGL Background Thread 1 ] DEBUG GameApplicationServi - Initializing application scenes
21:47:47.802 [FXGL Background Thread 1 ] DEBUG GameWorld            - Game world initialized
21:47:48.100 [FXGL Background Thread 1 ] DEBUG PhysicsWorld         - Physics world initialized: appHeight=720, physics.ppm=50,0
21:47:48.100 [FXGL Background Thread 1 ] DEBUG PhysicsWorld         - Using strategy: BRUTE_FORCE
21:47:48.111 [FXGL Background Thread 1 ] DEBUG GameScene            - Game scene initialized: 1280x720
21:47:48.116 [FXGL Background Thread 1 ] DEBUG FXGLAssetLoaderServi - Loading from file system: file:/C:/Users/Mark%20Wachtel/git/mythcards-game/mythcardsgame/client/target/classes/assets/textures/bg/loading_screen.png
21:47:48.299 [FXGL Background Thread 1 ] DEBUG FXGL.DefaultMenu     - createMenuBodyGameMenu()
21:47:48.345 [FXGL Background Thread 1 ] DEBUG FXGL.DefaultMenu     - createOptionsMenu()
21:47:48.367 [FXGL Background Thread 1 ] DEBUG FXGLAssetLoaderServi - Loading from file system: jar:file:/C:/Users/Mark%20Wachtel/.m2/repository/com/github/almasb/fxgl/21.1/fxgl-21.1.jar!/fxglassets/textures/particles/smoke.png
21:47:48.671 [FXGL Background Thread 1 ] DEBUG FXGLAssetLoaderServi - Loading from file system: jar:file:/C:/Users/Mark%20Wachtel/.m2/repository/com/github/almasb/fxgl/21.1/fxgl-21.1.jar!/fxglassets/textures/particles/trace_horizontal.png
21:47:48.733 [FXGL Background Thread 1 ] DEBUG GameApplicationServi - Application scenes initialized
21:47:48.770 [FXGL Background Thread 1 ] DEBUG SystemBundleService  - Loading FXGL system data
21:47:48.777 [FXGL Background Thread 1 ] DEBUG FileSystemAccess     - Reading from: C:\Users\Mark Wachtel\git\mythcards-game\mythcardsgame\client\system\fxgl.bundle
21:47:48.795 [FXGL Background Thread 1 ] DEBUG SystemBundleService  - Bundle FXGL: {}
21:47:48.796 [FXGL Background Thread 1 ] DEBUG UpdaterService       - Checking for updates
21:47:48.806 [FXGL Background Thread 4 ] DEBUG FXGLApplication      - Loading fonts
21:47:48.807 [FXGL Background Thread 4 ] DEBUG FXGLAssetLoaderServi - Loading from file system: jar:file:/C:/Users/Mark%20Wachtel/.m2/repository/com/github/almasb/fxgl/21.1/fxgl-21.1.jar!/fxglassets/ui/fonts/VarelaRound-Regular.ttf
21:47:48.808 [FXGL Background Thread 1 ] DEBUG FXGLApplication      - Loading default localization
21:47:48.809 [FXGL Background Thread 1 ] DEBUG FXGLAssetLoaderServi - Loading from file system: jar:file:/C:/Users/Mark%20Wachtel/.m2/repository/com/github/almasb/fxgl/21.1/fxgl-21.1.jar!/fxglassets/languages/english.lang
21:47:48.860 [FXGL Background Thread 4 ] DEBUG FXGLAssetLoaderServi - Loading from file system: jar:file:/C:/Users/Mark%20Wachtel/.m2/repository/com/github/almasb/fxgl/21.1/fxgl-21.1.jar!/fxglassets/ui/fonts/Abel-Regular.ttf
21:47:48.886 [FXGL Background Thread 1 ] INFO  FXGLApplication      - FXGL initialization took: 1,562 sec
21:47:48.891 [JavaFX Application Thread] DEBUG FXGLAssetLoaderServi - Loading from file system: jar:file:/C:/Users/Mark%20Wachtel/.m2/repository/com/github/almasb/fxgl/21.1/fxgl-21.1.jar!/fxglassets/textures/fxgl_icon.png
21:47:48.894 [FXGL Background Thread 4 ] DEBUG FXGLAssetLoaderServi - Loading from file system: jar:file:/C:/Users/Mark%20Wachtel/.m2/repository/com/github/almasb/fxgl/21.1/fxgl-21.1.jar!/fxglassets/ui/fonts/TerminalLandMono-Regular.otf
21:47:48.925 [FXGL Background Thread 4 ] DEBUG FXGLAssetLoaderServi - Loading from file system: jar:file:/C:/Users/Mark%20Wachtel/.m2/repository/com/github/almasb/fxgl/21.1/fxgl-21.1.jar!/fxglassets/ui/fonts/Courier-Prime.ttf
21:47:48.970 [JavaFX Application Thread] DEBUG FXGLAssetLoaderServi - Loading from file system: jar:file:/C:/Users/Mark%20Wachtel/.m2/repository/com/github/almasb/fxgl/21.1/fxgl-21.1.jar!/fxglassets/textures/fxgl_default_cursor.png
21:47:49.062 [JavaFX Application Thread] DEBUG Input                - Registered new binding: Screenshot - CTRL+8
21:47:49.064 [JavaFX Application Thread] DEBUG Input                - Registered new binding: System info dump - CTRL+9
21:47:49.065 [JavaFX Application Thread] DEBUG Input                - Registered new binding: Restart - CTRL+R
21:47:49.067 [JavaFX Application Thread] DEBUG Input                - Registered new binding: Toggle Debug Camera - CTRL+7
21:47:49.082 [JavaFX Application Thread] DEBUG LoopRunner           - Starting loop
21:47:49.082 [JavaFX Application Thread] DEBUG LoopRunner           - Initializing JavaFX AnimationTimerLoop
21:47:49.092 [JavaFX Application Thread] DEBUG GameApplicationServi - Starting new game
21:47:49.092 [JavaFX Application Thread] DEBUG Input                - Clearing active input actions
21:47:49.144 [JavaFX Application Thread] DEBUG GameApplicationServi - Removing overlay from CustomStartupScene and adding to FXGLLoadingScene
21:47:49.145 [JavaFX Application Thread] DEBUG PrimaryStageWindow   - CustomStartupScene -> FXGLLoadingScene
21:47:49.145 [JavaFX Application Thread] DEBUG GameApplicationServi - Clearing previous game
21:47:49.145 [JavaFX Application Thread] DEBUG GameScene            - Clearing game scene
21:47:49.146 [JavaFX Application Thread] DEBUG GameWorld            - Clearing game world
21:47:49.146 [JavaFX Application Thread] DEBUG PhysicsWorld         - Clearing physics world
21:47:49.149 [JavaFX Application Thread] DEBUG Input                - Clearing active input actions
21:47:49.150 [FXGL Background Thread 4 ] DEBUG FXGLApplication      - Initializing game
21:47:49.242 [JavaFX Application Thread] DEBUG GameApplicationServi - Removing overlay from FXGLLoadingScene and adding to MyIntroScene
21:47:49.244 [JavaFX Application Thread] DEBUG PrimaryStageWindow   - CustomStartupScene -> MyIntroScene
21:47:49.246 [JavaFX Application Thread] DEBUG FXGLApplication      - Registering font factories with UI factory
21:47:49.253 [FXGL Background Thread 4 ] INFO  FXGLApplication      - Game initialization took: 0,102 sec
21:47:49.304 [JavaFX Application Thread] DEBUG Input                - Clearing active input actions
21:47:49.392 [JavaFX Application Thread] DEBUG GameApplicationServi - Removing overlay from MyIntroScene and adding to GameScene
21:47:49.392 [JavaFX Application Thread] DEBUG PrimaryStageWindow   - MyIntroScene -> GameScene
21:47:51.803 [FXGL Background Thread 3 ] DEBUG Engine               - Logging environment variables
21:47:51.803 [FXGL Background Thread 3 ] DEBUG Engine               - achievements: []
21:47:51.803 [FXGL Background Thread 3 ] DEBUG Engine               - actualHeight: 720.0
21:47:51.804 [FXGL Background Thread 3 ] DEBUG Engine               - actualHeightProperty: ReadOnlyDoubleProperty [value: 720.0]
21:47:51.804 [FXGL Background Thread 3 ] DEBUG Engine               - actualWidth: 1280.0
21:47:51.804 [FXGL Background Thread 3 ] DEBUG Engine               - actualWidthProperty: ReadOnlyDoubleProperty [value: 1280.0]
21:47:51.804 [FXGL Background Thread 3 ] DEBUG Engine               - appIcon: fxgl_icon.png
21:47:51.804 [FXGL Background Thread 3 ] DEBUG Engine               - applicationMode: DEVELOPER
21:47:51.804 [FXGL Background Thread 3 ] DEBUG Engine               - cSSList: [fxgl_dark.css, styles/chat.css]
21:47:51.804 [FXGL Background Thread 3 ] DEBUG Engine               - collisionDetectionStrategy: BRUTE_FORCE
21:47:51.804 [FXGL Background Thread 3 ] DEBUG Engine               - configClass: Optional.empty
21:47:51.804 [FXGL Background Thread 3 ] DEBUG Engine               - credits: []
21:47:51.804 [FXGL Background Thread 3 ] DEBUG Engine               - defaultCursor: CursorInfo(imageName=fxgl_default_cursor.png, hotspotX=7.0, hotspotY=6.0)
21:47:51.804 [FXGL Background Thread 3 ] DEBUG Engine               - devBBoxColorProperty: ObjectProperty [value: 0xff0000ff]
21:47:51.804 [FXGL Background Thread 3 ] DEBUG Engine               - devEnableDebugCameraProperty: BooleanProperty [value: false]
21:47:51.805 [FXGL Background Thread 3 ] DEBUG Engine               - devSensorColorProperty: ObjectProperty [value: 0xffff00ff]
21:47:51.805 [FXGL Background Thread 3 ] DEBUG Engine               - devShowBBoxProperty: BooleanProperty [value: false]
21:47:51.805 [FXGL Background Thread 3 ] DEBUG Engine               - devShowPositionProperty: BooleanProperty [value: false]
21:47:51.805 [FXGL Background Thread 3 ] DEBUG Engine               - enabledMenuItems: []
21:47:51.805 [FXGL Background Thread 3 ] DEBUG Engine               - engineServices: [class com.almasb.fxgl.app.services.FXGLAssetLoaderService, class com.almasb.fxgl.app.FXGLApplication$GameApplicationService, class com.almasb.fxgl.app.services.FXGLDialogService, class com.almasb.fxgl.app.services.IOTaskExecutorService, class com.almasb.fxgl.io.FileSystemService, class com.almasb.fxgl.localization.LocalizationService, class com.almasb.fxgl.app.services.SystemBundleService, class com.almasb.fxgl.profile.SaveLoadService, class com.almasb.fxgl.ui.FXGLUIFactoryServiceProvider, class com.almasb.fxgl.ui.FXGLDialogFactoryServiceProvider, class com.almasb.fxgl.audio.AudioPlayer, class com.almasb.fxgl.notification.impl.NotificationServiceProvider, class com.almasb.fxgl.achievement.AchievementService, class com.almasb.fxgl.cutscene.CutsceneService, class com.almasb.fxgl.minigames.MiniGameService, class com.almasb.fxgl.net.NetService, class com.almasb.fxgl.app.services.UpdaterService, class com.almasb.fxgl.dev.DevService]
21:47:51.805 [FXGL Background Thread 3 ] DEBUG Engine               - fontGame: Abel-Regular.ttf
21:47:51.805 [FXGL Background Thread 3 ] DEBUG Engine               - fontMono: TerminalLandMono-Regular.otf
21:47:51.805 [FXGL Background Thread 3 ] DEBUG Engine               - fontSizeScaleUI: 1.0
21:47:51.806 [FXGL Background Thread 3 ] DEBUG Engine               - fontText: Courier-Prime.ttf
21:47:51.806 [FXGL Background Thread 3 ] DEBUG Engine               - fontUI: VarelaRound-Regular.ttf
21:47:51.806 [FXGL Background Thread 3 ] DEBUG Engine               - fullScreen: BooleanProperty [value: false]
21:47:51.806 [FXGL Background Thread 3 ] DEBUG Engine               - gameDifficulty: MEDIUM
21:47:51.806 [FXGL Background Thread 3 ] DEBUG Engine               - gameDifficultyProperty: ObjectProperty [value: MEDIUM]
21:47:51.806 [FXGL Background Thread 3 ] DEBUG Engine               - globalMusicVolume: 0.5
21:47:51.806 [FXGL Background Thread 3 ] DEBUG Engine               - globalMusicVolumeProperty: DoubleProperty [value: 0.5]
21:47:51.806 [FXGL Background Thread 3 ] DEBUG Engine               - globalSoundVolume: 0.5
21:47:51.807 [FXGL Background Thread 3 ] DEBUG Engine               - globalSoundVolumeProperty: DoubleProperty [value: 0.5]
21:47:51.807 [FXGL Background Thread 3 ] DEBUG Engine               - height: 720
21:47:51.807 [FXGL Background Thread 3 ] DEBUG Engine               - is3D: false
21:47:51.807 [FXGL Background Thread 3 ] DEBUG Engine               - isAndroid: false
21:47:51.807 [FXGL Background Thread 3 ] DEBUG Engine               - isBrowser: false
21:47:51.807 [FXGL Background Thread 3 ] DEBUG Engine               - isClickFeedbackEnabled: false
21:47:51.807 [FXGL Background Thread 3 ] DEBUG Engine               - isCloseConfirmation: false
21:47:51.807 [FXGL Background Thread 3 ] DEBUG Engine               - isDesktop: true
21:47:51.807 [FXGL Background Thread 3 ] DEBUG Engine               - isDeveloperMenuEnabled: false
21:47:51.808 [FXGL Background Thread 3 ] DEBUG Engine               - isEmbedded: false
21:47:51.808 [FXGL Background Thread 3 ] DEBUG Engine               - isEntityPreloadEnabled: true
21:47:51.808 [FXGL Background Thread 3 ] DEBUG Engine               - isExperimentalTiledLargeMap: false
21:47:51.808 [FXGL Background Thread 3 ] DEBUG Engine               - isFileSystemWriteAllowed: true
21:47:51.808 [FXGL Background Thread 3 ] DEBUG Engine               - isFullScreenAllowed: false
21:47:51.808 [FXGL Background Thread 3 ] DEBUG Engine               - isFullScreenFromStart: false
21:47:51.808 [FXGL Background Thread 3 ] DEBUG Engine               - isGameMenuEnabled: true
21:47:51.808 [FXGL Background Thread 3 ] DEBUG Engine               - isIOS: false
21:47:51.808 [FXGL Background Thread 3 ] DEBUG Engine               - isIntroEnabled: true
21:47:51.808 [FXGL Background Thread 3 ] DEBUG Engine               - isLinux: false
21:47:51.809 [FXGL Background Thread 3 ] DEBUG Engine               - isMac: false
21:47:51.809 [FXGL Background Thread 3 ] DEBUG Engine               - isMainMenuEnabled: false
21:47:51.809 [FXGL Background Thread 3 ] DEBUG Engine               - isManualResizeEnabled: false
21:47:51.809 [FXGL Background Thread 3 ] DEBUG Engine               - isMobile: false
21:47:51.809 [FXGL Background Thread 3 ] DEBUG Engine               - isNative: false
21:47:51.809 [FXGL Background Thread 3 ] DEBUG Engine               - isPauseMusicWhenMinimized: true
21:47:51.809 [FXGL Background Thread 3 ] DEBUG Engine               - isPreserveResizeRatio: false
21:47:51.809 [FXGL Background Thread 3 ] DEBUG Engine               - isProfilingEnabled: false
21:47:51.810 [FXGL Background Thread 3 ] DEBUG Engine               - isScaleAffectedOnResize: true
21:47:51.810 [FXGL Background Thread 3 ] DEBUG Engine               - isSingleStep: false
21:47:51.810 [FXGL Background Thread 3 ] DEBUG Engine               - isUserProfileEnabled: false
21:47:51.810 [FXGL Background Thread 3 ] DEBUG Engine               - isWindows: true
21:47:51.810 [FXGL Background Thread 3 ] DEBUG Engine               - language: ObjectProperty [value: ENGLISH]
21:47:51.810 [FXGL Background Thread 3 ] DEBUG Engine               - menuKey: ESCAPE
21:47:51.810 [FXGL Background Thread 3 ] DEBUG Engine               - mouseSensitivity: 0.2
21:47:51.810 [FXGL Background Thread 3 ] DEBUG Engine               - notificationViewClass: class com.almasb.fxgl.notification.view.XboxNotificationView
21:47:51.810 [FXGL Background Thread 3 ] DEBUG Engine               - pixelsPerMeter: 50.0
21:47:51.811 [FXGL Background Thread 3 ] DEBUG Engine               - platform: WINDOWS
21:47:51.811 [FXGL Background Thread 3 ] DEBUG Engine               - prefHeightProperty: ReadOnlyDoubleProperty [value: 720.0]
21:47:51.811 [FXGL Background Thread 3 ] DEBUG Engine               - prefWidthProperty: ReadOnlyDoubleProperty [value: 1280.0]
21:47:51.811 [FXGL Background Thread 3 ] DEBUG Engine               - profileDir: profiles/
21:47:51.811 [FXGL Background Thread 3 ] DEBUG Engine               - profileName: StringProperty [value: DEFAULT]
21:47:51.811 [FXGL Background Thread 3 ] DEBUG Engine               - randomSeed: -1
21:47:51.811 [FXGL Background Thread 3 ] DEBUG Engine               - runtimeInfo: RuntimeInfo(platform=WINDOWS, version=21.1, build=27.03.2024 07.52)
21:47:51.811 [FXGL Background Thread 3 ] DEBUG Engine               - saveFileExt: sav
21:47:51.811 [FXGL Background Thread 3 ] DEBUG Engine               - scaledHeightProp$fxgl: DoubleProperty [bound, value: 720.0]
21:47:51.811 [FXGL Background Thread 3 ] DEBUG Engine               - scaledWidthProp$fxgl: DoubleProperty [bound, value: 1280.0]
21:47:51.812 [FXGL Background Thread 3 ] DEBUG Engine               - sceneFactory: client.ClientMain$1@7733644e
21:47:51.812 [FXGL Background Thread 3 ] DEBUG Engine               - secondsIn24h: 60
21:47:51.812 [FXGL Background Thread 3 ] DEBUG Engine               - soundMenuBack: menu/back.wav
21:47:51.812 [FXGL Background Thread 3 ] DEBUG Engine               - soundMenuPress: menu/press.wav
21:47:51.812 [FXGL Background Thread 3 ] DEBUG Engine               - soundMenuSelect: menu/select.wav
21:47:51.812 [FXGL Background Thread 3 ] DEBUG Engine               - soundNotification: core/notification.wav
21:47:51.812 [FXGL Background Thread 3 ] DEBUG Engine               - stageStyle: DECORATED
21:47:51.812 [FXGL Background Thread 3 ] DEBUG Engine               - supportedLanguages: [ENGLISH, FRENCH, GERMAN, HUNGARIAN, RUSSIAN]
21:47:51.812 [FXGL Background Thread 3 ] DEBUG Engine               - ticksPerSecond: -1
21:47:51.812 [FXGL Background Thread 3 ] DEBUG Engine               - title: Myth Cards Client 0.0
21:47:51.812 [FXGL Background Thread 3 ] DEBUG Engine               - urlGithub: https://github.com/AlmasB/FXGL
21:47:51.812 [FXGL Background Thread 3 ] DEBUG Engine               - urlLeaderboard: http://fxgl-top.herokuapp.com/
21:47:51.812 [FXGL Background Thread 3 ] DEBUG Engine               - urlPOM: https://raw.githubusercontent.com/AlmasB/FXGL/release/README.md
21:47:51.812 [FXGL Background Thread 3 ] DEBUG Engine               - userAppClass: class client.ClientMain
21:47:51.812 [FXGL Background Thread 3 ] DEBUG Engine               - version: 0.0
21:47:51.812 [FXGL Background Thread 3 ] DEBUG Engine               - versionCheckDays: 7
21:47:51.812 [FXGL Background Thread 3 ] DEBUG Engine               - width: 1280
21:47:51.812 [FXGL Background Thread 3 ] DEBUG Engine               - Logging services
21:47:51.814 [FXGL Background Thread 3 ] DEBUG Engine               - class com.almasb.fxgl.app.services.FXGLAssetLoaderService
21:47:51.814 [FXGL Background Thread 3 ] DEBUG Engine               - class com.almasb.fxgl.app.FXGLApplication$GameApplicationService
21:47:51.814 [FXGL Background Thread 3 ] DEBUG Engine               - class com.almasb.fxgl.app.services.FXGLDialogService
21:47:51.814 [FXGL Background Thread 3 ] DEBUG Engine               - class com.almasb.fxgl.app.services.IOTaskExecutorService
21:47:51.814 [FXGL Background Thread 3 ] DEBUG Engine               - class com.almasb.fxgl.io.FileSystemService
21:47:51.814 [FXGL Background Thread 3 ] DEBUG Engine               - class com.almasb.fxgl.localization.LocalizationService
21:47:51.814 [FXGL Background Thread 3 ] DEBUG Engine               - class com.almasb.fxgl.app.services.SystemBundleService
21:47:51.814 [FXGL Background Thread 3 ] DEBUG Engine               - class com.almasb.fxgl.profile.SaveLoadService
21:47:51.814 [FXGL Background Thread 3 ] DEBUG Engine               - class com.almasb.fxgl.ui.FXGLUIFactoryServiceProvider
21:47:51.814 [FXGL Background Thread 3 ] DEBUG Engine               - class com.almasb.fxgl.ui.FXGLDialogFactoryServiceProvider
21:47:51.814 [FXGL Background Thread 3 ] DEBUG Engine               - class com.almasb.fxgl.audio.AudioPlayer
21:47:51.814 [FXGL Background Thread 3 ] DEBUG Engine               - class com.almasb.fxgl.notification.impl.NotificationServiceProvider
21:47:51.814 [FXGL Background Thread 3 ] DEBUG Engine               - class com.almasb.fxgl.achievement.AchievementService
21:47:51.814 [FXGL Background Thread 3 ] DEBUG Engine               - class com.almasb.fxgl.cutscene.CutsceneService
21:47:51.814 [FXGL Background Thread 3 ] DEBUG Engine               - class com.almasb.fxgl.minigames.MiniGameService
21:47:51.814 [FXGL Background Thread 3 ] DEBUG Engine               - class com.almasb.fxgl.net.NetService
21:47:51.814 [FXGL Background Thread 3 ] DEBUG Engine               - class com.almasb.fxgl.app.services.UpdaterService
21:47:51.815 [FXGL Background Thread 3 ] DEBUG Engine               - class com.almasb.fxgl.dev.DevService
21:49:15.571 [JavaFX Application Thread] DEBUG FXGLApplication      - Exiting FXGL
21:49:15.571 [JavaFX Application Thread] DEBUG LoopRunner           - Stopping loop
21:49:15.571 [JavaFX Application Thread] DEBUG SystemBundleService  - Saving FXGL system data
21:49:15.573 [JavaFX Application Thread] DEBUG FileSystemAccess     - Writing to: C:\Users\Mark Wachtel\git\mythcards-game\mythcardsgame\client\system\fxgl.bundle
21:49:15.574 [JavaFX Application Thread] DEBUG Async                - Shutting down background threads
21:49:15.575 [JavaFX Application Thread] DEBUG PrimaryStageWindow   - Closing main window
21:49:15.589 [JavaFX Application Thread] DEBUG Logger               - Closing Logger
