18:33:30.370 [main                     ] DEBUG Logger               - Configured Logger
18:33:30.379 [main                     ] DEBUG GameApplication      - Logging settings
Title: Myth Cards Client 0.0
Version: 0.0
Width: 1280
Height: 720
Fullscreen: false
Intro: true
Profiling: false
Single step:false
App Mode: DEVELOPER
Menu Key: ESCAPE
Stage Style: DECORATED
Scene Factory: class client.ClientMain$1

18:33:30.741 [JavaFX Application Thread] DEBUG FXGLApplication      - Initializing FXGL
18:33:30.744 [JavaFX Application Thread] INFO  Engine               - FXGL-21.1 (27.03.2024 07.52) on WINDOWS (J:24 FX:21)
18:33:30.744 [JavaFX Application Thread] DEBUG Engine               - JRE Vendor Name: Oracle Corporation
18:33:30.744 [JavaFX Application Thread] DEBUG Engine               - Running on OS: Windows 11 version 10.0
18:33:30.744 [JavaFX Application Thread] DEBUG Engine               - Architecture: amd64
18:33:30.744 [JavaFX Application Thread] INFO  Engine               - Source code and latest versions at: https://github.com/AlmasB/FXGL
18:33:30.744 [JavaFX Application Thread] INFO  Engine               -       Ask questions and discuss at: https://github.com/AlmasB/FXGL/discussions
18:33:30.744 [JavaFX Application Thread] INFO  Engine               -              Join the FXGL chat at: https://gitter.im/AlmasB/FXGL
18:33:30.973 [JavaFX Application Thread] DEBUG PrimaryStageWindow   - Creating a JavaFX scene
18:33:31.035 [JavaFX Application Thread] DEBUG PrimaryStageWindow   - Target settings size: 1280.0 x 720.0
18:33:31.035 [JavaFX Application Thread] DEBUG PrimaryStageWindow   - Scaled scene size:    1280.0 x 720.0
18:33:31.035 [JavaFX Application Thread] DEBUG PrimaryStageWindow   - Scaled ratio: (1.0, 1.0)
18:33:31.036 [JavaFX Application Thread] DEBUG PrimaryStageWindow   - Set initial scene to CustomStartupScene
18:33:31.039 [JavaFX Application Thread] DEBUG PrimaryStageWindow   - Opening main window
18:33:31.170 [JavaFX Application Thread] DEBUG PrimaryStageWindow   - Window border size: (16.0, 39.0)
18:33:31.170 [JavaFX Application Thread] DEBUG PrimaryStageWindow   - Scaled size: 1280.0 x 720.0
18:33:31.170 [JavaFX Application Thread] DEBUG PrimaryStageWindow   - Scaled ratio: (1.0, 1.0)
18:33:31.170 [JavaFX Application Thread] DEBUG PrimaryStageWindow   - Scene size: 1280.0 x 720.0
18:33:31.170 [JavaFX Application Thread] DEBUG PrimaryStageWindow   - Stage size: 1296.0 x 759.0
18:33:31.177 [FXGL Background Thread 1 ] DEBUG Engine               - Initializing environment variables
18:33:31.284 [FXGL Background Thread 1 ] DEBUG FXGLAssetLoaderServi - User app class for loading assets: class client.ClientMain
18:33:31.284 [FXGL Background Thread 1 ] DEBUG GameApplicationServi - Applying CSS: fxgl_dark.css
18:33:31.285 [FXGL Background Thread 1 ] DEBUG FXGLAssetLoaderServi - Loading from file system: jar:file:/C:/Users/Mark%20Wachtel/.m2/repository/com/github/almasb/fxgl/21.1/fxgl-21.1.jar!/fxglassets/ui/css/fxgl_dark.css
18:33:31.368 [FXGL Background Thread 1 ] DEBUG GameApplicationServi - Applying CSS: styles/chat.css
18:33:31.368 [FXGL Background Thread 1 ] DEBUG FXGLAssetLoaderServi - Loading from file system: file:/C:/Users/Mark%20Wachtel/git/mythcards-game/mythcardsgame/client/target/classes/assets/ui/css/styles/chat.css
18:33:31.370 [FXGL Background Thread 1 ] DEBUG GameApplicationServi - Initializing application scenes
18:33:31.451 [FXGL Background Thread 1 ] DEBUG GameWorld            - Game world initialized
18:33:31.544 [FXGL Background Thread 1 ] DEBUG PhysicsWorld         - Physics world initialized: appHeight=720, physics.ppm=50,0
18:33:31.544 [FXGL Background Thread 1 ] DEBUG PhysicsWorld         - Using strategy: BRUTE_FORCE
18:33:31.550 [FXGL Background Thread 1 ] DEBUG GameScene            - Game scene initialized: 1280x720
18:33:31.554 [FXGL Background Thread 1 ] DEBUG FXGLAssetLoaderServi - Loading from file system: file:/C:/Users/Mark%20Wachtel/git/mythcards-game/mythcardsgame/client/target/classes/assets/textures/bg/loading_screen.png
18:33:31.619 [FXGL Background Thread 1 ] DEBUG FXGL.DefaultMenu     - createMenuBodyGameMenu()
18:33:31.636 [FXGL Background Thread 1 ] DEBUG FXGL.DefaultMenu     - createOptionsMenu()
18:33:31.645 [FXGL Background Thread 1 ] DEBUG FXGLAssetLoaderServi - Loading from file system: jar:file:/C:/Users/Mark%20Wachtel/.m2/repository/com/github/almasb/fxgl/21.1/fxgl-21.1.jar!/fxglassets/textures/particles/smoke.png
18:33:31.790 [FXGL Background Thread 1 ] DEBUG FXGLAssetLoaderServi - Loading from file system: jar:file:/C:/Users/Mark%20Wachtel/.m2/repository/com/github/almasb/fxgl/21.1/fxgl-21.1.jar!/fxglassets/textures/particles/trace_horizontal.png
18:33:31.828 [FXGL Background Thread 1 ] DEBUG GameApplicationServi - Application scenes initialized
18:33:31.849 [FXGL Background Thread 1 ] DEBUG SystemBundleService  - Loading FXGL system data
18:33:31.852 [FXGL Background Thread 1 ] DEBUG FileSystemAccess     - Reading from: C:\Users\Mark Wachtel\git\mythcards-game\mythcardsgame\client\system\fxgl.bundle
18:33:31.860 [FXGL Background Thread 1 ] DEBUG SystemBundleService  - Bundle FXGL: {}
18:33:31.860 [FXGL Background Thread 1 ] DEBUG UpdaterService       - Checking for updates
18:33:31.866 [FXGL Background Thread 4 ] DEBUG FXGLApplication      - Loading fonts
18:33:31.867 [FXGL Background Thread 4 ] DEBUG FXGLAssetLoaderServi - Loading from file system: jar:file:/C:/Users/Mark%20Wachtel/.m2/repository/com/github/almasb/fxgl/21.1/fxgl-21.1.jar!/fxglassets/ui/fonts/VarelaRound-Regular.ttf
18:33:31.867 [FXGL Background Thread 1 ] DEBUG FXGLApplication      - Loading default localization
18:33:31.868 [FXGL Background Thread 1 ] DEBUG FXGLAssetLoaderServi - Loading from file system: jar:file:/C:/Users/Mark%20Wachtel/.m2/repository/com/github/almasb/fxgl/21.1/fxgl-21.1.jar!/fxglassets/languages/english.lang
18:33:31.889 [FXGL Background Thread 4 ] DEBUG FXGLAssetLoaderServi - Loading from file system: jar:file:/C:/Users/Mark%20Wachtel/.m2/repository/com/github/almasb/fxgl/21.1/fxgl-21.1.jar!/fxglassets/ui/fonts/Abel-Regular.ttf
18:33:31.901 [FXGL Background Thread 4 ] DEBUG FXGLAssetLoaderServi - Loading from file system: jar:file:/C:/Users/Mark%20Wachtel/.m2/repository/com/github/almasb/fxgl/21.1/fxgl-21.1.jar!/fxglassets/ui/fonts/TerminalLandMono-Regular.otf
18:33:31.908 [FXGL Background Thread 1 ] INFO  FXGLApplication      - FXGL initialization took: 0,731 sec
18:33:31.910 [JavaFX Application Thread] DEBUG FXGLAssetLoaderServi - Loading from file system: jar:file:/C:/Users/Mark%20Wachtel/.m2/repository/com/github/almasb/fxgl/21.1/fxgl-21.1.jar!/fxglassets/textures/fxgl_icon.png
18:33:31.917 [FXGL Background Thread 4 ] DEBUG FXGLAssetLoaderServi - Loading from file system: jar:file:/C:/Users/Mark%20Wachtel/.m2/repository/com/github/almasb/fxgl/21.1/fxgl-21.1.jar!/fxglassets/ui/fonts/Courier-Prime.ttf
18:33:31.933 [JavaFX Application Thread] DEBUG FXGLAssetLoaderServi - Loading from file system: jar:file:/C:/Users/Mark%20Wachtel/.m2/repository/com/github/almasb/fxgl/21.1/fxgl-21.1.jar!/fxglassets/textures/fxgl_default_cursor.png
18:33:31.951 [JavaFX Application Thread] DEBUG Input                - Registered new binding: Screenshot - CTRL+8
18:33:31.952 [JavaFX Application Thread] DEBUG Input                - Registered new binding: System info dump - CTRL+9
18:33:31.953 [JavaFX Application Thread] DEBUG Input                - Registered new binding: Restart - CTRL+R
18:33:31.954 [JavaFX Application Thread] DEBUG Input                - Registered new binding: Toggle Debug Camera - CTRL+7
18:33:31.957 [JavaFX Application Thread] DEBUG LoopRunner           - Starting loop
18:33:31.957 [JavaFX Application Thread] DEBUG LoopRunner           - Initializing JavaFX AnimationTimerLoop
18:33:31.960 [JavaFX Application Thread] DEBUG GameApplicationServi - Starting new game
18:33:31.960 [JavaFX Application Thread] DEBUG Input                - Clearing active input actions
18:33:31.975 [JavaFX Application Thread] DEBUG GameApplicationServi - Removing overlay from CustomStartupScene and adding to FXGLLoadingScene
18:33:31.975 [JavaFX Application Thread] DEBUG PrimaryStageWindow   - CustomStartupScene -> FXGLLoadingScene
18:33:31.975 [JavaFX Application Thread] DEBUG GameApplicationServi - Clearing previous game
18:33:31.976 [JavaFX Application Thread] DEBUG GameScene            - Clearing game scene
18:33:31.976 [JavaFX Application Thread] DEBUG GameWorld            - Clearing game world
18:33:31.976 [JavaFX Application Thread] DEBUG PhysicsWorld         - Clearing physics world
18:33:31.978 [JavaFX Application Thread] DEBUG Input                - Clearing active input actions
18:33:31.978 [FXGL Background Thread 4 ] DEBUG FXGLApplication      - Initializing game
18:33:31.990 [JavaFX Application Thread] DEBUG GameApplicationServi - Removing overlay from FXGLLoadingScene and adding to MyIntroScene
18:33:31.990 [JavaFX Application Thread] DEBUG PrimaryStageWindow   - CustomStartupScene -> MyIntroScene
18:33:31.991 [JavaFX Application Thread] DEBUG FXGLApplication      - Registering font factories with UI factory
18:33:32.006 [FXGL Background Thread 4 ] INFO  FXGLApplication      - Game initialization took: 0,028 sec
18:33:32.013 [JavaFX Application Thread] DEBUG Input                - Clearing active input actions
18:33:32.048 [JavaFX Application Thread] DEBUG GameApplicationServi - Removing overlay from MyIntroScene and adding to GameScene
18:33:32.048 [JavaFX Application Thread] DEBUG PrimaryStageWindow   - MyIntroScene -> GameScene
18:33:34.864 [FXGL Background Thread 3 ] DEBUG Engine               - Logging environment variables
18:33:34.867 [FXGL Background Thread 3 ] DEBUG Engine               - achievements: []
18:33:34.867 [FXGL Background Thread 3 ] DEBUG Engine               - actualHeight: 720.0
18:33:34.868 [FXGL Background Thread 3 ] DEBUG Engine               - actualHeightProperty: ReadOnlyDoubleProperty [value: 720.0]
18:33:34.868 [FXGL Background Thread 3 ] DEBUG Engine               - actualWidth: 1280.0
18:33:34.868 [FXGL Background Thread 3 ] DEBUG Engine               - actualWidthProperty: ReadOnlyDoubleProperty [value: 1280.0]
18:33:34.869 [FXGL Background Thread 3 ] DEBUG Engine               - appIcon: fxgl_icon.png
18:33:34.869 [FXGL Background Thread 3 ] DEBUG Engine               - applicationMode: DEVELOPER
18:33:34.869 [FXGL Background Thread 3 ] DEBUG Engine               - cSSList: [fxgl_dark.css, styles/chat.css]
18:33:34.869 [FXGL Background Thread 3 ] DEBUG Engine               - collisionDetectionStrategy: BRUTE_FORCE
18:33:34.870 [FXGL Background Thread 3 ] DEBUG Engine               - configClass: Optional.empty
18:33:34.870 [FXGL Background Thread 3 ] DEBUG Engine               - credits: []
18:33:34.871 [FXGL Background Thread 3 ] DEBUG Engine               - defaultCursor: CursorInfo(imageName=fxgl_default_cursor.png, hotspotX=7.0, hotspotY=6.0)
18:33:34.871 [FXGL Background Thread 3 ] DEBUG Engine               - devBBoxColorProperty: ObjectProperty [value: 0xff0000ff]
18:33:34.872 [FXGL Background Thread 3 ] DEBUG Engine               - devEnableDebugCameraProperty: BooleanProperty [value: false]
18:33:34.872 [FXGL Background Thread 3 ] DEBUG Engine               - devSensorColorProperty: ObjectProperty [value: 0xffff00ff]
18:33:34.873 [FXGL Background Thread 3 ] DEBUG Engine               - devShowBBoxProperty: BooleanProperty [value: false]
18:33:34.873 [FXGL Background Thread 3 ] DEBUG Engine               - devShowPositionProperty: BooleanProperty [value: false]
18:33:34.873 [FXGL Background Thread 3 ] DEBUG Engine               - enabledMenuItems: []
18:33:34.873 [FXGL Background Thread 3 ] DEBUG Engine               - engineServices: [class com.almasb.fxgl.app.services.FXGLAssetLoaderService, class com.almasb.fxgl.app.FXGLApplication$GameApplicationService, class com.almasb.fxgl.app.services.FXGLDialogService, class com.almasb.fxgl.app.services.IOTaskExecutorService, class com.almasb.fxgl.io.FileSystemService, class com.almasb.fxgl.localization.LocalizationService, class com.almasb.fxgl.app.services.SystemBundleService, class com.almasb.fxgl.profile.SaveLoadService, class com.almasb.fxgl.ui.FXGLUIFactoryServiceProvider, class com.almasb.fxgl.ui.FXGLDialogFactoryServiceProvider, class com.almasb.fxgl.audio.AudioPlayer, class com.almasb.fxgl.notification.impl.NotificationServiceProvider, class com.almasb.fxgl.achievement.AchievementService, class com.almasb.fxgl.cutscene.CutsceneService, class com.almasb.fxgl.minigames.MiniGameService, class com.almasb.fxgl.net.NetService, class com.almasb.fxgl.app.services.UpdaterService, class com.almasb.fxgl.dev.DevService]
18:33:34.874 [FXGL Background Thread 3 ] DEBUG Engine               - fontGame: Abel-Regular.ttf
18:33:34.874 [FXGL Background Thread 3 ] DEBUG Engine               - fontMono: TerminalLandMono-Regular.otf
18:33:34.874 [FXGL Background Thread 3 ] DEBUG Engine               - fontSizeScaleUI: 1.0
18:33:34.875 [FXGL Background Thread 3 ] DEBUG Engine               - fontText: Courier-Prime.ttf
18:33:34.875 [FXGL Background Thread 3 ] DEBUG Engine               - fontUI: VarelaRound-Regular.ttf
18:33:34.875 [FXGL Background Thread 3 ] DEBUG Engine               - fullScreen: BooleanProperty [value: false]
18:33:34.875 [FXGL Background Thread 3 ] DEBUG Engine               - gameDifficulty: MEDIUM
18:33:34.876 [FXGL Background Thread 3 ] DEBUG Engine               - gameDifficultyProperty: ObjectProperty [value: MEDIUM]
18:33:34.876 [FXGL Background Thread 3 ] DEBUG Engine               - globalMusicVolume: 0.5
18:33:34.876 [FXGL Background Thread 3 ] DEBUG Engine               - globalMusicVolumeProperty: DoubleProperty [value: 0.5]
18:33:34.876 [FXGL Background Thread 3 ] DEBUG Engine               - globalSoundVolume: 0.5
18:33:34.877 [FXGL Background Thread 3 ] DEBUG Engine               - globalSoundVolumeProperty: DoubleProperty [value: 0.5]
18:33:34.877 [FXGL Background Thread 3 ] DEBUG Engine               - height: 720
18:33:34.877 [FXGL Background Thread 3 ] DEBUG Engine               - is3D: false
18:33:34.877 [FXGL Background Thread 3 ] DEBUG Engine               - isAndroid: false
18:33:34.878 [FXGL Background Thread 3 ] DEBUG Engine               - isBrowser: false
18:33:34.878 [FXGL Background Thread 3 ] DEBUG Engine               - isClickFeedbackEnabled: false
18:33:34.878 [FXGL Background Thread 3 ] DEBUG Engine               - isCloseConfirmation: false
18:33:34.878 [FXGL Background Thread 3 ] DEBUG Engine               - isDesktop: true
18:33:34.878 [FXGL Background Thread 3 ] DEBUG Engine               - isDeveloperMenuEnabled: false
18:33:34.879 [FXGL Background Thread 3 ] DEBUG Engine               - isEmbedded: false
18:33:34.879 [FXGL Background Thread 3 ] DEBUG Engine               - isEntityPreloadEnabled: true
18:33:34.879 [FXGL Background Thread 3 ] DEBUG Engine               - isExperimentalTiledLargeMap: false
18:33:34.879 [FXGL Background Thread 3 ] DEBUG Engine               - isFileSystemWriteAllowed: true
18:33:34.879 [FXGL Background Thread 3 ] DEBUG Engine               - isFullScreenAllowed: false
18:33:34.880 [FXGL Background Thread 3 ] DEBUG Engine               - isFullScreenFromStart: false
18:33:34.880 [FXGL Background Thread 3 ] DEBUG Engine               - isGameMenuEnabled: true
18:33:34.880 [FXGL Background Thread 3 ] DEBUG Engine               - isIOS: false
18:33:34.881 [FXGL Background Thread 3 ] DEBUG Engine               - isIntroEnabled: true
18:33:34.881 [FXGL Background Thread 3 ] DEBUG Engine               - isLinux: false
18:33:34.881 [FXGL Background Thread 3 ] DEBUG Engine               - isMac: false
18:33:34.881 [FXGL Background Thread 3 ] DEBUG Engine               - isMainMenuEnabled: false
18:33:34.882 [FXGL Background Thread 3 ] DEBUG Engine               - isManualResizeEnabled: false
18:33:34.882 [FXGL Background Thread 3 ] DEBUG Engine               - isMobile: false
18:33:34.883 [FXGL Background Thread 3 ] DEBUG Engine               - isNative: false
18:33:34.883 [FXGL Background Thread 3 ] DEBUG Engine               - isPauseMusicWhenMinimized: true
18:33:34.883 [FXGL Background Thread 3 ] DEBUG Engine               - isPreserveResizeRatio: false
18:33:34.883 [FXGL Background Thread 3 ] DEBUG Engine               - isProfilingEnabled: false
18:33:34.883 [FXGL Background Thread 3 ] DEBUG Engine               - isScaleAffectedOnResize: true
18:33:34.884 [FXGL Background Thread 3 ] DEBUG Engine               - isSingleStep: false
18:33:34.884 [FXGL Background Thread 3 ] DEBUG Engine               - isUserProfileEnabled: false
18:33:34.884 [FXGL Background Thread 3 ] DEBUG Engine               - isWindows: true
18:33:34.884 [FXGL Background Thread 3 ] DEBUG Engine               - language: ObjectProperty [value: ENGLISH]
18:33:34.884 [FXGL Background Thread 3 ] DEBUG Engine               - menuKey: ESCAPE
18:33:34.885 [FXGL Background Thread 3 ] DEBUG Engine               - mouseSensitivity: 0.2
18:33:34.885 [FXGL Background Thread 3 ] DEBUG Engine               - notificationViewClass: class com.almasb.fxgl.notification.view.XboxNotificationView
18:33:34.885 [FXGL Background Thread 3 ] DEBUG Engine               - pixelsPerMeter: 50.0
18:33:34.885 [FXGL Background Thread 3 ] DEBUG Engine               - platform: WINDOWS
18:33:34.886 [FXGL Background Thread 3 ] DEBUG Engine               - prefHeightProperty: ReadOnlyDoubleProperty [value: 720.0]
18:33:34.886 [FXGL Background Thread 3 ] DEBUG Engine               - prefWidthProperty: ReadOnlyDoubleProperty [value: 1280.0]
18:33:34.886 [FXGL Background Thread 3 ] DEBUG Engine               - profileDir: profiles/
18:33:34.886 [FXGL Background Thread 3 ] DEBUG Engine               - profileName: StringProperty [value: DEFAULT]
18:33:34.887 [FXGL Background Thread 3 ] DEBUG Engine               - randomSeed: -1
18:33:34.887 [FXGL Background Thread 3 ] DEBUG Engine               - runtimeInfo: RuntimeInfo(platform=WINDOWS, version=21.1, build=27.03.2024 07.52)
18:33:34.888 [FXGL Background Thread 3 ] DEBUG Engine               - saveFileExt: sav
18:33:34.888 [FXGL Background Thread 3 ] DEBUG Engine               - scaledHeightProp$fxgl: DoubleProperty [bound, value: 720.0]
18:33:34.888 [FXGL Background Thread 3 ] DEBUG Engine               - scaledWidthProp$fxgl: DoubleProperty [bound, value: 1280.0]
18:33:34.888 [FXGL Background Thread 3 ] DEBUG Engine               - sceneFactory: client.ClientMain$1@1927f217
18:33:34.889 [FXGL Background Thread 3 ] DEBUG Engine               - secondsIn24h: 60
18:33:34.889 [FXGL Background Thread 3 ] DEBUG Engine               - soundMenuBack: menu/back.wav
18:33:34.889 [FXGL Background Thread 3 ] DEBUG Engine               - soundMenuPress: menu/press.wav
18:33:34.889 [FXGL Background Thread 3 ] DEBUG Engine               - soundMenuSelect: menu/select.wav
18:33:34.889 [FXGL Background Thread 3 ] DEBUG Engine               - soundNotification: core/notification.wav
18:33:34.890 [FXGL Background Thread 3 ] DEBUG Engine               - stageStyle: DECORATED
18:33:34.890 [FXGL Background Thread 3 ] DEBUG Engine               - supportedLanguages: [ENGLISH, FRENCH, GERMAN, HUNGARIAN, RUSSIAN]
18:33:34.890 [FXGL Background Thread 3 ] DEBUG Engine               - ticksPerSecond: -1
18:33:34.890 [FXGL Background Thread 3 ] DEBUG Engine               - title: Myth Cards Client 0.0
18:33:34.891 [FXGL Background Thread 3 ] DEBUG Engine               - urlGithub: https://github.com/AlmasB/FXGL
18:33:34.891 [FXGL Background Thread 3 ] DEBUG Engine               - urlLeaderboard: http://fxgl-top.herokuapp.com/
18:33:34.891 [FXGL Background Thread 3 ] DEBUG Engine               - urlPOM: https://raw.githubusercontent.com/AlmasB/FXGL/release/README.md
18:33:34.891 [FXGL Background Thread 3 ] DEBUG Engine               - userAppClass: class client.ClientMain
18:33:34.891 [FXGL Background Thread 3 ] DEBUG Engine               - version: 0.0
18:33:34.891 [FXGL Background Thread 3 ] DEBUG Engine               - versionCheckDays: 7
18:33:34.892 [FXGL Background Thread 3 ] DEBUG Engine               - width: 1280
18:33:34.892 [FXGL Background Thread 3 ] DEBUG Engine               - Logging services
18:33:34.892 [FXGL Background Thread 3 ] DEBUG Engine               - class com.almasb.fxgl.app.services.FXGLAssetLoaderService
18:33:34.892 [FXGL Background Thread 3 ] DEBUG Engine               - class com.almasb.fxgl.app.FXGLApplication$GameApplicationService
18:33:34.892 [FXGL Background Thread 3 ] DEBUG Engine               - class com.almasb.fxgl.app.services.FXGLDialogService
18:33:34.892 [FXGL Background Thread 3 ] DEBUG Engine               - class com.almasb.fxgl.app.services.IOTaskExecutorService
18:33:34.893 [FXGL Background Thread 3 ] DEBUG Engine               - class com.almasb.fxgl.io.FileSystemService
18:33:34.893 [FXGL Background Thread 3 ] DEBUG Engine               - class com.almasb.fxgl.localization.LocalizationService
18:33:34.893 [FXGL Background Thread 3 ] DEBUG Engine               - class com.almasb.fxgl.app.services.SystemBundleService
18:33:34.893 [FXGL Background Thread 3 ] DEBUG Engine               - class com.almasb.fxgl.profile.SaveLoadService
18:33:34.893 [FXGL Background Thread 3 ] DEBUG Engine               - class com.almasb.fxgl.ui.FXGLUIFactoryServiceProvider
18:33:34.893 [FXGL Background Thread 3 ] DEBUG Engine               - class com.almasb.fxgl.ui.FXGLDialogFactoryServiceProvider
18:33:34.893 [FXGL Background Thread 3 ] DEBUG Engine               - class com.almasb.fxgl.audio.AudioPlayer
18:33:34.893 [FXGL Background Thread 3 ] DEBUG Engine               - class com.almasb.fxgl.notification.impl.NotificationServiceProvider
18:33:34.893 [FXGL Background Thread 3 ] DEBUG Engine               - class com.almasb.fxgl.achievement.AchievementService
18:33:34.894 [FXGL Background Thread 3 ] DEBUG Engine               - class com.almasb.fxgl.cutscene.CutsceneService
18:33:34.894 [FXGL Background Thread 3 ] DEBUG Engine               - class com.almasb.fxgl.minigames.MiniGameService
18:33:34.894 [FXGL Background Thread 3 ] DEBUG Engine               - class com.almasb.fxgl.net.NetService
18:33:34.894 [FXGL Background Thread 3 ] DEBUG Engine               - class com.almasb.fxgl.app.services.UpdaterService
18:33:34.894 [FXGL Background Thread 3 ] DEBUG Engine               - class com.almasb.fxgl.dev.DevService
18:33:45.716 [JavaFX Application Thread] DEBUG LoopRunner           - Stopping loop
18:33:45.718 [JavaFX Application Thread] FATAL FXGLApplication      - Uncaught Exception:
java.time.temporal.UnsupportedTemporalTypeException: Unsupported field: HourOfDay
	at java.base/java.time.Instant.getLong(Instant.java:603)
	at java.base/java.time.format.DateTimePrintContext.getValue(DateTimePrintContext.java:308)
	at java.base/java.time.format.DateTimeFormatterBuilder$NumberPrinterParser.format(DateTimeFormatterBuilder.java:2915)
	at java.base/java.time.format.DateTimeFormatterBuilder$CompositePrinterParser.format(DateTimeFormatterBuilder.java:2539)
	at java.base/java.time.format.DateTimeFormatter.formatTo(DateTimeFormatter.java:1905)
	at java.base/java.time.format.DateTimeFormatter.format(DateTimeFormatter.java:1879)
	at client.ChatMessageCell.updateItem(ChatMessageCell.java:39)
	at client.ChatMessageCell.updateItem(ChatMessageCell.java:17)
	at javafx.scene.control.ListCell.updateItem(ListCell.java:485)
	at javafx.scene.control.ListCell.indexChanged(ListCell.java:337)
	at javafx.scene.control.IndexedCell$1.invalidated(IndexedCell.java:85)
	at javafx.beans.property.IntegerPropertyBase.markInvalid(IntegerPropertyBase.java:113)
	at javafx.beans.property.IntegerPropertyBase.set(IntegerPropertyBase.java:148)
	at javafx.scene.control.IndexedCell.updateIndex(IndexedCell.java:130)
	at javafx.scene.control.skin.VirtualFlow.setCellIndex(VirtualFlow.java:1812)
	at javafx.scene.control.skin.VirtualFlow.getCell(VirtualFlow.java:1796)
	at javafx.scene.control.skin.VirtualFlow.getOrCreateCellSize(VirtualFlow.java:3068)
	at javafx.scene.control.skin.VirtualFlow.getOrCreateCellSize(VirtualFlow.java:3040)
	at javafx.scene.control.skin.VirtualFlow.recalculateAndImproveEstimatedSize(VirtualFlow.java:3144)
	at javafx.scene.control.skin.VirtualFlow$5.invalidated(VirtualFlow.java:865)
	at javafx.beans.property.IntegerPropertyBase.markInvalid(IntegerPropertyBase.java:113)
	at javafx.beans.property.IntegerPropertyBase.set(IntegerPropertyBase.java:148)
	at javafx.scene.control.skin.VirtualFlow.setCellCount(VirtualFlow.java:911)
	at javafx.scene.control.skin.ListViewSkin.updateItemCount(ListViewSkin.java:343)
	at javafx.scene.control.skin.VirtualContainerBase.checkState(VirtualContainerBase.java:183)
	at javafx.scene.control.skin.VirtualContainerBase.layoutChildren(VirtualContainerBase.java:158)
	at javafx.scene.control.skin.ListViewSkin.layoutChildren(ListViewSkin.java:286)
	at javafx.scene.control.Control.layoutChildren(Control.java:612)
	at javafx.scene.Parent.layout(Parent.java:1208)
	at javafx.scene.Parent.layout(Parent.java:1215)
	at javafx.scene.Scene.doLayoutPass(Scene.java:594)
	at javafx.scene.Scene$ScenePulseListener.pulse(Scene.java:2600)
	at com.sun.javafx.tk.Toolkit.lambda$runPulse$2(Toolkit.java:401)
	at java.base/java.security.AccessController.doPrivileged(AccessController.java:138)
	at com.sun.javafx.tk.Toolkit.runPulse(Toolkit.java:400)
	at com.sun.javafx.tk.Toolkit.firePulse(Toolkit.java:430)
	at com.sun.javafx.tk.quantum.QuantumToolkit.pulse(QuantumToolkit.java:592)
	at com.sun.javafx.tk.quantum.QuantumToolkit.pulse(QuantumToolkit.java:572)
	at com.sun.javafx.tk.quantum.QuantumToolkit.pulseFromQueue(QuantumToolkit.java:565)
	at com.sun.javafx.tk.quantum.QuantumToolkit.lambda$runToolkit$11(QuantumToolkit.java:352)
	at com.sun.glass.ui.InvokeLaterDispatcher$Future.run(InvokeLaterDispatcher.java:95)
	at com.sun.glass.ui.win.WinApplication._runLoop(Native Method)
	at com.sun.glass.ui.win.WinApplication.lambda$runLoop$3(WinApplication.java:185)
	at java.base/java.lang.Thread.run(Thread.java:1447)

18:33:45.719 [JavaFX Application Thread] FATAL FXGLApplication      - Application will now exit
18:33:45.741 [JavaFX Application Thread] DEBUG PrimaryStageWindow   - Push state: ErrorSubScene
18:33:45.742 [JavaFX Application Thread] DEBUG Input                - Clearing active input actions
18:33:45.748 [JavaFX Application Thread] DEBUG GameApplicationServi - Removing overlay from GameScene and adding to ErrorSubScene
18:33:45.748 [JavaFX Application Thread] DEBUG PrimaryStageWindow   - GameScene -> ErrorSubScene
18:34:18.661 [JavaFX Application Thread] DEBUG FXGLApplication      - Exiting FXGL
18:34:18.661 [JavaFX Application Thread] DEBUG Async                - Shutting down background threads
18:34:18.661 [JavaFX Application Thread] DEBUG PrimaryStageWindow   - Closing main window
18:34:18.676 [JavaFX Application Thread] DEBUG Logger               - Closing Logger
