18:32:36.949 [main                     ] DEBUG Logger               - Configured Logger
18:32:36.961 [main                     ] DEBUG GameApplication      - Logging settings
Title: Myth Cards Client 0.0
Version: 0.0
Width: 1280
Height: 720
Fullscreen: false
Intro: true
Profiling: false
Single step:false
App Mode: DEVELOPER
Menu Key: ESCAPE
Stage Style: DECORATED
Scene Factory: class client.ClientMain$1

18:32:37.551 [JavaFX Application Thread] DEBUG FXGLApplication      - Initializing FXGL
18:32:37.556 [JavaFX Application Thread] INFO  Engine               - FXGL-21.1 (27.03.2024 07.52) on WINDOWS (J:24 FX:21)
18:32:37.556 [JavaFX Application Thread] DEBUG Engine               - JRE Vendor Name: Oracle Corporation
18:32:37.556 [JavaFX Application Thread] DEBUG Engine               - Running on OS: Windows 11 version 10.0
18:32:37.556 [JavaFX Application Thread] DEBUG Engine               - Architecture: amd64
18:32:37.556 [JavaFX Application Thread] INFO  Engine               - Source code and latest versions at: https://github.com/AlmasB/FXGL
18:32:37.557 [JavaFX Application Thread] INFO  Engine               -       Ask questions and discuss at: https://github.com/AlmasB/FXGL/discussions
18:32:37.557 [JavaFX Application Thread] INFO  Engine               -              Join the FXGL chat at: https://gitter.im/AlmasB/FXGL
18:32:37.822 [JavaFX Application Thread] DEBUG PrimaryStageWindow   - Creating a JavaFX scene
18:32:37.912 [JavaFX Application Thread] DEBUG PrimaryStageWindow   - Target settings size: 1280.0 x 720.0
18:32:37.913 [JavaFX Application Thread] DEBUG PrimaryStageWindow   - Scaled scene size:    1280.0 x 720.0
18:32:37.913 [JavaFX Application Thread] DEBUG PrimaryStageWindow   - Scaled ratio: (1.0, 1.0)
18:32:37.914 [JavaFX Application Thread] DEBUG PrimaryStageWindow   - Set initial scene to CustomStartupScene
18:32:37.918 [JavaFX Application Thread] DEBUG PrimaryStageWindow   - Opening main window
18:32:38.093 [JavaFX Application Thread] DEBUG PrimaryStageWindow   - Window border size: (16.0, 39.0)
18:32:38.093 [JavaFX Application Thread] DEBUG PrimaryStageWindow   - Scaled size: 1280.0 x 720.0
18:32:38.093 [JavaFX Application Thread] DEBUG PrimaryStageWindow   - Scaled ratio: (1.0, 1.0)
18:32:38.093 [JavaFX Application Thread] DEBUG PrimaryStageWindow   - Scene size: 1280.0 x 720.0
18:32:38.094 [JavaFX Application Thread] DEBUG PrimaryStageWindow   - Stage size: 1296.0 x 759.0
18:32:38.105 [FXGL Background Thread 1 ] DEBUG Engine               - Initializing environment variables
18:32:38.242 [FXGL Background Thread 1 ] DEBUG FXGLAssetLoaderServi - User app class for loading assets: class client.ClientMain
18:32:38.242 [FXGL Background Thread 1 ] DEBUG GameApplicationServi - Applying CSS: fxgl_dark.css
18:32:38.243 [FXGL Background Thread 1 ] DEBUG FXGLAssetLoaderServi - Loading from file system: jar:file:/C:/Users/Mark%20Wachtel/.m2/repository/com/github/almasb/fxgl/21.1/fxgl-21.1.jar!/fxglassets/ui/css/fxgl_dark.css
18:32:38.329 [FXGL Background Thread 1 ] DEBUG GameApplicationServi - Applying CSS: styles/chat.css
18:32:38.330 [FXGL Background Thread 1 ] DEBUG FXGLAssetLoaderServi - Loading from file system: file:/C:/Users/Mark%20Wachtel/git/mythcards-game/mythcardsgame/client/target/classes/assets/ui/css/styles/chat.css
18:32:38.332 [FXGL Background Thread 1 ] DEBUG GameApplicationServi - Initializing application scenes
18:32:38.405 [FXGL Background Thread 1 ] DEBUG GameWorld            - Game world initialized
18:32:38.522 [FXGL Background Thread 1 ] DEBUG PhysicsWorld         - Physics world initialized: appHeight=720, physics.ppm=50,0
18:32:38.523 [FXGL Background Thread 1 ] DEBUG PhysicsWorld         - Using strategy: BRUTE_FORCE
18:32:38.528 [FXGL Background Thread 1 ] DEBUG GameScene            - Game scene initialized: 1280x720
18:32:38.530 [FXGL Background Thread 1 ] DEBUG FXGLAssetLoaderServi - Loading from file system: file:/C:/Users/Mark%20Wachtel/git/mythcards-game/mythcardsgame/client/target/classes/assets/textures/bg/loading_screen.png
18:32:38.593 [FXGL Background Thread 1 ] DEBUG FXGL.DefaultMenu     - createMenuBodyGameMenu()
18:32:38.613 [FXGL Background Thread 1 ] DEBUG FXGL.DefaultMenu     - createOptionsMenu()
18:32:38.623 [FXGL Background Thread 1 ] DEBUG FXGLAssetLoaderServi - Loading from file system: jar:file:/C:/Users/Mark%20Wachtel/.m2/repository/com/github/almasb/fxgl/21.1/fxgl-21.1.jar!/fxglassets/textures/particles/smoke.png
18:32:38.778 [FXGL Background Thread 1 ] DEBUG FXGLAssetLoaderServi - Loading from file system: jar:file:/C:/Users/Mark%20Wachtel/.m2/repository/com/github/almasb/fxgl/21.1/fxgl-21.1.jar!/fxglassets/textures/particles/trace_horizontal.png
18:32:38.797 [FXGL Background Thread 1 ] DEBUG GameApplicationServi - Application scenes initialized
18:32:38.814 [FXGL Background Thread 1 ] DEBUG SystemBundleService  - Loading FXGL system data
18:32:38.820 [FXGL Background Thread 1 ] DEBUG FileSystemAccess     - Reading from: C:\Users\Mark Wachtel\git\mythcards-game\mythcardsgame\client\system\fxgl.bundle
18:32:38.830 [FXGL Background Thread 1 ] DEBUG SystemBundleService  - Bundle FXGL: {}
18:32:38.830 [FXGL Background Thread 1 ] DEBUG UpdaterService       - Checking for updates
18:32:38.837 [FXGL Background Thread 4 ] DEBUG FXGLApplication      - Loading fonts
18:32:38.838 [FXGL Background Thread 4 ] DEBUG FXGLAssetLoaderServi - Loading from file system: jar:file:/C:/Users/Mark%20Wachtel/.m2/repository/com/github/almasb/fxgl/21.1/fxgl-21.1.jar!/fxglassets/ui/fonts/VarelaRound-Regular.ttf
18:32:38.840 [FXGL Background Thread 1 ] DEBUG FXGLApplication      - Loading default localization
18:32:38.840 [FXGL Background Thread 1 ] DEBUG FXGLAssetLoaderServi - Loading from file system: jar:file:/C:/Users/Mark%20Wachtel/.m2/repository/com/github/almasb/fxgl/21.1/fxgl-21.1.jar!/fxglassets/languages/english.lang
18:32:38.867 [FXGL Background Thread 4 ] DEBUG FXGLAssetLoaderServi - Loading from file system: jar:file:/C:/Users/Mark%20Wachtel/.m2/repository/com/github/almasb/fxgl/21.1/fxgl-21.1.jar!/fxglassets/ui/fonts/Abel-Regular.ttf
18:32:38.880 [FXGL Background Thread 4 ] DEBUG FXGLAssetLoaderServi - Loading from file system: jar:file:/C:/Users/Mark%20Wachtel/.m2/repository/com/github/almasb/fxgl/21.1/fxgl-21.1.jar!/fxglassets/ui/fonts/TerminalLandMono-Regular.otf
18:32:38.893 [FXGL Background Thread 1 ] INFO  FXGLApplication      - FXGL initialization took: 0,787 sec
18:32:38.894 [JavaFX Application Thread] DEBUG FXGLAssetLoaderServi - Loading from file system: jar:file:/C:/Users/Mark%20Wachtel/.m2/repository/com/github/almasb/fxgl/21.1/fxgl-21.1.jar!/fxglassets/textures/fxgl_icon.png
18:32:38.897 [FXGL Background Thread 4 ] DEBUG FXGLAssetLoaderServi - Loading from file system: jar:file:/C:/Users/Mark%20Wachtel/.m2/repository/com/github/almasb/fxgl/21.1/fxgl-21.1.jar!/fxglassets/ui/fonts/Courier-Prime.ttf
18:32:38.923 [JavaFX Application Thread] DEBUG FXGLAssetLoaderServi - Loading from file system: jar:file:/C:/Users/Mark%20Wachtel/.m2/repository/com/github/almasb/fxgl/21.1/fxgl-21.1.jar!/fxglassets/textures/fxgl_default_cursor.png
18:32:38.943 [JavaFX Application Thread] DEBUG Input                - Registered new binding: Screenshot - CTRL+8
18:32:38.944 [JavaFX Application Thread] DEBUG Input                - Registered new binding: System info dump - CTRL+9
18:32:38.945 [JavaFX Application Thread] DEBUG Input                - Registered new binding: Restart - CTRL+R
18:32:38.947 [JavaFX Application Thread] DEBUG Input                - Registered new binding: Toggle Debug Camera - CTRL+7
18:32:38.955 [JavaFX Application Thread] DEBUG LoopRunner           - Starting loop
18:32:38.955 [JavaFX Application Thread] DEBUG LoopRunner           - Initializing JavaFX AnimationTimerLoop
18:32:38.958 [JavaFX Application Thread] DEBUG GameApplicationServi - Starting new game
18:32:38.958 [JavaFX Application Thread] DEBUG Input                - Clearing active input actions
18:32:38.975 [JavaFX Application Thread] DEBUG GameApplicationServi - Removing overlay from CustomStartupScene and adding to FXGLLoadingScene
18:32:38.976 [JavaFX Application Thread] DEBUG PrimaryStageWindow   - CustomStartupScene -> FXGLLoadingScene
18:32:38.976 [JavaFX Application Thread] DEBUG GameApplicationServi - Clearing previous game
18:32:38.976 [JavaFX Application Thread] DEBUG GameScene            - Clearing game scene
18:32:38.976 [JavaFX Application Thread] DEBUG GameWorld            - Clearing game world
18:32:38.976 [JavaFX Application Thread] DEBUG PhysicsWorld         - Clearing physics world
18:32:38.977 [JavaFX Application Thread] DEBUG Input                - Clearing active input actions
18:32:38.977 [FXGL Background Thread 4 ] DEBUG FXGLApplication      - Initializing game
18:32:38.991 [JavaFX Application Thread] DEBUG GameApplicationServi - Removing overlay from FXGLLoadingScene and adding to MyIntroScene
18:32:38.992 [JavaFX Application Thread] DEBUG PrimaryStageWindow   - CustomStartupScene -> MyIntroScene
18:32:38.992 [JavaFX Application Thread] DEBUG FXGLApplication      - Registering font factories with UI factory
18:32:39.006 [FXGL Background Thread 4 ] INFO  FXGLApplication      - Game initialization took: 0,028 sec
18:32:39.025 [JavaFX Application Thread] DEBUG Input                - Clearing active input actions
18:32:39.057 [JavaFX Application Thread] DEBUG GameApplicationServi - Removing overlay from MyIntroScene and adding to GameScene
18:32:39.057 [JavaFX Application Thread] DEBUG PrimaryStageWindow   - MyIntroScene -> GameScene
18:32:41.836 [FXGL Background Thread 3 ] DEBUG Engine               - Logging environment variables
18:32:41.836 [FXGL Background Thread 3 ] DEBUG Engine               - achievements: []
18:32:41.836 [FXGL Background Thread 3 ] DEBUG Engine               - actualHeight: 720.0
18:32:41.836 [FXGL Background Thread 3 ] DEBUG Engine               - actualHeightProperty: ReadOnlyDoubleProperty [value: 720.0]
18:32:41.836 [FXGL Background Thread 3 ] DEBUG Engine               - actualWidth: 1280.0
18:32:41.836 [FXGL Background Thread 3 ] DEBUG Engine               - actualWidthProperty: ReadOnlyDoubleProperty [value: 1280.0]
18:32:41.836 [FXGL Background Thread 3 ] DEBUG Engine               - appIcon: fxgl_icon.png
18:32:41.836 [FXGL Background Thread 3 ] DEBUG Engine               - applicationMode: DEVELOPER
18:32:41.836 [FXGL Background Thread 3 ] DEBUG Engine               - cSSList: [fxgl_dark.css, styles/chat.css]
18:32:41.837 [FXGL Background Thread 3 ] DEBUG Engine               - collisionDetectionStrategy: BRUTE_FORCE
18:32:41.837 [FXGL Background Thread 3 ] DEBUG Engine               - configClass: Optional.empty
18:32:41.837 [FXGL Background Thread 3 ] DEBUG Engine               - credits: []
18:32:41.837 [FXGL Background Thread 3 ] DEBUG Engine               - defaultCursor: CursorInfo(imageName=fxgl_default_cursor.png, hotspotX=7.0, hotspotY=6.0)
18:32:41.837 [FXGL Background Thread 3 ] DEBUG Engine               - devBBoxColorProperty: ObjectProperty [value: 0xff0000ff]
18:32:41.837 [FXGL Background Thread 3 ] DEBUG Engine               - devEnableDebugCameraProperty: BooleanProperty [value: false]
18:32:41.837 [FXGL Background Thread 3 ] DEBUG Engine               - devSensorColorProperty: ObjectProperty [value: 0xffff00ff]
18:32:41.837 [FXGL Background Thread 3 ] DEBUG Engine               - devShowBBoxProperty: BooleanProperty [value: false]
18:32:41.837 [FXGL Background Thread 3 ] DEBUG Engine               - devShowPositionProperty: BooleanProperty [value: false]
18:32:41.837 [FXGL Background Thread 3 ] DEBUG Engine               - enabledMenuItems: []
18:32:41.837 [FXGL Background Thread 3 ] DEBUG Engine               - engineServices: [class com.almasb.fxgl.app.services.FXGLAssetLoaderService, class com.almasb.fxgl.app.FXGLApplication$GameApplicationService, class com.almasb.fxgl.app.services.FXGLDialogService, class com.almasb.fxgl.app.services.IOTaskExecutorService, class com.almasb.fxgl.io.FileSystemService, class com.almasb.fxgl.localization.LocalizationService, class com.almasb.fxgl.app.services.SystemBundleService, class com.almasb.fxgl.profile.SaveLoadService, class com.almasb.fxgl.ui.FXGLUIFactoryServiceProvider, class com.almasb.fxgl.ui.FXGLDialogFactoryServiceProvider, class com.almasb.fxgl.audio.AudioPlayer, class com.almasb.fxgl.notification.impl.NotificationServiceProvider, class com.almasb.fxgl.achievement.AchievementService, class com.almasb.fxgl.cutscene.CutsceneService, class com.almasb.fxgl.minigames.MiniGameService, class com.almasb.fxgl.net.NetService, class com.almasb.fxgl.app.services.UpdaterService, class com.almasb.fxgl.dev.DevService]
18:32:41.837 [FXGL Background Thread 3 ] DEBUG Engine               - fontGame: Abel-Regular.ttf
18:32:41.837 [FXGL Background Thread 3 ] DEBUG Engine               - fontMono: TerminalLandMono-Regular.otf
18:32:41.837 [FXGL Background Thread 3 ] DEBUG Engine               - fontSizeScaleUI: 1.0
18:32:41.837 [FXGL Background Thread 3 ] DEBUG Engine               - fontText: Courier-Prime.ttf
18:32:41.838 [FXGL Background Thread 3 ] DEBUG Engine               - fontUI: VarelaRound-Regular.ttf
18:32:41.838 [FXGL Background Thread 3 ] DEBUG Engine               - fullScreen: BooleanProperty [value: false]
18:32:41.838 [FXGL Background Thread 3 ] DEBUG Engine               - gameDifficulty: MEDIUM
18:32:41.838 [FXGL Background Thread 3 ] DEBUG Engine               - gameDifficultyProperty: ObjectProperty [value: MEDIUM]
18:32:41.838 [FXGL Background Thread 3 ] DEBUG Engine               - globalMusicVolume: 0.5
18:32:41.838 [FXGL Background Thread 3 ] DEBUG Engine               - globalMusicVolumeProperty: DoubleProperty [value: 0.5]
18:32:41.838 [FXGL Background Thread 3 ] DEBUG Engine               - globalSoundVolume: 0.5
18:32:41.838 [FXGL Background Thread 3 ] DEBUG Engine               - globalSoundVolumeProperty: DoubleProperty [value: 0.5]
18:32:41.838 [FXGL Background Thread 3 ] DEBUG Engine               - height: 720
18:32:41.838 [FXGL Background Thread 3 ] DEBUG Engine               - is3D: false
18:32:41.838 [FXGL Background Thread 3 ] DEBUG Engine               - isAndroid: false
18:32:41.838 [FXGL Background Thread 3 ] DEBUG Engine               - isBrowser: false
18:32:41.838 [FXGL Background Thread 3 ] DEBUG Engine               - isClickFeedbackEnabled: false
18:32:41.838 [FXGL Background Thread 3 ] DEBUG Engine               - isCloseConfirmation: false
18:32:41.838 [FXGL Background Thread 3 ] DEBUG Engine               - isDesktop: true
18:32:41.838 [FXGL Background Thread 3 ] DEBUG Engine               - isDeveloperMenuEnabled: false
18:32:41.838 [FXGL Background Thread 3 ] DEBUG Engine               - isEmbedded: false
18:32:41.838 [FXGL Background Thread 3 ] DEBUG Engine               - isEntityPreloadEnabled: true
18:32:41.838 [FXGL Background Thread 3 ] DEBUG Engine               - isExperimentalTiledLargeMap: false
18:32:41.838 [FXGL Background Thread 3 ] DEBUG Engine               - isFileSystemWriteAllowed: true
18:32:41.838 [FXGL Background Thread 3 ] DEBUG Engine               - isFullScreenAllowed: false
18:32:41.838 [FXGL Background Thread 3 ] DEBUG Engine               - isFullScreenFromStart: false
18:32:41.839 [FXGL Background Thread 3 ] DEBUG Engine               - isGameMenuEnabled: true
18:32:41.839 [FXGL Background Thread 3 ] DEBUG Engine               - isIOS: false
18:32:41.839 [FXGL Background Thread 3 ] DEBUG Engine               - isIntroEnabled: true
18:32:41.839 [FXGL Background Thread 3 ] DEBUG Engine               - isLinux: false
18:32:41.839 [FXGL Background Thread 3 ] DEBUG Engine               - isMac: false
18:32:41.839 [FXGL Background Thread 3 ] DEBUG Engine               - isMainMenuEnabled: false
18:32:41.839 [FXGL Background Thread 3 ] DEBUG Engine               - isManualResizeEnabled: false
18:32:41.839 [FXGL Background Thread 3 ] DEBUG Engine               - isMobile: false
18:32:41.839 [FXGL Background Thread 3 ] DEBUG Engine               - isNative: false
18:32:41.839 [FXGL Background Thread 3 ] DEBUG Engine               - isPauseMusicWhenMinimized: true
18:32:41.839 [FXGL Background Thread 3 ] DEBUG Engine               - isPreserveResizeRatio: false
18:32:41.839 [FXGL Background Thread 3 ] DEBUG Engine               - isProfilingEnabled: false
18:32:41.839 [FXGL Background Thread 3 ] DEBUG Engine               - isScaleAffectedOnResize: true
18:32:41.839 [FXGL Background Thread 3 ] DEBUG Engine               - isSingleStep: false
18:32:41.839 [FXGL Background Thread 3 ] DEBUG Engine               - isUserProfileEnabled: false
18:32:41.839 [FXGL Background Thread 3 ] DEBUG Engine               - isWindows: true
18:32:41.839 [FXGL Background Thread 3 ] DEBUG Engine               - language: ObjectProperty [value: ENGLISH]
18:32:41.839 [FXGL Background Thread 3 ] DEBUG Engine               - menuKey: ESCAPE
18:32:41.839 [FXGL Background Thread 3 ] DEBUG Engine               - mouseSensitivity: 0.2
18:32:41.839 [FXGL Background Thread 3 ] DEBUG Engine               - notificationViewClass: class com.almasb.fxgl.notification.view.XboxNotificationView
18:32:41.839 [FXGL Background Thread 3 ] DEBUG Engine               - pixelsPerMeter: 50.0
18:32:41.840 [FXGL Background Thread 3 ] DEBUG Engine               - platform: WINDOWS
18:32:41.840 [FXGL Background Thread 3 ] DEBUG Engine               - prefHeightProperty: ReadOnlyDoubleProperty [value: 720.0]
18:32:41.840 [FXGL Background Thread 3 ] DEBUG Engine               - prefWidthProperty: ReadOnlyDoubleProperty [value: 1280.0]
18:32:41.840 [FXGL Background Thread 3 ] DEBUG Engine               - profileDir: profiles/
18:32:41.840 [FXGL Background Thread 3 ] DEBUG Engine               - profileName: StringProperty [value: DEFAULT]
18:32:41.840 [FXGL Background Thread 3 ] DEBUG Engine               - randomSeed: -1
18:32:41.840 [FXGL Background Thread 3 ] DEBUG Engine               - runtimeInfo: RuntimeInfo(platform=WINDOWS, version=21.1, build=27.03.2024 07.52)
18:32:41.840 [FXGL Background Thread 3 ] DEBUG Engine               - saveFileExt: sav
18:32:41.840 [FXGL Background Thread 3 ] DEBUG Engine               - scaledHeightProp$fxgl: DoubleProperty [bound, value: 720.0]
18:32:41.840 [FXGL Background Thread 3 ] DEBUG Engine               - scaledWidthProp$fxgl: DoubleProperty [bound, value: 1280.0]
18:32:41.840 [FXGL Background Thread 3 ] DEBUG Engine               - sceneFactory: client.ClientMain$1@248087d9
18:32:41.840 [FXGL Background Thread 3 ] DEBUG Engine               - secondsIn24h: 60
18:32:41.840 [FXGL Background Thread 3 ] DEBUG Engine               - soundMenuBack: menu/back.wav
18:32:41.840 [FXGL Background Thread 3 ] DEBUG Engine               - soundMenuPress: menu/press.wav
18:32:41.840 [FXGL Background Thread 3 ] DEBUG Engine               - soundMenuSelect: menu/select.wav
18:32:41.840 [FXGL Background Thread 3 ] DEBUG Engine               - soundNotification: core/notification.wav
18:32:41.840 [FXGL Background Thread 3 ] DEBUG Engine               - stageStyle: DECORATED
18:32:41.840 [FXGL Background Thread 3 ] DEBUG Engine               - supportedLanguages: [ENGLISH, FRENCH, GERMAN, HUNGARIAN, RUSSIAN]
18:32:41.840 [FXGL Background Thread 3 ] DEBUG Engine               - ticksPerSecond: -1
18:32:41.840 [FXGL Background Thread 3 ] DEBUG Engine               - title: Myth Cards Client 0.0
18:32:41.841 [FXGL Background Thread 3 ] DEBUG Engine               - urlGithub: https://github.com/AlmasB/FXGL
18:32:41.841 [FXGL Background Thread 3 ] DEBUG Engine               - urlLeaderboard: http://fxgl-top.herokuapp.com/
18:32:41.841 [FXGL Background Thread 3 ] DEBUG Engine               - urlPOM: https://raw.githubusercontent.com/AlmasB/FXGL/release/README.md
18:32:41.841 [FXGL Background Thread 3 ] DEBUG Engine               - userAppClass: class client.ClientMain
18:32:41.841 [FXGL Background Thread 3 ] DEBUG Engine               - version: 0.0
18:32:41.841 [FXGL Background Thread 3 ] DEBUG Engine               - versionCheckDays: 7
18:32:41.841 [FXGL Background Thread 3 ] DEBUG Engine               - width: 1280
18:32:41.841 [FXGL Background Thread 3 ] DEBUG Engine               - Logging services
18:32:41.841 [FXGL Background Thread 3 ] DEBUG Engine               - class com.almasb.fxgl.app.services.FXGLAssetLoaderService
18:32:41.841 [FXGL Background Thread 3 ] DEBUG Engine               - class com.almasb.fxgl.app.FXGLApplication$GameApplicationService
18:32:41.841 [FXGL Background Thread 3 ] DEBUG Engine               - class com.almasb.fxgl.app.services.FXGLDialogService
18:32:41.841 [FXGL Background Thread 3 ] DEBUG Engine               - class com.almasb.fxgl.app.services.IOTaskExecutorService
18:32:41.841 [FXGL Background Thread 3 ] DEBUG Engine               - class com.almasb.fxgl.io.FileSystemService
18:32:41.841 [FXGL Background Thread 3 ] DEBUG Engine               - class com.almasb.fxgl.localization.LocalizationService
18:32:41.841 [FXGL Background Thread 3 ] DEBUG Engine               - class com.almasb.fxgl.app.services.SystemBundleService
18:32:41.841 [FXGL Background Thread 3 ] DEBUG Engine               - class com.almasb.fxgl.profile.SaveLoadService
18:32:41.841 [FXGL Background Thread 3 ] DEBUG Engine               - class com.almasb.fxgl.ui.FXGLUIFactoryServiceProvider
18:32:41.841 [FXGL Background Thread 3 ] DEBUG Engine               - class com.almasb.fxgl.ui.FXGLDialogFactoryServiceProvider
18:32:41.841 [FXGL Background Thread 3 ] DEBUG Engine               - class com.almasb.fxgl.audio.AudioPlayer
18:32:41.841 [FXGL Background Thread 3 ] DEBUG Engine               - class com.almasb.fxgl.notification.impl.NotificationServiceProvider
18:32:41.841 [FXGL Background Thread 3 ] DEBUG Engine               - class com.almasb.fxgl.achievement.AchievementService
18:32:41.841 [FXGL Background Thread 3 ] DEBUG Engine               - class com.almasb.fxgl.cutscene.CutsceneService
18:32:41.841 [FXGL Background Thread 3 ] DEBUG Engine               - class com.almasb.fxgl.minigames.MiniGameService
18:32:41.842 [FXGL Background Thread 3 ] DEBUG Engine               - class com.almasb.fxgl.net.NetService
18:32:41.842 [FXGL Background Thread 3 ] DEBUG Engine               - class com.almasb.fxgl.app.services.UpdaterService
18:32:41.842 [FXGL Background Thread 3 ] DEBUG Engine               - class com.almasb.fxgl.dev.DevService
18:34:21.223 [JavaFX Application Thread] DEBUG FXGLApplication      - Exiting FXGL
18:34:21.223 [JavaFX Application Thread] DEBUG LoopRunner           - Stopping loop
18:34:21.223 [JavaFX Application Thread] DEBUG SystemBundleService  - Saving FXGL system data
18:34:21.223 [JavaFX Application Thread] DEBUG FileSystemAccess     - Writing to: C:\Users\Mark Wachtel\git\mythcards-game\mythcardsgame\client\system\fxgl.bundle
18:34:21.239 [JavaFX Application Thread] DEBUG Async                - Shutting down background threads
18:34:21.239 [JavaFX Application Thread] DEBUG PrimaryStageWindow   - Closing main window
18:34:21.286 [JavaFX Application Thread] DEBUG Logger               - Closing Logger
