11:25:09.792 [main                     ] DEBUG Logger               - Configured Logger
11:25:09.801 [main                     ] DEBUG GameApplication      - Logging settings
Title: Myth Cards Client
Version: 0.0
Width: 1280
Height: 720
Fullscreen: false
Intro: false
Profiling: false
Single step:false
App Mode: DEVELOPER
Menu Key: ESCAPE
Stage Style: DECORATED
Scene Factory: class com.almasb.fxgl.app.scene.SceneFactory

11:25:10.169 [JavaFX Application Thread] DEBUG FXGLApplication      - Initializing FXGL
11:25:10.172 [JavaFX Application Thread] INFO  Engine               - FXGL-21.1 (27.03.2024 07.52) on WINDOWS (J:24 FX:21)
11:25:10.173 [JavaFX Application Thread] DEBUG Engine               - JRE Vendor Name: Oracle Corporation
11:25:10.173 [JavaFX Application Thread] DEBUG Engine               - Running on OS: Windows 11 version 10.0
11:25:10.173 [JavaFX Application Thread] DEBUG Engine               - Architecture: amd64
11:25:10.173 [JavaFX Application Thread] INFO  Engine               - Source code and latest versions at: https://github.com/AlmasB/FXGL
11:25:10.173 [JavaFX Application Thread] INFO  Engine               -       Ask questions and discuss at: https://github.com/AlmasB/FXGL/discussions
11:25:10.173 [JavaFX Application Thread] INFO  Engine               -              Join the FXGL chat at: https://gitter.im/AlmasB/FXGL
11:25:10.314 [JavaFX Application Thread] DEBUG PrimaryStageWindow   - Creating a JavaFX scene
11:25:10.370 [JavaFX Application Thread] DEBUG PrimaryStageWindow   - Target settings size: 1280.0 x 720.0
11:25:10.371 [JavaFX Application Thread] DEBUG PrimaryStageWindow   - Scaled scene size:    1280.0 x 720.0
11:25:10.371 [JavaFX Application Thread] DEBUG PrimaryStageWindow   - Scaled ratio: (1.0, 1.0)
11:25:10.372 [JavaFX Application Thread] DEBUG PrimaryStageWindow   - Set initial scene to FXGLStartupScene
11:25:10.380 [JavaFX Application Thread] DEBUG PrimaryStageWindow   - Opening main window
11:25:10.515 [JavaFX Application Thread] DEBUG PrimaryStageWindow   - Window border size: (16.0, 39.0)
11:25:10.515 [JavaFX Application Thread] DEBUG PrimaryStageWindow   - Scaled size: 1280.0 x 720.0
11:25:10.515 [JavaFX Application Thread] DEBUG PrimaryStageWindow   - Scaled ratio: (1.0, 1.0)
11:25:10.515 [JavaFX Application Thread] DEBUG PrimaryStageWindow   - Scene size: 1280.0 x 720.0
11:25:10.515 [JavaFX Application Thread] DEBUG PrimaryStageWindow   - Stage size: 1296.0 x 759.0
11:25:10.523 [FXGL Background Thread 1 ] DEBUG Engine               - Initializing environment variables
11:25:10.653 [FXGL Background Thread 1 ] DEBUG FXGLAssetLoaderServi - User app class for loading assets: class client.ClientMain
11:25:10.653 [FXGL Background Thread 1 ] DEBUG GameApplicationServi - Applying CSS: fxgl_dark.css
11:25:10.654 [FXGL Background Thread 1 ] DEBUG FXGLAssetLoaderServi - Loading from file system: jar:file:/C:/Users/Mark%20Wachtel/.m2/repository/com/github/almasb/fxgl/21.1/fxgl-21.1.jar!/fxglassets/ui/css/fxgl_dark.css
11:25:10.728 [FXGL Background Thread 1 ] DEBUG GameApplicationServi - Initializing application scenes
11:25:10.811 [FXGL Background Thread 1 ] DEBUG GameWorld            - Game world initialized
11:25:10.899 [FXGL Background Thread 1 ] DEBUG PhysicsWorld         - Physics world initialized: appHeight=720, physics.ppm=50,0
11:25:10.899 [FXGL Background Thread 1 ] DEBUG PhysicsWorld         - Using strategy: BRUTE_FORCE
11:25:10.904 [FXGL Background Thread 1 ] DEBUG GameScene            - Game scene initialized: 1280x720
11:25:10.931 [FXGL Background Thread 1 ] DEBUG FXGL.DefaultMenu     - createMenuBodyGameMenu()
11:25:10.950 [FXGL Background Thread 1 ] DEBUG FXGL.DefaultMenu     - createOptionsMenu()
11:25:10.968 [FXGL Background Thread 1 ] DEBUG FXGLAssetLoaderServi - Loading from file system: jar:file:/C:/Users/Mark%20Wachtel/.m2/repository/com/github/almasb/fxgl/21.1/fxgl-21.1.jar!/fxglassets/textures/particles/smoke.png
11:25:11.116 [FXGL Background Thread 1 ] DEBUG FXGLAssetLoaderServi - Loading from file system: jar:file:/C:/Users/Mark%20Wachtel/.m2/repository/com/github/almasb/fxgl/21.1/fxgl-21.1.jar!/fxglassets/textures/particles/trace_horizontal.png
11:25:11.146 [FXGL Background Thread 1 ] DEBUG GameApplicationServi - Application scenes initialized
11:25:11.161 [FXGL Background Thread 1 ] DEBUG SystemBundleService  - Loading FXGL system data
11:25:11.167 [FXGL Background Thread 1 ] DEBUG FileSystemAccess     - Reading from: C:\Users\Mark Wachtel\git\mythcards-game\mythcardsgame\client\system\fxgl.bundle
11:25:11.174 [FXGL Background Thread 1 ] DEBUG SystemBundleService  - Bundle FXGL: {}
11:25:11.174 [FXGL Background Thread 1 ] DEBUG UpdaterService       - Checking for updates
11:25:11.188 [FXGL Background Thread 4 ] DEBUG FXGLApplication      - Loading fonts
11:25:11.188 [FXGL Background Thread 4 ] DEBUG FXGLAssetLoaderServi - Loading from file system: jar:file:/C:/Users/Mark%20Wachtel/.m2/repository/com/github/almasb/fxgl/21.1/fxgl-21.1.jar!/fxglassets/ui/fonts/VarelaRound-Regular.ttf
11:25:11.192 [FXGL Background Thread 1 ] DEBUG FXGLApplication      - Loading default localization
11:25:11.192 [FXGL Background Thread 1 ] DEBUG FXGLAssetLoaderServi - Loading from file system: jar:file:/C:/Users/Mark%20Wachtel/.m2/repository/com/github/almasb/fxgl/21.1/fxgl-21.1.jar!/fxglassets/languages/english.lang
11:25:11.215 [FXGL Background Thread 4 ] DEBUG FXGLAssetLoaderServi - Loading from file system: jar:file:/C:/Users/Mark%20Wachtel/.m2/repository/com/github/almasb/fxgl/21.1/fxgl-21.1.jar!/fxglassets/ui/fonts/Abel-Regular.ttf
11:25:11.227 [FXGL Background Thread 4 ] DEBUG FXGLAssetLoaderServi - Loading from file system: jar:file:/C:/Users/Mark%20Wachtel/.m2/repository/com/github/almasb/fxgl/21.1/fxgl-21.1.jar!/fxglassets/ui/fonts/TerminalLandMono-Regular.otf
11:25:11.233 [FXGL Background Thread 1 ] INFO  FXGLApplication      - FXGL initialization took: 0,709 sec
11:25:11.235 [JavaFX Application Thread] DEBUG FXGLAssetLoaderServi - Loading from file system: jar:file:/C:/Users/Mark%20Wachtel/.m2/repository/com/github/almasb/fxgl/21.1/fxgl-21.1.jar!/fxglassets/textures/fxgl_icon.png
11:25:11.243 [FXGL Background Thread 4 ] DEBUG FXGLAssetLoaderServi - Loading from file system: jar:file:/C:/Users/Mark%20Wachtel/.m2/repository/com/github/almasb/fxgl/21.1/fxgl-21.1.jar!/fxglassets/ui/fonts/Courier-Prime.ttf
11:25:11.264 [JavaFX Application Thread] DEBUG FXGLAssetLoaderServi - Loading from file system: jar:file:/C:/Users/Mark%20Wachtel/.m2/repository/com/github/almasb/fxgl/21.1/fxgl-21.1.jar!/fxglassets/textures/fxgl_default_cursor.png
11:25:11.293 [JavaFX Application Thread] DEBUG Input                - Registered new binding: Screenshot - CTRL+8
11:25:11.294 [JavaFX Application Thread] DEBUG Input                - Registered new binding: System info dump - CTRL+9
11:25:11.295 [JavaFX Application Thread] DEBUG Input                - Registered new binding: Restart - CTRL+R
11:25:11.297 [JavaFX Application Thread] DEBUG Input                - Registered new binding: Toggle Debug Camera - CTRL+7
11:25:11.306 [JavaFX Application Thread] DEBUG LoopRunner           - Starting loop
11:25:11.306 [JavaFX Application Thread] DEBUG LoopRunner           - Initializing JavaFX AnimationTimerLoop
11:25:11.310 [JavaFX Application Thread] DEBUG GameApplicationServi - Starting new game
11:25:11.311 [JavaFX Application Thread] DEBUG Input                - Clearing active input actions
11:25:11.333 [JavaFX Application Thread] DEBUG GameApplicationServi - Removing overlay from FXGLStartupScene and adding to FXGLLoadingScene
11:25:11.333 [JavaFX Application Thread] DEBUG PrimaryStageWindow   - FXGLStartupScene -> FXGLLoadingScene
11:25:11.333 [JavaFX Application Thread] DEBUG GameApplicationServi - Clearing previous game
11:25:11.333 [JavaFX Application Thread] DEBUG GameScene            - Clearing game scene
11:25:11.333 [JavaFX Application Thread] DEBUG GameWorld            - Clearing game world
11:25:11.333 [JavaFX Application Thread] DEBUG PhysicsWorld         - Clearing physics world
11:25:11.336 [JavaFX Application Thread] DEBUG FXGLApplication      - Registering font factories with UI factory
11:25:11.336 [FXGL Background Thread 4 ] DEBUG FXGLApplication      - Initializing game
11:25:11.564 [FXGL Background Thread 4 ] INFO  FXGLApplication      - Game initialization took: 0,228 sec
11:25:11.578 [JavaFX Application Thread] DEBUG Input                - Clearing active input actions
11:25:11.585 [JavaFX Application Thread] DEBUG GameApplicationServi - Removing overlay from FXGLLoadingScene and adding to GameScene
11:25:11.585 [JavaFX Application Thread] DEBUG PrimaryStageWindow   - FXGLLoadingScene -> GameScene
11:25:13.762 [JavaFX Application Thread] DEBUG FXGLAssetLoaderServi - Loading from file system: file:/C:/Users/Mark%20Wachtel/git/mythcards-game/mythcardsgame/client/target/classes/assets/textures/bg/card_front_water.png
11:25:13.803 [JavaFX Application Thread] DEBUG FXGLAssetLoaderServi - Loading from file system: file:/C:/Users/Mark%20Wachtel/git/mythcards-game/mythcardsgame/client/target/classes/assets/textures/monsters/water_dragon.png
11:25:13.852 [JavaFX Application Thread] DEBUG FXGLAssetLoaderServi - Loading from file system: file:/C:/Users/Mark%20Wachtel/git/mythcards-game/mythcardsgame/client/target/classes/assets/textures/bg/game_logo.png
11:25:13.891 [JavaFX Application Thread] DEBUG FXGLAssetLoaderServi - Loading from file system: file:/C:/Users/Mark%20Wachtel/git/mythcards-game/mythcardsgame/client/target/classes/assets/textures/bars/card_front_bars_effect05.png
11:25:13.895 [JavaFX Application Thread] DEBUG FXGLAssetLoaderServi - Loading from file system: file:/C:/Users/Mark%20Wachtel/git/mythcards-game/mythcardsgame/client/target/classes/assets/textures/bars/card_front_bars_effect01.png
11:25:13.900 [JavaFX Application Thread] DEBUG FXGLAssetLoaderServi - Loading from file system: file:/C:/Users/Mark%20Wachtel/git/mythcards-game/mythcardsgame/client/target/classes/assets/textures/bars/card_front_bars_effect02.png
11:25:13.907 [JavaFX Application Thread] DEBUG FXGLAssetLoaderServi - Loading from file system: file:/C:/Users/Mark%20Wachtel/git/mythcards-game/mythcardsgame/client/target/classes/assets/textures/bars/card_front_bars_effect03.png
11:25:13.934 [JavaFX Application Thread] DEBUG FXGLAssetLoaderServi - Loading from file system: file:/C:/Users/Mark%20Wachtel/git/mythcards-game/mythcardsgame/client/target/classes/assets/textures/bars/card_front_bars_effect04.png
11:25:13.939 [JavaFX Application Thread] WARN  LocalizationService  - name is not localized for language ENGLISH
11:25:13.940 [JavaFX Application Thread] WARN  LocalizationService  - release is not localized for language ENGLISH
11:25:13.940 [JavaFX Application Thread] WARN  LocalizationService  - statAttack is not localized for language ENGLISH
11:25:13.941 [JavaFX Application Thread] WARN  LocalizationService  - statDefense is not localized for language ENGLISH
11:25:13.941 [JavaFX Application Thread] WARN  LocalizationService  - statSpeed is not localized for language ENGLISH
11:25:13.941 [JavaFX Application Thread] WARN  LocalizationService  - statMagic is not localized for language ENGLISH
11:25:13.941 [JavaFX Application Thread] WARN  LocalizationService  - statHealth is not localized for language ENGLISH
11:25:13.942 [JavaFX Application Thread] WARN  LocalizationService  - statAttackRed is not localized for language ENGLISH
11:25:13.942 [JavaFX Application Thread] WARN  LocalizationService  - statDefenseRed is not localized for language ENGLISH
11:25:13.942 [JavaFX Application Thread] WARN  LocalizationService  - statSpeedRed is not localized for language ENGLISH
11:25:13.942 [JavaFX Application Thread] WARN  LocalizationService  - statMagicRed is not localized for language ENGLISH
11:25:13.942 [JavaFX Application Thread] WARN  LocalizationService  - statHealthRed is not localized for language ENGLISH
11:25:13.943 [JavaFX Application Thread] WARN  LocalizationService  - abilityName1 is not localized for language ENGLISH
11:25:13.943 [JavaFX Application Thread] WARN  LocalizationService  - ability1-desc is not localized for language ENGLISH
11:25:13.943 [JavaFX Application Thread] WARN  LocalizationService  - abilityValue1 is not localized for language ENGLISH
11:25:13.943 [JavaFX Application Thread] WARN  LocalizationService  - abilityName2 is not localized for language ENGLISH
11:25:13.944 [JavaFX Application Thread] WARN  LocalizationService  - ability2-desc is not localized for language ENGLISH
11:25:13.944 [JavaFX Application Thread] WARN  LocalizationService  - abilityValue2 is not localized for language ENGLISH
11:25:13.944 [JavaFX Application Thread] WARN  LocalizationService  - abilityName3 is not localized for language ENGLISH
11:25:13.944 [JavaFX Application Thread] WARN  LocalizationService  - ability3-desc is not localized for language ENGLISH
11:25:13.944 [JavaFX Application Thread] WARN  LocalizationService  - abilityValue3 is not localized for language ENGLISH
11:25:13.945 [JavaFX Application Thread] WARN  LocalizationService  - abilityName4 is not localized for language ENGLISH
11:25:13.945 [JavaFX Application Thread] WARN  LocalizationService  - ability4-desc is not localized for language ENGLISH
11:25:13.945 [JavaFX Application Thread] WARN  LocalizationService  - abilityValue4 is not localized for language ENGLISH
11:25:14.187 [FXGL Background Thread 3 ] DEBUG Engine               - Logging environment variables
11:25:14.189 [FXGL Background Thread 3 ] DEBUG Engine               - achievements: []
11:25:14.189 [FXGL Background Thread 3 ] DEBUG Engine               - actualHeight: 720.0
11:25:14.189 [FXGL Background Thread 3 ] DEBUG Engine               - actualHeightProperty: ReadOnlyDoubleProperty [value: 720.0]
11:25:14.190 [FXGL Background Thread 3 ] DEBUG Engine               - actualWidth: 1280.0
11:25:14.190 [FXGL Background Thread 3 ] DEBUG Engine               - actualWidthProperty: ReadOnlyDoubleProperty [value: 1280.0]
11:25:14.190 [FXGL Background Thread 3 ] DEBUG Engine               - appIcon: fxgl_icon.png
11:25:14.191 [FXGL Background Thread 3 ] DEBUG Engine               - applicationMode: DEVELOPER
11:25:14.191 [FXGL Background Thread 3 ] DEBUG Engine               - cSSList: [fxgl_dark.css]
11:25:14.191 [FXGL Background Thread 3 ] DEBUG Engine               - collisionDetectionStrategy: BRUTE_FORCE
11:25:14.191 [FXGL Background Thread 3 ] DEBUG Engine               - configClass: Optional.empty
11:25:14.191 [FXGL Background Thread 3 ] DEBUG Engine               - credits: []
11:25:14.192 [FXGL Background Thread 3 ] DEBUG Engine               - defaultCursor: CursorInfo(imageName=fxgl_default_cursor.png, hotspotX=7.0, hotspotY=6.0)
11:25:14.193 [FXGL Background Thread 3 ] DEBUG Engine               - devBBoxColorProperty: ObjectProperty [value: 0xff0000ff]
11:25:14.193 [FXGL Background Thread 3 ] DEBUG Engine               - devEnableDebugCameraProperty: BooleanProperty [value: false]
11:25:14.193 [FXGL Background Thread 3 ] DEBUG Engine               - devSensorColorProperty: ObjectProperty [value: 0xffff00ff]
11:25:14.194 [FXGL Background Thread 3 ] DEBUG Engine               - devShowBBoxProperty: BooleanProperty [value: false]
11:25:14.194 [FXGL Background Thread 3 ] DEBUG Engine               - devShowPositionProperty: BooleanProperty [value: false]
11:25:14.194 [FXGL Background Thread 3 ] DEBUG Engine               - enabledMenuItems: []
11:25:14.194 [FXGL Background Thread 3 ] DEBUG Engine               - engineServices: [class com.almasb.fxgl.app.services.FXGLAssetLoaderService, class com.almasb.fxgl.app.FXGLApplication$GameApplicationService, class com.almasb.fxgl.app.services.FXGLDialogService, class com.almasb.fxgl.app.services.IOTaskExecutorService, class com.almasb.fxgl.io.FileSystemService, class com.almasb.fxgl.localization.LocalizationService, class com.almasb.fxgl.app.services.SystemBundleService, class com.almasb.fxgl.profile.SaveLoadService, class com.almasb.fxgl.ui.FXGLUIFactoryServiceProvider, class com.almasb.fxgl.ui.FXGLDialogFactoryServiceProvider, class com.almasb.fxgl.audio.AudioPlayer, class com.almasb.fxgl.notification.impl.NotificationServiceProvider, class com.almasb.fxgl.achievement.AchievementService, class com.almasb.fxgl.cutscene.CutsceneService, class com.almasb.fxgl.minigames.MiniGameService, class com.almasb.fxgl.net.NetService, class com.almasb.fxgl.app.services.UpdaterService, class com.almasb.fxgl.dev.DevService]
11:25:14.195 [FXGL Background Thread 3 ] DEBUG Engine               - fontGame: Abel-Regular.ttf
11:25:14.195 [FXGL Background Thread 3 ] DEBUG Engine               - fontMono: TerminalLandMono-Regular.otf
11:25:14.195 [FXGL Background Thread 3 ] DEBUG Engine               - fontSizeScaleUI: 1.0
11:25:14.195 [FXGL Background Thread 3 ] DEBUG Engine               - fontText: Courier-Prime.ttf
11:25:14.195 [FXGL Background Thread 3 ] DEBUG Engine               - fontUI: VarelaRound-Regular.ttf
11:25:14.196 [FXGL Background Thread 3 ] DEBUG Engine               - fullScreen: BooleanProperty [value: false]
11:25:14.196 [FXGL Background Thread 3 ] DEBUG Engine               - gameDifficulty: MEDIUM
11:25:14.196 [FXGL Background Thread 3 ] DEBUG Engine               - gameDifficultyProperty: ObjectProperty [value: MEDIUM]
11:25:14.196 [FXGL Background Thread 3 ] DEBUG Engine               - globalMusicVolume: 0.5
11:25:14.197 [FXGL Background Thread 3 ] DEBUG Engine               - globalMusicVolumeProperty: DoubleProperty [value: 0.5]
11:25:14.197 [FXGL Background Thread 3 ] DEBUG Engine               - globalSoundVolume: 0.5
11:25:14.197 [FXGL Background Thread 3 ] DEBUG Engine               - globalSoundVolumeProperty: DoubleProperty [value: 0.5]
11:25:14.198 [FXGL Background Thread 3 ] DEBUG Engine               - height: 720
11:25:14.198 [FXGL Background Thread 3 ] DEBUG Engine               - is3D: false
11:25:14.198 [FXGL Background Thread 3 ] DEBUG Engine               - isAndroid: false
11:25:14.199 [FXGL Background Thread 3 ] DEBUG Engine               - isBrowser: false
11:25:14.199 [FXGL Background Thread 3 ] DEBUG Engine               - isClickFeedbackEnabled: false
11:25:14.199 [FXGL Background Thread 3 ] DEBUG Engine               - isCloseConfirmation: false
11:25:14.199 [FXGL Background Thread 3 ] DEBUG Engine               - isDesktop: true
11:25:14.200 [FXGL Background Thread 3 ] DEBUG Engine               - isDeveloperMenuEnabled: false
11:25:14.200 [FXGL Background Thread 3 ] DEBUG Engine               - isEmbedded: false
11:25:14.200 [FXGL Background Thread 3 ] DEBUG Engine               - isEntityPreloadEnabled: true
11:25:14.200 [FXGL Background Thread 3 ] DEBUG Engine               - isExperimentalTiledLargeMap: false
11:25:14.200 [FXGL Background Thread 3 ] DEBUG Engine               - isFileSystemWriteAllowed: true
11:25:14.201 [FXGL Background Thread 3 ] DEBUG Engine               - isFullScreenAllowed: false
11:25:14.201 [FXGL Background Thread 3 ] DEBUG Engine               - isFullScreenFromStart: false
11:25:14.201 [FXGL Background Thread 3 ] DEBUG Engine               - isGameMenuEnabled: true
11:25:14.201 [FXGL Background Thread 3 ] DEBUG Engine               - isIOS: false
11:25:14.201 [FXGL Background Thread 3 ] DEBUG Engine               - isIntroEnabled: false
11:25:14.202 [FXGL Background Thread 3 ] DEBUG Engine               - isLinux: false
11:25:14.202 [FXGL Background Thread 3 ] DEBUG Engine               - isMac: false
11:25:14.202 [FXGL Background Thread 3 ] DEBUG Engine               - isMainMenuEnabled: false
11:25:14.202 [FXGL Background Thread 3 ] DEBUG Engine               - isManualResizeEnabled: false
11:25:14.202 [FXGL Background Thread 3 ] DEBUG Engine               - isMobile: false
11:25:14.202 [FXGL Background Thread 3 ] DEBUG Engine               - isNative: false
11:25:14.203 [FXGL Background Thread 3 ] DEBUG Engine               - isPauseMusicWhenMinimized: true
11:25:14.203 [FXGL Background Thread 3 ] DEBUG Engine               - isPreserveResizeRatio: false
11:25:14.203 [FXGL Background Thread 3 ] DEBUG Engine               - isProfilingEnabled: false
11:25:14.203 [FXGL Background Thread 3 ] DEBUG Engine               - isScaleAffectedOnResize: true
11:25:14.203 [FXGL Background Thread 3 ] DEBUG Engine               - isSingleStep: false
11:25:14.204 [FXGL Background Thread 3 ] DEBUG Engine               - isUserProfileEnabled: false
11:25:14.204 [FXGL Background Thread 3 ] DEBUG Engine               - isWindows: true
11:25:14.205 [FXGL Background Thread 3 ] DEBUG Engine               - language: ObjectProperty [value: ENGLISH]
11:25:14.205 [FXGL Background Thread 3 ] DEBUG Engine               - menuKey: ESCAPE
11:25:14.205 [FXGL Background Thread 3 ] DEBUG Engine               - mouseSensitivity: 0.2
11:25:14.205 [FXGL Background Thread 3 ] DEBUG Engine               - notificationViewClass: class com.almasb.fxgl.notification.view.XboxNotificationView
11:25:14.206 [FXGL Background Thread 3 ] DEBUG Engine               - pixelsPerMeter: 50.0
11:25:14.206 [FXGL Background Thread 3 ] DEBUG Engine               - platform: WINDOWS
11:25:14.206 [FXGL Background Thread 3 ] DEBUG Engine               - prefHeightProperty: ReadOnlyDoubleProperty [value: 720.0]
11:25:14.206 [FXGL Background Thread 3 ] DEBUG Engine               - prefWidthProperty: ReadOnlyDoubleProperty [value: 1280.0]
11:25:14.207 [FXGL Background Thread 3 ] DEBUG Engine               - profileDir: profiles/
11:25:14.207 [FXGL Background Thread 3 ] DEBUG Engine               - profileName: StringProperty [value: DEFAULT]
11:25:14.207 [FXGL Background Thread 3 ] DEBUG Engine               - randomSeed: -1
11:25:14.208 [FXGL Background Thread 3 ] DEBUG Engine               - runtimeInfo: RuntimeInfo(platform=WINDOWS, version=21.1, build=27.03.2024 07.52)
11:25:14.208 [FXGL Background Thread 3 ] DEBUG Engine               - saveFileExt: sav
11:25:14.208 [FXGL Background Thread 3 ] DEBUG Engine               - scaledHeightProp$fxgl: DoubleProperty [bound, value: 720.0]
11:25:14.208 [FXGL Background Thread 3 ] DEBUG Engine               - scaledWidthProp$fxgl: DoubleProperty [bound, value: 1280.0]
11:25:14.209 [FXGL Background Thread 3 ] DEBUG Engine               - sceneFactory: com.almasb.fxgl.app.scene.SceneFactory@3912b9f1
11:25:14.209 [FXGL Background Thread 3 ] DEBUG Engine               - secondsIn24h: 60
11:25:14.209 [FXGL Background Thread 3 ] DEBUG Engine               - soundMenuBack: menu/back.wav
11:25:14.209 [FXGL Background Thread 3 ] DEBUG Engine               - soundMenuPress: menu/press.wav
11:25:14.209 [FXGL Background Thread 3 ] DEBUG Engine               - soundMenuSelect: menu/select.wav
11:25:14.209 [FXGL Background Thread 3 ] DEBUG Engine               - soundNotification: core/notification.wav
11:25:14.210 [FXGL Background Thread 3 ] DEBUG Engine               - stageStyle: DECORATED
11:25:14.210 [FXGL Background Thread 3 ] DEBUG Engine               - supportedLanguages: [ENGLISH, FRENCH, GERMAN, HUNGARIAN, RUSSIAN]
11:25:14.210 [FXGL Background Thread 3 ] DEBUG Engine               - ticksPerSecond: -1
11:25:14.210 [FXGL Background Thread 3 ] DEBUG Engine               - title: Myth Cards Client
11:25:14.210 [FXGL Background Thread 3 ] DEBUG Engine               - urlGithub: https://github.com/AlmasB/FXGL
11:25:14.210 [FXGL Background Thread 3 ] DEBUG Engine               - urlLeaderboard: http://fxgl-top.herokuapp.com/
11:25:14.210 [FXGL Background Thread 3 ] DEBUG Engine               - urlPOM: https://raw.githubusercontent.com/AlmasB/FXGL/release/README.md
11:25:14.211 [FXGL Background Thread 3 ] DEBUG Engine               - userAppClass: class client.ClientMain
11:25:14.211 [FXGL Background Thread 3 ] DEBUG Engine               - version: 0.0
11:25:14.211 [FXGL Background Thread 3 ] DEBUG Engine               - versionCheckDays: 7
11:25:14.211 [FXGL Background Thread 3 ] DEBUG Engine               - width: 1280
11:25:14.211 [FXGL Background Thread 3 ] DEBUG Engine               - Logging services
11:25:14.212 [FXGL Background Thread 3 ] DEBUG Engine               - class com.almasb.fxgl.app.services.FXGLAssetLoaderService
11:25:14.212 [FXGL Background Thread 3 ] DEBUG Engine               - class com.almasb.fxgl.app.FXGLApplication$GameApplicationService
11:25:14.212 [FXGL Background Thread 3 ] DEBUG Engine               - class com.almasb.fxgl.app.services.FXGLDialogService
11:25:14.212 [FXGL Background Thread 3 ] DEBUG Engine               - class com.almasb.fxgl.app.services.IOTaskExecutorService
11:25:14.212 [FXGL Background Thread 3 ] DEBUG Engine               - class com.almasb.fxgl.io.FileSystemService
11:25:14.212 [FXGL Background Thread 3 ] DEBUG Engine               - class com.almasb.fxgl.localization.LocalizationService
11:25:14.212 [FXGL Background Thread 3 ] DEBUG Engine               - class com.almasb.fxgl.app.services.SystemBundleService
11:25:14.212 [FXGL Background Thread 3 ] DEBUG Engine               - class com.almasb.fxgl.profile.SaveLoadService
11:25:14.213 [FXGL Background Thread 3 ] DEBUG Engine               - class com.almasb.fxgl.ui.FXGLUIFactoryServiceProvider
11:25:14.213 [FXGL Background Thread 3 ] DEBUG Engine               - class com.almasb.fxgl.ui.FXGLDialogFactoryServiceProvider
11:25:14.213 [FXGL Background Thread 3 ] DEBUG Engine               - class com.almasb.fxgl.audio.AudioPlayer
11:25:14.213 [FXGL Background Thread 3 ] DEBUG Engine               - class com.almasb.fxgl.notification.impl.NotificationServiceProvider
11:25:14.213 [FXGL Background Thread 3 ] DEBUG Engine               - class com.almasb.fxgl.achievement.AchievementService
11:25:14.213 [FXGL Background Thread 3 ] DEBUG Engine               - class com.almasb.fxgl.cutscene.CutsceneService
11:25:14.214 [FXGL Background Thread 3 ] DEBUG Engine               - class com.almasb.fxgl.minigames.MiniGameService
11:25:14.214 [FXGL Background Thread 3 ] DEBUG Engine               - class com.almasb.fxgl.net.NetService
11:25:14.214 [FXGL Background Thread 3 ] DEBUG Engine               - class com.almasb.fxgl.app.services.UpdaterService
11:25:14.214 [FXGL Background Thread 3 ] DEBUG Engine               - class com.almasb.fxgl.dev.DevService
11:25:37.663 [JavaFX Application Thread] DEBUG FXGLApplication      - Exiting FXGL
11:25:37.663 [JavaFX Application Thread] DEBUG LoopRunner           - Stopping loop
11:25:37.664 [JavaFX Application Thread] DEBUG SystemBundleService  - Saving FXGL system data
11:25:37.671 [JavaFX Application Thread] DEBUG FileSystemAccess     - Writing to: C:\Users\Mark Wachtel\git\mythcards-game\mythcardsgame\client\system\fxgl.bundle
11:25:37.680 [JavaFX Application Thread] DEBUG Async                - Shutting down background threads
11:25:37.681 [JavaFX Application Thread] DEBUG PrimaryStageWindow   - Closing main window
11:25:37.732 [JavaFX Application Thread] DEBUG Logger               - Closing Logger
