19:24:57.621 [main                     ] DEBUG Logger               - Configured Logger
19:24:57.627 [main                     ] DEBUG GameApplication      - Logging settings
Title: Myth Cards Client
Version: 0.0
Width: 1280
Height: 720
Fullscreen: false
Intro: false
Profiling: false
Single step:false
App Mode: DEVELOPER
Menu Key: ESCAPE
Stage Style: DECORATED
Scene Factory: class com.almasb.fxgl.app.scene.SceneFactory

19:24:58.006 [JavaFX Application Thread] DEBUG FXGLApplication      - Initializing FXGL
19:24:58.009 [JavaFX Application Thread] INFO  Engine               - FXGL-21.1 (27.03.2024 07.52) on WINDOWS (J:24 FX:21)
19:24:58.009 [JavaFX Application Thread] DEBUG Engine               - JRE Vendor Name: Oracle Corporation
19:24:58.009 [JavaFX Application Thread] DEBUG Engine               - Running on OS: Windows 11 version 10.0
19:24:58.009 [JavaFX Application Thread] DEBUG Engine               - Architecture: amd64
19:24:58.009 [JavaFX Application Thread] INFO  Engine               - Source code and latest versions at: https://github.com/AlmasB/FXGL
19:24:58.009 [JavaFX Application Thread] INFO  Engine               -       Ask questions and discuss at: https://github.com/AlmasB/FXGL/discussions
19:24:58.010 [JavaFX Application Thread] INFO  Engine               -              Join the FXGL chat at: https://gitter.im/AlmasB/FXGL
19:24:58.145 [JavaFX Application Thread] DEBUG PrimaryStageWindow   - Creating a JavaFX scene
19:24:58.200 [JavaFX Application Thread] DEBUG PrimaryStageWindow   - Target settings size: 1280.0 x 720.0
19:24:58.200 [JavaFX Application Thread] DEBUG PrimaryStageWindow   - Scaled scene size:    1280.0 x 720.0
19:24:58.200 [JavaFX Application Thread] DEBUG PrimaryStageWindow   - Scaled ratio: (1.0, 1.0)
19:24:58.202 [JavaFX Application Thread] DEBUG PrimaryStageWindow   - Set initial scene to FXGLStartupScene
19:24:58.205 [JavaFX Application Thread] DEBUG PrimaryStageWindow   - Opening main window
19:24:58.334 [JavaFX Application Thread] DEBUG PrimaryStageWindow   - Window border size: (16.0, 39.0)
19:24:58.334 [JavaFX Application Thread] DEBUG PrimaryStageWindow   - Scaled size: 1280.0 x 720.0
19:24:58.334 [JavaFX Application Thread] DEBUG PrimaryStageWindow   - Scaled ratio: (1.0, 1.0)
19:24:58.334 [JavaFX Application Thread] DEBUG PrimaryStageWindow   - Scene size: 1280.0 x 720.0
19:24:58.334 [JavaFX Application Thread] DEBUG PrimaryStageWindow   - Stage size: 1296.0 x 759.0
19:24:58.341 [FXGL Background Thread 1 ] DEBUG Engine               - Initializing environment variables
19:24:58.441 [FXGL Background Thread 1 ] DEBUG FXGLAssetLoaderServi - User app class for loading assets: class client.ClientMain
19:24:58.441 [FXGL Background Thread 1 ] DEBUG GameApplicationServi - Applying CSS: fxgl_dark.css
19:24:58.442 [FXGL Background Thread 1 ] DEBUG FXGLAssetLoaderServi - Loading from file system: jar:file:/C:/Users/Mark%20Wachtel/.m2/repository/com/github/almasb/fxgl/21.1/fxgl-21.1.jar!/fxglassets/ui/css/fxgl_dark.css
19:24:58.506 [FXGL Background Thread 1 ] DEBUG GameApplicationServi - Initializing application scenes
19:24:58.575 [FXGL Background Thread 1 ] DEBUG GameWorld            - Game world initialized
19:24:58.662 [FXGL Background Thread 1 ] DEBUG PhysicsWorld         - Physics world initialized: appHeight=720, physics.ppm=50,0
19:24:58.662 [FXGL Background Thread 1 ] DEBUG PhysicsWorld         - Using strategy: BRUTE_FORCE
19:24:58.667 [FXGL Background Thread 1 ] DEBUG GameScene            - Game scene initialized: 1280x720
19:24:58.698 [FXGL Background Thread 1 ] DEBUG FXGL.DefaultMenu     - createMenuBodyGameMenu()
19:24:58.722 [FXGL Background Thread 1 ] DEBUG FXGL.DefaultMenu     - createOptionsMenu()
19:24:58.739 [FXGL Background Thread 1 ] DEBUG FXGLAssetLoaderServi - Loading from file system: jar:file:/C:/Users/Mark%20Wachtel/.m2/repository/com/github/almasb/fxgl/21.1/fxgl-21.1.jar!/fxglassets/textures/particles/smoke.png
19:24:58.880 [FXGL Background Thread 1 ] DEBUG FXGLAssetLoaderServi - Loading from file system: jar:file:/C:/Users/Mark%20Wachtel/.m2/repository/com/github/almasb/fxgl/21.1/fxgl-21.1.jar!/fxglassets/textures/particles/trace_horizontal.png
19:24:58.916 [FXGL Background Thread 1 ] DEBUG GameApplicationServi - Application scenes initialized
19:24:58.932 [FXGL Background Thread 1 ] DEBUG SystemBundleService  - Loading FXGL system data
19:24:58.937 [FXGL Background Thread 1 ] DEBUG FileSystemAccess     - Reading from: C:\Users\Mark Wachtel\git\mythcards-game\mythcardsgame\client\system\fxgl.bundle
19:24:58.944 [FXGL Background Thread 1 ] DEBUG SystemBundleService  - Bundle FXGL: {}
19:24:58.944 [FXGL Background Thread 1 ] DEBUG UpdaterService       - Checking for updates
19:24:58.954 [FXGL Background Thread 4 ] DEBUG FXGLApplication      - Loading fonts
19:24:58.954 [FXGL Background Thread 4 ] DEBUG FXGLAssetLoaderServi - Loading from file system: jar:file:/C:/Users/Mark%20Wachtel/.m2/repository/com/github/almasb/fxgl/21.1/fxgl-21.1.jar!/fxglassets/ui/fonts/VarelaRound-Regular.ttf
19:24:58.957 [FXGL Background Thread 1 ] DEBUG FXGLApplication      - Loading default localization
19:24:58.958 [FXGL Background Thread 1 ] DEBUG FXGLAssetLoaderServi - Loading from file system: jar:file:/C:/Users/Mark%20Wachtel/.m2/repository/com/github/almasb/fxgl/21.1/fxgl-21.1.jar!/fxglassets/languages/english.lang
19:24:58.981 [FXGL Background Thread 4 ] DEBUG FXGLAssetLoaderServi - Loading from file system: jar:file:/C:/Users/Mark%20Wachtel/.m2/repository/com/github/almasb/fxgl/21.1/fxgl-21.1.jar!/fxglassets/ui/fonts/Abel-Regular.ttf
19:24:58.993 [FXGL Background Thread 4 ] DEBUG FXGLAssetLoaderServi - Loading from file system: jar:file:/C:/Users/Mark%20Wachtel/.m2/repository/com/github/almasb/fxgl/21.1/fxgl-21.1.jar!/fxglassets/ui/fonts/TerminalLandMono-Regular.otf
19:24:58.997 [FXGL Background Thread 1 ] INFO  FXGLApplication      - FXGL initialization took: 0,656 sec
19:24:58.999 [JavaFX Application Thread] DEBUG FXGLAssetLoaderServi - Loading from file system: jar:file:/C:/Users/Mark%20Wachtel/.m2/repository/com/github/almasb/fxgl/21.1/fxgl-21.1.jar!/fxglassets/textures/fxgl_icon.png
19:24:59.008 [FXGL Background Thread 4 ] DEBUG FXGLAssetLoaderServi - Loading from file system: jar:file:/C:/Users/Mark%20Wachtel/.m2/repository/com/github/almasb/fxgl/21.1/fxgl-21.1.jar!/fxglassets/ui/fonts/Courier-Prime.ttf
19:24:59.036 [JavaFX Application Thread] DEBUG FXGLAssetLoaderServi - Loading from file system: jar:file:/C:/Users/Mark%20Wachtel/.m2/repository/com/github/almasb/fxgl/21.1/fxgl-21.1.jar!/fxglassets/textures/fxgl_default_cursor.png
19:24:59.059 [JavaFX Application Thread] DEBUG Input                - Registered new binding: Screenshot - CTRL+8
19:24:59.060 [JavaFX Application Thread] DEBUG Input                - Registered new binding: System info dump - CTRL+9
19:24:59.061 [JavaFX Application Thread] DEBUG Input                - Registered new binding: Restart - CTRL+R
19:24:59.062 [JavaFX Application Thread] DEBUG Input                - Registered new binding: Toggle Debug Camera - CTRL+7
19:24:59.070 [JavaFX Application Thread] DEBUG LoopRunner           - Starting loop
19:24:59.070 [JavaFX Application Thread] DEBUG LoopRunner           - Initializing JavaFX AnimationTimerLoop
19:24:59.073 [JavaFX Application Thread] DEBUG GameApplicationServi - Starting new game
19:24:59.073 [JavaFX Application Thread] DEBUG Input                - Clearing active input actions
19:24:59.095 [JavaFX Application Thread] DEBUG GameApplicationServi - Removing overlay from FXGLStartupScene and adding to FXGLLoadingScene
19:24:59.095 [JavaFX Application Thread] DEBUG PrimaryStageWindow   - FXGLStartupScene -> FXGLLoadingScene
19:24:59.095 [JavaFX Application Thread] DEBUG GameApplicationServi - Clearing previous game
19:24:59.095 [JavaFX Application Thread] DEBUG GameScene            - Clearing game scene
19:24:59.096 [JavaFX Application Thread] DEBUG GameWorld            - Clearing game world
19:24:59.096 [JavaFX Application Thread] DEBUG PhysicsWorld         - Clearing physics world
19:24:59.098 [JavaFX Application Thread] DEBUG FXGLApplication      - Registering font factories with UI factory
19:24:59.098 [FXGL Background Thread 4 ] DEBUG FXGLApplication      - Initializing game
19:24:59.307 [FXGL Background Thread 4 ] INFO  FXGLApplication      - Game initialization took: 0,209 sec
19:24:59.335 [JavaFX Application Thread] DEBUG Input                - Clearing active input actions
19:24:59.344 [JavaFX Application Thread] DEBUG GameApplicationServi - Removing overlay from FXGLLoadingScene and adding to GameScene
19:24:59.344 [JavaFX Application Thread] DEBUG PrimaryStageWindow   - FXGLLoadingScene -> GameScene
19:25:01.297 [JavaFX Application Thread] DEBUG FXGLAssetLoaderServi - Loading from file system: file:/C:/Users/Mark%20Wachtel/git/mythcards-game/mythcardsgame/client/target/classes/assets/ui/css/styles/card.css
19:25:01.297 [JavaFX Application Thread] DEBUG FXGLAssetLoaderServi - Loading from file system: file:/C:/Users/Mark%20Wachtel/git/mythcards-game/mythcardsgame/client/target/classes/assets/textures/bg/card_front_water.png
19:25:01.326 [JavaFX Application Thread] DEBUG FXGLAssetLoaderServi - Loading from file system: file:/C:/Users/Mark%20Wachtel/git/mythcards-game/mythcardsgame/client/target/classes/assets/textures/monsters/water_dragon.png
19:25:01.373 [JavaFX Application Thread] DEBUG FXGLAssetLoaderServi - Loading from file system: file:/C:/Users/Mark%20Wachtel/git/mythcards-game/mythcardsgame/client/target/classes/assets/textures/bars/card_front_bars_effect05.png
19:25:01.378 [JavaFX Application Thread] DEBUG FXGLAssetLoaderServi - Loading from file system: file:/C:/Users/Mark%20Wachtel/git/mythcards-game/mythcardsgame/client/target/classes/assets/textures/bars/card_front_bars_effect01.png
19:25:01.384 [JavaFX Application Thread] DEBUG FXGLAssetLoaderServi - Loading from file system: file:/C:/Users/Mark%20Wachtel/git/mythcards-game/mythcardsgame/client/target/classes/assets/textures/bg/game_logo.png
19:25:01.952 [FXGL Background Thread 3 ] DEBUG Engine               - Logging environment variables
19:25:01.954 [FXGL Background Thread 3 ] DEBUG Engine               - achievements: []
19:25:01.954 [FXGL Background Thread 3 ] DEBUG Engine               - actualHeight: 720.0
19:25:01.954 [FXGL Background Thread 3 ] DEBUG Engine               - actualHeightProperty: ReadOnlyDoubleProperty [value: 720.0]
19:25:01.955 [FXGL Background Thread 3 ] DEBUG Engine               - actualWidth: 1280.0
19:25:01.955 [FXGL Background Thread 3 ] DEBUG Engine               - actualWidthProperty: ReadOnlyDoubleProperty [value: 1280.0]
19:25:01.955 [FXGL Background Thread 3 ] DEBUG Engine               - appIcon: fxgl_icon.png
19:25:01.955 [FXGL Background Thread 3 ] DEBUG Engine               - applicationMode: DEVELOPER
19:25:01.956 [FXGL Background Thread 3 ] DEBUG Engine               - cSSList: [fxgl_dark.css]
19:25:01.956 [FXGL Background Thread 3 ] DEBUG Engine               - collisionDetectionStrategy: BRUTE_FORCE
19:25:01.956 [FXGL Background Thread 3 ] DEBUG Engine               - configClass: Optional.empty
19:25:01.956 [FXGL Background Thread 3 ] DEBUG Engine               - credits: []
19:25:01.957 [FXGL Background Thread 3 ] DEBUG Engine               - defaultCursor: CursorInfo(imageName=fxgl_default_cursor.png, hotspotX=7.0, hotspotY=6.0)
19:25:01.958 [FXGL Background Thread 3 ] DEBUG Engine               - devBBoxColorProperty: ObjectProperty [value: 0xff0000ff]
19:25:01.958 [FXGL Background Thread 3 ] DEBUG Engine               - devEnableDebugCameraProperty: BooleanProperty [value: false]
19:25:01.959 [FXGL Background Thread 3 ] DEBUG Engine               - devSensorColorProperty: ObjectProperty [value: 0xffff00ff]
19:25:01.959 [FXGL Background Thread 3 ] DEBUG Engine               - devShowBBoxProperty: BooleanProperty [value: false]
19:25:01.959 [FXGL Background Thread 3 ] DEBUG Engine               - devShowPositionProperty: BooleanProperty [value: false]
19:25:01.959 [FXGL Background Thread 3 ] DEBUG Engine               - enabledMenuItems: []
19:25:01.960 [FXGL Background Thread 3 ] DEBUG Engine               - engineServices: [class com.almasb.fxgl.app.services.FXGLAssetLoaderService, class com.almasb.fxgl.app.FXGLApplication$GameApplicationService, class com.almasb.fxgl.app.services.FXGLDialogService, class com.almasb.fxgl.app.services.IOTaskExecutorService, class com.almasb.fxgl.io.FileSystemService, class com.almasb.fxgl.localization.LocalizationService, class com.almasb.fxgl.app.services.SystemBundleService, class com.almasb.fxgl.profile.SaveLoadService, class com.almasb.fxgl.ui.FXGLUIFactoryServiceProvider, class com.almasb.fxgl.ui.FXGLDialogFactoryServiceProvider, class com.almasb.fxgl.audio.AudioPlayer, class com.almasb.fxgl.notification.impl.NotificationServiceProvider, class com.almasb.fxgl.achievement.AchievementService, class com.almasb.fxgl.cutscene.CutsceneService, class com.almasb.fxgl.minigames.MiniGameService, class com.almasb.fxgl.net.NetService, class com.almasb.fxgl.app.services.UpdaterService, class com.almasb.fxgl.dev.DevService]
19:25:01.960 [FXGL Background Thread 3 ] DEBUG Engine               - fontGame: Abel-Regular.ttf
19:25:01.960 [FXGL Background Thread 3 ] DEBUG Engine               - fontMono: TerminalLandMono-Regular.otf
19:25:01.960 [FXGL Background Thread 3 ] DEBUG Engine               - fontSizeScaleUI: 1.0
19:25:01.961 [FXGL Background Thread 3 ] DEBUG Engine               - fontText: Courier-Prime.ttf
19:25:01.961 [FXGL Background Thread 3 ] DEBUG Engine               - fontUI: VarelaRound-Regular.ttf
19:25:01.961 [FXGL Background Thread 3 ] DEBUG Engine               - fullScreen: BooleanProperty [value: false]
19:25:01.961 [FXGL Background Thread 3 ] DEBUG Engine               - gameDifficulty: MEDIUM
19:25:01.961 [FXGL Background Thread 3 ] DEBUG Engine               - gameDifficultyProperty: ObjectProperty [value: MEDIUM]
19:25:01.962 [FXGL Background Thread 3 ] DEBUG Engine               - globalMusicVolume: 0.5
19:25:01.962 [FXGL Background Thread 3 ] DEBUG Engine               - globalMusicVolumeProperty: DoubleProperty [value: 0.5]
19:25:01.962 [FXGL Background Thread 3 ] DEBUG Engine               - globalSoundVolume: 0.5
19:25:01.963 [FXGL Background Thread 3 ] DEBUG Engine               - globalSoundVolumeProperty: DoubleProperty [value: 0.5]
19:25:01.963 [FXGL Background Thread 3 ] DEBUG Engine               - height: 720
19:25:01.963 [FXGL Background Thread 3 ] DEBUG Engine               - is3D: false
19:25:01.963 [FXGL Background Thread 3 ] DEBUG Engine               - isAndroid: false
19:25:01.964 [FXGL Background Thread 3 ] DEBUG Engine               - isBrowser: false
19:25:01.964 [FXGL Background Thread 3 ] DEBUG Engine               - isClickFeedbackEnabled: false
19:25:01.964 [FXGL Background Thread 3 ] DEBUG Engine               - isCloseConfirmation: false
19:25:01.964 [FXGL Background Thread 3 ] DEBUG Engine               - isDesktop: true
19:25:01.964 [FXGL Background Thread 3 ] DEBUG Engine               - isDeveloperMenuEnabled: false
19:25:01.965 [FXGL Background Thread 3 ] DEBUG Engine               - isEmbedded: false
19:25:01.965 [FXGL Background Thread 3 ] DEBUG Engine               - isEntityPreloadEnabled: true
19:25:01.965 [FXGL Background Thread 3 ] DEBUG Engine               - isExperimentalTiledLargeMap: false
19:25:01.965 [FXGL Background Thread 3 ] DEBUG Engine               - isFileSystemWriteAllowed: true
19:25:01.966 [FXGL Background Thread 3 ] DEBUG Engine               - isFullScreenAllowed: false
19:25:01.966 [FXGL Background Thread 3 ] DEBUG Engine               - isFullScreenFromStart: false
19:25:01.966 [FXGL Background Thread 3 ] DEBUG Engine               - isGameMenuEnabled: true
19:25:01.966 [FXGL Background Thread 3 ] DEBUG Engine               - isIOS: false
19:25:01.966 [FXGL Background Thread 3 ] DEBUG Engine               - isIntroEnabled: false
19:25:01.967 [FXGL Background Thread 3 ] DEBUG Engine               - isLinux: false
19:25:01.967 [FXGL Background Thread 3 ] DEBUG Engine               - isMac: false
19:25:01.967 [FXGL Background Thread 3 ] DEBUG Engine               - isMainMenuEnabled: false
19:25:01.967 [FXGL Background Thread 3 ] DEBUG Engine               - isManualResizeEnabled: false
19:25:01.968 [FXGL Background Thread 3 ] DEBUG Engine               - isMobile: false
19:25:01.968 [FXGL Background Thread 3 ] DEBUG Engine               - isNative: false
19:25:01.968 [FXGL Background Thread 3 ] DEBUG Engine               - isPauseMusicWhenMinimized: true
19:25:01.969 [FXGL Background Thread 3 ] DEBUG Engine               - isPreserveResizeRatio: false
19:25:01.969 [FXGL Background Thread 3 ] DEBUG Engine               - isProfilingEnabled: false
19:25:01.969 [FXGL Background Thread 3 ] DEBUG Engine               - isScaleAffectedOnResize: true
19:25:01.969 [FXGL Background Thread 3 ] DEBUG Engine               - isSingleStep: false
19:25:01.969 [FXGL Background Thread 3 ] DEBUG Engine               - isUserProfileEnabled: false
19:25:01.970 [FXGL Background Thread 3 ] DEBUG Engine               - isWindows: true
19:25:01.970 [FXGL Background Thread 3 ] DEBUG Engine               - language: ObjectProperty [value: ENGLISH]
19:25:01.970 [FXGL Background Thread 3 ] DEBUG Engine               - menuKey: ESCAPE
19:25:01.970 [FXGL Background Thread 3 ] DEBUG Engine               - mouseSensitivity: 0.2
19:25:01.970 [FXGL Background Thread 3 ] DEBUG Engine               - notificationViewClass: class com.almasb.fxgl.notification.view.XboxNotificationView
19:25:01.971 [FXGL Background Thread 3 ] DEBUG Engine               - pixelsPerMeter: 50.0
19:25:01.971 [FXGL Background Thread 3 ] DEBUG Engine               - platform: WINDOWS
19:25:01.971 [FXGL Background Thread 3 ] DEBUG Engine               - prefHeightProperty: ReadOnlyDoubleProperty [value: 720.0]
19:25:01.971 [FXGL Background Thread 3 ] DEBUG Engine               - prefWidthProperty: ReadOnlyDoubleProperty [value: 1280.0]
19:25:01.971 [FXGL Background Thread 3 ] DEBUG Engine               - profileDir: profiles/
19:25:01.972 [FXGL Background Thread 3 ] DEBUG Engine               - profileName: StringProperty [value: DEFAULT]
19:25:01.972 [FXGL Background Thread 3 ] DEBUG Engine               - randomSeed: -1
19:25:01.973 [FXGL Background Thread 3 ] DEBUG Engine               - runtimeInfo: RuntimeInfo(platform=WINDOWS, version=21.1, build=27.03.2024 07.52)
19:25:01.973 [FXGL Background Thread 3 ] DEBUG Engine               - saveFileExt: sav
19:25:01.973 [FXGL Background Thread 3 ] DEBUG Engine               - scaledHeightProp$fxgl: DoubleProperty [bound, value: 720.0]
19:25:01.973 [FXGL Background Thread 3 ] DEBUG Engine               - scaledWidthProp$fxgl: DoubleProperty [bound, value: 1280.0]
19:25:01.974 [FXGL Background Thread 3 ] DEBUG Engine               - sceneFactory: com.almasb.fxgl.app.scene.SceneFactory@79a58b92
19:25:01.974 [FXGL Background Thread 3 ] DEBUG Engine               - secondsIn24h: 60
19:25:01.974 [FXGL Background Thread 3 ] DEBUG Engine               - soundMenuBack: menu/back.wav
19:25:01.974 [FXGL Background Thread 3 ] DEBUG Engine               - soundMenuPress: menu/press.wav
19:25:01.974 [FXGL Background Thread 3 ] DEBUG Engine               - soundMenuSelect: menu/select.wav
19:25:01.975 [FXGL Background Thread 3 ] DEBUG Engine               - soundNotification: core/notification.wav
19:25:01.975 [FXGL Background Thread 3 ] DEBUG Engine               - stageStyle: DECORATED
19:25:01.975 [FXGL Background Thread 3 ] DEBUG Engine               - supportedLanguages: [ENGLISH, FRENCH, GERMAN, HUNGARIAN, RUSSIAN]
19:25:01.975 [FXGL Background Thread 3 ] DEBUG Engine               - ticksPerSecond: -1
19:25:01.975 [FXGL Background Thread 3 ] DEBUG Engine               - title: Myth Cards Client
19:25:01.976 [FXGL Background Thread 3 ] DEBUG Engine               - urlGithub: https://github.com/AlmasB/FXGL
19:25:01.976 [FXGL Background Thread 3 ] DEBUG Engine               - urlLeaderboard: http://fxgl-top.herokuapp.com/
19:25:01.976 [FXGL Background Thread 3 ] DEBUG Engine               - urlPOM: https://raw.githubusercontent.com/AlmasB/FXGL/release/README.md
19:25:01.976 [FXGL Background Thread 3 ] DEBUG Engine               - userAppClass: class client.ClientMain
19:25:01.976 [FXGL Background Thread 3 ] DEBUG Engine               - version: 0.0
19:25:01.977 [FXGL Background Thread 3 ] DEBUG Engine               - versionCheckDays: 7
19:25:01.977 [FXGL Background Thread 3 ] DEBUG Engine               - width: 1280
19:25:01.977 [FXGL Background Thread 3 ] DEBUG Engine               - Logging services
19:25:01.977 [FXGL Background Thread 3 ] DEBUG Engine               - class com.almasb.fxgl.app.services.FXGLAssetLoaderService
19:25:01.977 [FXGL Background Thread 3 ] DEBUG Engine               - class com.almasb.fxgl.app.FXGLApplication$GameApplicationService
19:25:01.978 [FXGL Background Thread 3 ] DEBUG Engine               - class com.almasb.fxgl.app.services.FXGLDialogService
19:25:01.978 [FXGL Background Thread 3 ] DEBUG Engine               - class com.almasb.fxgl.app.services.IOTaskExecutorService
19:25:01.979 [FXGL Background Thread 3 ] DEBUG Engine               - class com.almasb.fxgl.io.FileSystemService
19:25:01.979 [FXGL Background Thread 3 ] DEBUG Engine               - class com.almasb.fxgl.localization.LocalizationService
19:25:01.979 [FXGL Background Thread 3 ] DEBUG Engine               - class com.almasb.fxgl.app.services.SystemBundleService
19:25:01.979 [FXGL Background Thread 3 ] DEBUG Engine               - class com.almasb.fxgl.profile.SaveLoadService
19:25:01.979 [FXGL Background Thread 3 ] DEBUG Engine               - class com.almasb.fxgl.ui.FXGLUIFactoryServiceProvider
19:25:01.980 [FXGL Background Thread 3 ] DEBUG Engine               - class com.almasb.fxgl.ui.FXGLDialogFactoryServiceProvider
19:25:01.980 [FXGL Background Thread 3 ] DEBUG Engine               - class com.almasb.fxgl.audio.AudioPlayer
19:25:01.980 [FXGL Background Thread 3 ] DEBUG Engine               - class com.almasb.fxgl.notification.impl.NotificationServiceProvider
19:25:01.980 [FXGL Background Thread 3 ] DEBUG Engine               - class com.almasb.fxgl.achievement.AchievementService
19:25:01.980 [FXGL Background Thread 3 ] DEBUG Engine               - class com.almasb.fxgl.cutscene.CutsceneService
19:25:01.981 [FXGL Background Thread 3 ] DEBUG Engine               - class com.almasb.fxgl.minigames.MiniGameService
19:25:01.981 [FXGL Background Thread 3 ] DEBUG Engine               - class com.almasb.fxgl.net.NetService
19:25:01.981 [FXGL Background Thread 3 ] DEBUG Engine               - class com.almasb.fxgl.app.services.UpdaterService
19:25:01.981 [FXGL Background Thread 3 ] DEBUG Engine               - class com.almasb.fxgl.dev.DevService
19:25:34.522 [JavaFX Application Thread] DEBUG FXGLApplication      - Exiting FXGL
19:25:34.522 [JavaFX Application Thread] DEBUG LoopRunner           - Stopping loop
19:25:34.522 [JavaFX Application Thread] DEBUG SystemBundleService  - Saving FXGL system data
19:25:34.524 [JavaFX Application Thread] DEBUG FileSystemAccess     - Writing to: C:\Users\Mark Wachtel\git\mythcards-game\mythcardsgame\client\system\fxgl.bundle
19:25:34.526 [JavaFX Application Thread] DEBUG Async                - Shutting down background threads
19:25:34.526 [JavaFX Application Thread] DEBUG PrimaryStageWindow   - Closing main window
19:25:34.546 [JavaFX Application Thread] DEBUG Logger               - Closing Logger
