00:41:09.628 [main                     ] DEBUG Logger               - Configured Logger
00:41:09.640 [main                     ] DEBUG GameApplication      - Logging settings
Title: Myth Cards Client 0.0
Version: 0.0
Width: 1280
Height: 720
Fullscreen: false
Intro: true
Profiling: false
Single step:false
App Mode: DEVELOPER
Menu Key: ESCAPE
Stage Style: DECORATED
Scene Factory: class client.ClientMain$1

00:41:10.350 [JavaFX Application Thread] DEBUG FXGLApplication      - Initializing FXGL
00:41:10.356 [JavaFX Application Thread] INFO  Engine               - FXGL-21.1 (27.03.2024 07.52) on WINDOWS (J:24 FX:21)
00:41:10.356 [JavaFX Application Thread] DEBUG Engine               - JRE Vendor Name: Oracle Corporation
00:41:10.356 [JavaFX Application Thread] DEBUG Engine               - Running on OS: Windows 11 version 10.0
00:41:10.356 [JavaFX Application Thread] DEBUG Engine               - Architecture: amd64
00:41:10.356 [JavaFX Application Thread] INFO  Engine               - Source code and latest versions at: https://github.com/AlmasB/FXGL
00:41:10.356 [JavaFX Application Thread] INFO  Engine               -       Ask questions and discuss at: https://github.com/AlmasB/FXGL/discussions
00:41:10.357 [JavaFX Application Thread] INFO  Engine               -              Join the FXGL chat at: https://gitter.im/AlmasB/FXGL
00:41:10.711 [JavaFX Application Thread] DEBUG PrimaryStageWindow   - Creating a JavaFX scene
00:41:10.820 [JavaFX Application Thread] DEBUG PrimaryStageWindow   - Target settings size: 1280.0 x 720.0
00:41:10.820 [JavaFX Application Thread] DEBUG PrimaryStageWindow   - Scaled scene size:    1280.0 x 720.0
00:41:10.820 [JavaFX Application Thread] DEBUG PrimaryStageWindow   - Scaled ratio: (1.0, 1.0)
00:41:10.822 [JavaFX Application Thread] DEBUG PrimaryStageWindow   - Set initial scene to CustomStartupScene
00:41:10.826 [JavaFX Application Thread] DEBUG PrimaryStageWindow   - Opening main window
00:41:11.026 [JavaFX Application Thread] DEBUG PrimaryStageWindow   - Window border size: (16.0, 39.0)
00:41:11.026 [JavaFX Application Thread] DEBUG PrimaryStageWindow   - Scaled size: 1280.0 x 720.0
00:41:11.026 [JavaFX Application Thread] DEBUG PrimaryStageWindow   - Scaled ratio: (1.0, 1.0)
00:41:11.026 [JavaFX Application Thread] DEBUG PrimaryStageWindow   - Scene size: 1280.0 x 720.0
00:41:11.027 [JavaFX Application Thread] DEBUG PrimaryStageWindow   - Stage size: 1296.0 x 759.0
00:41:11.037 [FXGL Background Thread 1 ] DEBUG Engine               - Initializing environment variables
00:41:11.193 [FXGL Background Thread 1 ] DEBUG FXGLAssetLoaderServi - User app class for loading assets: class client.ClientMain
00:41:11.193 [FXGL Background Thread 1 ] DEBUG GameApplicationServi - Applying CSS: fxgl_dark.css
00:41:11.195 [FXGL Background Thread 1 ] DEBUG FXGLAssetLoaderServi - Loading from file system: jar:file:/C:/Users/Mark%20Wachtel/.m2/repository/com/github/almasb/fxgl/21.1/fxgl-21.1.jar!/fxglassets/ui/css/fxgl_dark.css
00:41:11.317 [FXGL Background Thread 1 ] DEBUG GameApplicationServi - Applying CSS: styles/chat.css
00:41:11.318 [FXGL Background Thread 1 ] DEBUG FXGLAssetLoaderServi - Loading from file system: file:/C:/Users/Mark%20Wachtel/git/mythcards-game/mythcardsgame/client/target/classes/assets/ui/css/styles/chat.css
00:41:11.320 [FXGL Background Thread 1 ] DEBUG GameApplicationServi - Initializing application scenes
00:41:11.416 [FXGL Background Thread 1 ] DEBUG GameWorld            - Game world initialized
00:41:11.575 [FXGL Background Thread 1 ] DEBUG PhysicsWorld         - Physics world initialized: appHeight=720, physics.ppm=50,0
00:41:11.575 [FXGL Background Thread 1 ] DEBUG PhysicsWorld         - Using strategy: BRUTE_FORCE
00:41:11.584 [FXGL Background Thread 1 ] DEBUG GameScene            - Game scene initialized: 1280x720
00:41:11.588 [FXGL Background Thread 1 ] DEBUG FXGLAssetLoaderServi - Loading from file system: file:/C:/Users/Mark%20Wachtel/git/mythcards-game/mythcardsgame/client/target/classes/assets/textures/bg/loading_screen.png
00:41:11.691 [FXGL Background Thread 1 ] DEBUG FXGL.DefaultMenu     - createMenuBodyGameMenu()
00:41:11.726 [FXGL Background Thread 1 ] DEBUG FXGL.DefaultMenu     - createOptionsMenu()
00:41:11.741 [FXGL Background Thread 1 ] DEBUG FXGLAssetLoaderServi - Loading from file system: jar:file:/C:/Users/Mark%20Wachtel/.m2/repository/com/github/almasb/fxgl/21.1/fxgl-21.1.jar!/fxglassets/textures/particles/smoke.png
00:41:11.966 [FXGL Background Thread 1 ] DEBUG FXGLAssetLoaderServi - Loading from file system: jar:file:/C:/Users/Mark%20Wachtel/.m2/repository/com/github/almasb/fxgl/21.1/fxgl-21.1.jar!/fxglassets/textures/particles/trace_horizontal.png
00:41:11.996 [FXGL Background Thread 1 ] DEBUG GameApplicationServi - Application scenes initialized
00:41:12.029 [FXGL Background Thread 1 ] DEBUG SystemBundleService  - Loading FXGL system data
00:41:12.042 [FXGL Background Thread 1 ] DEBUG FileSystemAccess     - Reading from: C:\Users\Mark Wachtel\git\mythcards-game\mythcardsgame\client\system\fxgl.bundle
00:41:12.060 [FXGL Background Thread 1 ] DEBUG SystemBundleService  - Bundle FXGL: {}
00:41:12.060 [FXGL Background Thread 1 ] DEBUG UpdaterService       - Checking for updates
00:41:12.076 [FXGL Background Thread 4 ] DEBUG FXGLApplication      - Loading fonts
00:41:12.077 [FXGL Background Thread 4 ] DEBUG FXGLAssetLoaderServi - Loading from file system: jar:file:/C:/Users/Mark%20Wachtel/.m2/repository/com/github/almasb/fxgl/21.1/fxgl-21.1.jar!/fxglassets/ui/fonts/VarelaRound-Regular.ttf
00:41:12.081 [FXGL Background Thread 1 ] DEBUG FXGLApplication      - Loading default localization
00:41:12.082 [FXGL Background Thread 1 ] DEBUG FXGLAssetLoaderServi - Loading from file system: jar:file:/C:/Users/Mark%20Wachtel/.m2/repository/com/github/almasb/fxgl/21.1/fxgl-21.1.jar!/fxglassets/languages/english.lang
00:41:12.122 [FXGL Background Thread 4 ] DEBUG FXGLAssetLoaderServi - Loading from file system: jar:file:/C:/Users/Mark%20Wachtel/.m2/repository/com/github/almasb/fxgl/21.1/fxgl-21.1.jar!/fxglassets/ui/fonts/Abel-Regular.ttf
00:41:12.142 [FXGL Background Thread 4 ] DEBUG FXGLAssetLoaderServi - Loading from file system: jar:file:/C:/Users/Mark%20Wachtel/.m2/repository/com/github/almasb/fxgl/21.1/fxgl-21.1.jar!/fxglassets/ui/fonts/TerminalLandMono-Regular.otf
00:41:12.162 [FXGL Background Thread 4 ] DEBUG FXGLAssetLoaderServi - Loading from file system: jar:file:/C:/Users/Mark%20Wachtel/.m2/repository/com/github/almasb/fxgl/21.1/fxgl-21.1.jar!/fxglassets/ui/fonts/Courier-Prime.ttf
00:41:12.175 [FXGL Background Thread 1 ] INFO  FXGLApplication      - FXGL initialization took: 1,137 sec
00:41:12.180 [JavaFX Application Thread] DEBUG FXGLAssetLoaderServi - Loading from file system: jar:file:/C:/Users/Mark%20Wachtel/.m2/repository/com/github/almasb/fxgl/21.1/fxgl-21.1.jar!/fxglassets/textures/fxgl_icon.png
00:41:12.208 [JavaFX Application Thread] DEBUG FXGLAssetLoaderServi - Loading from file system: jar:file:/C:/Users/Mark%20Wachtel/.m2/repository/com/github/almasb/fxgl/21.1/fxgl-21.1.jar!/fxglassets/textures/fxgl_default_cursor.png
00:41:12.237 [JavaFX Application Thread] DEBUG Input                - Registered new binding: Screenshot - CTRL+8
00:41:12.238 [JavaFX Application Thread] DEBUG Input                - Registered new binding: System info dump - CTRL+9
00:41:12.239 [JavaFX Application Thread] DEBUG Input                - Registered new binding: Restart - CTRL+R
00:41:12.240 [JavaFX Application Thread] DEBUG Input                - Registered new binding: Toggle Debug Camera - CTRL+7
00:41:12.250 [JavaFX Application Thread] DEBUG LoopRunner           - Starting loop
00:41:12.250 [JavaFX Application Thread] DEBUG LoopRunner           - Initializing JavaFX AnimationTimerLoop
00:41:12.255 [JavaFX Application Thread] DEBUG GameApplicationServi - Starting new game
00:41:12.256 [JavaFX Application Thread] DEBUG Input                - Clearing active input actions
00:41:12.296 [JavaFX Application Thread] DEBUG GameApplicationServi - Removing overlay from CustomStartupScene and adding to FXGLLoadingScene
00:41:12.297 [JavaFX Application Thread] DEBUG PrimaryStageWindow   - CustomStartupScene -> FXGLLoadingScene
00:41:12.297 [JavaFX Application Thread] DEBUG GameApplicationServi - Clearing previous game
00:41:12.297 [JavaFX Application Thread] DEBUG GameScene            - Clearing game scene
00:41:12.297 [JavaFX Application Thread] DEBUG GameWorld            - Clearing game world
00:41:12.298 [JavaFX Application Thread] DEBUG PhysicsWorld         - Clearing physics world
00:41:12.301 [JavaFX Application Thread] DEBUG Input                - Clearing active input actions
00:41:12.302 [FXGL Background Thread 4 ] DEBUG FXGLApplication      - Initializing game
00:41:12.329 [JavaFX Application Thread] DEBUG GameApplicationServi - Removing overlay from FXGLLoadingScene and adding to MyIntroScene
00:41:12.330 [JavaFX Application Thread] DEBUG PrimaryStageWindow   - CustomStartupScene -> MyIntroScene
00:41:12.340 [JavaFX Application Thread] DEBUG FXGLApplication      - Registering font factories with UI factory
00:41:12.345 [FXGL Background Thread 4 ] INFO  FXGLApplication      - Game initialization took: 0,044 sec
00:41:12.407 [JavaFX Application Thread] DEBUG Input                - Clearing active input actions
00:41:12.454 [JavaFX Application Thread] DEBUG GameApplicationServi - Removing overlay from MyIntroScene and adding to GameScene
00:41:12.454 [JavaFX Application Thread] DEBUG PrimaryStageWindow   - MyIntroScene -> GameScene
00:41:15.069 [FXGL Background Thread 3 ] DEBUG Engine               - Logging environment variables
00:41:15.069 [FXGL Background Thread 3 ] DEBUG Engine               - achievements: []
00:41:15.070 [FXGL Background Thread 3 ] DEBUG Engine               - actualHeight: 720.0
00:41:15.070 [FXGL Background Thread 3 ] DEBUG Engine               - actualHeightProperty: ReadOnlyDoubleProperty [value: 720.0]
00:41:15.070 [FXGL Background Thread 3 ] DEBUG Engine               - actualWidth: 1280.0
00:41:15.070 [FXGL Background Thread 3 ] DEBUG Engine               - actualWidthProperty: ReadOnlyDoubleProperty [value: 1280.0]
00:41:15.070 [FXGL Background Thread 3 ] DEBUG Engine               - appIcon: fxgl_icon.png
00:41:15.070 [FXGL Background Thread 3 ] DEBUG Engine               - applicationMode: DEVELOPER
00:41:15.070 [FXGL Background Thread 3 ] DEBUG Engine               - cSSList: [fxgl_dark.css, styles/chat.css]
00:41:15.070 [FXGL Background Thread 3 ] DEBUG Engine               - collisionDetectionStrategy: BRUTE_FORCE
00:41:15.070 [FXGL Background Thread 3 ] DEBUG Engine               - configClass: Optional.empty
00:41:15.070 [FXGL Background Thread 3 ] DEBUG Engine               - credits: []
00:41:15.071 [FXGL Background Thread 3 ] DEBUG Engine               - defaultCursor: CursorInfo(imageName=fxgl_default_cursor.png, hotspotX=7.0, hotspotY=6.0)
00:41:15.071 [FXGL Background Thread 3 ] DEBUG Engine               - devBBoxColorProperty: ObjectProperty [value: 0xff0000ff]
00:41:15.071 [FXGL Background Thread 3 ] DEBUG Engine               - devEnableDebugCameraProperty: BooleanProperty [value: false]
00:41:15.071 [FXGL Background Thread 3 ] DEBUG Engine               - devSensorColorProperty: ObjectProperty [value: 0xffff00ff]
00:41:15.071 [FXGL Background Thread 3 ] DEBUG Engine               - devShowBBoxProperty: BooleanProperty [value: false]
00:41:15.071 [FXGL Background Thread 3 ] DEBUG Engine               - devShowPositionProperty: BooleanProperty [value: false]
00:41:15.071 [FXGL Background Thread 3 ] DEBUG Engine               - enabledMenuItems: []
00:41:15.072 [FXGL Background Thread 3 ] DEBUG Engine               - engineServices: [class com.almasb.fxgl.app.services.FXGLAssetLoaderService, class com.almasb.fxgl.app.FXGLApplication$GameApplicationService, class com.almasb.fxgl.app.services.FXGLDialogService, class com.almasb.fxgl.app.services.IOTaskExecutorService, class com.almasb.fxgl.io.FileSystemService, class com.almasb.fxgl.localization.LocalizationService, class com.almasb.fxgl.app.services.SystemBundleService, class com.almasb.fxgl.profile.SaveLoadService, class com.almasb.fxgl.ui.FXGLUIFactoryServiceProvider, class com.almasb.fxgl.ui.FXGLDialogFactoryServiceProvider, class com.almasb.fxgl.audio.AudioPlayer, class com.almasb.fxgl.notification.impl.NotificationServiceProvider, class com.almasb.fxgl.achievement.AchievementService, class com.almasb.fxgl.cutscene.CutsceneService, class com.almasb.fxgl.minigames.MiniGameService, class com.almasb.fxgl.net.NetService, class com.almasb.fxgl.app.services.UpdaterService, class com.almasb.fxgl.dev.DevService]
00:41:15.072 [FXGL Background Thread 3 ] DEBUG Engine               - fontGame: Abel-Regular.ttf
00:41:15.072 [FXGL Background Thread 3 ] DEBUG Engine               - fontMono: TerminalLandMono-Regular.otf
00:41:15.072 [FXGL Background Thread 3 ] DEBUG Engine               - fontSizeScaleUI: 1.0
00:41:15.072 [FXGL Background Thread 3 ] DEBUG Engine               - fontText: Courier-Prime.ttf
00:41:15.072 [FXGL Background Thread 3 ] DEBUG Engine               - fontUI: VarelaRound-Regular.ttf
00:41:15.072 [FXGL Background Thread 3 ] DEBUG Engine               - fullScreen: BooleanProperty [value: false]
00:41:15.072 [FXGL Background Thread 3 ] DEBUG Engine               - gameDifficulty: MEDIUM
00:41:15.072 [FXGL Background Thread 3 ] DEBUG Engine               - gameDifficultyProperty: ObjectProperty [value: MEDIUM]
00:41:15.072 [FXGL Background Thread 3 ] DEBUG Engine               - globalMusicVolume: 0.5
00:41:15.073 [FXGL Background Thread 3 ] DEBUG Engine               - globalMusicVolumeProperty: DoubleProperty [value: 0.5]
00:41:15.073 [FXGL Background Thread 3 ] DEBUG Engine               - globalSoundVolume: 0.5
00:41:15.073 [FXGL Background Thread 3 ] DEBUG Engine               - globalSoundVolumeProperty: DoubleProperty [value: 0.5]
00:41:15.073 [FXGL Background Thread 3 ] DEBUG Engine               - height: 720
00:41:15.073 [FXGL Background Thread 3 ] DEBUG Engine               - is3D: false
00:41:15.073 [FXGL Background Thread 3 ] DEBUG Engine               - isAndroid: false
00:41:15.073 [FXGL Background Thread 3 ] DEBUG Engine               - isBrowser: false
00:41:15.073 [FXGL Background Thread 3 ] DEBUG Engine               - isClickFeedbackEnabled: false
00:41:15.073 [FXGL Background Thread 3 ] DEBUG Engine               - isCloseConfirmation: false
00:41:15.073 [FXGL Background Thread 3 ] DEBUG Engine               - isDesktop: true
00:41:15.073 [FXGL Background Thread 3 ] DEBUG Engine               - isDeveloperMenuEnabled: false
00:41:15.073 [FXGL Background Thread 3 ] DEBUG Engine               - isEmbedded: false
00:41:15.073 [FXGL Background Thread 3 ] DEBUG Engine               - isEntityPreloadEnabled: true
00:41:15.073 [FXGL Background Thread 3 ] DEBUG Engine               - isExperimentalTiledLargeMap: false
00:41:15.074 [FXGL Background Thread 3 ] DEBUG Engine               - isFileSystemWriteAllowed: true
00:41:15.074 [FXGL Background Thread 3 ] DEBUG Engine               - isFullScreenAllowed: false
00:41:15.074 [FXGL Background Thread 3 ] DEBUG Engine               - isFullScreenFromStart: false
00:41:15.074 [FXGL Background Thread 3 ] DEBUG Engine               - isGameMenuEnabled: true
00:41:15.074 [FXGL Background Thread 3 ] DEBUG Engine               - isIOS: false
00:41:15.074 [FXGL Background Thread 3 ] DEBUG Engine               - isIntroEnabled: true
00:41:15.074 [FXGL Background Thread 3 ] DEBUG Engine               - isLinux: false
00:41:15.074 [FXGL Background Thread 3 ] DEBUG Engine               - isMac: false
00:41:15.074 [FXGL Background Thread 3 ] DEBUG Engine               - isMainMenuEnabled: false
00:41:15.074 [FXGL Background Thread 3 ] DEBUG Engine               - isManualResizeEnabled: false
00:41:15.074 [FXGL Background Thread 3 ] DEBUG Engine               - isMobile: false
00:41:15.075 [FXGL Background Thread 3 ] DEBUG Engine               - isNative: false
00:41:15.075 [FXGL Background Thread 3 ] DEBUG Engine               - isPauseMusicWhenMinimized: true
00:41:15.075 [FXGL Background Thread 3 ] DEBUG Engine               - isPreserveResizeRatio: false
00:41:15.075 [FXGL Background Thread 3 ] DEBUG Engine               - isProfilingEnabled: false
00:41:15.075 [FXGL Background Thread 3 ] DEBUG Engine               - isScaleAffectedOnResize: true
00:41:15.075 [FXGL Background Thread 3 ] DEBUG Engine               - isSingleStep: false
00:41:15.075 [FXGL Background Thread 3 ] DEBUG Engine               - isUserProfileEnabled: false
00:41:15.075 [FXGL Background Thread 3 ] DEBUG Engine               - isWindows: true
00:41:15.075 [FXGL Background Thread 3 ] DEBUG Engine               - language: ObjectProperty [value: ENGLISH]
00:41:15.075 [FXGL Background Thread 3 ] DEBUG Engine               - menuKey: ESCAPE
00:41:15.075 [FXGL Background Thread 3 ] DEBUG Engine               - mouseSensitivity: 0.2
00:41:15.075 [FXGL Background Thread 3 ] DEBUG Engine               - notificationViewClass: class com.almasb.fxgl.notification.view.XboxNotificationView
00:41:15.075 [FXGL Background Thread 3 ] DEBUG Engine               - pixelsPerMeter: 50.0
00:41:15.075 [FXGL Background Thread 3 ] DEBUG Engine               - platform: WINDOWS
00:41:15.075 [FXGL Background Thread 3 ] DEBUG Engine               - prefHeightProperty: ReadOnlyDoubleProperty [value: 720.0]
00:41:15.076 [FXGL Background Thread 3 ] DEBUG Engine               - prefWidthProperty: ReadOnlyDoubleProperty [value: 1280.0]
00:41:15.076 [FXGL Background Thread 3 ] DEBUG Engine               - profileDir: profiles/
00:41:15.076 [FXGL Background Thread 3 ] DEBUG Engine               - profileName: StringProperty [value: DEFAULT]
00:41:15.076 [FXGL Background Thread 3 ] DEBUG Engine               - randomSeed: -1
00:41:15.076 [FXGL Background Thread 3 ] DEBUG Engine               - runtimeInfo: RuntimeInfo(platform=WINDOWS, version=21.1, build=27.03.2024 07.52)
00:41:15.076 [FXGL Background Thread 3 ] DEBUG Engine               - saveFileExt: sav
00:41:15.076 [FXGL Background Thread 3 ] DEBUG Engine               - scaledHeightProp$fxgl: DoubleProperty [bound, value: 720.0]
00:41:15.076 [FXGL Background Thread 3 ] DEBUG Engine               - scaledWidthProp$fxgl: DoubleProperty [bound, value: 1280.0]
00:41:15.076 [FXGL Background Thread 3 ] DEBUG Engine               - sceneFactory: client.ClientMain$1@120263e0
00:41:15.076 [FXGL Background Thread 3 ] DEBUG Engine               - secondsIn24h: 60
00:41:15.076 [FXGL Background Thread 3 ] DEBUG Engine               - soundMenuBack: menu/back.wav
00:41:15.076 [FXGL Background Thread 3 ] DEBUG Engine               - soundMenuPress: menu/press.wav
00:41:15.076 [FXGL Background Thread 3 ] DEBUG Engine               - soundMenuSelect: menu/select.wav
00:41:15.076 [FXGL Background Thread 3 ] DEBUG Engine               - soundNotification: core/notification.wav
00:41:15.076 [FXGL Background Thread 3 ] DEBUG Engine               - stageStyle: DECORATED
00:41:15.076 [FXGL Background Thread 3 ] DEBUG Engine               - supportedLanguages: [ENGLISH, FRENCH, GERMAN, HUNGARIAN, RUSSIAN]
00:41:15.076 [FXGL Background Thread 3 ] DEBUG Engine               - ticksPerSecond: -1
00:41:15.076 [FXGL Background Thread 3 ] DEBUG Engine               - title: Myth Cards Client 0.0
00:41:15.076 [FXGL Background Thread 3 ] DEBUG Engine               - urlGithub: https://github.com/AlmasB/FXGL
00:41:15.076 [FXGL Background Thread 3 ] DEBUG Engine               - urlLeaderboard: http://fxgl-top.herokuapp.com/
00:41:15.077 [FXGL Background Thread 3 ] DEBUG Engine               - urlPOM: https://raw.githubusercontent.com/AlmasB/FXGL/release/README.md
00:41:15.077 [FXGL Background Thread 3 ] DEBUG Engine               - userAppClass: class client.ClientMain
00:41:15.077 [FXGL Background Thread 3 ] DEBUG Engine               - version: 0.0
00:41:15.077 [FXGL Background Thread 3 ] DEBUG Engine               - versionCheckDays: 7
00:41:15.077 [FXGL Background Thread 3 ] DEBUG Engine               - width: 1280
00:41:15.077 [FXGL Background Thread 3 ] DEBUG Engine               - Logging services
00:41:15.077 [FXGL Background Thread 3 ] DEBUG Engine               - class com.almasb.fxgl.app.services.FXGLAssetLoaderService
00:41:15.077 [FXGL Background Thread 3 ] DEBUG Engine               - class com.almasb.fxgl.app.FXGLApplication$GameApplicationService
00:41:15.077 [FXGL Background Thread 3 ] DEBUG Engine               - class com.almasb.fxgl.app.services.FXGLDialogService
00:41:15.077 [FXGL Background Thread 3 ] DEBUG Engine               - class com.almasb.fxgl.app.services.IOTaskExecutorService
00:41:15.077 [FXGL Background Thread 3 ] DEBUG Engine               - class com.almasb.fxgl.io.FileSystemService
00:41:15.078 [FXGL Background Thread 3 ] DEBUG Engine               - class com.almasb.fxgl.localization.LocalizationService
00:41:15.078 [FXGL Background Thread 3 ] DEBUG Engine               - class com.almasb.fxgl.app.services.SystemBundleService
00:41:15.078 [FXGL Background Thread 3 ] DEBUG Engine               - class com.almasb.fxgl.profile.SaveLoadService
00:41:15.078 [FXGL Background Thread 3 ] DEBUG Engine               - class com.almasb.fxgl.ui.FXGLUIFactoryServiceProvider
00:41:15.078 [FXGL Background Thread 3 ] DEBUG Engine               - class com.almasb.fxgl.ui.FXGLDialogFactoryServiceProvider
00:41:15.078 [FXGL Background Thread 3 ] DEBUG Engine               - class com.almasb.fxgl.audio.AudioPlayer
00:41:15.078 [FXGL Background Thread 3 ] DEBUG Engine               - class com.almasb.fxgl.notification.impl.NotificationServiceProvider
00:41:15.078 [FXGL Background Thread 3 ] DEBUG Engine               - class com.almasb.fxgl.achievement.AchievementService
00:41:15.078 [FXGL Background Thread 3 ] DEBUG Engine               - class com.almasb.fxgl.cutscene.CutsceneService
00:41:15.078 [FXGL Background Thread 3 ] DEBUG Engine               - class com.almasb.fxgl.minigames.MiniGameService
00:41:15.078 [FXGL Background Thread 3 ] DEBUG Engine               - class com.almasb.fxgl.net.NetService
00:41:15.078 [FXGL Background Thread 3 ] DEBUG Engine               - class com.almasb.fxgl.app.services.UpdaterService
00:41:15.078 [FXGL Background Thread 3 ] DEBUG Engine               - class com.almasb.fxgl.dev.DevService
00:42:17.593 [JavaFX Application Thread] DEBUG FXGLApplication      - Exiting FXGL
00:42:17.593 [JavaFX Application Thread] DEBUG LoopRunner           - Stopping loop
00:42:17.593 [JavaFX Application Thread] DEBUG SystemBundleService  - Saving FXGL system data
00:42:17.598 [JavaFX Application Thread] DEBUG FileSystemAccess     - Writing to: C:\Users\Mark Wachtel\git\mythcards-game\mythcardsgame\client\system\fxgl.bundle
00:42:17.601 [JavaFX Application Thread] DEBUG Async                - Shutting down background threads
00:42:17.601 [JavaFX Application Thread] DEBUG PrimaryStageWindow   - Closing main window
00:42:17.633 [JavaFX Application Thread] DEBUG Logger               - Closing Logger
