23:43:39.294 [main                     ] DEBUG Logger               - Configured Logger
23:43:39.301 [main                     ] DEBUG GameApplication      - Logging settings
Title: Myth Cards Client 0.0
Version: 0.0
Width: 1280
Height: 720
Fullscreen: false
Intro: true
Profiling: false
Single step:false
App Mode: DEVELOPER
Menu Key: ESCAPE
Stage Style: DECORATED
Scene Factory: class client.ClientMain$1

23:43:39.999 [JavaFX Application Thread] DEBUG FXGLApplication      - Initializing FXGL
23:43:40.002 [JavaFX Application Thread] INFO  Engine               - FXGL-21.1 (27.03.2024 07.52) on WINDOWS (J:24 FX:21)
23:43:40.003 [JavaFX Application Thread] DEBUG Engine               - JRE Vendor Name: Oracle Corporation
23:43:40.003 [JavaFX Application Thread] DEBUG Engine               - Running on OS: Windows 11 version 10.0
23:43:40.003 [JavaFX Application Thread] DEBUG Engine               - Architecture: amd64
23:43:40.003 [JavaFX Application Thread] INFO  Engine               - Source code and latest versions at: https://github.com/AlmasB/FXGL
23:43:40.003 [JavaFX Application Thread] INFO  Engine               -       Ask questions and discuss at: https://github.com/AlmasB/FXGL/discussions
23:43:40.003 [JavaFX Application Thread] INFO  Engine               -              Join the FXGL chat at: https://gitter.im/AlmasB/FXGL
23:43:40.216 [JavaFX Application Thread] DEBUG PrimaryStageWindow   - Creating a JavaFX scene
23:43:40.399 [JavaFX Application Thread] DEBUG PrimaryStageWindow   - Target settings size: 1280.0 x 720.0
23:43:40.399 [JavaFX Application Thread] DEBUG PrimaryStageWindow   - Scaled scene size:    1280.0 x 720.0
23:43:40.399 [JavaFX Application Thread] DEBUG PrimaryStageWindow   - Scaled ratio: (1.0, 1.0)
23:43:40.402 [JavaFX Application Thread] DEBUG PrimaryStageWindow   - Set initial scene to CustomStartupScene
23:43:40.409 [JavaFX Application Thread] DEBUG PrimaryStageWindow   - Opening main window
23:43:40.594 [JavaFX Application Thread] DEBUG PrimaryStageWindow   - Window border size: (16.0, 39.0)
23:43:40.594 [JavaFX Application Thread] DEBUG PrimaryStageWindow   - Scaled size: 1280.0 x 720.0
23:43:40.595 [JavaFX Application Thread] DEBUG PrimaryStageWindow   - Scaled ratio: (1.0, 1.0)
23:43:40.595 [JavaFX Application Thread] DEBUG PrimaryStageWindow   - Scene size: 1280.0 x 720.0
23:43:40.595 [JavaFX Application Thread] DEBUG PrimaryStageWindow   - Stage size: 1296.0 x 759.0
23:43:40.610 [FXGL Background Thread 1 ] DEBUG Engine               - Initializing environment variables
23:43:40.718 [FXGL Background Thread 1 ] DEBUG FXGLAssetLoaderServi - User app class for loading assets: class client.ClientMain
23:43:40.718 [FXGL Background Thread 1 ] DEBUG GameApplicationServi - Applying CSS: fxgl_dark.css
23:43:40.719 [FXGL Background Thread 1 ] DEBUG FXGLAssetLoaderServi - Loading from file system: jar:file:/C:/Users/Mark%20Wachtel/.m2/repository/com/github/almasb/fxgl/21.1/fxgl-21.1.jar!/fxglassets/ui/css/fxgl_dark.css
23:43:40.780 [FXGL Background Thread 1 ] DEBUG GameApplicationServi - Applying CSS: styles/chat.css
23:43:40.780 [FXGL Background Thread 1 ] DEBUG FXGLAssetLoaderServi - Loading from file system: file:/C:/Users/Mark%20Wachtel/git/mythcards-game/mythcardsgame/client/target/classes/assets/ui/css/styles/chat.css
23:43:40.782 [FXGL Background Thread 1 ] DEBUG GameApplicationServi - Initializing application scenes
23:43:40.873 [FXGL Background Thread 1 ] DEBUG GameWorld            - Game world initialized
23:43:40.959 [FXGL Background Thread 1 ] DEBUG PhysicsWorld         - Physics world initialized: appHeight=720, physics.ppm=50,0
23:43:40.960 [FXGL Background Thread 1 ] DEBUG PhysicsWorld         - Using strategy: BRUTE_FORCE
23:43:40.966 [FXGL Background Thread 1 ] DEBUG GameScene            - Game scene initialized: 1280x720
23:43:40.969 [FXGL Background Thread 1 ] DEBUG FXGLAssetLoaderServi - Loading from file system: file:/C:/Users/Mark%20Wachtel/git/mythcards-game/mythcardsgame/client/target/classes/assets/textures/bg/loading_screen.png
23:43:41.035 [FXGL Background Thread 1 ] DEBUG FXGL.DefaultMenu     - createMenuBodyGameMenu()
23:43:41.056 [FXGL Background Thread 1 ] DEBUG FXGL.DefaultMenu     - createOptionsMenu()
23:43:41.067 [FXGL Background Thread 1 ] DEBUG FXGLAssetLoaderServi - Loading from file system: jar:file:/C:/Users/Mark%20Wachtel/.m2/repository/com/github/almasb/fxgl/21.1/fxgl-21.1.jar!/fxglassets/textures/particles/smoke.png
23:43:41.237 [FXGL Background Thread 1 ] DEBUG FXGLAssetLoaderServi - Loading from file system: jar:file:/C:/Users/Mark%20Wachtel/.m2/repository/com/github/almasb/fxgl/21.1/fxgl-21.1.jar!/fxglassets/textures/particles/trace_horizontal.png
23:43:41.268 [FXGL Background Thread 1 ] DEBUG GameApplicationServi - Application scenes initialized
23:43:41.293 [FXGL Background Thread 1 ] DEBUG SystemBundleService  - Loading FXGL system data
23:43:41.310 [FXGL Background Thread 1 ] DEBUG FileSystemAccess     - Reading from: C:\Users\Mark Wachtel\git\mythcards-game\mythcardsgame\client\system\fxgl.bundle
23:43:41.322 [FXGL Background Thread 1 ] DEBUG SystemBundleService  - Bundle FXGL: {}
23:43:41.322 [FXGL Background Thread 1 ] DEBUG UpdaterService       - Checking for updates
23:43:41.327 [FXGL Background Thread 4 ] DEBUG FXGLApplication      - Loading fonts
23:43:41.327 [FXGL Background Thread 4 ] DEBUG FXGLAssetLoaderServi - Loading from file system: jar:file:/C:/Users/Mark%20Wachtel/.m2/repository/com/github/almasb/fxgl/21.1/fxgl-21.1.jar!/fxglassets/ui/fonts/VarelaRound-Regular.ttf
23:43:41.328 [FXGL Background Thread 1 ] DEBUG FXGLApplication      - Loading default localization
23:43:41.328 [FXGL Background Thread 1 ] DEBUG FXGLAssetLoaderServi - Loading from file system: jar:file:/C:/Users/Mark%20Wachtel/.m2/repository/com/github/almasb/fxgl/21.1/fxgl-21.1.jar!/fxglassets/languages/english.lang
23:43:41.353 [FXGL Background Thread 4 ] DEBUG FXGLAssetLoaderServi - Loading from file system: jar:file:/C:/Users/Mark%20Wachtel/.m2/repository/com/github/almasb/fxgl/21.1/fxgl-21.1.jar!/fxglassets/ui/fonts/Abel-Regular.ttf
23:43:41.366 [FXGL Background Thread 4 ] DEBUG FXGLAssetLoaderServi - Loading from file system: jar:file:/C:/Users/Mark%20Wachtel/.m2/repository/com/github/almasb/fxgl/21.1/fxgl-21.1.jar!/fxglassets/ui/fonts/TerminalLandMono-Regular.otf
23:43:41.372 [FXGL Background Thread 1 ] INFO  FXGLApplication      - FXGL initialization took: 0,761 sec
23:43:41.374 [JavaFX Application Thread] DEBUG FXGLAssetLoaderServi - Loading from file system: jar:file:/C:/Users/Mark%20Wachtel/.m2/repository/com/github/almasb/fxgl/21.1/fxgl-21.1.jar!/fxglassets/textures/fxgl_icon.png
23:43:41.380 [FXGL Background Thread 4 ] DEBUG FXGLAssetLoaderServi - Loading from file system: jar:file:/C:/Users/Mark%20Wachtel/.m2/repository/com/github/almasb/fxgl/21.1/fxgl-21.1.jar!/fxglassets/ui/fonts/Courier-Prime.ttf
23:43:41.407 [JavaFX Application Thread] DEBUG FXGLAssetLoaderServi - Loading from file system: jar:file:/C:/Users/Mark%20Wachtel/.m2/repository/com/github/almasb/fxgl/21.1/fxgl-21.1.jar!/fxglassets/textures/fxgl_default_cursor.png
23:43:41.429 [JavaFX Application Thread] DEBUG Input                - Registered new binding: Screenshot - CTRL+8
23:43:41.431 [JavaFX Application Thread] DEBUG Input                - Registered new binding: System info dump - CTRL+9
23:43:41.431 [JavaFX Application Thread] DEBUG Input                - Registered new binding: Restart - CTRL+R
23:43:41.432 [JavaFX Application Thread] DEBUG Input                - Registered new binding: Toggle Debug Camera - CTRL+7
23:43:41.441 [JavaFX Application Thread] DEBUG LoopRunner           - Starting loop
23:43:41.441 [JavaFX Application Thread] DEBUG LoopRunner           - Initializing JavaFX AnimationTimerLoop
23:43:41.447 [JavaFX Application Thread] DEBUG GameApplicationServi - Starting new game
23:43:41.447 [JavaFX Application Thread] DEBUG Input                - Clearing active input actions
23:43:41.471 [JavaFX Application Thread] DEBUG GameApplicationServi - Removing overlay from CustomStartupScene and adding to FXGLLoadingScene
23:43:41.471 [JavaFX Application Thread] DEBUG PrimaryStageWindow   - CustomStartupScene -> FXGLLoadingScene
23:43:41.471 [JavaFX Application Thread] DEBUG GameApplicationServi - Clearing previous game
23:43:41.472 [JavaFX Application Thread] DEBUG GameScene            - Clearing game scene
23:43:41.472 [JavaFX Application Thread] DEBUG GameWorld            - Clearing game world
23:43:41.472 [JavaFX Application Thread] DEBUG PhysicsWorld         - Clearing physics world
23:43:41.474 [JavaFX Application Thread] DEBUG Input                - Clearing active input actions
23:43:41.474 [FXGL Background Thread 4 ] DEBUG FXGLApplication      - Initializing game
23:43:41.491 [JavaFX Application Thread] DEBUG GameApplicationServi - Removing overlay from FXGLLoadingScene and adding to MyIntroScene
23:43:41.491 [JavaFX Application Thread] DEBUG PrimaryStageWindow   - CustomStartupScene -> MyIntroScene
23:43:41.494 [JavaFX Application Thread] DEBUG FXGLApplication      - Registering font factories with UI factory
23:43:41.501 [FXGL Background Thread 4 ] INFO  FXGLApplication      - Game initialization took: 0,027 sec
23:43:41.540 [JavaFX Application Thread] DEBUG Input                - Clearing active input actions
23:43:41.568 [JavaFX Application Thread] DEBUG GameApplicationServi - Removing overlay from MyIntroScene and adding to GameScene
23:43:41.568 [JavaFX Application Thread] DEBUG PrimaryStageWindow   - MyIntroScene -> GameScene
23:43:44.326 [FXGL Background Thread 3 ] DEBUG Engine               - Logging environment variables
23:43:44.329 [FXGL Background Thread 3 ] DEBUG Engine               - achievements: []
23:43:44.329 [FXGL Background Thread 3 ] DEBUG Engine               - actualHeight: 720.0
23:43:44.330 [FXGL Background Thread 3 ] DEBUG Engine               - actualHeightProperty: ReadOnlyDoubleProperty [value: 720.0]
23:43:44.330 [FXGL Background Thread 3 ] DEBUG Engine               - actualWidth: 1280.0
23:43:44.330 [FXGL Background Thread 3 ] DEBUG Engine               - actualWidthProperty: ReadOnlyDoubleProperty [value: 1280.0]
23:43:44.331 [FXGL Background Thread 3 ] DEBUG Engine               - appIcon: fxgl_icon.png
23:43:44.331 [FXGL Background Thread 3 ] DEBUG Engine               - applicationMode: DEVELOPER
23:43:44.331 [FXGL Background Thread 3 ] DEBUG Engine               - cSSList: [fxgl_dark.css, styles/chat.css]
23:43:44.331 [FXGL Background Thread 3 ] DEBUG Engine               - collisionDetectionStrategy: BRUTE_FORCE
23:43:44.332 [FXGL Background Thread 3 ] DEBUG Engine               - configClass: Optional.empty
23:43:44.332 [FXGL Background Thread 3 ] DEBUG Engine               - credits: []
23:43:44.333 [FXGL Background Thread 3 ] DEBUG Engine               - defaultCursor: CursorInfo(imageName=fxgl_default_cursor.png, hotspotX=7.0, hotspotY=6.0)
23:43:44.334 [FXGL Background Thread 3 ] DEBUG Engine               - devBBoxColorProperty: ObjectProperty [value: 0xff0000ff]
23:43:44.334 [FXGL Background Thread 3 ] DEBUG Engine               - devEnableDebugCameraProperty: BooleanProperty [value: false]
23:43:44.335 [FXGL Background Thread 3 ] DEBUG Engine               - devSensorColorProperty: ObjectProperty [value: 0xffff00ff]
23:43:44.335 [FXGL Background Thread 3 ] DEBUG Engine               - devShowBBoxProperty: BooleanProperty [value: false]
23:43:44.335 [FXGL Background Thread 3 ] DEBUG Engine               - devShowPositionProperty: BooleanProperty [value: false]
23:43:44.335 [FXGL Background Thread 3 ] DEBUG Engine               - enabledMenuItems: []
23:43:44.336 [FXGL Background Thread 3 ] DEBUG Engine               - engineServices: [class com.almasb.fxgl.app.services.FXGLAssetLoaderService, class com.almasb.fxgl.app.FXGLApplication$GameApplicationService, class com.almasb.fxgl.app.services.FXGLDialogService, class com.almasb.fxgl.app.services.IOTaskExecutorService, class com.almasb.fxgl.io.FileSystemService, class com.almasb.fxgl.localization.LocalizationService, class com.almasb.fxgl.app.services.SystemBundleService, class com.almasb.fxgl.profile.SaveLoadService, class com.almasb.fxgl.ui.FXGLUIFactoryServiceProvider, class com.almasb.fxgl.ui.FXGLDialogFactoryServiceProvider, class com.almasb.fxgl.audio.AudioPlayer, class com.almasb.fxgl.notification.impl.NotificationServiceProvider, class com.almasb.fxgl.achievement.AchievementService, class com.almasb.fxgl.cutscene.CutsceneService, class com.almasb.fxgl.minigames.MiniGameService, class com.almasb.fxgl.net.NetService, class com.almasb.fxgl.app.services.UpdaterService, class com.almasb.fxgl.dev.DevService]
23:43:44.336 [FXGL Background Thread 3 ] DEBUG Engine               - fontGame: Abel-Regular.ttf
23:43:44.336 [FXGL Background Thread 3 ] DEBUG Engine               - fontMono: TerminalLandMono-Regular.otf
23:43:44.336 [FXGL Background Thread 3 ] DEBUG Engine               - fontSizeScaleUI: 1.0
23:43:44.336 [FXGL Background Thread 3 ] DEBUG Engine               - fontText: Courier-Prime.ttf
23:43:44.337 [FXGL Background Thread 3 ] DEBUG Engine               - fontUI: VarelaRound-Regular.ttf
23:43:44.337 [FXGL Background Thread 3 ] DEBUG Engine               - fullScreen: BooleanProperty [value: false]
23:43:44.337 [FXGL Background Thread 3 ] DEBUG Engine               - gameDifficulty: MEDIUM
23:43:44.337 [FXGL Background Thread 3 ] DEBUG Engine               - gameDifficultyProperty: ObjectProperty [value: MEDIUM]
23:43:44.338 [FXGL Background Thread 3 ] DEBUG Engine               - globalMusicVolume: 0.5
23:43:44.338 [FXGL Background Thread 3 ] DEBUG Engine               - globalMusicVolumeProperty: DoubleProperty [value: 0.5]
23:43:44.339 [FXGL Background Thread 3 ] DEBUG Engine               - globalSoundVolume: 0.5
23:43:44.339 [FXGL Background Thread 3 ] DEBUG Engine               - globalSoundVolumeProperty: DoubleProperty [value: 0.5]
23:43:44.339 [FXGL Background Thread 3 ] DEBUG Engine               - height: 720
23:43:44.339 [FXGL Background Thread 3 ] DEBUG Engine               - is3D: false
23:43:44.340 [FXGL Background Thread 3 ] DEBUG Engine               - isAndroid: false
23:43:44.340 [FXGL Background Thread 3 ] DEBUG Engine               - isBrowser: false
23:43:44.340 [FXGL Background Thread 3 ] DEBUG Engine               - isClickFeedbackEnabled: false
23:43:44.340 [FXGL Background Thread 3 ] DEBUG Engine               - isCloseConfirmation: false
23:43:44.341 [FXGL Background Thread 3 ] DEBUG Engine               - isDesktop: true
23:43:44.341 [FXGL Background Thread 3 ] DEBUG Engine               - isDeveloperMenuEnabled: false
23:43:44.341 [FXGL Background Thread 3 ] DEBUG Engine               - isEmbedded: false
23:43:44.341 [FXGL Background Thread 3 ] DEBUG Engine               - isEntityPreloadEnabled: true
23:43:44.341 [FXGL Background Thread 3 ] DEBUG Engine               - isExperimentalTiledLargeMap: false
23:43:44.342 [FXGL Background Thread 3 ] DEBUG Engine               - isFileSystemWriteAllowed: true
23:43:44.342 [FXGL Background Thread 3 ] DEBUG Engine               - isFullScreenAllowed: false
23:43:44.342 [FXGL Background Thread 3 ] DEBUG Engine               - isFullScreenFromStart: false
23:43:44.342 [FXGL Background Thread 3 ] DEBUG Engine               - isGameMenuEnabled: true
23:43:44.343 [FXGL Background Thread 3 ] DEBUG Engine               - isIOS: false
23:43:44.343 [FXGL Background Thread 3 ] DEBUG Engine               - isIntroEnabled: true
23:43:44.343 [FXGL Background Thread 3 ] DEBUG Engine               - isLinux: false
23:43:44.343 [FXGL Background Thread 3 ] DEBUG Engine               - isMac: false
23:43:44.344 [FXGL Background Thread 3 ] DEBUG Engine               - isMainMenuEnabled: false
23:43:44.344 [FXGL Background Thread 3 ] DEBUG Engine               - isManualResizeEnabled: false
23:43:44.344 [FXGL Background Thread 3 ] DEBUG Engine               - isMobile: false
23:43:44.345 [FXGL Background Thread 3 ] DEBUG Engine               - isNative: false
23:43:44.345 [FXGL Background Thread 3 ] DEBUG Engine               - isPauseMusicWhenMinimized: true
23:43:44.345 [FXGL Background Thread 3 ] DEBUG Engine               - isPreserveResizeRatio: false
23:43:44.345 [FXGL Background Thread 3 ] DEBUG Engine               - isProfilingEnabled: false
23:43:44.345 [FXGL Background Thread 3 ] DEBUG Engine               - isScaleAffectedOnResize: true
23:43:44.346 [FXGL Background Thread 3 ] DEBUG Engine               - isSingleStep: false
23:43:44.346 [FXGL Background Thread 3 ] DEBUG Engine               - isUserProfileEnabled: false
23:43:44.346 [FXGL Background Thread 3 ] DEBUG Engine               - isWindows: true
23:43:44.346 [FXGL Background Thread 3 ] DEBUG Engine               - language: ObjectProperty [value: ENGLISH]
23:43:44.346 [FXGL Background Thread 3 ] DEBUG Engine               - menuKey: ESCAPE
23:43:44.347 [FXGL Background Thread 3 ] DEBUG Engine               - mouseSensitivity: 0.2
23:43:44.347 [FXGL Background Thread 3 ] DEBUG Engine               - notificationViewClass: class com.almasb.fxgl.notification.view.XboxNotificationView
23:43:44.347 [FXGL Background Thread 3 ] DEBUG Engine               - pixelsPerMeter: 50.0
23:43:44.347 [FXGL Background Thread 3 ] DEBUG Engine               - platform: WINDOWS
23:43:44.348 [FXGL Background Thread 3 ] DEBUG Engine               - prefHeightProperty: ReadOnlyDoubleProperty [value: 720.0]
23:43:44.348 [FXGL Background Thread 3 ] DEBUG Engine               - prefWidthProperty: ReadOnlyDoubleProperty [value: 1280.0]
23:43:44.348 [FXGL Background Thread 3 ] DEBUG Engine               - profileDir: profiles/
23:43:44.348 [FXGL Background Thread 3 ] DEBUG Engine               - profileName: StringProperty [value: DEFAULT]
23:43:44.349 [FXGL Background Thread 3 ] DEBUG Engine               - randomSeed: -1
23:43:44.349 [FXGL Background Thread 3 ] DEBUG Engine               - runtimeInfo: RuntimeInfo(platform=WINDOWS, version=21.1, build=27.03.2024 07.52)
23:43:44.350 [FXGL Background Thread 3 ] DEBUG Engine               - saveFileExt: sav
23:43:44.350 [FXGL Background Thread 3 ] DEBUG Engine               - scaledHeightProp$fxgl: DoubleProperty [bound, value: 720.0]
23:43:44.350 [FXGL Background Thread 3 ] DEBUG Engine               - scaledWidthProp$fxgl: DoubleProperty [bound, value: 1280.0]
23:43:44.350 [FXGL Background Thread 3 ] DEBUG Engine               - sceneFactory: client.ClientMain$1@6a774325
23:43:44.350 [FXGL Background Thread 3 ] DEBUG Engine               - secondsIn24h: 60
23:43:44.351 [FXGL Background Thread 3 ] DEBUG Engine               - soundMenuBack: menu/back.wav
23:43:44.351 [FXGL Background Thread 3 ] DEBUG Engine               - soundMenuPress: menu/press.wav
23:43:44.351 [FXGL Background Thread 3 ] DEBUG Engine               - soundMenuSelect: menu/select.wav
23:43:44.351 [FXGL Background Thread 3 ] DEBUG Engine               - soundNotification: core/notification.wav
23:43:44.352 [FXGL Background Thread 3 ] DEBUG Engine               - stageStyle: DECORATED
23:43:44.352 [FXGL Background Thread 3 ] DEBUG Engine               - supportedLanguages: [ENGLISH, FRENCH, GERMAN, HUNGARIAN, RUSSIAN]
23:43:44.352 [FXGL Background Thread 3 ] DEBUG Engine               - ticksPerSecond: -1
23:43:44.352 [FXGL Background Thread 3 ] DEBUG Engine               - title: Myth Cards Client 0.0
23:43:44.352 [FXGL Background Thread 3 ] DEBUG Engine               - urlGithub: https://github.com/AlmasB/FXGL
23:43:44.353 [FXGL Background Thread 3 ] DEBUG Engine               - urlLeaderboard: http://fxgl-top.herokuapp.com/
23:43:44.353 [FXGL Background Thread 3 ] DEBUG Engine               - urlPOM: https://raw.githubusercontent.com/AlmasB/FXGL/release/README.md
23:43:44.353 [FXGL Background Thread 3 ] DEBUG Engine               - userAppClass: class client.ClientMain
23:43:44.354 [FXGL Background Thread 3 ] DEBUG Engine               - version: 0.0
23:43:44.354 [FXGL Background Thread 3 ] DEBUG Engine               - versionCheckDays: 7
23:43:44.354 [FXGL Background Thread 3 ] DEBUG Engine               - width: 1280
23:43:44.355 [FXGL Background Thread 3 ] DEBUG Engine               - Logging services
23:43:44.355 [FXGL Background Thread 3 ] DEBUG Engine               - class com.almasb.fxgl.app.services.FXGLAssetLoaderService
23:43:44.355 [FXGL Background Thread 3 ] DEBUG Engine               - class com.almasb.fxgl.app.FXGLApplication$GameApplicationService
23:43:44.355 [FXGL Background Thread 3 ] DEBUG Engine               - class com.almasb.fxgl.app.services.FXGLDialogService
23:43:44.356 [FXGL Background Thread 3 ] DEBUG Engine               - class com.almasb.fxgl.app.services.IOTaskExecutorService
23:43:44.356 [FXGL Background Thread 3 ] DEBUG Engine               - class com.almasb.fxgl.io.FileSystemService
23:43:44.356 [FXGL Background Thread 3 ] DEBUG Engine               - class com.almasb.fxgl.localization.LocalizationService
23:43:44.356 [FXGL Background Thread 3 ] DEBUG Engine               - class com.almasb.fxgl.app.services.SystemBundleService
23:43:44.356 [FXGL Background Thread 3 ] DEBUG Engine               - class com.almasb.fxgl.profile.SaveLoadService
23:43:44.356 [FXGL Background Thread 3 ] DEBUG Engine               - class com.almasb.fxgl.ui.FXGLUIFactoryServiceProvider
23:43:44.357 [FXGL Background Thread 3 ] DEBUG Engine               - class com.almasb.fxgl.ui.FXGLDialogFactoryServiceProvider
23:43:44.357 [FXGL Background Thread 3 ] DEBUG Engine               - class com.almasb.fxgl.audio.AudioPlayer
23:43:44.357 [FXGL Background Thread 3 ] DEBUG Engine               - class com.almasb.fxgl.notification.impl.NotificationServiceProvider
23:43:44.357 [FXGL Background Thread 3 ] DEBUG Engine               - class com.almasb.fxgl.achievement.AchievementService
23:43:44.357 [FXGL Background Thread 3 ] DEBUG Engine               - class com.almasb.fxgl.cutscene.CutsceneService
23:43:44.357 [FXGL Background Thread 3 ] DEBUG Engine               - class com.almasb.fxgl.minigames.MiniGameService
23:43:44.358 [FXGL Background Thread 3 ] DEBUG Engine               - class com.almasb.fxgl.net.NetService
23:43:44.358 [FXGL Background Thread 3 ] DEBUG Engine               - class com.almasb.fxgl.app.services.UpdaterService
23:43:44.358 [FXGL Background Thread 3 ] DEBUG Engine               - class com.almasb.fxgl.dev.DevService
23:44:12.167 [JavaFX Application Thread] DEBUG FXGLApplication      - Exiting FXGL
23:44:12.168 [JavaFX Application Thread] DEBUG LoopRunner           - Stopping loop
23:44:12.169 [JavaFX Application Thread] DEBUG SystemBundleService  - Saving FXGL system data
23:44:12.178 [JavaFX Application Thread] DEBUG FileSystemAccess     - Writing to: C:\Users\Mark Wachtel\git\mythcards-game\mythcardsgame\client\system\fxgl.bundle
23:44:12.187 [JavaFX Application Thread] DEBUG Async                - Shutting down background threads
23:44:12.187 [JavaFX Application Thread] DEBUG PrimaryStageWindow   - Closing main window
23:44:12.220 [JavaFX Application Thread] DEBUG Logger               - Closing Logger
