17:15:19.216 [main                     ] DEBUG Logger               - Configured Logger
17:15:19.226 [main                     ] DEBUG GameApplication      - Logging settings
Title: Myth Cards Client 0.0
Version: 0.0
Width: 1280
Height: 720
Fullscreen: false
Intro: true
Profiling: false
Single step:false
App Mode: DEVELOPER
Menu Key: ESCAPE
Stage Style: DECORATED
Scene Factory: class client.ClientMain$1

17:15:19.962 [JavaFX Application Thread] DEBUG FXGLApplication      - Initializing FXGL
17:15:19.968 [JavaFX Application Thread] INFO  Engine               - FXGL-21.1 (27.03.2024 07.52) on WINDOWS (J:24 FX:21)
17:15:19.969 [JavaFX Application Thread] DEBUG Engine               - JRE Vendor Name: Oracle Corporation
17:15:19.969 [JavaFX Application Thread] DEBUG Engine               - Running on OS: Windows 11 version 10.0
17:15:19.969 [JavaFX Application Thread] DEBUG Engine               - Architecture: amd64
17:15:19.969 [JavaFX Application Thread] INFO  Engine               - Source code and latest versions at: https://github.com/AlmasB/FXGL
17:15:19.969 [JavaFX Application Thread] INFO  Engine               -       Ask questions and discuss at: https://github.com/AlmasB/FXGL/discussions
17:15:19.969 [JavaFX Application Thread] INFO  Engine               -              Join the FXGL chat at: https://gitter.im/AlmasB/FXGL
17:15:20.283 [JavaFX Application Thread] DEBUG PrimaryStageWindow   - Creating a JavaFX scene
17:15:20.375 [JavaFX Application Thread] DEBUG PrimaryStageWindow   - Target settings size: 1280.0 x 720.0
17:15:20.375 [JavaFX Application Thread] DEBUG PrimaryStageWindow   - Scaled scene size:    1280.0 x 720.0
17:15:20.375 [JavaFX Application Thread] DEBUG PrimaryStageWindow   - Scaled ratio: (1.0, 1.0)
17:15:20.376 [JavaFX Application Thread] DEBUG PrimaryStageWindow   - Set initial scene to CustomStartupScene
17:15:20.387 [JavaFX Application Thread] DEBUG PrimaryStageWindow   - Opening main window
17:15:20.592 [JavaFX Application Thread] DEBUG PrimaryStageWindow   - Window border size: (16.0, 39.0)
17:15:20.593 [JavaFX Application Thread] DEBUG PrimaryStageWindow   - Scaled size: 1280.0 x 720.0
17:15:20.593 [JavaFX Application Thread] DEBUG PrimaryStageWindow   - Scaled ratio: (1.0, 1.0)
17:15:20.593 [JavaFX Application Thread] DEBUG PrimaryStageWindow   - Scene size: 1280.0 x 720.0
17:15:20.593 [JavaFX Application Thread] DEBUG PrimaryStageWindow   - Stage size: 1296.0 x 759.0
17:15:20.610 [FXGL Background Thread 1 ] DEBUG Engine               - Initializing environment variables
17:15:20.767 [FXGL Background Thread 1 ] DEBUG FXGLAssetLoaderServi - User app class for loading assets: class client.ClientMain
17:15:20.768 [FXGL Background Thread 1 ] DEBUG GameApplicationServi - Applying CSS: fxgl_dark.css
17:15:20.771 [FXGL Background Thread 1 ] DEBUG FXGLAssetLoaderServi - Loading from file system: jar:file:/C:/Users/Mark%20Wachtel/.m2/repository/com/github/almasb/fxgl/21.1/fxgl-21.1.jar!/fxglassets/ui/css/fxgl_dark.css
17:15:20.864 [FXGL Background Thread 1 ] DEBUG GameApplicationServi - Applying CSS: styles/chat.css
17:15:20.864 [FXGL Background Thread 1 ] DEBUG FXGLAssetLoaderServi - Loading from file system: file:/C:/Users/Mark%20Wachtel/git/mythcards-game/mythcardsgame/client/target/classes/assets/ui/css/styles/chat.css
17:15:20.867 [FXGL Background Thread 1 ] DEBUG GameApplicationServi - Initializing application scenes
17:15:20.943 [FXGL Background Thread 1 ] DEBUG GameWorld            - Game world initialized
17:15:21.059 [FXGL Background Thread 1 ] DEBUG PhysicsWorld         - Physics world initialized: appHeight=720, physics.ppm=50,0
17:15:21.059 [FXGL Background Thread 1 ] DEBUG PhysicsWorld         - Using strategy: BRUTE_FORCE
17:15:21.066 [FXGL Background Thread 1 ] DEBUG GameScene            - Game scene initialized: 1280x720
17:15:21.071 [FXGL Background Thread 1 ] DEBUG FXGLAssetLoaderServi - Loading from file system: file:/C:/Users/Mark%20Wachtel/git/mythcards-game/mythcardsgame/client/target/classes/assets/textures/bg/loading_screen.png
17:15:21.150 [FXGL Background Thread 1 ] DEBUG FXGL.DefaultMenu     - createMenuBodyGameMenu()
17:15:21.184 [FXGL Background Thread 1 ] DEBUG FXGL.DefaultMenu     - createOptionsMenu()
17:15:21.202 [FXGL Background Thread 1 ] DEBUG FXGLAssetLoaderServi - Loading from file system: jar:file:/C:/Users/Mark%20Wachtel/.m2/repository/com/github/almasb/fxgl/21.1/fxgl-21.1.jar!/fxglassets/textures/particles/smoke.png
17:15:21.409 [FXGL Background Thread 1 ] DEBUG FXGLAssetLoaderServi - Loading from file system: jar:file:/C:/Users/Mark%20Wachtel/.m2/repository/com/github/almasb/fxgl/21.1/fxgl-21.1.jar!/fxglassets/textures/particles/trace_horizontal.png
17:15:21.438 [FXGL Background Thread 1 ] DEBUG GameApplicationServi - Application scenes initialized
17:15:21.463 [FXGL Background Thread 1 ] DEBUG SystemBundleService  - Loading FXGL system data
17:15:21.483 [FXGL Background Thread 1 ] DEBUG FileSystemAccess     - Reading from: C:\Users\Mark Wachtel\git\mythcards-game\mythcardsgame\client\system\fxgl.bundle
17:15:21.498 [FXGL Background Thread 1 ] DEBUG SystemBundleService  - Bundle FXGL: {}
17:15:21.499 [FXGL Background Thread 1 ] DEBUG UpdaterService       - Checking for updates
17:15:21.508 [FXGL Background Thread 4 ] DEBUG FXGLApplication      - Loading fonts
17:15:21.508 [FXGL Background Thread 4 ] DEBUG FXGLAssetLoaderServi - Loading from file system: jar:file:/C:/Users/Mark%20Wachtel/.m2/repository/com/github/almasb/fxgl/21.1/fxgl-21.1.jar!/fxglassets/ui/fonts/VarelaRound-Regular.ttf
17:15:21.510 [FXGL Background Thread 1 ] DEBUG FXGLApplication      - Loading default localization
17:15:21.510 [FXGL Background Thread 1 ] DEBUG FXGLAssetLoaderServi - Loading from file system: jar:file:/C:/Users/Mark%20Wachtel/.m2/repository/com/github/almasb/fxgl/21.1/fxgl-21.1.jar!/fxglassets/languages/english.lang
17:15:21.543 [FXGL Background Thread 4 ] DEBUG FXGLAssetLoaderServi - Loading from file system: jar:file:/C:/Users/Mark%20Wachtel/.m2/repository/com/github/almasb/fxgl/21.1/fxgl-21.1.jar!/fxglassets/ui/fonts/Abel-Regular.ttf
17:15:21.557 [FXGL Background Thread 1 ] INFO  FXGLApplication      - FXGL initialization took: 0,947 sec
17:15:21.560 [JavaFX Application Thread] DEBUG FXGLAssetLoaderServi - Loading from file system: jar:file:/C:/Users/Mark%20Wachtel/.m2/repository/com/github/almasb/fxgl/21.1/fxgl-21.1.jar!/fxglassets/textures/fxgl_icon.png
17:15:21.565 [FXGL Background Thread 4 ] DEBUG FXGLAssetLoaderServi - Loading from file system: jar:file:/C:/Users/Mark%20Wachtel/.m2/repository/com/github/almasb/fxgl/21.1/fxgl-21.1.jar!/fxglassets/ui/fonts/TerminalLandMono-Regular.otf
17:15:21.587 [FXGL Background Thread 4 ] DEBUG FXGLAssetLoaderServi - Loading from file system: jar:file:/C:/Users/Mark%20Wachtel/.m2/repository/com/github/almasb/fxgl/21.1/fxgl-21.1.jar!/fxglassets/ui/fonts/Courier-Prime.ttf
17:15:21.612 [JavaFX Application Thread] DEBUG FXGLAssetLoaderServi - Loading from file system: jar:file:/C:/Users/Mark%20Wachtel/.m2/repository/com/github/almasb/fxgl/21.1/fxgl-21.1.jar!/fxglassets/textures/fxgl_default_cursor.png
17:15:21.643 [JavaFX Application Thread] DEBUG Input                - Registered new binding: Screenshot - CTRL+8
17:15:21.644 [JavaFX Application Thread] DEBUG Input                - Registered new binding: System info dump - CTRL+9
17:15:21.646 [JavaFX Application Thread] DEBUG Input                - Registered new binding: Restart - CTRL+R
17:15:21.648 [JavaFX Application Thread] DEBUG Input                - Registered new binding: Toggle Debug Camera - CTRL+7
17:15:21.657 [JavaFX Application Thread] DEBUG LoopRunner           - Starting loop
17:15:21.657 [JavaFX Application Thread] DEBUG LoopRunner           - Initializing JavaFX AnimationTimerLoop
17:15:21.663 [JavaFX Application Thread] DEBUG GameApplicationServi - Starting new game
17:15:21.664 [JavaFX Application Thread] DEBUG Input                - Clearing active input actions
17:15:21.696 [JavaFX Application Thread] DEBUG GameApplicationServi - Removing overlay from CustomStartupScene and adding to FXGLLoadingScene
17:15:21.696 [JavaFX Application Thread] DEBUG PrimaryStageWindow   - CustomStartupScene -> FXGLLoadingScene
17:15:21.697 [JavaFX Application Thread] DEBUG GameApplicationServi - Clearing previous game
17:15:21.697 [JavaFX Application Thread] DEBUG GameScene            - Clearing game scene
17:15:21.697 [JavaFX Application Thread] DEBUG GameWorld            - Clearing game world
17:15:21.697 [JavaFX Application Thread] DEBUG PhysicsWorld         - Clearing physics world
17:15:21.702 [JavaFX Application Thread] DEBUG Input                - Clearing active input actions
17:15:21.702 [FXGL Background Thread 4 ] DEBUG FXGLApplication      - Initializing game
17:15:21.726 [JavaFX Application Thread] DEBUG GameApplicationServi - Removing overlay from FXGLLoadingScene and adding to MyIntroScene
17:15:21.727 [JavaFX Application Thread] DEBUG PrimaryStageWindow   - CustomStartupScene -> MyIntroScene
17:15:21.727 [JavaFX Application Thread] DEBUG FXGLApplication      - Registering font factories with UI factory
17:15:21.742 [FXGL Background Thread 4 ] INFO  FXGLApplication      - Game initialization took: 0,039 sec
17:15:21.774 [JavaFX Application Thread] DEBUG Input                - Clearing active input actions
17:15:21.829 [JavaFX Application Thread] DEBUG GameApplicationServi - Removing overlay from MyIntroScene and adding to GameScene
17:15:21.829 [JavaFX Application Thread] DEBUG PrimaryStageWindow   - MyIntroScene -> GameScene
17:15:24.505 [FXGL Background Thread 3 ] DEBUG Engine               - Logging environment variables
17:15:24.505 [FXGL Background Thread 3 ] DEBUG Engine               - achievements: []
17:15:24.506 [FXGL Background Thread 3 ] DEBUG Engine               - actualHeight: 720.0
17:15:24.506 [FXGL Background Thread 3 ] DEBUG Engine               - actualHeightProperty: ReadOnlyDoubleProperty [value: 720.0]
17:15:24.506 [FXGL Background Thread 3 ] DEBUG Engine               - actualWidth: 1280.0
17:15:24.506 [FXGL Background Thread 3 ] DEBUG Engine               - actualWidthProperty: ReadOnlyDoubleProperty [value: 1280.0]
17:15:24.506 [FXGL Background Thread 3 ] DEBUG Engine               - appIcon: fxgl_icon.png
17:15:24.506 [FXGL Background Thread 3 ] DEBUG Engine               - applicationMode: DEVELOPER
17:15:24.506 [FXGL Background Thread 3 ] DEBUG Engine               - cSSList: [fxgl_dark.css, styles/chat.css]
17:15:24.507 [FXGL Background Thread 3 ] DEBUG Engine               - collisionDetectionStrategy: BRUTE_FORCE
17:15:24.507 [FXGL Background Thread 3 ] DEBUG Engine               - configClass: Optional.empty
17:15:24.507 [FXGL Background Thread 3 ] DEBUG Engine               - credits: []
17:15:24.507 [FXGL Background Thread 3 ] DEBUG Engine               - defaultCursor: CursorInfo(imageName=fxgl_default_cursor.png, hotspotX=7.0, hotspotY=6.0)
17:15:24.507 [FXGL Background Thread 3 ] DEBUG Engine               - devBBoxColorProperty: ObjectProperty [value: 0xff0000ff]
17:15:24.507 [FXGL Background Thread 3 ] DEBUG Engine               - devEnableDebugCameraProperty: BooleanProperty [value: false]
17:15:24.507 [FXGL Background Thread 3 ] DEBUG Engine               - devSensorColorProperty: ObjectProperty [value: 0xffff00ff]
17:15:24.507 [FXGL Background Thread 3 ] DEBUG Engine               - devShowBBoxProperty: BooleanProperty [value: false]
17:15:24.507 [FXGL Background Thread 3 ] DEBUG Engine               - devShowPositionProperty: BooleanProperty [value: false]
17:15:24.507 [FXGL Background Thread 3 ] DEBUG Engine               - enabledMenuItems: []
17:15:24.507 [FXGL Background Thread 3 ] DEBUG Engine               - engineServices: [class com.almasb.fxgl.app.services.FXGLAssetLoaderService, class com.almasb.fxgl.app.FXGLApplication$GameApplicationService, class com.almasb.fxgl.app.services.FXGLDialogService, class com.almasb.fxgl.app.services.IOTaskExecutorService, class com.almasb.fxgl.io.FileSystemService, class com.almasb.fxgl.localization.LocalizationService, class com.almasb.fxgl.app.services.SystemBundleService, class com.almasb.fxgl.profile.SaveLoadService, class com.almasb.fxgl.ui.FXGLUIFactoryServiceProvider, class com.almasb.fxgl.ui.FXGLDialogFactoryServiceProvider, class com.almasb.fxgl.audio.AudioPlayer, class com.almasb.fxgl.notification.impl.NotificationServiceProvider, class com.almasb.fxgl.achievement.AchievementService, class com.almasb.fxgl.cutscene.CutsceneService, class com.almasb.fxgl.minigames.MiniGameService, class com.almasb.fxgl.net.NetService, class com.almasb.fxgl.app.services.UpdaterService, class com.almasb.fxgl.dev.DevService]
17:15:24.507 [FXGL Background Thread 3 ] DEBUG Engine               - fontGame: Abel-Regular.ttf
17:15:24.507 [FXGL Background Thread 3 ] DEBUG Engine               - fontMono: TerminalLandMono-Regular.otf
17:15:24.508 [FXGL Background Thread 3 ] DEBUG Engine               - fontSizeScaleUI: 1.0
17:15:24.508 [FXGL Background Thread 3 ] DEBUG Engine               - fontText: Courier-Prime.ttf
17:15:24.508 [FXGL Background Thread 3 ] DEBUG Engine               - fontUI: VarelaRound-Regular.ttf
17:15:24.508 [FXGL Background Thread 3 ] DEBUG Engine               - fullScreen: BooleanProperty [value: false]
17:15:24.508 [FXGL Background Thread 3 ] DEBUG Engine               - gameDifficulty: MEDIUM
17:15:24.508 [FXGL Background Thread 3 ] DEBUG Engine               - gameDifficultyProperty: ObjectProperty [value: MEDIUM]
17:15:24.508 [FXGL Background Thread 3 ] DEBUG Engine               - globalMusicVolume: 0.5
17:15:24.508 [FXGL Background Thread 3 ] DEBUG Engine               - globalMusicVolumeProperty: DoubleProperty [value: 0.5]
17:15:24.508 [FXGL Background Thread 3 ] DEBUG Engine               - globalSoundVolume: 0.5
17:15:24.508 [FXGL Background Thread 3 ] DEBUG Engine               - globalSoundVolumeProperty: DoubleProperty [value: 0.5]
17:15:24.508 [FXGL Background Thread 3 ] DEBUG Engine               - height: 720
17:15:24.508 [FXGL Background Thread 3 ] DEBUG Engine               - is3D: false
17:15:24.508 [FXGL Background Thread 3 ] DEBUG Engine               - isAndroid: false
17:15:24.508 [FXGL Background Thread 3 ] DEBUG Engine               - isBrowser: false
17:15:24.508 [FXGL Background Thread 3 ] DEBUG Engine               - isClickFeedbackEnabled: false
17:15:24.508 [FXGL Background Thread 3 ] DEBUG Engine               - isCloseConfirmation: false
17:15:24.508 [FXGL Background Thread 3 ] DEBUG Engine               - isDesktop: true
17:15:24.508 [FXGL Background Thread 3 ] DEBUG Engine               - isDeveloperMenuEnabled: false
17:15:24.509 [FXGL Background Thread 3 ] DEBUG Engine               - isEmbedded: false
17:15:24.509 [FXGL Background Thread 3 ] DEBUG Engine               - isEntityPreloadEnabled: true
17:15:24.509 [FXGL Background Thread 3 ] DEBUG Engine               - isExperimentalTiledLargeMap: false
17:15:24.509 [FXGL Background Thread 3 ] DEBUG Engine               - isFileSystemWriteAllowed: true
17:15:24.509 [FXGL Background Thread 3 ] DEBUG Engine               - isFullScreenAllowed: false
17:15:24.509 [FXGL Background Thread 3 ] DEBUG Engine               - isFullScreenFromStart: false
17:15:24.509 [FXGL Background Thread 3 ] DEBUG Engine               - isGameMenuEnabled: true
17:15:24.509 [FXGL Background Thread 3 ] DEBUG Engine               - isIOS: false
17:15:24.509 [FXGL Background Thread 3 ] DEBUG Engine               - isIntroEnabled: true
17:15:24.509 [FXGL Background Thread 3 ] DEBUG Engine               - isLinux: false
17:15:24.509 [FXGL Background Thread 3 ] DEBUG Engine               - isMac: false
17:15:24.510 [FXGL Background Thread 3 ] DEBUG Engine               - isMainMenuEnabled: false
17:15:24.510 [FXGL Background Thread 3 ] DEBUG Engine               - isManualResizeEnabled: false
17:15:24.510 [FXGL Background Thread 3 ] DEBUG Engine               - isMobile: false
17:15:24.510 [FXGL Background Thread 3 ] DEBUG Engine               - isNative: false
17:15:24.510 [FXGL Background Thread 3 ] DEBUG Engine               - isPauseMusicWhenMinimized: true
17:15:24.510 [FXGL Background Thread 3 ] DEBUG Engine               - isPreserveResizeRatio: false
17:15:24.510 [FXGL Background Thread 3 ] DEBUG Engine               - isProfilingEnabled: false
17:15:24.510 [FXGL Background Thread 3 ] DEBUG Engine               - isScaleAffectedOnResize: true
17:15:24.510 [FXGL Background Thread 3 ] DEBUG Engine               - isSingleStep: false
17:15:24.510 [FXGL Background Thread 3 ] DEBUG Engine               - isUserProfileEnabled: false
17:15:24.510 [FXGL Background Thread 3 ] DEBUG Engine               - isWindows: true
17:15:24.510 [FXGL Background Thread 3 ] DEBUG Engine               - language: ObjectProperty [value: ENGLISH]
17:15:24.510 [FXGL Background Thread 3 ] DEBUG Engine               - menuKey: ESCAPE
17:15:24.510 [FXGL Background Thread 3 ] DEBUG Engine               - mouseSensitivity: 0.2
17:15:24.511 [FXGL Background Thread 3 ] DEBUG Engine               - notificationViewClass: class com.almasb.fxgl.notification.view.XboxNotificationView
17:15:24.511 [FXGL Background Thread 3 ] DEBUG Engine               - pixelsPerMeter: 50.0
17:15:24.511 [FXGL Background Thread 3 ] DEBUG Engine               - platform: WINDOWS
17:15:24.511 [FXGL Background Thread 3 ] DEBUG Engine               - prefHeightProperty: ReadOnlyDoubleProperty [value: 720.0]
17:15:24.511 [FXGL Background Thread 3 ] DEBUG Engine               - prefWidthProperty: ReadOnlyDoubleProperty [value: 1280.0]
17:15:24.511 [FXGL Background Thread 3 ] DEBUG Engine               - profileDir: profiles/
17:15:24.511 [FXGL Background Thread 3 ] DEBUG Engine               - profileName: StringProperty [value: DEFAULT]
17:15:24.511 [FXGL Background Thread 3 ] DEBUG Engine               - randomSeed: -1
17:15:24.511 [FXGL Background Thread 3 ] DEBUG Engine               - runtimeInfo: RuntimeInfo(platform=WINDOWS, version=21.1, build=27.03.2024 07.52)
17:15:24.511 [FXGL Background Thread 3 ] DEBUG Engine               - saveFileExt: sav
17:15:24.511 [FXGL Background Thread 3 ] DEBUG Engine               - scaledHeightProp$fxgl: DoubleProperty [bound, value: 720.0]
17:15:24.511 [FXGL Background Thread 3 ] DEBUG Engine               - scaledWidthProp$fxgl: DoubleProperty [bound, value: 1280.0]
17:15:24.511 [FXGL Background Thread 3 ] DEBUG Engine               - sceneFactory: client.ClientMain$1@59a39603
17:15:24.511 [FXGL Background Thread 3 ] DEBUG Engine               - secondsIn24h: 60
17:15:24.511 [FXGL Background Thread 3 ] DEBUG Engine               - soundMenuBack: menu/back.wav
17:15:24.511 [FXGL Background Thread 3 ] DEBUG Engine               - soundMenuPress: menu/press.wav
17:15:24.511 [FXGL Background Thread 3 ] DEBUG Engine               - soundMenuSelect: menu/select.wav
17:15:24.512 [FXGL Background Thread 3 ] DEBUG Engine               - soundNotification: core/notification.wav
17:15:24.512 [FXGL Background Thread 3 ] DEBUG Engine               - stageStyle: DECORATED
17:15:24.512 [FXGL Background Thread 3 ] DEBUG Engine               - supportedLanguages: [ENGLISH, FRENCH, GERMAN, HUNGARIAN, RUSSIAN]
17:15:24.512 [FXGL Background Thread 3 ] DEBUG Engine               - ticksPerSecond: -1
17:15:24.512 [FXGL Background Thread 3 ] DEBUG Engine               - title: Myth Cards Client 0.0
17:15:24.512 [FXGL Background Thread 3 ] DEBUG Engine               - urlGithub: https://github.com/AlmasB/FXGL
17:15:24.512 [FXGL Background Thread 3 ] DEBUG Engine               - urlLeaderboard: http://fxgl-top.herokuapp.com/
17:15:24.512 [FXGL Background Thread 3 ] DEBUG Engine               - urlPOM: https://raw.githubusercontent.com/AlmasB/FXGL/release/README.md
17:15:24.512 [FXGL Background Thread 3 ] DEBUG Engine               - userAppClass: class client.ClientMain
17:15:24.512 [FXGL Background Thread 3 ] DEBUG Engine               - version: 0.0
17:15:24.512 [FXGL Background Thread 3 ] DEBUG Engine               - versionCheckDays: 7
17:15:24.512 [FXGL Background Thread 3 ] DEBUG Engine               - width: 1280
17:15:24.512 [FXGL Background Thread 3 ] DEBUG Engine               - Logging services
17:15:24.512 [FXGL Background Thread 3 ] DEBUG Engine               - class com.almasb.fxgl.app.services.FXGLAssetLoaderService
17:15:24.512 [FXGL Background Thread 3 ] DEBUG Engine               - class com.almasb.fxgl.app.FXGLApplication$GameApplicationService
17:15:24.512 [FXGL Background Thread 3 ] DEBUG Engine               - class com.almasb.fxgl.app.services.FXGLDialogService
17:15:24.512 [FXGL Background Thread 3 ] DEBUG Engine               - class com.almasb.fxgl.app.services.IOTaskExecutorService
17:15:24.512 [FXGL Background Thread 3 ] DEBUG Engine               - class com.almasb.fxgl.io.FileSystemService
17:15:24.512 [FXGL Background Thread 3 ] DEBUG Engine               - class com.almasb.fxgl.localization.LocalizationService
17:15:24.512 [FXGL Background Thread 3 ] DEBUG Engine               - class com.almasb.fxgl.app.services.SystemBundleService
17:15:24.513 [FXGL Background Thread 3 ] DEBUG Engine               - class com.almasb.fxgl.profile.SaveLoadService
17:15:24.513 [FXGL Background Thread 3 ] DEBUG Engine               - class com.almasb.fxgl.ui.FXGLUIFactoryServiceProvider
17:15:24.513 [FXGL Background Thread 3 ] DEBUG Engine               - class com.almasb.fxgl.ui.FXGLDialogFactoryServiceProvider
17:15:24.513 [FXGL Background Thread 3 ] DEBUG Engine               - class com.almasb.fxgl.audio.AudioPlayer
17:15:24.513 [FXGL Background Thread 3 ] DEBUG Engine               - class com.almasb.fxgl.notification.impl.NotificationServiceProvider
17:15:24.513 [FXGL Background Thread 3 ] DEBUG Engine               - class com.almasb.fxgl.achievement.AchievementService
17:15:24.513 [FXGL Background Thread 3 ] DEBUG Engine               - class com.almasb.fxgl.cutscene.CutsceneService
17:15:24.513 [FXGL Background Thread 3 ] DEBUG Engine               - class com.almasb.fxgl.minigames.MiniGameService
17:15:24.513 [FXGL Background Thread 3 ] DEBUG Engine               - class com.almasb.fxgl.net.NetService
17:15:24.513 [FXGL Background Thread 3 ] DEBUG Engine               - class com.almasb.fxgl.app.services.UpdaterService
17:15:24.513 [FXGL Background Thread 3 ] DEBUG Engine               - class com.almasb.fxgl.dev.DevService
17:15:46.605 [JavaFX Application Thread] DEBUG FXGLApplication      - Exiting FXGL
17:15:46.605 [JavaFX Application Thread] DEBUG LoopRunner           - Stopping loop
17:15:46.605 [JavaFX Application Thread] DEBUG SystemBundleService  - Saving FXGL system data
17:15:46.612 [JavaFX Application Thread] DEBUG FileSystemAccess     - Writing to: C:\Users\Mark Wachtel\git\mythcards-game\mythcardsgame\client\system\fxgl.bundle
17:15:46.618 [JavaFX Application Thread] DEBUG Async                - Shutting down background threads
17:15:46.619 [JavaFX Application Thread] DEBUG PrimaryStageWindow   - Closing main window
17:15:46.675 [JavaFX Application Thread] DEBUG Logger               - Closing Logger
