20:13:41.547 [main                     ] DEBUG Logger               - Configured Logger
20:13:41.554 [main                     ] DEBUG GameApplication      - Logging settings
Title: Myth Cards Client
Version: 0.0
Width: 1280
Height: 720
Fullscreen: false
Intro: false
Profiling: false
Single step:false
App Mode: DEVELOPER
Menu Key: ESCAPE
Stage Style: DECORATED
Scene Factory: class com.almasb.fxgl.app.scene.SceneFactory

20:13:41.986 [JavaFX Application Thread] DEBUG FXGLApplication      - Initializing FXGL
20:13:41.989 [JavaFX Application Thread] INFO  Engine               - FXGL-21.1 (27.03.2024 07.52) on WINDOWS (J:24 FX:21)
20:13:41.989 [JavaFX Application Thread] DEBUG Engine               - JRE Vendor Name: Oracle Corporation
20:13:41.989 [JavaFX Application Thread] DEBUG Engine               - Running on OS: Windows 11 version 10.0
20:13:41.989 [JavaFX Application Thread] DEBUG Engine               - Architecture: amd64
20:13:41.989 [JavaFX Application Thread] INFO  Engine               - Source code and latest versions at: https://github.com/AlmasB/FXGL
20:13:41.990 [JavaFX Application Thread] INFO  Engine               -       Ask questions and discuss at: https://github.com/AlmasB/FXGL/discussions
20:13:41.990 [JavaFX Application Thread] INFO  Engine               -              Join the FXGL chat at: https://gitter.im/AlmasB/FXGL
20:13:42.125 [JavaFX Application Thread] DEBUG PrimaryStageWindow   - Creating a JavaFX scene
20:13:42.182 [JavaFX Application Thread] DEBUG PrimaryStageWindow   - Target settings size: 1280.0 x 720.0
20:13:42.182 [JavaFX Application Thread] DEBUG PrimaryStageWindow   - Scaled scene size:    1280.0 x 720.0
20:13:42.182 [JavaFX Application Thread] DEBUG PrimaryStageWindow   - Scaled ratio: (1.0, 1.0)
20:13:42.183 [JavaFX Application Thread] DEBUG PrimaryStageWindow   - Set initial scene to FXGLStartupScene
20:13:42.187 [JavaFX Application Thread] DEBUG PrimaryStageWindow   - Opening main window
20:13:42.316 [JavaFX Application Thread] DEBUG PrimaryStageWindow   - Window border size: (16.0, 39.0)
20:13:42.316 [JavaFX Application Thread] DEBUG PrimaryStageWindow   - Scaled size: 1280.0 x 720.0
20:13:42.316 [JavaFX Application Thread] DEBUG PrimaryStageWindow   - Scaled ratio: (1.0, 1.0)
20:13:42.317 [JavaFX Application Thread] DEBUG PrimaryStageWindow   - Scene size: 1280.0 x 720.0
20:13:42.317 [JavaFX Application Thread] DEBUG PrimaryStageWindow   - Stage size: 1296.0 x 759.0
20:13:42.327 [FXGL Background Thread 1 ] DEBUG Engine               - Initializing environment variables
20:13:42.429 [FXGL Background Thread 1 ] DEBUG FXGLAssetLoaderServi - User app class for loading assets: class client.ClientMain
20:13:42.429 [FXGL Background Thread 1 ] DEBUG GameApplicationServi - Applying CSS: fxgl_dark.css
20:13:42.430 [FXGL Background Thread 1 ] DEBUG FXGLAssetLoaderServi - Loading from file system: jar:file:/C:/Users/Mark%20Wachtel/.m2/repository/com/github/almasb/fxgl/21.1/fxgl-21.1.jar!/fxglassets/ui/css/fxgl_dark.css
20:13:42.495 [FXGL Background Thread 1 ] DEBUG GameApplicationServi - Initializing application scenes
20:13:42.582 [FXGL Background Thread 1 ] DEBUG GameWorld            - Game world initialized
20:13:42.675 [FXGL Background Thread 1 ] DEBUG PhysicsWorld         - Physics world initialized: appHeight=720, physics.ppm=50,0
20:13:42.675 [FXGL Background Thread 1 ] DEBUG PhysicsWorld         - Using strategy: BRUTE_FORCE
20:13:42.682 [FXGL Background Thread 1 ] DEBUG GameScene            - Game scene initialized: 1280x720
20:13:42.715 [FXGL Background Thread 1 ] DEBUG FXGL.DefaultMenu     - createMenuBodyGameMenu()
20:13:42.745 [FXGL Background Thread 1 ] DEBUG FXGL.DefaultMenu     - createOptionsMenu()
20:13:42.763 [FXGL Background Thread 1 ] DEBUG FXGLAssetLoaderServi - Loading from file system: jar:file:/C:/Users/Mark%20Wachtel/.m2/repository/com/github/almasb/fxgl/21.1/fxgl-21.1.jar!/fxglassets/textures/particles/smoke.png
20:13:42.908 [FXGL Background Thread 1 ] DEBUG FXGLAssetLoaderServi - Loading from file system: jar:file:/C:/Users/Mark%20Wachtel/.m2/repository/com/github/almasb/fxgl/21.1/fxgl-21.1.jar!/fxglassets/textures/particles/trace_horizontal.png
20:13:42.942 [FXGL Background Thread 1 ] DEBUG GameApplicationServi - Application scenes initialized
20:13:42.957 [FXGL Background Thread 1 ] DEBUG SystemBundleService  - Loading FXGL system data
20:13:42.964 [FXGL Background Thread 1 ] DEBUG FileSystemAccess     - Reading from: C:\Users\Mark Wachtel\git\mythcards-game\mythcardsgame\client\system\fxgl.bundle
20:13:42.973 [FXGL Background Thread 1 ] DEBUG SystemBundleService  - Bundle FXGL: {}
20:13:42.973 [FXGL Background Thread 1 ] DEBUG UpdaterService       - Checking for updates
20:13:42.986 [FXGL Background Thread 4 ] DEBUG FXGLApplication      - Loading fonts
20:13:42.987 [FXGL Background Thread 4 ] DEBUG FXGLAssetLoaderServi - Loading from file system: jar:file:/C:/Users/Mark%20Wachtel/.m2/repository/com/github/almasb/fxgl/21.1/fxgl-21.1.jar!/fxglassets/ui/fonts/VarelaRound-Regular.ttf
20:13:42.989 [FXGL Background Thread 1 ] DEBUG FXGLApplication      - Loading default localization
20:13:42.990 [FXGL Background Thread 1 ] DEBUG FXGLAssetLoaderServi - Loading from file system: jar:file:/C:/Users/Mark%20Wachtel/.m2/repository/com/github/almasb/fxgl/21.1/fxgl-21.1.jar!/fxglassets/languages/english.lang
20:13:43.014 [FXGL Background Thread 4 ] DEBUG FXGLAssetLoaderServi - Loading from file system: jar:file:/C:/Users/Mark%20Wachtel/.m2/repository/com/github/almasb/fxgl/21.1/fxgl-21.1.jar!/fxglassets/ui/fonts/Abel-Regular.ttf
20:13:43.028 [FXGL Background Thread 4 ] DEBUG FXGLAssetLoaderServi - Loading from file system: jar:file:/C:/Users/Mark%20Wachtel/.m2/repository/com/github/almasb/fxgl/21.1/fxgl-21.1.jar!/fxglassets/ui/fonts/TerminalLandMono-Regular.otf
20:13:43.032 [FXGL Background Thread 1 ] INFO  FXGLApplication      - FXGL initialization took: 0,705 sec
20:13:43.034 [JavaFX Application Thread] DEBUG FXGLAssetLoaderServi - Loading from file system: jar:file:/C:/Users/Mark%20Wachtel/.m2/repository/com/github/almasb/fxgl/21.1/fxgl-21.1.jar!/fxglassets/textures/fxgl_icon.png
20:13:43.045 [FXGL Background Thread 4 ] DEBUG FXGLAssetLoaderServi - Loading from file system: jar:file:/C:/Users/Mark%20Wachtel/.m2/repository/com/github/almasb/fxgl/21.1/fxgl-21.1.jar!/fxglassets/ui/fonts/Courier-Prime.ttf
20:13:43.075 [JavaFX Application Thread] DEBUG FXGLAssetLoaderServi - Loading from file system: jar:file:/C:/Users/Mark%20Wachtel/.m2/repository/com/github/almasb/fxgl/21.1/fxgl-21.1.jar!/fxglassets/textures/fxgl_default_cursor.png
20:13:43.096 [JavaFX Application Thread] DEBUG Input                - Registered new binding: Screenshot - CTRL+8
20:13:43.097 [JavaFX Application Thread] DEBUG Input                - Registered new binding: System info dump - CTRL+9
20:13:43.097 [JavaFX Application Thread] DEBUG Input                - Registered new binding: Restart - CTRL+R
20:13:43.098 [JavaFX Application Thread] DEBUG Input                - Registered new binding: Toggle Debug Camera - CTRL+7
20:13:43.108 [JavaFX Application Thread] DEBUG LoopRunner           - Starting loop
20:13:43.108 [JavaFX Application Thread] DEBUG LoopRunner           - Initializing JavaFX AnimationTimerLoop
20:13:43.109 [JavaFX Application Thread] DEBUG GameApplicationServi - Starting new game
20:13:43.110 [JavaFX Application Thread] DEBUG Input                - Clearing active input actions
20:13:43.131 [JavaFX Application Thread] DEBUG GameApplicationServi - Removing overlay from FXGLStartupScene and adding to FXGLLoadingScene
20:13:43.132 [JavaFX Application Thread] DEBUG PrimaryStageWindow   - FXGLStartupScene -> FXGLLoadingScene
20:13:43.132 [JavaFX Application Thread] DEBUG GameApplicationServi - Clearing previous game
20:13:43.132 [JavaFX Application Thread] DEBUG GameScene            - Clearing game scene
20:13:43.132 [JavaFX Application Thread] DEBUG GameWorld            - Clearing game world
20:13:43.132 [JavaFX Application Thread] DEBUG PhysicsWorld         - Clearing physics world
20:13:43.135 [FXGL Background Thread 4 ] DEBUG FXGLApplication      - Initializing game
20:13:43.136 [JavaFX Application Thread] DEBUG FXGLApplication      - Registering font factories with UI factory
20:13:43.347 [FXGL Background Thread 4 ] INFO  FXGLApplication      - Game initialization took: 0,213 sec
20:13:43.384 [JavaFX Application Thread] DEBUG Input                - Clearing active input actions
20:13:43.396 [JavaFX Application Thread] DEBUG GameApplicationServi - Removing overlay from FXGLLoadingScene and adding to GameScene
20:13:43.397 [JavaFX Application Thread] DEBUG PrimaryStageWindow   - FXGLLoadingScene -> GameScene
20:13:45.979 [FXGL Background Thread 3 ] DEBUG Engine               - Logging environment variables
20:13:45.979 [FXGL Background Thread 3 ] DEBUG Engine               - achievements: []
20:13:45.980 [FXGL Background Thread 3 ] DEBUG Engine               - actualHeight: 720.0
20:13:45.980 [FXGL Background Thread 3 ] DEBUG Engine               - actualHeightProperty: ReadOnlyDoubleProperty [value: 720.0]
20:13:45.980 [FXGL Background Thread 3 ] DEBUG Engine               - actualWidth: 1280.0
20:13:45.980 [FXGL Background Thread 3 ] DEBUG Engine               - actualWidthProperty: ReadOnlyDoubleProperty [value: 1280.0]
20:13:45.980 [FXGL Background Thread 3 ] DEBUG Engine               - appIcon: fxgl_icon.png
20:13:45.980 [FXGL Background Thread 3 ] DEBUG Engine               - applicationMode: DEVELOPER
20:13:45.980 [FXGL Background Thread 3 ] DEBUG Engine               - cSSList: [fxgl_dark.css]
20:13:45.981 [FXGL Background Thread 3 ] DEBUG Engine               - collisionDetectionStrategy: BRUTE_FORCE
20:13:45.981 [FXGL Background Thread 3 ] DEBUG Engine               - configClass: Optional.empty
20:13:45.981 [FXGL Background Thread 3 ] DEBUG Engine               - credits: []
20:13:45.981 [FXGL Background Thread 3 ] DEBUG Engine               - defaultCursor: CursorInfo(imageName=fxgl_default_cursor.png, hotspotX=7.0, hotspotY=6.0)
20:13:45.981 [FXGL Background Thread 3 ] DEBUG Engine               - devBBoxColorProperty: ObjectProperty [value: 0xff0000ff]
20:13:45.982 [FXGL Background Thread 3 ] DEBUG Engine               - devEnableDebugCameraProperty: BooleanProperty [value: false]
20:13:45.982 [FXGL Background Thread 3 ] DEBUG Engine               - devSensorColorProperty: ObjectProperty [value: 0xffff00ff]
20:13:45.982 [FXGL Background Thread 3 ] DEBUG Engine               - devShowBBoxProperty: BooleanProperty [value: false]
20:13:45.982 [FXGL Background Thread 3 ] DEBUG Engine               - devShowPositionProperty: BooleanProperty [value: false]
20:13:45.982 [FXGL Background Thread 3 ] DEBUG Engine               - enabledMenuItems: []
20:13:45.982 [FXGL Background Thread 3 ] DEBUG Engine               - engineServices: [class com.almasb.fxgl.app.services.FXGLAssetLoaderService, class com.almasb.fxgl.app.FXGLApplication$GameApplicationService, class com.almasb.fxgl.app.services.FXGLDialogService, class com.almasb.fxgl.app.services.IOTaskExecutorService, class com.almasb.fxgl.io.FileSystemService, class com.almasb.fxgl.localization.LocalizationService, class com.almasb.fxgl.app.services.SystemBundleService, class com.almasb.fxgl.profile.SaveLoadService, class com.almasb.fxgl.ui.FXGLUIFactoryServiceProvider, class com.almasb.fxgl.ui.FXGLDialogFactoryServiceProvider, class com.almasb.fxgl.audio.AudioPlayer, class com.almasb.fxgl.notification.impl.NotificationServiceProvider, class com.almasb.fxgl.achievement.AchievementService, class com.almasb.fxgl.cutscene.CutsceneService, class com.almasb.fxgl.minigames.MiniGameService, class com.almasb.fxgl.net.NetService, class com.almasb.fxgl.app.services.UpdaterService, class com.almasb.fxgl.dev.DevService]
20:13:45.982 [FXGL Background Thread 3 ] DEBUG Engine               - fontGame: Abel-Regular.ttf
20:13:45.983 [FXGL Background Thread 3 ] DEBUG Engine               - fontMono: TerminalLandMono-Regular.otf
20:13:45.983 [FXGL Background Thread 3 ] DEBUG Engine               - fontSizeScaleUI: 1.0
20:13:45.983 [FXGL Background Thread 3 ] DEBUG Engine               - fontText: Courier-Prime.ttf
20:13:45.983 [FXGL Background Thread 3 ] DEBUG Engine               - fontUI: VarelaRound-Regular.ttf
20:13:45.983 [FXGL Background Thread 3 ] DEBUG Engine               - fullScreen: BooleanProperty [value: false]
20:13:45.983 [FXGL Background Thread 3 ] DEBUG Engine               - gameDifficulty: MEDIUM
20:13:45.983 [FXGL Background Thread 3 ] DEBUG Engine               - gameDifficultyProperty: ObjectProperty [value: MEDIUM]
20:13:45.983 [FXGL Background Thread 3 ] DEBUG Engine               - globalMusicVolume: 0.5
20:13:45.983 [FXGL Background Thread 3 ] DEBUG Engine               - globalMusicVolumeProperty: DoubleProperty [value: 0.5]
20:13:45.983 [FXGL Background Thread 3 ] DEBUG Engine               - globalSoundVolume: 0.5
20:13:45.984 [FXGL Background Thread 3 ] DEBUG Engine               - globalSoundVolumeProperty: DoubleProperty [value: 0.5]
20:13:45.984 [FXGL Background Thread 3 ] DEBUG Engine               - height: 720
20:13:45.984 [FXGL Background Thread 3 ] DEBUG Engine               - is3D: false
20:13:45.984 [FXGL Background Thread 3 ] DEBUG Engine               - isAndroid: false
20:13:45.984 [FXGL Background Thread 3 ] DEBUG Engine               - isBrowser: false
20:13:45.984 [FXGL Background Thread 3 ] DEBUG Engine               - isClickFeedbackEnabled: false
20:13:45.984 [FXGL Background Thread 3 ] DEBUG Engine               - isCloseConfirmation: false
20:13:45.984 [FXGL Background Thread 3 ] DEBUG Engine               - isDesktop: true
20:13:45.984 [FXGL Background Thread 3 ] DEBUG Engine               - isDeveloperMenuEnabled: false
20:13:45.984 [FXGL Background Thread 3 ] DEBUG Engine               - isEmbedded: false
20:13:45.984 [FXGL Background Thread 3 ] DEBUG Engine               - isEntityPreloadEnabled: true
20:13:45.984 [FXGL Background Thread 3 ] DEBUG Engine               - isExperimentalTiledLargeMap: false
20:13:45.984 [FXGL Background Thread 3 ] DEBUG Engine               - isFileSystemWriteAllowed: true
20:13:45.985 [FXGL Background Thread 3 ] DEBUG Engine               - isFullScreenAllowed: false
20:13:45.985 [FXGL Background Thread 3 ] DEBUG Engine               - isFullScreenFromStart: false
20:13:45.985 [FXGL Background Thread 3 ] DEBUG Engine               - isGameMenuEnabled: true
20:13:45.985 [FXGL Background Thread 3 ] DEBUG Engine               - isIOS: false
20:13:45.985 [FXGL Background Thread 3 ] DEBUG Engine               - isIntroEnabled: false
20:13:45.985 [FXGL Background Thread 3 ] DEBUG Engine               - isLinux: false
20:13:45.985 [FXGL Background Thread 3 ] DEBUG Engine               - isMac: false
20:13:45.985 [FXGL Background Thread 3 ] DEBUG Engine               - isMainMenuEnabled: false
20:13:45.985 [FXGL Background Thread 3 ] DEBUG Engine               - isManualResizeEnabled: false
20:13:45.985 [FXGL Background Thread 3 ] DEBUG Engine               - isMobile: false
20:13:45.985 [FXGL Background Thread 3 ] DEBUG Engine               - isNative: false
20:13:45.985 [FXGL Background Thread 3 ] DEBUG Engine               - isPauseMusicWhenMinimized: true
20:13:45.985 [FXGL Background Thread 3 ] DEBUG Engine               - isPreserveResizeRatio: false
20:13:45.986 [FXGL Background Thread 3 ] DEBUG Engine               - isProfilingEnabled: false
20:13:45.986 [FXGL Background Thread 3 ] DEBUG Engine               - isScaleAffectedOnResize: true
20:13:45.986 [FXGL Background Thread 3 ] DEBUG Engine               - isSingleStep: false
20:13:45.986 [FXGL Background Thread 3 ] DEBUG Engine               - isUserProfileEnabled: false
20:13:45.986 [FXGL Background Thread 3 ] DEBUG Engine               - isWindows: true
20:13:45.986 [FXGL Background Thread 3 ] DEBUG Engine               - language: ObjectProperty [value: ENGLISH]
20:13:45.986 [FXGL Background Thread 3 ] DEBUG Engine               - menuKey: ESCAPE
20:13:45.986 [FXGL Background Thread 3 ] DEBUG Engine               - mouseSensitivity: 0.2
20:13:45.986 [FXGL Background Thread 3 ] DEBUG Engine               - notificationViewClass: class com.almasb.fxgl.notification.view.XboxNotificationView
20:13:45.986 [FXGL Background Thread 3 ] DEBUG Engine               - pixelsPerMeter: 50.0
20:13:45.986 [FXGL Background Thread 3 ] DEBUG Engine               - platform: WINDOWS
20:13:45.986 [FXGL Background Thread 3 ] DEBUG Engine               - prefHeightProperty: ReadOnlyDoubleProperty [value: 720.0]
20:13:45.987 [FXGL Background Thread 3 ] DEBUG Engine               - prefWidthProperty: ReadOnlyDoubleProperty [value: 1280.0]
20:13:45.987 [FXGL Background Thread 3 ] DEBUG Engine               - profileDir: profiles/
20:13:45.987 [FXGL Background Thread 3 ] DEBUG Engine               - profileName: StringProperty [value: DEFAULT]
20:13:45.987 [FXGL Background Thread 3 ] DEBUG Engine               - randomSeed: -1
20:13:45.987 [FXGL Background Thread 3 ] DEBUG Engine               - runtimeInfo: RuntimeInfo(platform=WINDOWS, version=21.1, build=27.03.2024 07.52)
20:13:45.987 [FXGL Background Thread 3 ] DEBUG Engine               - saveFileExt: sav
20:13:45.987 [FXGL Background Thread 3 ] DEBUG Engine               - scaledHeightProp$fxgl: DoubleProperty [bound, value: 720.0]
20:13:45.988 [FXGL Background Thread 3 ] DEBUG Engine               - scaledWidthProp$fxgl: DoubleProperty [bound, value: 1280.0]
20:13:45.988 [FXGL Background Thread 3 ] DEBUG Engine               - sceneFactory: com.almasb.fxgl.app.scene.SceneFactory@1031f350
20:13:45.988 [FXGL Background Thread 3 ] DEBUG Engine               - secondsIn24h: 60
20:13:45.988 [FXGL Background Thread 3 ] DEBUG Engine               - soundMenuBack: menu/back.wav
20:13:45.988 [FXGL Background Thread 3 ] DEBUG Engine               - soundMenuPress: menu/press.wav
20:13:45.988 [FXGL Background Thread 3 ] DEBUG Engine               - soundMenuSelect: menu/select.wav
20:13:45.988 [FXGL Background Thread 3 ] DEBUG Engine               - soundNotification: core/notification.wav
20:13:45.988 [FXGL Background Thread 3 ] DEBUG Engine               - stageStyle: DECORATED
20:13:45.988 [FXGL Background Thread 3 ] DEBUG Engine               - supportedLanguages: [ENGLISH, FRENCH, GERMAN, HUNGARIAN, RUSSIAN]
20:13:45.988 [FXGL Background Thread 3 ] DEBUG Engine               - ticksPerSecond: -1
20:13:45.988 [FXGL Background Thread 3 ] DEBUG Engine               - title: Myth Cards Client
20:13:45.988 [FXGL Background Thread 3 ] DEBUG Engine               - urlGithub: https://github.com/AlmasB/FXGL
20:13:45.988 [FXGL Background Thread 3 ] DEBUG Engine               - urlLeaderboard: http://fxgl-top.herokuapp.com/
20:13:45.989 [FXGL Background Thread 3 ] DEBUG Engine               - urlPOM: https://raw.githubusercontent.com/AlmasB/FXGL/release/README.md
20:13:45.989 [FXGL Background Thread 3 ] DEBUG Engine               - userAppClass: class client.ClientMain
20:13:45.989 [FXGL Background Thread 3 ] DEBUG Engine               - version: 0.0
20:13:45.989 [FXGL Background Thread 3 ] DEBUG Engine               - versionCheckDays: 7
20:13:45.989 [FXGL Background Thread 3 ] DEBUG Engine               - width: 1280
20:13:45.989 [FXGL Background Thread 3 ] DEBUG Engine               - Logging services
20:13:45.989 [FXGL Background Thread 3 ] DEBUG Engine               - class com.almasb.fxgl.app.services.FXGLAssetLoaderService
20:13:45.989 [FXGL Background Thread 3 ] DEBUG Engine               - class com.almasb.fxgl.app.FXGLApplication$GameApplicationService
20:13:45.989 [FXGL Background Thread 3 ] DEBUG Engine               - class com.almasb.fxgl.app.services.FXGLDialogService
20:13:45.989 [FXGL Background Thread 3 ] DEBUG Engine               - class com.almasb.fxgl.app.services.IOTaskExecutorService
20:13:45.989 [FXGL Background Thread 3 ] DEBUG Engine               - class com.almasb.fxgl.io.FileSystemService
20:13:45.989 [FXGL Background Thread 3 ] DEBUG Engine               - class com.almasb.fxgl.localization.LocalizationService
20:13:45.989 [FXGL Background Thread 3 ] DEBUG Engine               - class com.almasb.fxgl.app.services.SystemBundleService
20:13:45.989 [FXGL Background Thread 3 ] DEBUG Engine               - class com.almasb.fxgl.profile.SaveLoadService
20:13:45.989 [FXGL Background Thread 3 ] DEBUG Engine               - class com.almasb.fxgl.ui.FXGLUIFactoryServiceProvider
20:13:45.990 [FXGL Background Thread 3 ] DEBUG Engine               - class com.almasb.fxgl.ui.FXGLDialogFactoryServiceProvider
20:13:45.990 [FXGL Background Thread 3 ] DEBUG Engine               - class com.almasb.fxgl.audio.AudioPlayer
20:13:45.990 [FXGL Background Thread 3 ] DEBUG Engine               - class com.almasb.fxgl.notification.impl.NotificationServiceProvider
20:13:45.990 [FXGL Background Thread 3 ] DEBUG Engine               - class com.almasb.fxgl.achievement.AchievementService
20:13:45.990 [FXGL Background Thread 3 ] DEBUG Engine               - class com.almasb.fxgl.cutscene.CutsceneService
20:13:45.990 [FXGL Background Thread 3 ] DEBUG Engine               - class com.almasb.fxgl.minigames.MiniGameService
20:13:45.990 [FXGL Background Thread 3 ] DEBUG Engine               - class com.almasb.fxgl.net.NetService
20:13:45.990 [FXGL Background Thread 3 ] DEBUG Engine               - class com.almasb.fxgl.app.services.UpdaterService
20:13:45.990 [FXGL Background Thread 3 ] DEBUG Engine               - class com.almasb.fxgl.dev.DevService
20:13:46.309 [JavaFX Application Thread] DEBUG FXGLAssetLoaderServi - Loading from file system: file:/C:/Users/Mark%20Wachtel/git/mythcards-game/mythcardsgame/client/target/classes/assets/ui/css/styles/card.css
20:13:46.310 [JavaFX Application Thread] DEBUG FXGLAssetLoaderServi - Loading from file system: file:/C:/Users/Mark%20Wachtel/git/mythcards-game/mythcardsgame/client/target/classes/assets/textures/bg/card_front_water.png
20:13:46.342 [JavaFX Application Thread] DEBUG FXGLAssetLoaderServi - Loading from file system: file:/C:/Users/Mark%20Wachtel/git/mythcards-game/mythcardsgame/client/target/classes/assets/textures/monsters/water_dragon.png
20:13:46.389 [JavaFX Application Thread] DEBUG FXGLAssetLoaderServi - Loading from file system: file:/C:/Users/Mark%20Wachtel/git/mythcards-game/mythcardsgame/client/target/classes/assets/textures/bars/card_front_bars_effect05.png
20:13:46.399 [JavaFX Application Thread] DEBUG FXGLAssetLoaderServi - Loading from file system: file:/C:/Users/Mark%20Wachtel/git/mythcards-game/mythcardsgame/client/target/classes/assets/textures/bars/card_front_bars_effect01.png
20:13:46.405 [JavaFX Application Thread] WARN  FXGLAssetLoaderServi - Asset "/assets/textures/icons/atk.png" was not found!
20:13:46.405 [JavaFX Application Thread] WARN  FXGLAssetLoaderServi - Failed to load IMAGE
20:13:46.420 [JavaFX Application Thread] WARN  FXGLAssetLoaderServi - Asset "/assets/textures/icons/magic.png" was not found!
20:13:46.421 [JavaFX Application Thread] WARN  FXGLAssetLoaderServi - Failed to load IMAGE
20:13:46.421 [JavaFX Application Thread] WARN  FXGLAssetLoaderServi - Asset "/assets/textures/icons/defred.png" was not found!
20:13:46.421 [JavaFX Application Thread] WARN  FXGLAssetLoaderServi - Failed to load IMAGE
20:13:46.422 [JavaFX Application Thread] WARN  FXGLAssetLoaderServi - Asset "/assets/textures/icons/dmgred.png" was not found!
20:13:46.422 [JavaFX Application Thread] WARN  FXGLAssetLoaderServi - Failed to load IMAGE
20:13:46.423 [JavaFX Application Thread] WARN  FXGLAssetLoaderServi - Asset "/assets/textures/icons/crit.png" was not found!
20:13:46.423 [JavaFX Application Thread] WARN  FXGLAssetLoaderServi - Failed to load IMAGE
20:13:46.423 [JavaFX Application Thread] WARN  FXGLAssetLoaderServi - Asset "/assets/textures/icons/speed.png" was not found!
20:13:46.423 [JavaFX Application Thread] WARN  FXGLAssetLoaderServi - Failed to load IMAGE
20:13:46.424 [JavaFX Application Thread] DEBUG FXGLAssetLoaderServi - Loading from file system: file:/C:/Users/Mark%20Wachtel/git/mythcards-game/mythcardsgame/client/target/classes/assets/textures/bg/game_logo.png
20:14:08.717 [JavaFX Application Thread] DEBUG FXGLApplication      - Exiting FXGL
20:14:08.718 [JavaFX Application Thread] DEBUG LoopRunner           - Stopping loop
20:14:08.718 [JavaFX Application Thread] DEBUG SystemBundleService  - Saving FXGL system data
20:14:08.731 [JavaFX Application Thread] DEBUG FileSystemAccess     - Writing to: C:\Users\Mark Wachtel\git\mythcards-game\mythcardsgame\client\system\fxgl.bundle
20:14:08.739 [JavaFX Application Thread] DEBUG Async                - Shutting down background threads
20:14:08.740 [JavaFX Application Thread] DEBUG PrimaryStageWindow   - Closing main window
20:14:08.789 [JavaFX Application Thread] DEBUG Logger               - Closing Logger
