07:33:25.797 [main                     ] DEBUG Logger               - Configured Logger
07:33:25.826 [main                     ] DEBUG GameApplication      - Logging settings
Title: Myth Cards Client 0.0
Version: 0.0
Width: 1280
Height: 720
Fullscreen: false
Intro: true
Profiling: false
Single step:false
App Mode: DEVELOPER
Menu Key: ESCAPE
Stage Style: DECORATED
Scene Factory: class client.ClientMain$1

07:33:27.431 [JavaFX Application Thread] DEBUG FXGLApplication      - Initializing FXGL
07:33:27.445 [JavaFX Application Thread] INFO  Engine               - FXGL-21.1 (27.03.2024 07.52) on WINDOWS (J:24 FX:21)
07:33:27.445 [JavaFX Application Thread] DEBUG Engine               - JRE Vendor Name: Oracle Corporation
07:33:27.446 [JavaFX Application Thread] DEBUG Engine               - Running on OS: Windows 11 version 10.0
07:33:27.446 [JavaFX Application Thread] DEBUG Engine               - Architecture: amd64
07:33:27.446 [JavaFX Application Thread] INFO  Engine               - Source code and latest versions at: https://github.com/AlmasB/FXGL
07:33:27.446 [JavaFX Application Thread] INFO  Engine               -       Ask questions and discuss at: https://github.com/AlmasB/FXGL/discussions
07:33:27.447 [JavaFX Application Thread] INFO  Engine               -              Join the FXGL chat at: https://gitter.im/AlmasB/FXGL
07:33:28.458 [JavaFX Application Thread] DEBUG PrimaryStageWindow   - Creating a JavaFX scene
07:33:28.746 [JavaFX Application Thread] DEBUG PrimaryStageWindow   - Target settings size: 1280.0 x 720.0
07:33:28.746 [JavaFX Application Thread] DEBUG PrimaryStageWindow   - Scaled scene size:    1280.0 x 720.0
07:33:28.746 [JavaFX Application Thread] DEBUG PrimaryStageWindow   - Scaled ratio: (1.0, 1.0)
07:33:28.749 [JavaFX Application Thread] DEBUG PrimaryStageWindow   - Set initial scene to CustomStartupScene
07:33:28.763 [JavaFX Application Thread] DEBUG PrimaryStageWindow   - Opening main window
07:33:29.106 [JavaFX Application Thread] DEBUG PrimaryStageWindow   - Window border size: (16.0, 39.0)
07:33:29.107 [JavaFX Application Thread] DEBUG PrimaryStageWindow   - Scaled size: 1280.0 x 720.0
07:33:29.107 [JavaFX Application Thread] DEBUG PrimaryStageWindow   - Scaled ratio: (1.0, 1.0)
07:33:29.107 [JavaFX Application Thread] DEBUG PrimaryStageWindow   - Scene size: 1280.0 x 720.0
07:33:29.107 [JavaFX Application Thread] DEBUG PrimaryStageWindow   - Stage size: 1296.0 x 759.0
07:33:29.128 [FXGL Background Thread 1 ] DEBUG Engine               - Initializing environment variables
07:33:29.338 [FXGL Background Thread 1 ] DEBUG FXGLAssetLoaderServi - User app class for loading assets: class client.ClientMain
07:33:29.338 [FXGL Background Thread 1 ] DEBUG GameApplicationServi - Applying CSS: fxgl_dark.css
07:33:29.341 [FXGL Background Thread 1 ] DEBUG FXGLAssetLoaderServi - Loading from file system: jar:file:/C:/Users/Mark%20Wachtel/.m2/repository/com/github/almasb/fxgl/21.1/fxgl-21.1.jar!/fxglassets/ui/css/fxgl_dark.css
07:33:29.490 [FXGL Background Thread 1 ] DEBUG GameApplicationServi - Applying CSS: styles/chat.css
07:33:29.491 [FXGL Background Thread 1 ] DEBUG FXGLAssetLoaderServi - Loading from file system: file:/C:/Users/Mark%20Wachtel/git/mythcards-game/mythcardsgame/client/target/classes/assets/ui/css/styles/chat.css
07:33:29.494 [FXGL Background Thread 1 ] DEBUG GameApplicationServi - Initializing application scenes
07:33:29.645 [FXGL Background Thread 1 ] DEBUG GameWorld            - Game world initialized
07:33:29.809 [FXGL Background Thread 1 ] DEBUG PhysicsWorld         - Physics world initialized: appHeight=720, physics.ppm=50,0
07:33:29.810 [FXGL Background Thread 1 ] DEBUG PhysicsWorld         - Using strategy: BRUTE_FORCE
07:33:29.816 [FXGL Background Thread 1 ] DEBUG GameScene            - Game scene initialized: 1280x720
07:33:29.821 [FXGL Background Thread 1 ] DEBUG FXGLAssetLoaderServi - Loading from file system: file:/C:/Users/Mark%20Wachtel/git/mythcards-game/mythcardsgame/client/target/classes/assets/textures/bg/loading_screen.png
07:33:29.935 [FXGL Background Thread 1 ] DEBUG FXGL.DefaultMenu     - createMenuBodyGameMenu()
07:33:29.975 [FXGL Background Thread 1 ] DEBUG FXGL.DefaultMenu     - createOptionsMenu()
07:33:29.994 [FXGL Background Thread 1 ] DEBUG FXGLAssetLoaderServi - Loading from file system: jar:file:/C:/Users/Mark%20Wachtel/.m2/repository/com/github/almasb/fxgl/21.1/fxgl-21.1.jar!/fxglassets/textures/particles/smoke.png
07:33:30.274 [FXGL Background Thread 1 ] DEBUG FXGLAssetLoaderServi - Loading from file system: jar:file:/C:/Users/Mark%20Wachtel/.m2/repository/com/github/almasb/fxgl/21.1/fxgl-21.1.jar!/fxglassets/textures/particles/trace_horizontal.png
07:33:30.317 [FXGL Background Thread 1 ] DEBUG GameApplicationServi - Application scenes initialized
07:33:30.357 [FXGL Background Thread 1 ] DEBUG SystemBundleService  - Loading FXGL system data
07:33:30.365 [FXGL Background Thread 1 ] DEBUG FileSystemAccess     - Reading from: C:\Users\Mark Wachtel\git\mythcards-game\mythcardsgame\client\system\fxgl.bundle
07:33:30.382 [FXGL Background Thread 1 ] DEBUG SystemBundleService  - Bundle FXGL: {}
07:33:30.383 [FXGL Background Thread 1 ] DEBUG UpdaterService       - Checking for updates
07:33:30.395 [FXGL Background Thread 4 ] DEBUG FXGLApplication      - Loading fonts
07:33:30.396 [FXGL Background Thread 4 ] DEBUG FXGLAssetLoaderServi - Loading from file system: jar:file:/C:/Users/Mark%20Wachtel/.m2/repository/com/github/almasb/fxgl/21.1/fxgl-21.1.jar!/fxglassets/ui/fonts/VarelaRound-Regular.ttf
07:33:30.398 [FXGL Background Thread 1 ] DEBUG FXGLApplication      - Loading default localization
07:33:30.400 [FXGL Background Thread 1 ] DEBUG FXGLAssetLoaderServi - Loading from file system: jar:file:/C:/Users/Mark%20Wachtel/.m2/repository/com/github/almasb/fxgl/21.1/fxgl-21.1.jar!/fxglassets/languages/english.lang
07:33:30.446 [FXGL Background Thread 4 ] DEBUG FXGLAssetLoaderServi - Loading from file system: jar:file:/C:/Users/Mark%20Wachtel/.m2/repository/com/github/almasb/fxgl/21.1/fxgl-21.1.jar!/fxglassets/ui/fonts/Abel-Regular.ttf
07:33:30.474 [FXGL Background Thread 4 ] DEBUG FXGLAssetLoaderServi - Loading from file system: jar:file:/C:/Users/Mark%20Wachtel/.m2/repository/com/github/almasb/fxgl/21.1/fxgl-21.1.jar!/fxglassets/ui/fonts/TerminalLandMono-Regular.otf
07:33:30.489 [FXGL Background Thread 1 ] INFO  FXGLApplication      - FXGL initialization took: 1,361 sec
07:33:30.493 [JavaFX Application Thread] DEBUG FXGLAssetLoaderServi - Loading from file system: jar:file:/C:/Users/Mark%20Wachtel/.m2/repository/com/github/almasb/fxgl/21.1/fxgl-21.1.jar!/fxglassets/textures/fxgl_icon.png
07:33:30.505 [FXGL Background Thread 4 ] DEBUG FXGLAssetLoaderServi - Loading from file system: jar:file:/C:/Users/Mark%20Wachtel/.m2/repository/com/github/almasb/fxgl/21.1/fxgl-21.1.jar!/fxglassets/ui/fonts/Courier-Prime.ttf
07:33:30.550 [JavaFX Application Thread] DEBUG FXGLAssetLoaderServi - Loading from file system: jar:file:/C:/Users/Mark%20Wachtel/.m2/repository/com/github/almasb/fxgl/21.1/fxgl-21.1.jar!/fxglassets/textures/fxgl_default_cursor.png
07:33:30.590 [JavaFX Application Thread] DEBUG Input                - Registered new binding: Screenshot - CTRL+8
07:33:30.591 [JavaFX Application Thread] DEBUG Input                - Registered new binding: System info dump - CTRL+9
07:33:30.594 [JavaFX Application Thread] DEBUG Input                - Registered new binding: Restart - CTRL+R
07:33:30.597 [JavaFX Application Thread] DEBUG Input                - Registered new binding: Toggle Debug Camera - CTRL+7
07:33:30.615 [JavaFX Application Thread] DEBUG LoopRunner           - Starting loop
07:33:30.615 [JavaFX Application Thread] DEBUG LoopRunner           - Initializing JavaFX AnimationTimerLoop
07:33:30.625 [JavaFX Application Thread] DEBUG GameApplicationServi - Starting new game
07:33:30.625 [JavaFX Application Thread] DEBUG Input                - Clearing active input actions
07:33:30.708 [JavaFX Application Thread] DEBUG GameApplicationServi - Removing overlay from CustomStartupScene and adding to FXGLLoadingScene
07:33:30.709 [JavaFX Application Thread] DEBUG PrimaryStageWindow   - CustomStartupScene -> FXGLLoadingScene
07:33:30.709 [JavaFX Application Thread] DEBUG GameApplicationServi - Clearing previous game
07:33:30.710 [JavaFX Application Thread] DEBUG GameScene            - Clearing game scene
07:33:30.710 [JavaFX Application Thread] DEBUG GameWorld            - Clearing game world
07:33:30.710 [JavaFX Application Thread] DEBUG PhysicsWorld         - Clearing physics world
07:33:30.713 [JavaFX Application Thread] DEBUG Input                - Clearing active input actions
07:33:30.720 [FXGL Background Thread 4 ] DEBUG FXGLApplication      - Initializing game
07:33:30.779 [FXGL Background Thread 4 ] INFO  FXGLApplication      - Game initialization took: 0,059 sec
07:33:30.798 [JavaFX Application Thread] DEBUG GameApplicationServi - Removing overlay from FXGLLoadingScene and adding to MyIntroScene
07:33:30.799 [JavaFX Application Thread] DEBUG PrimaryStageWindow   - CustomStartupScene -> MyIntroScene
07:33:30.800 [JavaFX Application Thread] DEBUG FXGLApplication      - Registering font factories with UI factory
07:33:30.859 [JavaFX Application Thread] DEBUG Input                - Clearing active input actions
07:33:30.924 [JavaFX Application Thread] DEBUG GameApplicationServi - Removing overlay from MyIntroScene and adding to GameScene
07:33:30.925 [JavaFX Application Thread] DEBUG PrimaryStageWindow   - MyIntroScene -> GameScene
07:33:33.391 [FXGL Background Thread 3 ] DEBUG Engine               - Logging environment variables
07:33:33.393 [FXGL Background Thread 3 ] DEBUG Engine               - achievements: []
07:33:33.393 [FXGL Background Thread 3 ] DEBUG Engine               - actualHeight: 720.0
07:33:33.394 [FXGL Background Thread 3 ] DEBUG Engine               - actualHeightProperty: ReadOnlyDoubleProperty [value: 720.0]
07:33:33.394 [FXGL Background Thread 3 ] DEBUG Engine               - actualWidth: 1280.0
07:33:33.394 [FXGL Background Thread 3 ] DEBUG Engine               - actualWidthProperty: ReadOnlyDoubleProperty [value: 1280.0]
07:33:33.395 [FXGL Background Thread 3 ] DEBUG Engine               - appIcon: fxgl_icon.png
07:33:33.395 [FXGL Background Thread 3 ] DEBUG Engine               - applicationMode: DEVELOPER
07:33:33.395 [FXGL Background Thread 3 ] DEBUG Engine               - cSSList: [fxgl_dark.css, styles/chat.css]
07:33:33.395 [FXGL Background Thread 3 ] DEBUG Engine               - collisionDetectionStrategy: BRUTE_FORCE
07:33:33.395 [FXGL Background Thread 3 ] DEBUG Engine               - configClass: Optional.empty
07:33:33.396 [FXGL Background Thread 3 ] DEBUG Engine               - credits: []
07:33:33.396 [FXGL Background Thread 3 ] DEBUG Engine               - defaultCursor: CursorInfo(imageName=fxgl_default_cursor.png, hotspotX=7.0, hotspotY=6.0)
07:33:33.396 [FXGL Background Thread 3 ] DEBUG Engine               - devBBoxColorProperty: ObjectProperty [value: 0xff0000ff]
07:33:33.396 [FXGL Background Thread 3 ] DEBUG Engine               - devEnableDebugCameraProperty: BooleanProperty [value: false]
07:33:33.396 [FXGL Background Thread 3 ] DEBUG Engine               - devSensorColorProperty: ObjectProperty [value: 0xffff00ff]
07:33:33.396 [FXGL Background Thread 3 ] DEBUG Engine               - devShowBBoxProperty: BooleanProperty [value: false]
07:33:33.398 [FXGL Background Thread 3 ] DEBUG Engine               - devShowPositionProperty: BooleanProperty [value: false]
07:33:33.398 [FXGL Background Thread 3 ] DEBUG Engine               - enabledMenuItems: []
07:33:33.398 [FXGL Background Thread 3 ] DEBUG Engine               - engineServices: [class com.almasb.fxgl.app.services.FXGLAssetLoaderService, class com.almasb.fxgl.app.FXGLApplication$GameApplicationService, class com.almasb.fxgl.app.services.FXGLDialogService, class com.almasb.fxgl.app.services.IOTaskExecutorService, class com.almasb.fxgl.io.FileSystemService, class com.almasb.fxgl.localization.LocalizationService, class com.almasb.fxgl.app.services.SystemBundleService, class com.almasb.fxgl.profile.SaveLoadService, class com.almasb.fxgl.ui.FXGLUIFactoryServiceProvider, class com.almasb.fxgl.ui.FXGLDialogFactoryServiceProvider, class com.almasb.fxgl.audio.AudioPlayer, class com.almasb.fxgl.notification.impl.NotificationServiceProvider, class com.almasb.fxgl.achievement.AchievementService, class com.almasb.fxgl.cutscene.CutsceneService, class com.almasb.fxgl.minigames.MiniGameService, class com.almasb.fxgl.net.NetService, class com.almasb.fxgl.app.services.UpdaterService, class com.almasb.fxgl.dev.DevService]
07:33:33.398 [FXGL Background Thread 3 ] DEBUG Engine               - fontGame: Abel-Regular.ttf
07:33:33.398 [FXGL Background Thread 3 ] DEBUG Engine               - fontMono: TerminalLandMono-Regular.otf
07:33:33.398 [FXGL Background Thread 3 ] DEBUG Engine               - fontSizeScaleUI: 1.0
07:33:33.399 [FXGL Background Thread 3 ] DEBUG Engine               - fontText: Courier-Prime.ttf
07:33:33.399 [FXGL Background Thread 3 ] DEBUG Engine               - fontUI: VarelaRound-Regular.ttf
07:33:33.399 [FXGL Background Thread 3 ] DEBUG Engine               - fullScreen: BooleanProperty [value: false]
07:33:33.399 [FXGL Background Thread 3 ] DEBUG Engine               - gameDifficulty: MEDIUM
07:33:33.399 [FXGL Background Thread 3 ] DEBUG Engine               - gameDifficultyProperty: ObjectProperty [value: MEDIUM]
07:33:33.399 [FXGL Background Thread 3 ] DEBUG Engine               - globalMusicVolume: 0.5
07:33:33.399 [FXGL Background Thread 3 ] DEBUG Engine               - globalMusicVolumeProperty: DoubleProperty [value: 0.5]
07:33:33.399 [FXGL Background Thread 3 ] DEBUG Engine               - globalSoundVolume: 0.5
07:33:33.399 [FXGL Background Thread 3 ] DEBUG Engine               - globalSoundVolumeProperty: DoubleProperty [value: 0.5]
07:33:33.400 [FXGL Background Thread 3 ] DEBUG Engine               - height: 720
07:33:33.400 [FXGL Background Thread 3 ] DEBUG Engine               - is3D: false
07:33:33.400 [FXGL Background Thread 3 ] DEBUG Engine               - isAndroid: false
07:33:33.400 [FXGL Background Thread 3 ] DEBUG Engine               - isBrowser: false
07:33:33.400 [FXGL Background Thread 3 ] DEBUG Engine               - isClickFeedbackEnabled: false
07:33:33.400 [FXGL Background Thread 3 ] DEBUG Engine               - isCloseConfirmation: false
07:33:33.400 [FXGL Background Thread 3 ] DEBUG Engine               - isDesktop: true
07:33:33.400 [FXGL Background Thread 3 ] DEBUG Engine               - isDeveloperMenuEnabled: false
07:33:33.400 [FXGL Background Thread 3 ] DEBUG Engine               - isEmbedded: false
07:33:33.401 [FXGL Background Thread 3 ] DEBUG Engine               - isEntityPreloadEnabled: true
07:33:33.401 [FXGL Background Thread 3 ] DEBUG Engine               - isExperimentalTiledLargeMap: false
07:33:33.401 [FXGL Background Thread 3 ] DEBUG Engine               - isFileSystemWriteAllowed: true
07:33:33.401 [FXGL Background Thread 3 ] DEBUG Engine               - isFullScreenAllowed: false
07:33:33.401 [FXGL Background Thread 3 ] DEBUG Engine               - isFullScreenFromStart: false
07:33:33.401 [FXGL Background Thread 3 ] DEBUG Engine               - isGameMenuEnabled: true
07:33:33.402 [FXGL Background Thread 3 ] DEBUG Engine               - isIOS: false
07:33:33.402 [FXGL Background Thread 3 ] DEBUG Engine               - isIntroEnabled: true
07:33:33.402 [FXGL Background Thread 3 ] DEBUG Engine               - isLinux: false
07:33:33.402 [FXGL Background Thread 3 ] DEBUG Engine               - isMac: false
07:33:33.402 [FXGL Background Thread 3 ] DEBUG Engine               - isMainMenuEnabled: false
07:33:33.403 [FXGL Background Thread 3 ] DEBUG Engine               - isManualResizeEnabled: false
07:33:33.403 [FXGL Background Thread 3 ] DEBUG Engine               - isMobile: false
07:33:33.403 [FXGL Background Thread 3 ] DEBUG Engine               - isNative: false
07:33:33.403 [FXGL Background Thread 3 ] DEBUG Engine               - isPauseMusicWhenMinimized: true
07:33:33.403 [FXGL Background Thread 3 ] DEBUG Engine               - isPreserveResizeRatio: false
07:33:33.404 [FXGL Background Thread 3 ] DEBUG Engine               - isProfilingEnabled: false
07:33:33.404 [FXGL Background Thread 3 ] DEBUG Engine               - isScaleAffectedOnResize: true
07:33:33.404 [FXGL Background Thread 3 ] DEBUG Engine               - isSingleStep: false
07:33:33.404 [FXGL Background Thread 3 ] DEBUG Engine               - isUserProfileEnabled: false
07:33:33.405 [FXGL Background Thread 3 ] DEBUG Engine               - isWindows: true
07:33:33.405 [FXGL Background Thread 3 ] DEBUG Engine               - language: ObjectProperty [value: ENGLISH]
07:33:33.405 [FXGL Background Thread 3 ] DEBUG Engine               - menuKey: ESCAPE
07:33:33.405 [FXGL Background Thread 3 ] DEBUG Engine               - mouseSensitivity: 0.2
07:33:33.405 [FXGL Background Thread 3 ] DEBUG Engine               - notificationViewClass: class com.almasb.fxgl.notification.view.XboxNotificationView
07:33:33.406 [FXGL Background Thread 3 ] DEBUG Engine               - pixelsPerMeter: 50.0
07:33:33.406 [FXGL Background Thread 3 ] DEBUG Engine               - platform: WINDOWS
07:33:33.406 [FXGL Background Thread 3 ] DEBUG Engine               - prefHeightProperty: ReadOnlyDoubleProperty [value: 720.0]
07:33:33.406 [FXGL Background Thread 3 ] DEBUG Engine               - prefWidthProperty: ReadOnlyDoubleProperty [value: 1280.0]
07:33:33.406 [FXGL Background Thread 3 ] DEBUG Engine               - profileDir: profiles/
07:33:33.406 [FXGL Background Thread 3 ] DEBUG Engine               - profileName: StringProperty [value: DEFAULT]
07:33:33.406 [FXGL Background Thread 3 ] DEBUG Engine               - randomSeed: -1
07:33:33.407 [FXGL Background Thread 3 ] DEBUG Engine               - runtimeInfo: RuntimeInfo(platform=WINDOWS, version=21.1, build=27.03.2024 07.52)
07:33:33.408 [FXGL Background Thread 3 ] DEBUG Engine               - saveFileExt: sav
07:33:33.408 [FXGL Background Thread 3 ] DEBUG Engine               - scaledHeightProp$fxgl: DoubleProperty [bound, value: 720.0]
07:33:33.408 [FXGL Background Thread 3 ] DEBUG Engine               - scaledWidthProp$fxgl: DoubleProperty [bound, value: 1280.0]
07:33:33.408 [FXGL Background Thread 3 ] DEBUG Engine               - sceneFactory: client.ClientMain$1@7570e42f
07:33:33.408 [FXGL Background Thread 3 ] DEBUG Engine               - secondsIn24h: 60
07:33:33.409 [FXGL Background Thread 3 ] DEBUG Engine               - soundMenuBack: menu/back.wav
07:33:33.409 [FXGL Background Thread 3 ] DEBUG Engine               - soundMenuPress: menu/press.wav
07:33:33.409 [FXGL Background Thread 3 ] DEBUG Engine               - soundMenuSelect: menu/select.wav
07:33:33.409 [FXGL Background Thread 3 ] DEBUG Engine               - soundNotification: core/notification.wav
07:33:33.410 [FXGL Background Thread 3 ] DEBUG Engine               - stageStyle: DECORATED
07:33:33.410 [FXGL Background Thread 3 ] DEBUG Engine               - supportedLanguages: [ENGLISH, FRENCH, GERMAN, HUNGARIAN, RUSSIAN]
07:33:33.412 [FXGL Background Thread 3 ] DEBUG Engine               - ticksPerSecond: -1
07:33:33.412 [FXGL Background Thread 3 ] DEBUG Engine               - title: Myth Cards Client 0.0
07:33:33.412 [FXGL Background Thread 3 ] DEBUG Engine               - urlGithub: https://github.com/AlmasB/FXGL
07:33:33.412 [FXGL Background Thread 3 ] DEBUG Engine               - urlLeaderboard: http://fxgl-top.herokuapp.com/
07:33:33.412 [FXGL Background Thread 3 ] DEBUG Engine               - urlPOM: https://raw.githubusercontent.com/AlmasB/FXGL/release/README.md
07:33:33.412 [FXGL Background Thread 3 ] DEBUG Engine               - userAppClass: class client.ClientMain
07:33:33.413 [FXGL Background Thread 3 ] DEBUG Engine               - version: 0.0
07:33:33.413 [FXGL Background Thread 3 ] DEBUG Engine               - versionCheckDays: 7
07:33:33.413 [FXGL Background Thread 3 ] DEBUG Engine               - width: 1280
07:33:33.413 [FXGL Background Thread 3 ] DEBUG Engine               - Logging services
07:33:33.413 [FXGL Background Thread 3 ] DEBUG Engine               - class com.almasb.fxgl.app.services.FXGLAssetLoaderService
07:33:33.414 [FXGL Background Thread 3 ] DEBUG Engine               - class com.almasb.fxgl.app.FXGLApplication$GameApplicationService
07:33:33.414 [FXGL Background Thread 3 ] DEBUG Engine               - class com.almasb.fxgl.app.services.FXGLDialogService
07:33:33.414 [FXGL Background Thread 3 ] DEBUG Engine               - class com.almasb.fxgl.app.services.IOTaskExecutorService
07:33:33.414 [FXGL Background Thread 3 ] DEBUG Engine               - class com.almasb.fxgl.io.FileSystemService
07:33:33.414 [FXGL Background Thread 3 ] DEBUG Engine               - class com.almasb.fxgl.localization.LocalizationService
07:33:33.414 [FXGL Background Thread 3 ] DEBUG Engine               - class com.almasb.fxgl.app.services.SystemBundleService
07:33:33.415 [FXGL Background Thread 3 ] DEBUG Engine               - class com.almasb.fxgl.profile.SaveLoadService
07:33:33.415 [FXGL Background Thread 3 ] DEBUG Engine               - class com.almasb.fxgl.ui.FXGLUIFactoryServiceProvider
07:33:33.415 [FXGL Background Thread 3 ] DEBUG Engine               - class com.almasb.fxgl.ui.FXGLDialogFactoryServiceProvider
07:33:33.415 [FXGL Background Thread 3 ] DEBUG Engine               - class com.almasb.fxgl.audio.AudioPlayer
07:33:33.415 [FXGL Background Thread 3 ] DEBUG Engine               - class com.almasb.fxgl.notification.impl.NotificationServiceProvider
07:33:33.415 [FXGL Background Thread 3 ] DEBUG Engine               - class com.almasb.fxgl.achievement.AchievementService
07:33:33.416 [FXGL Background Thread 3 ] DEBUG Engine               - class com.almasb.fxgl.cutscene.CutsceneService
07:33:33.418 [FXGL Background Thread 3 ] DEBUG Engine               - class com.almasb.fxgl.minigames.MiniGameService
07:33:33.419 [FXGL Background Thread 3 ] DEBUG Engine               - class com.almasb.fxgl.net.NetService
07:33:33.419 [FXGL Background Thread 3 ] DEBUG Engine               - class com.almasb.fxgl.app.services.UpdaterService
07:33:33.419 [FXGL Background Thread 3 ] DEBUG Engine               - class com.almasb.fxgl.dev.DevService
07:34:03.842 [JavaFX Application Thread] DEBUG FXGLApplication      - Exiting FXGL
07:34:03.842 [JavaFX Application Thread] DEBUG LoopRunner           - Stopping loop
07:34:03.842 [JavaFX Application Thread] DEBUG SystemBundleService  - Saving FXGL system data
07:34:03.846 [JavaFX Application Thread] DEBUG FileSystemAccess     - Writing to: C:\Users\Mark Wachtel\git\mythcards-game\mythcardsgame\client\system\fxgl.bundle
07:34:03.850 [JavaFX Application Thread] DEBUG Async                - Shutting down background threads
07:34:03.850 [JavaFX Application Thread] DEBUG PrimaryStageWindow   - Closing main window
07:34:03.890 [JavaFX Application Thread] DEBUG Logger               - Closing Logger
