08:03:50.094 [main                     ] DEBUG Logger               - Configured Logger
08:03:50.103 [main                     ] DEBUG GameApplication      - Logging settings
Title: Myth Cards Client 0.0
Version: 0.0
Width: 1280
Height: 720
Fullscreen: false
Intro: true
Profiling: false
Single step:false
App Mode: DEVELOPER
Menu Key: ESCAPE
Stage Style: DECORATED
Scene Factory: class client.ClientMain$1

08:03:50.459 [JavaFX Application Thread] DEBUG FXGLApplication      - Initializing FXGL
08:03:50.470 [JavaFX Application Thread] INFO  Engine               - FXGL-21.1 (27.03.2024 07.52) on WINDOWS (J:24 FX:21)
08:03:50.470 [JavaFX Application Thread] DEBUG Engine               - JRE Vendor Name: Oracle Corporation
08:03:50.470 [JavaFX Application Thread] DEBUG Engine               - Running on OS: Windows 11 version 10.0
08:03:50.470 [JavaFX Application Thread] DEBUG Engine               - Architecture: amd64
08:03:50.470 [JavaFX Application Thread] INFO  Engine               - Source code and latest versions at: https://github.com/AlmasB/FXGL
08:03:50.470 [JavaFX Application Thread] INFO  Engine               -       Ask questions and discuss at: https://github.com/AlmasB/FXGL/discussions
08:03:50.470 [JavaFX Application Thread] INFO  Engine               -              Join the FXGL chat at: https://gitter.im/AlmasB/FXGL
08:03:50.698 [JavaFX Application Thread] DEBUG PrimaryStageWindow   - Creating a JavaFX scene
08:03:50.765 [JavaFX Application Thread] DEBUG PrimaryStageWindow   - Target settings size: 1280.0 x 720.0
08:03:50.765 [JavaFX Application Thread] DEBUG PrimaryStageWindow   - Scaled scene size:    1280.0 x 720.0
08:03:50.765 [JavaFX Application Thread] DEBUG PrimaryStageWindow   - Scaled ratio: (1.0, 1.0)
08:03:50.766 [JavaFX Application Thread] DEBUG PrimaryStageWindow   - Set initial scene to CustomStartupScene
08:03:50.770 [JavaFX Application Thread] DEBUG PrimaryStageWindow   - Opening main window
08:03:50.891 [JavaFX Application Thread] DEBUG PrimaryStageWindow   - Window border size: (16.0, 39.0)
08:03:50.891 [JavaFX Application Thread] DEBUG PrimaryStageWindow   - Scaled size: 1280.0 x 720.0
08:03:50.891 [JavaFX Application Thread] DEBUG PrimaryStageWindow   - Scaled ratio: (1.0, 1.0)
08:03:50.892 [JavaFX Application Thread] DEBUG PrimaryStageWindow   - Scene size: 1280.0 x 720.0
08:03:50.892 [JavaFX Application Thread] DEBUG PrimaryStageWindow   - Stage size: 1296.0 x 759.0
08:03:50.900 [FXGL Background Thread 1 ] DEBUG Engine               - Initializing environment variables
08:03:51.015 [FXGL Background Thread 1 ] DEBUG FXGLAssetLoaderServi - User app class for loading assets: class client.ClientMain
08:03:51.015 [FXGL Background Thread 1 ] DEBUG GameApplicationServi - Applying CSS: fxgl_dark.css
08:03:51.016 [FXGL Background Thread 1 ] DEBUG FXGLAssetLoaderServi - Loading from file system: jar:file:/C:/Users/Mark%20Wachtel/.m2/repository/com/github/almasb/fxgl/21.1/fxgl-21.1.jar!/fxglassets/ui/css/fxgl_dark.css
08:03:51.095 [FXGL Background Thread 1 ] DEBUG GameApplicationServi - Applying CSS: styles/chat.css
08:03:51.096 [FXGL Background Thread 1 ] DEBUG FXGLAssetLoaderServi - Loading from file system: file:/C:/Users/Mark%20Wachtel/git/mythcards-game/mythcardsgame/client/target/classes/assets/ui/css/styles/chat.css
08:03:51.099 [FXGL Background Thread 1 ] DEBUG GameApplicationServi - Initializing application scenes
08:03:51.188 [FXGL Background Thread 1 ] DEBUG GameWorld            - Game world initialized
08:03:51.272 [FXGL Background Thread 1 ] DEBUG PhysicsWorld         - Physics world initialized: appHeight=720, physics.ppm=50,0
08:03:51.272 [FXGL Background Thread 1 ] DEBUG PhysicsWorld         - Using strategy: BRUTE_FORCE
08:03:51.277 [FXGL Background Thread 1 ] DEBUG GameScene            - Game scene initialized: 1280x720
08:03:51.281 [FXGL Background Thread 1 ] DEBUG FXGLAssetLoaderServi - Loading from file system: file:/C:/Users/Mark%20Wachtel/git/mythcards-game/mythcardsgame/client/target/classes/assets/textures/bg/loading_screen.png
08:03:51.334 [FXGL Background Thread 1 ] DEBUG FXGL.DefaultMenu     - createMenuBodyGameMenu()
08:03:51.351 [FXGL Background Thread 1 ] DEBUG FXGL.DefaultMenu     - createOptionsMenu()
08:03:51.361 [FXGL Background Thread 1 ] DEBUG FXGLAssetLoaderServi - Loading from file system: jar:file:/C:/Users/Mark%20Wachtel/.m2/repository/com/github/almasb/fxgl/21.1/fxgl-21.1.jar!/fxglassets/textures/particles/smoke.png
08:03:51.495 [FXGL Background Thread 1 ] DEBUG FXGLAssetLoaderServi - Loading from file system: jar:file:/C:/Users/Mark%20Wachtel/.m2/repository/com/github/almasb/fxgl/21.1/fxgl-21.1.jar!/fxglassets/textures/particles/trace_horizontal.png
08:03:51.524 [FXGL Background Thread 1 ] DEBUG GameApplicationServi - Application scenes initialized
08:03:51.551 [FXGL Background Thread 1 ] DEBUG SystemBundleService  - Loading FXGL system data
08:03:51.559 [FXGL Background Thread 1 ] DEBUG FileSystemAccess     - Reading from: C:\Users\Mark Wachtel\git\mythcards-game\mythcardsgame\client\system\fxgl.bundle
08:03:51.566 [FXGL Background Thread 1 ] DEBUG SystemBundleService  - Bundle FXGL: {}
08:03:51.566 [FXGL Background Thread 1 ] DEBUG UpdaterService       - Checking for updates
08:03:51.571 [FXGL Background Thread 4 ] DEBUG FXGLApplication      - Loading fonts
08:03:51.572 [FXGL Background Thread 4 ] DEBUG FXGLAssetLoaderServi - Loading from file system: jar:file:/C:/Users/Mark%20Wachtel/.m2/repository/com/github/almasb/fxgl/21.1/fxgl-21.1.jar!/fxglassets/ui/fonts/VarelaRound-Regular.ttf
08:03:51.573 [FXGL Background Thread 1 ] DEBUG FXGLApplication      - Loading default localization
08:03:51.574 [FXGL Background Thread 1 ] DEBUG FXGLAssetLoaderServi - Loading from file system: jar:file:/C:/Users/Mark%20Wachtel/.m2/repository/com/github/almasb/fxgl/21.1/fxgl-21.1.jar!/fxglassets/languages/english.lang
08:03:51.600 [FXGL Background Thread 4 ] DEBUG FXGLAssetLoaderServi - Loading from file system: jar:file:/C:/Users/Mark%20Wachtel/.m2/repository/com/github/almasb/fxgl/21.1/fxgl-21.1.jar!/fxglassets/ui/fonts/Abel-Regular.ttf
08:03:51.611 [FXGL Background Thread 4 ] DEBUG FXGLAssetLoaderServi - Loading from file system: jar:file:/C:/Users/Mark%20Wachtel/.m2/repository/com/github/almasb/fxgl/21.1/fxgl-21.1.jar!/fxglassets/ui/fonts/TerminalLandMono-Regular.otf
08:03:51.623 [FXGL Background Thread 4 ] DEBUG FXGLAssetLoaderServi - Loading from file system: jar:file:/C:/Users/Mark%20Wachtel/.m2/repository/com/github/almasb/fxgl/21.1/fxgl-21.1.jar!/fxglassets/ui/fonts/Courier-Prime.ttf
08:03:51.625 [FXGL Background Thread 1 ] INFO  FXGLApplication      - FXGL initialization took: 0,726 sec
08:03:51.627 [JavaFX Application Thread] DEBUG FXGLAssetLoaderServi - Loading from file system: jar:file:/C:/Users/Mark%20Wachtel/.m2/repository/com/github/almasb/fxgl/21.1/fxgl-21.1.jar!/fxglassets/textures/fxgl_icon.png
08:03:51.653 [JavaFX Application Thread] DEBUG FXGLAssetLoaderServi - Loading from file system: jar:file:/C:/Users/Mark%20Wachtel/.m2/repository/com/github/almasb/fxgl/21.1/fxgl-21.1.jar!/fxglassets/textures/fxgl_default_cursor.png
08:03:51.675 [JavaFX Application Thread] DEBUG Input                - Registered new binding: Screenshot - CTRL+8
08:03:51.676 [JavaFX Application Thread] DEBUG Input                - Registered new binding: System info dump - CTRL+9
08:03:51.677 [JavaFX Application Thread] DEBUG Input                - Registered new binding: Restart - CTRL+R
08:03:51.679 [JavaFX Application Thread] DEBUG Input                - Registered new binding: Toggle Debug Camera - CTRL+7
08:03:51.684 [JavaFX Application Thread] DEBUG LoopRunner           - Starting loop
08:03:51.684 [JavaFX Application Thread] DEBUG LoopRunner           - Initializing JavaFX AnimationTimerLoop
08:03:51.687 [JavaFX Application Thread] DEBUG GameApplicationServi - Starting new game
08:03:51.687 [JavaFX Application Thread] DEBUG Input                - Clearing active input actions
08:03:51.709 [JavaFX Application Thread] DEBUG GameApplicationServi - Removing overlay from CustomStartupScene and adding to FXGLLoadingScene
08:03:51.710 [JavaFX Application Thread] DEBUG PrimaryStageWindow   - CustomStartupScene -> FXGLLoadingScene
08:03:51.710 [JavaFX Application Thread] DEBUG GameApplicationServi - Clearing previous game
08:03:51.710 [JavaFX Application Thread] DEBUG GameScene            - Clearing game scene
08:03:51.710 [JavaFX Application Thread] DEBUG GameWorld            - Clearing game world
08:03:51.710 [JavaFX Application Thread] DEBUG PhysicsWorld         - Clearing physics world
08:03:51.712 [JavaFX Application Thread] DEBUG Input                - Clearing active input actions
08:03:51.712 [FXGL Background Thread 4 ] DEBUG FXGLApplication      - Initializing game
08:03:51.726 [JavaFX Application Thread] DEBUG GameApplicationServi - Removing overlay from FXGLLoadingScene and adding to MyIntroScene
08:03:51.726 [JavaFX Application Thread] DEBUG PrimaryStageWindow   - CustomStartupScene -> MyIntroScene
08:03:51.729 [JavaFX Application Thread] DEBUG FXGLApplication      - Registering font factories with UI factory
08:03:51.739 [FXGL Background Thread 4 ] INFO  FXGLApplication      - Game initialization took: 0,027 sec
08:03:51.770 [JavaFX Application Thread] DEBUG Input                - Clearing active input actions
08:03:51.799 [JavaFX Application Thread] DEBUG GameApplicationServi - Removing overlay from MyIntroScene and adding to GameScene
08:03:51.799 [JavaFX Application Thread] DEBUG PrimaryStageWindow   - MyIntroScene -> GameScene
08:03:54.569 [FXGL Background Thread 3 ] DEBUG Engine               - Logging environment variables
08:03:54.573 [FXGL Background Thread 3 ] DEBUG Engine               - achievements: []
08:03:54.574 [FXGL Background Thread 3 ] DEBUG Engine               - actualHeight: 720.0
08:03:54.574 [FXGL Background Thread 3 ] DEBUG Engine               - actualHeightProperty: ReadOnlyDoubleProperty [value: 720.0]
08:03:54.574 [FXGL Background Thread 3 ] DEBUG Engine               - actualWidth: 1280.0
08:03:54.575 [FXGL Background Thread 3 ] DEBUG Engine               - actualWidthProperty: ReadOnlyDoubleProperty [value: 1280.0]
08:03:54.575 [FXGL Background Thread 3 ] DEBUG Engine               - appIcon: fxgl_icon.png
08:03:54.575 [FXGL Background Thread 3 ] DEBUG Engine               - applicationMode: DEVELOPER
08:03:54.575 [FXGL Background Thread 3 ] DEBUG Engine               - cSSList: [fxgl_dark.css, styles/chat.css]
08:03:54.576 [FXGL Background Thread 3 ] DEBUG Engine               - collisionDetectionStrategy: BRUTE_FORCE
08:03:54.576 [FXGL Background Thread 3 ] DEBUG Engine               - configClass: Optional.empty
08:03:54.576 [FXGL Background Thread 3 ] DEBUG Engine               - credits: []
08:03:54.577 [FXGL Background Thread 3 ] DEBUG Engine               - defaultCursor: CursorInfo(imageName=fxgl_default_cursor.png, hotspotX=7.0, hotspotY=6.0)
08:03:54.578 [FXGL Background Thread 3 ] DEBUG Engine               - devBBoxColorProperty: ObjectProperty [value: 0xff0000ff]
08:03:54.578 [FXGL Background Thread 3 ] DEBUG Engine               - devEnableDebugCameraProperty: BooleanProperty [value: false]
08:03:54.578 [FXGL Background Thread 3 ] DEBUG Engine               - devSensorColorProperty: ObjectProperty [value: 0xffff00ff]
08:03:54.579 [FXGL Background Thread 3 ] DEBUG Engine               - devShowBBoxProperty: BooleanProperty [value: false]
08:03:54.579 [FXGL Background Thread 3 ] DEBUG Engine               - devShowPositionProperty: BooleanProperty [value: false]
08:03:54.579 [FXGL Background Thread 3 ] DEBUG Engine               - enabledMenuItems: []
08:03:54.579 [FXGL Background Thread 3 ] DEBUG Engine               - engineServices: [class com.almasb.fxgl.app.services.FXGLAssetLoaderService, class com.almasb.fxgl.app.FXGLApplication$GameApplicationService, class com.almasb.fxgl.app.services.FXGLDialogService, class com.almasb.fxgl.app.services.IOTaskExecutorService, class com.almasb.fxgl.io.FileSystemService, class com.almasb.fxgl.localization.LocalizationService, class com.almasb.fxgl.app.services.SystemBundleService, class com.almasb.fxgl.profile.SaveLoadService, class com.almasb.fxgl.ui.FXGLUIFactoryServiceProvider, class com.almasb.fxgl.ui.FXGLDialogFactoryServiceProvider, class com.almasb.fxgl.audio.AudioPlayer, class com.almasb.fxgl.notification.impl.NotificationServiceProvider, class com.almasb.fxgl.achievement.AchievementService, class com.almasb.fxgl.cutscene.CutsceneService, class com.almasb.fxgl.minigames.MiniGameService, class com.almasb.fxgl.net.NetService, class com.almasb.fxgl.app.services.UpdaterService, class com.almasb.fxgl.dev.DevService]
08:03:54.580 [FXGL Background Thread 3 ] DEBUG Engine               - fontGame: Abel-Regular.ttf
08:03:54.580 [FXGL Background Thread 3 ] DEBUG Engine               - fontMono: TerminalLandMono-Regular.otf
08:03:54.580 [FXGL Background Thread 3 ] DEBUG Engine               - fontSizeScaleUI: 1.0
08:03:54.581 [FXGL Background Thread 3 ] DEBUG Engine               - fontText: Courier-Prime.ttf
08:03:54.581 [FXGL Background Thread 3 ] DEBUG Engine               - fontUI: VarelaRound-Regular.ttf
08:03:54.582 [FXGL Background Thread 3 ] DEBUG Engine               - fullScreen: BooleanProperty [value: false]
08:03:54.582 [FXGL Background Thread 3 ] DEBUG Engine               - gameDifficulty: MEDIUM
08:03:54.582 [FXGL Background Thread 3 ] DEBUG Engine               - gameDifficultyProperty: ObjectProperty [value: MEDIUM]
08:03:54.583 [FXGL Background Thread 3 ] DEBUG Engine               - globalMusicVolume: 0.5
08:03:54.583 [FXGL Background Thread 3 ] DEBUG Engine               - globalMusicVolumeProperty: DoubleProperty [value: 0.5]
08:03:54.584 [FXGL Background Thread 3 ] DEBUG Engine               - globalSoundVolume: 0.5
08:03:54.584 [FXGL Background Thread 3 ] DEBUG Engine               - globalSoundVolumeProperty: DoubleProperty [value: 0.5]
08:03:54.585 [FXGL Background Thread 3 ] DEBUG Engine               - height: 720
08:03:54.585 [FXGL Background Thread 3 ] DEBUG Engine               - is3D: false
08:03:54.586 [FXGL Background Thread 3 ] DEBUG Engine               - isAndroid: false
08:03:54.586 [FXGL Background Thread 3 ] DEBUG Engine               - isBrowser: false
08:03:54.587 [FXGL Background Thread 3 ] DEBUG Engine               - isClickFeedbackEnabled: false
08:03:54.587 [FXGL Background Thread 3 ] DEBUG Engine               - isCloseConfirmation: false
08:03:54.588 [FXGL Background Thread 3 ] DEBUG Engine               - isDesktop: true
08:03:54.588 [FXGL Background Thread 3 ] DEBUG Engine               - isDeveloperMenuEnabled: false
08:03:54.589 [FXGL Background Thread 3 ] DEBUG Engine               - isEmbedded: false
08:03:54.589 [FXGL Background Thread 3 ] DEBUG Engine               - isEntityPreloadEnabled: true
08:03:54.589 [FXGL Background Thread 3 ] DEBUG Engine               - isExperimentalTiledLargeMap: false
08:03:54.589 [FXGL Background Thread 3 ] DEBUG Engine               - isFileSystemWriteAllowed: true
08:03:54.590 [FXGL Background Thread 3 ] DEBUG Engine               - isFullScreenAllowed: false
08:03:54.590 [FXGL Background Thread 3 ] DEBUG Engine               - isFullScreenFromStart: false
08:03:54.590 [FXGL Background Thread 3 ] DEBUG Engine               - isGameMenuEnabled: true
08:03:54.591 [FXGL Background Thread 3 ] DEBUG Engine               - isIOS: false
08:03:54.591 [FXGL Background Thread 3 ] DEBUG Engine               - isIntroEnabled: true
08:03:54.592 [FXGL Background Thread 3 ] DEBUG Engine               - isLinux: false
08:03:54.592 [FXGL Background Thread 3 ] DEBUG Engine               - isMac: false
08:03:54.593 [FXGL Background Thread 3 ] DEBUG Engine               - isMainMenuEnabled: false
08:03:54.593 [FXGL Background Thread 3 ] DEBUG Engine               - isManualResizeEnabled: false
08:03:54.593 [FXGL Background Thread 3 ] DEBUG Engine               - isMobile: false
08:03:54.594 [FXGL Background Thread 3 ] DEBUG Engine               - isNative: false
08:03:54.594 [FXGL Background Thread 3 ] DEBUG Engine               - isPauseMusicWhenMinimized: true
08:03:54.594 [FXGL Background Thread 3 ] DEBUG Engine               - isPreserveResizeRatio: false
08:03:54.594 [FXGL Background Thread 3 ] DEBUG Engine               - isProfilingEnabled: false
08:03:54.594 [FXGL Background Thread 3 ] DEBUG Engine               - isScaleAffectedOnResize: true
08:03:54.595 [FXGL Background Thread 3 ] DEBUG Engine               - isSingleStep: false
08:03:54.595 [FXGL Background Thread 3 ] DEBUG Engine               - isUserProfileEnabled: false
08:03:54.595 [FXGL Background Thread 3 ] DEBUG Engine               - isWindows: true
08:03:54.595 [FXGL Background Thread 3 ] DEBUG Engine               - language: ObjectProperty [value: ENGLISH]
08:03:54.595 [FXGL Background Thread 3 ] DEBUG Engine               - menuKey: ESCAPE
08:03:54.596 [FXGL Background Thread 3 ] DEBUG Engine               - mouseSensitivity: 0.2
08:03:54.596 [FXGL Background Thread 3 ] DEBUG Engine               - notificationViewClass: class com.almasb.fxgl.notification.view.XboxNotificationView
08:03:54.597 [FXGL Background Thread 3 ] DEBUG Engine               - pixelsPerMeter: 50.0
08:03:54.597 [FXGL Background Thread 3 ] DEBUG Engine               - platform: WINDOWS
08:03:54.598 [FXGL Background Thread 3 ] DEBUG Engine               - prefHeightProperty: ReadOnlyDoubleProperty [value: 720.0]
08:03:54.598 [FXGL Background Thread 3 ] DEBUG Engine               - prefWidthProperty: ReadOnlyDoubleProperty [value: 1280.0]
08:03:54.598 [FXGL Background Thread 3 ] DEBUG Engine               - profileDir: profiles/
08:03:54.599 [FXGL Background Thread 3 ] DEBUG Engine               - profileName: StringProperty [value: DEFAULT]
08:03:54.599 [FXGL Background Thread 3 ] DEBUG Engine               - randomSeed: -1
08:03:54.600 [FXGL Background Thread 3 ] DEBUG Engine               - runtimeInfo: RuntimeInfo(platform=WINDOWS, version=21.1, build=27.03.2024 07.52)
08:03:54.600 [FXGL Background Thread 3 ] DEBUG Engine               - saveFileExt: sav
08:03:54.601 [FXGL Background Thread 3 ] DEBUG Engine               - scaledHeightProp$fxgl: DoubleProperty [bound, value: 720.0]
08:03:54.601 [FXGL Background Thread 3 ] DEBUG Engine               - scaledWidthProp$fxgl: DoubleProperty [bound, value: 1280.0]
08:03:54.601 [FXGL Background Thread 3 ] DEBUG Engine               - sceneFactory: client.ClientMain$1@4d074421
08:03:54.602 [FXGL Background Thread 3 ] DEBUG Engine               - secondsIn24h: 60
08:03:54.602 [FXGL Background Thread 3 ] DEBUG Engine               - soundMenuBack: menu/back.wav
08:03:54.602 [FXGL Background Thread 3 ] DEBUG Engine               - soundMenuPress: menu/press.wav
08:03:54.603 [FXGL Background Thread 3 ] DEBUG Engine               - soundMenuSelect: menu/select.wav
08:03:54.603 [FXGL Background Thread 3 ] DEBUG Engine               - soundNotification: core/notification.wav
08:03:54.603 [FXGL Background Thread 3 ] DEBUG Engine               - stageStyle: DECORATED
08:03:54.603 [FXGL Background Thread 3 ] DEBUG Engine               - supportedLanguages: [ENGLISH, FRENCH, GERMAN, HUNGARIAN, RUSSIAN]
08:03:54.604 [FXGL Background Thread 3 ] DEBUG Engine               - ticksPerSecond: -1
08:03:54.604 [FXGL Background Thread 3 ] DEBUG Engine               - title: Myth Cards Client 0.0
08:03:54.605 [FXGL Background Thread 3 ] DEBUG Engine               - urlGithub: https://github.com/AlmasB/FXGL
08:03:54.605 [FXGL Background Thread 3 ] DEBUG Engine               - urlLeaderboard: http://fxgl-top.herokuapp.com/
08:03:54.606 [FXGL Background Thread 3 ] DEBUG Engine               - urlPOM: https://raw.githubusercontent.com/AlmasB/FXGL/release/README.md
08:03:54.606 [FXGL Background Thread 3 ] DEBUG Engine               - userAppClass: class client.ClientMain
08:03:54.606 [FXGL Background Thread 3 ] DEBUG Engine               - version: 0.0
08:03:54.607 [FXGL Background Thread 3 ] DEBUG Engine               - versionCheckDays: 7
08:03:54.607 [FXGL Background Thread 3 ] DEBUG Engine               - width: 1280
08:03:54.607 [FXGL Background Thread 3 ] DEBUG Engine               - Logging services
08:03:54.607 [FXGL Background Thread 3 ] DEBUG Engine               - class com.almasb.fxgl.app.services.FXGLAssetLoaderService
08:03:54.608 [FXGL Background Thread 3 ] DEBUG Engine               - class com.almasb.fxgl.app.FXGLApplication$GameApplicationService
08:03:54.608 [FXGL Background Thread 3 ] DEBUG Engine               - class com.almasb.fxgl.app.services.FXGLDialogService
08:03:54.608 [FXGL Background Thread 3 ] DEBUG Engine               - class com.almasb.fxgl.app.services.IOTaskExecutorService
08:03:54.608 [FXGL Background Thread 3 ] DEBUG Engine               - class com.almasb.fxgl.io.FileSystemService
08:03:54.608 [FXGL Background Thread 3 ] DEBUG Engine               - class com.almasb.fxgl.localization.LocalizationService
08:03:54.609 [FXGL Background Thread 3 ] DEBUG Engine               - class com.almasb.fxgl.app.services.SystemBundleService
08:03:54.609 [FXGL Background Thread 3 ] DEBUG Engine               - class com.almasb.fxgl.profile.SaveLoadService
08:03:54.609 [FXGL Background Thread 3 ] DEBUG Engine               - class com.almasb.fxgl.ui.FXGLUIFactoryServiceProvider
08:03:54.609 [FXGL Background Thread 3 ] DEBUG Engine               - class com.almasb.fxgl.ui.FXGLDialogFactoryServiceProvider
08:03:54.609 [FXGL Background Thread 3 ] DEBUG Engine               - class com.almasb.fxgl.audio.AudioPlayer
08:03:54.610 [FXGL Background Thread 3 ] DEBUG Engine               - class com.almasb.fxgl.notification.impl.NotificationServiceProvider
08:03:54.610 [FXGL Background Thread 3 ] DEBUG Engine               - class com.almasb.fxgl.achievement.AchievementService
08:03:54.610 [FXGL Background Thread 3 ] DEBUG Engine               - class com.almasb.fxgl.cutscene.CutsceneService
08:03:54.610 [FXGL Background Thread 3 ] DEBUG Engine               - class com.almasb.fxgl.minigames.MiniGameService
08:03:54.610 [FXGL Background Thread 3 ] DEBUG Engine               - class com.almasb.fxgl.net.NetService
08:03:54.610 [FXGL Background Thread 3 ] DEBUG Engine               - class com.almasb.fxgl.app.services.UpdaterService
08:03:54.611 [FXGL Background Thread 3 ] DEBUG Engine               - class com.almasb.fxgl.dev.DevService
08:04:20.295 [JavaFX Application Thread] DEBUG FXGLApplication      - Exiting FXGL
08:04:20.296 [JavaFX Application Thread] DEBUG LoopRunner           - Stopping loop
08:04:20.296 [JavaFX Application Thread] DEBUG SystemBundleService  - Saving FXGL system data
08:04:20.312 [JavaFX Application Thread] DEBUG FileSystemAccess     - Writing to: C:\Users\Mark Wachtel\git\mythcards-game\mythcardsgame\client\system\fxgl.bundle
08:04:20.322 [JavaFX Application Thread] DEBUG Async                - Shutting down background threads
08:04:20.323 [JavaFX Application Thread] DEBUG PrimaryStageWindow   - Closing main window
08:04:20.389 [JavaFX Application Thread] DEBUG Logger               - Closing Logger
