18:22:09.676 [main                     ] DEBUG Logger               - Configured Logger
18:22:09.691 [main                     ] DEBUG GameApplication      - Logging settings
Title: Myth Cards Client
Version: 0.0
Width: 1280
Height: 720
Fullscreen: false
Intro: false
Profiling: false
Single step:false
App Mode: DEVELOPER
Menu Key: ESCAPE
Stage Style: DECORATED
Scene Factory: class com.almasb.fxgl.app.scene.SceneFactory

18:22:10.187 [JavaFX Application Thread] DEBUG FXGLApplication      - Initializing FXGL
18:22:10.190 [JavaFX Application Thread] INFO  Engine               - FXGL-21.1 (27.03.2024 07.52) on WINDOWS (J:24 FX:21)
18:22:10.191 [JavaFX Application Thread] DEBUG Engine               - JRE Vendor Name: Oracle Corporation
18:22:10.191 [JavaFX Application Thread] DEBUG Engine               - Running on OS: Windows 11 version 10.0
18:22:10.191 [JavaFX Application Thread] DEBUG Engine               - Architecture: amd64
18:22:10.191 [JavaFX Application Thread] INFO  Engine               - Source code and latest versions at: https://github.com/AlmasB/FXGL
18:22:10.191 [JavaFX Application Thread] INFO  Engine               -       Ask questions and discuss at: https://github.com/AlmasB/FXGL/discussions
18:22:10.191 [JavaFX Application Thread] INFO  Engine               -              Join the FXGL chat at: https://gitter.im/AlmasB/FXGL
18:22:10.343 [JavaFX Application Thread] DEBUG PrimaryStageWindow   - Creating a JavaFX scene
18:22:10.401 [JavaFX Application Thread] DEBUG PrimaryStageWindow   - Target settings size: 1280.0 x 720.0
18:22:10.403 [JavaFX Application Thread] DEBUG PrimaryStageWindow   - Scaled scene size:    1280.0 x 720.0
18:22:10.403 [JavaFX Application Thread] DEBUG PrimaryStageWindow   - Scaled ratio: (1.0, 1.0)
18:22:10.404 [JavaFX Application Thread] DEBUG PrimaryStageWindow   - Set initial scene to FXGLStartupScene
18:22:10.408 [JavaFX Application Thread] DEBUG PrimaryStageWindow   - Opening main window
18:22:10.546 [JavaFX Application Thread] DEBUG PrimaryStageWindow   - Window border size: (16.0, 39.0)
18:22:10.546 [JavaFX Application Thread] DEBUG PrimaryStageWindow   - Scaled size: 1280.0 x 720.0
18:22:10.546 [JavaFX Application Thread] DEBUG PrimaryStageWindow   - Scaled ratio: (1.0, 1.0)
18:22:10.546 [JavaFX Application Thread] DEBUG PrimaryStageWindow   - Scene size: 1280.0 x 720.0
18:22:10.546 [JavaFX Application Thread] DEBUG PrimaryStageWindow   - Stage size: 1296.0 x 759.0
18:22:10.557 [FXGL Background Thread 1 ] DEBUG Engine               - Initializing environment variables
18:22:10.666 [FXGL Background Thread 1 ] DEBUG FXGLAssetLoaderServi - User app class for loading assets: class client.ClientMain
18:22:10.666 [FXGL Background Thread 1 ] DEBUG GameApplicationServi - Applying CSS: fxgl_dark.css
18:22:10.667 [FXGL Background Thread 1 ] DEBUG FXGLAssetLoaderServi - Loading from file system: jar:file:/C:/Users/Mark%20Wachtel/.m2/repository/com/github/almasb/fxgl/21.1/fxgl-21.1.jar!/fxglassets/ui/css/fxgl_dark.css
18:22:10.731 [FXGL Background Thread 1 ] DEBUG GameApplicationServi - Applying CSS: chat.css
18:22:10.731 [FXGL Background Thread 1 ] WARN  FXGLAssetLoaderServi - Asset "/assets/ui/css/chat.css" was not found!
18:22:10.732 [FXGL Background Thread 1 ] WARN  FXGLAssetLoaderServi - Failed to load CSS
18:22:10.734 [FXGL Background Thread 1 ] DEBUG GameApplicationServi - Initializing application scenes
18:22:10.818 [FXGL Background Thread 1 ] DEBUG GameWorld            - Game world initialized
18:22:10.915 [FXGL Background Thread 1 ] DEBUG PhysicsWorld         - Physics world initialized: appHeight=720, physics.ppm=50,0
18:22:10.915 [FXGL Background Thread 1 ] DEBUG PhysicsWorld         - Using strategy: BRUTE_FORCE
18:22:10.919 [FXGL Background Thread 1 ] DEBUG GameScene            - Game scene initialized: 1280x720
18:22:10.939 [FXGL Background Thread 1 ] DEBUG FXGL.DefaultMenu     - createMenuBodyGameMenu()
18:22:10.965 [FXGL Background Thread 1 ] DEBUG FXGL.DefaultMenu     - createOptionsMenu()
18:22:10.986 [FXGL Background Thread 1 ] DEBUG FXGLAssetLoaderServi - Loading from file system: jar:file:/C:/Users/Mark%20Wachtel/.m2/repository/com/github/almasb/fxgl/21.1/fxgl-21.1.jar!/fxglassets/textures/particles/smoke.png
18:22:11.121 [FXGL Background Thread 1 ] DEBUG FXGLAssetLoaderServi - Loading from file system: jar:file:/C:/Users/Mark%20Wachtel/.m2/repository/com/github/almasb/fxgl/21.1/fxgl-21.1.jar!/fxglassets/textures/particles/trace_horizontal.png
18:22:11.147 [FXGL Background Thread 1 ] DEBUG GameApplicationServi - Application scenes initialized
18:22:11.163 [FXGL Background Thread 1 ] DEBUG SystemBundleService  - Loading FXGL system data
18:22:11.168 [FXGL Background Thread 1 ] DEBUG FileSystemAccess     - Reading from: C:\Users\Mark Wachtel\git\mythcards-game\mythcardsgame\client\system\fxgl.bundle
18:22:11.176 [FXGL Background Thread 1 ] DEBUG SystemBundleService  - Bundle FXGL: {}
18:22:11.177 [FXGL Background Thread 1 ] DEBUG UpdaterService       - Checking for updates
18:22:11.186 [FXGL Background Thread 4 ] DEBUG FXGLApplication      - Loading fonts
18:22:11.187 [FXGL Background Thread 4 ] DEBUG FXGLAssetLoaderServi - Loading from file system: jar:file:/C:/Users/Mark%20Wachtel/.m2/repository/com/github/almasb/fxgl/21.1/fxgl-21.1.jar!/fxglassets/ui/fonts/VarelaRound-Regular.ttf
18:22:11.190 [FXGL Background Thread 1 ] DEBUG FXGLApplication      - Loading default localization
18:22:11.191 [FXGL Background Thread 1 ] DEBUG FXGLAssetLoaderServi - Loading from file system: jar:file:/C:/Users/Mark%20Wachtel/.m2/repository/com/github/almasb/fxgl/21.1/fxgl-21.1.jar!/fxglassets/languages/english.lang
18:22:11.225 [FXGL Background Thread 4 ] DEBUG FXGLAssetLoaderServi - Loading from file system: jar:file:/C:/Users/Mark%20Wachtel/.m2/repository/com/github/almasb/fxgl/21.1/fxgl-21.1.jar!/fxglassets/ui/fonts/Abel-Regular.ttf
18:22:11.238 [FXGL Background Thread 1 ] INFO  FXGLApplication      - FXGL initialization took: 0,680 sec
18:22:11.241 [JavaFX Application Thread] DEBUG FXGLAssetLoaderServi - Loading from file system: jar:file:/C:/Users/Mark%20Wachtel/.m2/repository/com/github/almasb/fxgl/21.1/fxgl-21.1.jar!/fxglassets/textures/fxgl_icon.png
18:22:11.241 [FXGL Background Thread 4 ] DEBUG FXGLAssetLoaderServi - Loading from file system: jar:file:/C:/Users/Mark%20Wachtel/.m2/repository/com/github/almasb/fxgl/21.1/fxgl-21.1.jar!/fxglassets/ui/fonts/TerminalLandMono-Regular.otf
18:22:11.254 [FXGL Background Thread 4 ] DEBUG FXGLAssetLoaderServi - Loading from file system: jar:file:/C:/Users/Mark%20Wachtel/.m2/repository/com/github/almasb/fxgl/21.1/fxgl-21.1.jar!/fxglassets/ui/fonts/Courier-Prime.ttf
18:22:11.268 [JavaFX Application Thread] DEBUG FXGLAssetLoaderServi - Loading from file system: jar:file:/C:/Users/Mark%20Wachtel/.m2/repository/com/github/almasb/fxgl/21.1/fxgl-21.1.jar!/fxglassets/textures/fxgl_default_cursor.png
18:22:11.295 [JavaFX Application Thread] DEBUG Input                - Registered new binding: Screenshot - CTRL+8
18:22:11.296 [JavaFX Application Thread] DEBUG Input                - Registered new binding: System info dump - CTRL+9
18:22:11.297 [JavaFX Application Thread] DEBUG Input                - Registered new binding: Restart - CTRL+R
18:22:11.299 [JavaFX Application Thread] DEBUG Input                - Registered new binding: Toggle Debug Camera - CTRL+7
18:22:11.308 [JavaFX Application Thread] DEBUG LoopRunner           - Starting loop
18:22:11.308 [JavaFX Application Thread] DEBUG LoopRunner           - Initializing JavaFX AnimationTimerLoop
18:22:11.310 [JavaFX Application Thread] DEBUG GameApplicationServi - Starting new game
18:22:11.311 [JavaFX Application Thread] DEBUG Input                - Clearing active input actions
18:22:11.339 [JavaFX Application Thread] DEBUG GameApplicationServi - Removing overlay from FXGLStartupScene and adding to FXGLLoadingScene
18:22:11.340 [JavaFX Application Thread] DEBUG PrimaryStageWindow   - FXGLStartupScene -> FXGLLoadingScene
18:22:11.341 [JavaFX Application Thread] DEBUG GameApplicationServi - Clearing previous game
18:22:11.341 [JavaFX Application Thread] DEBUG GameScene            - Clearing game scene
18:22:11.341 [JavaFX Application Thread] DEBUG GameWorld            - Clearing game world
18:22:11.341 [JavaFX Application Thread] DEBUG PhysicsWorld         - Clearing physics world
18:22:11.343 [FXGL Background Thread 4 ] DEBUG FXGLApplication      - Initializing game
18:22:11.343 [JavaFX Application Thread] DEBUG FXGLApplication      - Registering font factories with UI factory
18:22:11.552 [FXGL Background Thread 4 ] INFO  FXGLApplication      - Game initialization took: 0,209 sec
18:22:11.587 [JavaFX Application Thread] DEBUG Input                - Clearing active input actions
18:22:11.599 [JavaFX Application Thread] DEBUG GameApplicationServi - Removing overlay from FXGLLoadingScene and adding to GameScene
18:22:11.600 [JavaFX Application Thread] DEBUG PrimaryStageWindow   - FXGLLoadingScene -> GameScene
18:22:14.182 [FXGL Background Thread 3 ] DEBUG Engine               - Logging environment variables
18:22:14.183 [FXGL Background Thread 3 ] DEBUG Engine               - achievements: []
18:22:14.183 [FXGL Background Thread 3 ] DEBUG Engine               - actualHeight: 720.0
18:22:14.184 [FXGL Background Thread 3 ] DEBUG Engine               - actualHeightProperty: ReadOnlyDoubleProperty [value: 720.0]
18:22:14.184 [FXGL Background Thread 3 ] DEBUG Engine               - actualWidth: 1280.0
18:22:14.184 [FXGL Background Thread 3 ] DEBUG Engine               - actualWidthProperty: ReadOnlyDoubleProperty [value: 1280.0]
18:22:14.184 [FXGL Background Thread 3 ] DEBUG Engine               - appIcon: fxgl_icon.png
18:22:14.184 [FXGL Background Thread 3 ] DEBUG Engine               - applicationMode: DEVELOPER
18:22:14.184 [FXGL Background Thread 3 ] DEBUG Engine               - cSSList: [fxgl_dark.css, chat.css]
18:22:14.184 [FXGL Background Thread 3 ] DEBUG Engine               - collisionDetectionStrategy: BRUTE_FORCE
18:22:14.184 [FXGL Background Thread 3 ] DEBUG Engine               - configClass: Optional.empty
18:22:14.185 [FXGL Background Thread 3 ] DEBUG Engine               - credits: []
18:22:14.185 [FXGL Background Thread 3 ] DEBUG Engine               - defaultCursor: CursorInfo(imageName=fxgl_default_cursor.png, hotspotX=7.0, hotspotY=6.0)
18:22:14.186 [FXGL Background Thread 3 ] DEBUG Engine               - devBBoxColorProperty: ObjectProperty [value: 0xff0000ff]
18:22:14.186 [FXGL Background Thread 3 ] DEBUG Engine               - devEnableDebugCameraProperty: BooleanProperty [value: false]
18:22:14.186 [FXGL Background Thread 3 ] DEBUG Engine               - devSensorColorProperty: ObjectProperty [value: 0xffff00ff]
18:22:14.186 [FXGL Background Thread 3 ] DEBUG Engine               - devShowBBoxProperty: BooleanProperty [value: false]
18:22:14.187 [FXGL Background Thread 3 ] DEBUG Engine               - devShowPositionProperty: BooleanProperty [value: false]
18:22:14.187 [FXGL Background Thread 3 ] DEBUG Engine               - enabledMenuItems: []
18:22:14.187 [FXGL Background Thread 3 ] DEBUG Engine               - engineServices: [class com.almasb.fxgl.app.services.FXGLAssetLoaderService, class com.almasb.fxgl.app.FXGLApplication$GameApplicationService, class com.almasb.fxgl.app.services.FXGLDialogService, class com.almasb.fxgl.app.services.IOTaskExecutorService, class com.almasb.fxgl.io.FileSystemService, class com.almasb.fxgl.localization.LocalizationService, class com.almasb.fxgl.app.services.SystemBundleService, class com.almasb.fxgl.profile.SaveLoadService, class com.almasb.fxgl.ui.FXGLUIFactoryServiceProvider, class com.almasb.fxgl.ui.FXGLDialogFactoryServiceProvider, class com.almasb.fxgl.audio.AudioPlayer, class com.almasb.fxgl.notification.impl.NotificationServiceProvider, class com.almasb.fxgl.achievement.AchievementService, class com.almasb.fxgl.cutscene.CutsceneService, class com.almasb.fxgl.minigames.MiniGameService, class com.almasb.fxgl.net.NetService, class com.almasb.fxgl.app.services.UpdaterService, class com.almasb.fxgl.dev.DevService]
18:22:14.188 [FXGL Background Thread 3 ] DEBUG Engine               - fontGame: Abel-Regular.ttf
18:22:14.188 [FXGL Background Thread 3 ] DEBUG Engine               - fontMono: TerminalLandMono-Regular.otf
18:22:14.188 [FXGL Background Thread 3 ] DEBUG Engine               - fontSizeScaleUI: 1.0
18:22:14.188 [FXGL Background Thread 3 ] DEBUG Engine               - fontText: Courier-Prime.ttf
18:22:14.188 [FXGL Background Thread 3 ] DEBUG Engine               - fontUI: VarelaRound-Regular.ttf
18:22:14.188 [FXGL Background Thread 3 ] DEBUG Engine               - fullScreen: BooleanProperty [value: false]
18:22:14.189 [FXGL Background Thread 3 ] DEBUG Engine               - gameDifficulty: MEDIUM
18:22:14.189 [FXGL Background Thread 3 ] DEBUG Engine               - gameDifficultyProperty: ObjectProperty [value: MEDIUM]
18:22:14.189 [FXGL Background Thread 3 ] DEBUG Engine               - globalMusicVolume: 0.5
18:22:14.189 [FXGL Background Thread 3 ] DEBUG Engine               - globalMusicVolumeProperty: DoubleProperty [value: 0.5]
18:22:14.190 [FXGL Background Thread 3 ] DEBUG Engine               - globalSoundVolume: 0.5
18:22:14.190 [FXGL Background Thread 3 ] DEBUG Engine               - globalSoundVolumeProperty: DoubleProperty [value: 0.5]
18:22:14.190 [FXGL Background Thread 3 ] DEBUG Engine               - height: 720
18:22:14.190 [FXGL Background Thread 3 ] DEBUG Engine               - is3D: false
18:22:14.190 [FXGL Background Thread 3 ] DEBUG Engine               - isAndroid: false
18:22:14.190 [FXGL Background Thread 3 ] DEBUG Engine               - isBrowser: false
18:22:14.191 [FXGL Background Thread 3 ] DEBUG Engine               - isClickFeedbackEnabled: false
18:22:14.191 [FXGL Background Thread 3 ] DEBUG Engine               - isCloseConfirmation: false
18:22:14.191 [FXGL Background Thread 3 ] DEBUG Engine               - isDesktop: true
18:22:14.191 [FXGL Background Thread 3 ] DEBUG Engine               - isDeveloperMenuEnabled: false
18:22:14.191 [FXGL Background Thread 3 ] DEBUG Engine               - isEmbedded: false
18:22:14.191 [FXGL Background Thread 3 ] DEBUG Engine               - isEntityPreloadEnabled: true
18:22:14.191 [FXGL Background Thread 3 ] DEBUG Engine               - isExperimentalTiledLargeMap: false
18:22:14.191 [FXGL Background Thread 3 ] DEBUG Engine               - isFileSystemWriteAllowed: true
18:22:14.191 [FXGL Background Thread 3 ] DEBUG Engine               - isFullScreenAllowed: false
18:22:14.193 [FXGL Background Thread 3 ] DEBUG Engine               - isFullScreenFromStart: false
18:22:14.193 [FXGL Background Thread 3 ] DEBUG Engine               - isGameMenuEnabled: true
18:22:14.193 [FXGL Background Thread 3 ] DEBUG Engine               - isIOS: false
18:22:14.193 [FXGL Background Thread 3 ] DEBUG Engine               - isIntroEnabled: false
18:22:14.193 [FXGL Background Thread 3 ] DEBUG Engine               - isLinux: false
18:22:14.194 [FXGL Background Thread 3 ] DEBUG Engine               - isMac: false
18:22:14.194 [FXGL Background Thread 3 ] DEBUG Engine               - isMainMenuEnabled: false
18:22:14.194 [FXGL Background Thread 3 ] DEBUG Engine               - isManualResizeEnabled: false
18:22:14.194 [FXGL Background Thread 3 ] DEBUG Engine               - isMobile: false
18:22:14.194 [FXGL Background Thread 3 ] DEBUG Engine               - isNative: false
18:22:14.195 [FXGL Background Thread 3 ] DEBUG Engine               - isPauseMusicWhenMinimized: true
18:22:14.195 [FXGL Background Thread 3 ] DEBUG Engine               - isPreserveResizeRatio: false
18:22:14.195 [FXGL Background Thread 3 ] DEBUG Engine               - isProfilingEnabled: false
18:22:14.196 [FXGL Background Thread 3 ] DEBUG Engine               - isScaleAffectedOnResize: true
18:22:14.196 [FXGL Background Thread 3 ] DEBUG Engine               - isSingleStep: false
18:22:14.196 [FXGL Background Thread 3 ] DEBUG Engine               - isUserProfileEnabled: false
18:22:14.197 [FXGL Background Thread 3 ] DEBUG Engine               - isWindows: true
18:22:14.197 [FXGL Background Thread 3 ] DEBUG Engine               - language: ObjectProperty [value: ENGLISH]
18:22:14.197 [FXGL Background Thread 3 ] DEBUG Engine               - menuKey: ESCAPE
18:22:14.197 [FXGL Background Thread 3 ] DEBUG Engine               - mouseSensitivity: 0.2
18:22:14.198 [FXGL Background Thread 3 ] DEBUG Engine               - notificationViewClass: class com.almasb.fxgl.notification.view.XboxNotificationView
18:22:14.198 [FXGL Background Thread 3 ] DEBUG Engine               - pixelsPerMeter: 50.0
18:22:14.198 [FXGL Background Thread 3 ] DEBUG Engine               - platform: WINDOWS
18:22:14.199 [FXGL Background Thread 3 ] DEBUG Engine               - prefHeightProperty: ReadOnlyDoubleProperty [value: 720.0]
18:22:14.199 [FXGL Background Thread 3 ] DEBUG Engine               - prefWidthProperty: ReadOnlyDoubleProperty [value: 1280.0]
18:22:14.199 [FXGL Background Thread 3 ] DEBUG Engine               - profileDir: profiles/
18:22:14.199 [FXGL Background Thread 3 ] DEBUG Engine               - profileName: StringProperty [value: DEFAULT]
18:22:14.200 [FXGL Background Thread 3 ] DEBUG Engine               - randomSeed: -1
18:22:14.200 [FXGL Background Thread 3 ] DEBUG Engine               - runtimeInfo: RuntimeInfo(platform=WINDOWS, version=21.1, build=27.03.2024 07.52)
18:22:14.201 [FXGL Background Thread 3 ] DEBUG Engine               - saveFileExt: sav
18:22:14.201 [FXGL Background Thread 3 ] DEBUG Engine               - scaledHeightProp$fxgl: DoubleProperty [bound, value: 720.0]
18:22:14.201 [FXGL Background Thread 3 ] DEBUG Engine               - scaledWidthProp$fxgl: DoubleProperty [bound, value: 1280.0]
18:22:14.201 [FXGL Background Thread 3 ] DEBUG Engine               - sceneFactory: com.almasb.fxgl.app.scene.SceneFactory@13378c1e
18:22:14.201 [FXGL Background Thread 3 ] DEBUG Engine               - secondsIn24h: 60
18:22:14.201 [FXGL Background Thread 3 ] DEBUG Engine               - soundMenuBack: menu/back.wav
18:22:14.203 [FXGL Background Thread 3 ] DEBUG Engine               - soundMenuPress: menu/press.wav
18:22:14.203 [FXGL Background Thread 3 ] DEBUG Engine               - soundMenuSelect: menu/select.wav
18:22:14.203 [FXGL Background Thread 3 ] DEBUG Engine               - soundNotification: core/notification.wav
18:22:14.203 [FXGL Background Thread 3 ] DEBUG Engine               - stageStyle: DECORATED
18:22:14.204 [FXGL Background Thread 3 ] DEBUG Engine               - supportedLanguages: [ENGLISH, FRENCH, GERMAN, HUNGARIAN, RUSSIAN]
18:22:14.204 [FXGL Background Thread 3 ] DEBUG Engine               - ticksPerSecond: -1
18:22:14.204 [FXGL Background Thread 3 ] DEBUG Engine               - title: Myth Cards Client
18:22:14.204 [FXGL Background Thread 3 ] DEBUG Engine               - urlGithub: https://github.com/AlmasB/FXGL
18:22:14.205 [FXGL Background Thread 3 ] DEBUG Engine               - urlLeaderboard: http://fxgl-top.herokuapp.com/
18:22:14.205 [FXGL Background Thread 3 ] DEBUG Engine               - urlPOM: https://raw.githubusercontent.com/AlmasB/FXGL/release/README.md
18:22:14.205 [FXGL Background Thread 3 ] DEBUG Engine               - userAppClass: class client.ClientMain
18:22:14.206 [FXGL Background Thread 3 ] DEBUG Engine               - version: 0.0
18:22:14.206 [FXGL Background Thread 3 ] DEBUG Engine               - versionCheckDays: 7
18:22:14.206 [FXGL Background Thread 3 ] DEBUG Engine               - width: 1280
18:22:14.207 [FXGL Background Thread 3 ] DEBUG Engine               - Logging services
18:22:14.207 [FXGL Background Thread 3 ] DEBUG Engine               - class com.almasb.fxgl.app.services.FXGLAssetLoaderService
18:22:14.207 [FXGL Background Thread 3 ] DEBUG Engine               - class com.almasb.fxgl.app.FXGLApplication$GameApplicationService
18:22:14.208 [FXGL Background Thread 3 ] DEBUG Engine               - class com.almasb.fxgl.app.services.FXGLDialogService
18:22:14.208 [FXGL Background Thread 3 ] DEBUG Engine               - class com.almasb.fxgl.app.services.IOTaskExecutorService
18:22:14.208 [FXGL Background Thread 3 ] DEBUG Engine               - class com.almasb.fxgl.io.FileSystemService
18:22:14.208 [FXGL Background Thread 3 ] DEBUG Engine               - class com.almasb.fxgl.localization.LocalizationService
18:22:14.208 [FXGL Background Thread 3 ] DEBUG Engine               - class com.almasb.fxgl.app.services.SystemBundleService
18:22:14.208 [FXGL Background Thread 3 ] DEBUG Engine               - class com.almasb.fxgl.profile.SaveLoadService
18:22:14.208 [FXGL Background Thread 3 ] DEBUG Engine               - class com.almasb.fxgl.ui.FXGLUIFactoryServiceProvider
18:22:14.209 [FXGL Background Thread 3 ] DEBUG Engine               - class com.almasb.fxgl.ui.FXGLDialogFactoryServiceProvider
18:22:14.209 [FXGL Background Thread 3 ] DEBUG Engine               - class com.almasb.fxgl.audio.AudioPlayer
18:22:14.209 [FXGL Background Thread 3 ] DEBUG Engine               - class com.almasb.fxgl.notification.impl.NotificationServiceProvider
18:22:14.209 [FXGL Background Thread 3 ] DEBUG Engine               - class com.almasb.fxgl.achievement.AchievementService
18:22:14.209 [FXGL Background Thread 3 ] DEBUG Engine               - class com.almasb.fxgl.cutscene.CutsceneService
18:22:14.209 [FXGL Background Thread 3 ] DEBUG Engine               - class com.almasb.fxgl.minigames.MiniGameService
18:22:14.209 [FXGL Background Thread 3 ] DEBUG Engine               - class com.almasb.fxgl.net.NetService
18:22:14.209 [FXGL Background Thread 3 ] DEBUG Engine               - class com.almasb.fxgl.app.services.UpdaterService
18:22:14.209 [FXGL Background Thread 3 ] DEBUG Engine               - class com.almasb.fxgl.dev.DevService
18:23:03.408 [JavaFX Application Thread] DEBUG FXGLApplication      - Exiting FXGL
18:23:03.408 [JavaFX Application Thread] DEBUG LoopRunner           - Stopping loop
18:23:03.408 [JavaFX Application Thread] DEBUG SystemBundleService  - Saving FXGL system data
18:23:03.412 [JavaFX Application Thread] DEBUG FileSystemAccess     - Writing to: C:\Users\Mark Wachtel\git\mythcards-game\mythcardsgame\client\system\fxgl.bundle
18:23:03.416 [JavaFX Application Thread] DEBUG Async                - Shutting down background threads
18:23:03.416 [JavaFX Application Thread] DEBUG PrimaryStageWindow   - Closing main window
18:23:03.446 [JavaFX Application Thread] DEBUG Logger               - Closing Logger
