13:02:59.824 [main                     ] DEBUG Logger               - Configured Logger
13:02:59.848 [main                     ] DEBUG GameApplication      - Logging settings
Title: Myth Cards Client 0.0
Version: 0.0
Width: 1280
Height: 720
Fullscreen: false
Intro: true
Profiling: false
Single step:false
App Mode: DEVELOPER
Menu Key: ESCAPE
Stage Style: DECORATED
Scene Factory: class client.ClientMain$1

13:03:01.671 [JavaFX Application Thread] DEBUG FXGLApplication      - Initializing FXGL
13:03:01.695 [JavaFX Application Thread] INFO  Engine               - FXGL-21.1 (27.03.2024 07.52) on WINDOWS (J:24 FX:21)
13:03:01.695 [JavaFX Application Thread] DEBUG Engine               - JRE Vendor Name: Oracle Corporation
13:03:01.696 [JavaFX Application Thread] DEBUG Engine               - Running on OS: Windows 11 version 10.0
13:03:01.696 [JavaFX Application Thread] DEBUG Engine               - Architecture: amd64
13:03:01.697 [JavaFX Application Thread] INFO  Engine               - Source code and latest versions at: https://github.com/AlmasB/FXGL
13:03:01.697 [JavaFX Application Thread] INFO  Engine               -       Ask questions and discuss at: https://github.com/AlmasB/FXGL/discussions
13:03:01.697 [JavaFX Application Thread] INFO  Engine               -              Join the FXGL chat at: https://gitter.im/AlmasB/FXGL
13:03:02.958 [JavaFX Application Thread] DEBUG PrimaryStageWindow   - Creating a JavaFX scene
13:03:03.501 [JavaFX Application Thread] DEBUG PrimaryStageWindow   - Target settings size: 1280.0 x 720.0
13:03:03.502 [JavaFX Application Thread] DEBUG PrimaryStageWindow   - Scaled scene size:    1280.0 x 720.0
13:03:03.502 [JavaFX Application Thread] DEBUG PrimaryStageWindow   - Scaled ratio: (1.0, 1.0)
13:03:03.506 [JavaFX Application Thread] DEBUG PrimaryStageWindow   - Set initial scene to CustomStartupScene
13:03:03.525 [JavaFX Application Thread] DEBUG PrimaryStageWindow   - Opening main window
13:03:04.106 [JavaFX Application Thread] DEBUG PrimaryStageWindow   - Window border size: (16.0, 39.0)
13:03:04.106 [JavaFX Application Thread] DEBUG PrimaryStageWindow   - Scaled size: 1280.0 x 720.0
13:03:04.106 [JavaFX Application Thread] DEBUG PrimaryStageWindow   - Scaled ratio: (1.0, 1.0)
13:03:04.107 [JavaFX Application Thread] DEBUG PrimaryStageWindow   - Scene size: 1280.0 x 720.0
13:03:04.108 [JavaFX Application Thread] DEBUG PrimaryStageWindow   - Stage size: 1296.0 x 759.0
13:03:04.152 [FXGL Background Thread 1 ] DEBUG Engine               - Initializing environment variables
13:03:04.362 [FXGL Background Thread 1 ] DEBUG FXGLAssetLoaderServi - User app class for loading assets: class client.ClientMain
13:03:04.362 [FXGL Background Thread 1 ] DEBUG GameApplicationServi - Applying CSS: fxgl_dark.css
13:03:04.376 [FXGL Background Thread 1 ] DEBUG FXGLAssetLoaderServi - Loading from file system: jar:file:/C:/Users/Mark%20Wachtel/.m2/repository/com/github/almasb/fxgl/21.1/fxgl-21.1.jar!/fxglassets/ui/css/fxgl_dark.css
13:03:04.596 [FXGL Background Thread 1 ] DEBUG GameApplicationServi - Applying CSS: styles/chat.css
13:03:04.597 [FXGL Background Thread 1 ] DEBUG FXGLAssetLoaderServi - Loading from file system: file:/C:/Users/Mark%20Wachtel/git/mythcards-game/mythcardsgame/client/target/classes/assets/ui/css/styles/chat.css
13:03:04.600 [FXGL Background Thread 1 ] DEBUG GameApplicationServi - Initializing application scenes
13:03:04.792 [FXGL Background Thread 1 ] DEBUG GameWorld            - Game world initialized
13:03:05.084 [FXGL Background Thread 1 ] DEBUG PhysicsWorld         - Physics world initialized: appHeight=720, physics.ppm=50,0
13:03:05.084 [FXGL Background Thread 1 ] DEBUG PhysicsWorld         - Using strategy: BRUTE_FORCE
13:03:05.095 [FXGL Background Thread 1 ] DEBUG GameScene            - Game scene initialized: 1280x720
13:03:05.103 [FXGL Background Thread 1 ] DEBUG FXGLAssetLoaderServi - Loading from file system: file:/C:/Users/Mark%20Wachtel/git/mythcards-game/mythcardsgame/client/target/classes/assets/textures/bg/loading_screen.png
13:03:05.254 [FXGL Background Thread 1 ] DEBUG FXGL.DefaultMenu     - createMenuBodyGameMenu()
13:03:05.333 [FXGL Background Thread 1 ] DEBUG FXGL.DefaultMenu     - createOptionsMenu()
13:03:05.356 [FXGL Background Thread 1 ] DEBUG FXGLAssetLoaderServi - Loading from file system: jar:file:/C:/Users/Mark%20Wachtel/.m2/repository/com/github/almasb/fxgl/21.1/fxgl-21.1.jar!/fxglassets/textures/particles/smoke.png
13:03:05.762 [FXGL Background Thread 1 ] DEBUG FXGLAssetLoaderServi - Loading from file system: jar:file:/C:/Users/Mark%20Wachtel/.m2/repository/com/github/almasb/fxgl/21.1/fxgl-21.1.jar!/fxglassets/textures/particles/trace_horizontal.png
13:03:05.839 [FXGL Background Thread 1 ] DEBUG GameApplicationServi - Application scenes initialized
13:03:05.883 [FXGL Background Thread 1 ] DEBUG SystemBundleService  - Loading FXGL system data
13:03:05.892 [FXGL Background Thread 1 ] DEBUG FileSystemAccess     - Reading from: C:\Users\Mark Wachtel\git\mythcards-game\mythcardsgame\client\system\fxgl.bundle
13:03:05.909 [FXGL Background Thread 1 ] DEBUG SystemBundleService  - Bundle FXGL: {}
13:03:05.909 [FXGL Background Thread 1 ] DEBUG UpdaterService       - Checking for updates
13:03:05.918 [FXGL Background Thread 4 ] DEBUG FXGLApplication      - Loading fonts
13:03:05.920 [FXGL Background Thread 4 ] DEBUG FXGLAssetLoaderServi - Loading from file system: jar:file:/C:/Users/Mark%20Wachtel/.m2/repository/com/github/almasb/fxgl/21.1/fxgl-21.1.jar!/fxglassets/ui/fonts/VarelaRound-Regular.ttf
13:03:05.922 [FXGL Background Thread 1 ] DEBUG FXGLApplication      - Loading default localization
13:03:05.923 [FXGL Background Thread 1 ] DEBUG FXGLAssetLoaderServi - Loading from file system: jar:file:/C:/Users/Mark%20Wachtel/.m2/repository/com/github/almasb/fxgl/21.1/fxgl-21.1.jar!/fxglassets/languages/english.lang
13:03:06.013 [FXGL Background Thread 4 ] DEBUG FXGLAssetLoaderServi - Loading from file system: jar:file:/C:/Users/Mark%20Wachtel/.m2/repository/com/github/almasb/fxgl/21.1/fxgl-21.1.jar!/fxglassets/ui/fonts/Abel-Regular.ttf
13:03:06.047 [FXGL Background Thread 4 ] DEBUG FXGLAssetLoaderServi - Loading from file system: jar:file:/C:/Users/Mark%20Wachtel/.m2/repository/com/github/almasb/fxgl/21.1/fxgl-21.1.jar!/fxglassets/ui/fonts/TerminalLandMono-Regular.otf
13:03:06.082 [FXGL Background Thread 4 ] DEBUG FXGLAssetLoaderServi - Loading from file system: jar:file:/C:/Users/Mark%20Wachtel/.m2/repository/com/github/almasb/fxgl/21.1/fxgl-21.1.jar!/fxglassets/ui/fonts/Courier-Prime.ttf
13:03:06.085 [FXGL Background Thread 1 ] INFO  FXGLApplication      - FXGL initialization took: 1,932 sec
13:03:06.087 [JavaFX Application Thread] DEBUG FXGLAssetLoaderServi - Loading from file system: jar:file:/C:/Users/Mark%20Wachtel/.m2/repository/com/github/almasb/fxgl/21.1/fxgl-21.1.jar!/fxglassets/textures/fxgl_icon.png
13:03:06.170 [JavaFX Application Thread] DEBUG FXGLAssetLoaderServi - Loading from file system: jar:file:/C:/Users/Mark%20Wachtel/.m2/repository/com/github/almasb/fxgl/21.1/fxgl-21.1.jar!/fxglassets/textures/fxgl_default_cursor.png
13:03:06.221 [JavaFX Application Thread] DEBUG Input                - Registered new binding: Screenshot - CTRL+8
13:03:06.223 [JavaFX Application Thread] DEBUG Input                - Registered new binding: System info dump - CTRL+9
13:03:06.225 [JavaFX Application Thread] DEBUG Input                - Registered new binding: Restart - CTRL+R
13:03:06.228 [JavaFX Application Thread] DEBUG Input                - Registered new binding: Toggle Debug Camera - CTRL+7
13:03:06.239 [JavaFX Application Thread] DEBUG LoopRunner           - Starting loop
13:03:06.239 [JavaFX Application Thread] DEBUG LoopRunner           - Initializing JavaFX AnimationTimerLoop
13:03:06.247 [JavaFX Application Thread] DEBUG GameApplicationServi - Starting new game
13:03:06.249 [JavaFX Application Thread] DEBUG Input                - Clearing active input actions
13:03:06.308 [JavaFX Application Thread] DEBUG GameApplicationServi - Removing overlay from CustomStartupScene and adding to FXGLLoadingScene
13:03:06.309 [JavaFX Application Thread] DEBUG PrimaryStageWindow   - CustomStartupScene -> FXGLLoadingScene
13:03:06.309 [JavaFX Application Thread] DEBUG GameApplicationServi - Clearing previous game
13:03:06.310 [JavaFX Application Thread] DEBUG GameScene            - Clearing game scene
13:03:06.312 [JavaFX Application Thread] DEBUG GameWorld            - Clearing game world
13:03:06.321 [JavaFX Application Thread] DEBUG PhysicsWorld         - Clearing physics world
13:03:06.326 [JavaFX Application Thread] DEBUG Input                - Clearing active input actions
13:03:06.326 [FXGL Background Thread 4 ] DEBUG FXGLApplication      - Initializing game
13:03:06.385 [JavaFX Application Thread] DEBUG GameApplicationServi - Removing overlay from FXGLLoadingScene and adding to MyIntroScene
13:03:06.386 [JavaFX Application Thread] DEBUG PrimaryStageWindow   - CustomStartupScene -> MyIntroScene
13:03:06.389 [JavaFX Application Thread] DEBUG FXGLApplication      - Registering font factories with UI factory
13:03:06.415 [FXGL Background Thread 4 ] INFO  FXGLApplication      - Game initialization took: 0,089 sec
13:03:06.496 [JavaFX Application Thread] DEBUG Input                - Clearing active input actions
13:03:06.577 [JavaFX Application Thread] DEBUG GameApplicationServi - Removing overlay from MyIntroScene and adding to GameScene
13:03:06.578 [JavaFX Application Thread] DEBUG PrimaryStageWindow   - MyIntroScene -> GameScene
13:03:08.055 [JavaFX Application Thread] DEBUG FXGLApplication      - Exiting FXGL
13:03:08.055 [JavaFX Application Thread] DEBUG LoopRunner           - Stopping loop
13:03:08.055 [JavaFX Application Thread] DEBUG SystemBundleService  - Saving FXGL system data
13:03:08.060 [JavaFX Application Thread] DEBUG FileSystemAccess     - Writing to: C:\Users\Mark Wachtel\git\mythcards-game\mythcardsgame\client\system\fxgl.bundle
13:03:08.064 [JavaFX Application Thread] DEBUG Async                - Shutting down background threads
13:03:08.065 [JavaFX Application Thread] DEBUG PrimaryStageWindow   - Closing main window
13:03:08.096 [JavaFX Application Thread] DEBUG Logger               - Closing Logger
