11:12:39.315 [main                     ] DEBUG Logger               - Configured Logger
11:12:39.320 [main                     ] DEBUG GameApplication      - Logging settings
Title: Myth Cards Client
Version: 0.0
Width: 1280
Height: 720
Fullscreen: false
Intro: false
Profiling: false
Single step:false
App Mode: DEVELOPER
Menu Key: ESCAPE
Stage Style: DECORATED
Scene Factory: class com.almasb.fxgl.app.scene.SceneFactory

11:12:39.734 [JavaFX Application Thread] DEBUG FXGLApplication      - Initializing FXGL
11:12:39.736 [JavaFX Application Thread] INFO  Engine               - FXGL-21.1 (27.03.2024 07.52) on WINDOWS (J:24 FX:21)
11:12:39.737 [JavaFX Application Thread] DEBUG Engine               - JRE Vendor Name: Oracle Corporation
11:12:39.737 [JavaFX Application Thread] DEBUG Engine               - Running on OS: Windows 11 version 10.0
11:12:39.737 [JavaFX Application Thread] DEBUG Engine               - Architecture: amd64
11:12:39.737 [JavaFX Application Thread] INFO  Engine               - Source code and latest versions at: https://github.com/AlmasB/FXGL
11:12:39.737 [JavaFX Application Thread] INFO  Engine               -       Ask questions and discuss at: https://github.com/AlmasB/FXGL/discussions
11:12:39.737 [JavaFX Application Thread] INFO  Engine               -              Join the FXGL chat at: https://gitter.im/AlmasB/FXGL
11:12:39.877 [JavaFX Application Thread] DEBUG PrimaryStageWindow   - Creating a JavaFX scene
11:12:39.934 [JavaFX Application Thread] DEBUG PrimaryStageWindow   - Target settings size: 1280.0 x 720.0
11:12:39.934 [JavaFX Application Thread] DEBUG PrimaryStageWindow   - Scaled scene size:    1280.0 x 720.0
11:12:39.934 [JavaFX Application Thread] DEBUG PrimaryStageWindow   - Scaled ratio: (1.0, 1.0)
11:12:39.935 [JavaFX Application Thread] DEBUG PrimaryStageWindow   - Set initial scene to FXGLStartupScene
11:12:39.938 [JavaFX Application Thread] DEBUG PrimaryStageWindow   - Opening main window
11:12:40.078 [JavaFX Application Thread] DEBUG PrimaryStageWindow   - Window border size: (16.0, 39.0)
11:12:40.078 [JavaFX Application Thread] DEBUG PrimaryStageWindow   - Scaled size: 1280.0 x 720.0
11:12:40.078 [JavaFX Application Thread] DEBUG PrimaryStageWindow   - Scaled ratio: (1.0, 1.0)
11:12:40.079 [JavaFX Application Thread] DEBUG PrimaryStageWindow   - Scene size: 1280.0 x 720.0
11:12:40.079 [JavaFX Application Thread] DEBUG PrimaryStageWindow   - Stage size: 1296.0 x 759.0
11:12:40.087 [FXGL Background Thread 1 ] DEBUG Engine               - Initializing environment variables
11:12:40.191 [FXGL Background Thread 1 ] DEBUG FXGLAssetLoaderServi - User app class for loading assets: class client.ClientMain
11:12:40.191 [FXGL Background Thread 1 ] DEBUG GameApplicationServi - Applying CSS: fxgl_dark.css
11:12:40.192 [FXGL Background Thread 1 ] DEBUG FXGLAssetLoaderServi - Loading from file system: jar:file:/C:/Users/Mark%20Wachtel/.m2/repository/com/github/almasb/fxgl/21.1/fxgl-21.1.jar!/fxglassets/ui/css/fxgl_dark.css
11:12:40.260 [FXGL Background Thread 1 ] DEBUG GameApplicationServi - Initializing application scenes
11:12:40.331 [FXGL Background Thread 1 ] DEBUG GameWorld            - Game world initialized
11:12:40.425 [FXGL Background Thread 1 ] DEBUG PhysicsWorld         - Physics world initialized: appHeight=720, physics.ppm=50,0
11:12:40.425 [FXGL Background Thread 1 ] DEBUG PhysicsWorld         - Using strategy: BRUTE_FORCE
11:12:40.431 [FXGL Background Thread 1 ] DEBUG GameScene            - Game scene initialized: 1280x720
11:12:40.462 [FXGL Background Thread 1 ] DEBUG FXGL.DefaultMenu     - createMenuBodyGameMenu()
11:12:40.482 [FXGL Background Thread 1 ] DEBUG FXGL.DefaultMenu     - createOptionsMenu()
11:12:40.500 [FXGL Background Thread 1 ] DEBUG FXGLAssetLoaderServi - Loading from file system: jar:file:/C:/Users/Mark%20Wachtel/.m2/repository/com/github/almasb/fxgl/21.1/fxgl-21.1.jar!/fxglassets/textures/particles/smoke.png
11:12:40.627 [FXGL Background Thread 1 ] DEBUG FXGLAssetLoaderServi - Loading from file system: jar:file:/C:/Users/Mark%20Wachtel/.m2/repository/com/github/almasb/fxgl/21.1/fxgl-21.1.jar!/fxglassets/textures/particles/trace_horizontal.png
11:12:40.655 [FXGL Background Thread 1 ] DEBUG GameApplicationServi - Application scenes initialized
11:12:40.669 [FXGL Background Thread 1 ] DEBUG SystemBundleService  - Loading FXGL system data
11:12:40.675 [FXGL Background Thread 1 ] DEBUG FileSystemAccess     - Reading from: C:\Users\Mark Wachtel\git\mythcards-game\mythcardsgame\client\system\fxgl.bundle
11:12:40.683 [FXGL Background Thread 1 ] DEBUG SystemBundleService  - Bundle FXGL: {}
11:12:40.683 [FXGL Background Thread 1 ] DEBUG UpdaterService       - Checking for updates
11:12:40.694 [FXGL Background Thread 4 ] DEBUG FXGLApplication      - Loading fonts
11:12:40.695 [FXGL Background Thread 4 ] DEBUG FXGLAssetLoaderServi - Loading from file system: jar:file:/C:/Users/Mark%20Wachtel/.m2/repository/com/github/almasb/fxgl/21.1/fxgl-21.1.jar!/fxglassets/ui/fonts/VarelaRound-Regular.ttf
11:12:40.697 [FXGL Background Thread 1 ] DEBUG FXGLApplication      - Loading default localization
11:12:40.698 [FXGL Background Thread 1 ] DEBUG FXGLAssetLoaderServi - Loading from file system: jar:file:/C:/Users/Mark%20Wachtel/.m2/repository/com/github/almasb/fxgl/21.1/fxgl-21.1.jar!/fxglassets/languages/english.lang
11:12:40.722 [FXGL Background Thread 4 ] DEBUG FXGLAssetLoaderServi - Loading from file system: jar:file:/C:/Users/Mark%20Wachtel/.m2/repository/com/github/almasb/fxgl/21.1/fxgl-21.1.jar!/fxglassets/ui/fonts/Abel-Regular.ttf
11:12:40.734 [FXGL Background Thread 4 ] DEBUG FXGLAssetLoaderServi - Loading from file system: jar:file:/C:/Users/Mark%20Wachtel/.m2/repository/com/github/almasb/fxgl/21.1/fxgl-21.1.jar!/fxglassets/ui/fonts/TerminalLandMono-Regular.otf
11:12:40.746 [FXGL Background Thread 1 ] INFO  FXGLApplication      - FXGL initialization took: 0,659 sec
11:12:40.747 [FXGL Background Thread 4 ] DEBUG FXGLAssetLoaderServi - Loading from file system: jar:file:/C:/Users/Mark%20Wachtel/.m2/repository/com/github/almasb/fxgl/21.1/fxgl-21.1.jar!/fxglassets/ui/fonts/Courier-Prime.ttf
11:12:40.747 [JavaFX Application Thread] DEBUG FXGLAssetLoaderServi - Loading from file system: jar:file:/C:/Users/Mark%20Wachtel/.m2/repository/com/github/almasb/fxgl/21.1/fxgl-21.1.jar!/fxglassets/textures/fxgl_icon.png
11:12:40.769 [JavaFX Application Thread] DEBUG FXGLAssetLoaderServi - Loading from file system: jar:file:/C:/Users/Mark%20Wachtel/.m2/repository/com/github/almasb/fxgl/21.1/fxgl-21.1.jar!/fxglassets/textures/fxgl_default_cursor.png
11:12:40.791 [JavaFX Application Thread] DEBUG Input                - Registered new binding: Screenshot - CTRL+8
11:12:40.793 [JavaFX Application Thread] DEBUG Input                - Registered new binding: System info dump - CTRL+9
11:12:40.794 [JavaFX Application Thread] DEBUG Input                - Registered new binding: Restart - CTRL+R
11:12:40.796 [JavaFX Application Thread] DEBUG Input                - Registered new binding: Toggle Debug Camera - CTRL+7
11:12:40.804 [JavaFX Application Thread] DEBUG LoopRunner           - Starting loop
11:12:40.804 [JavaFX Application Thread] DEBUG LoopRunner           - Initializing JavaFX AnimationTimerLoop
11:12:40.809 [JavaFX Application Thread] DEBUG GameApplicationServi - Starting new game
11:12:40.810 [JavaFX Application Thread] DEBUG Input                - Clearing active input actions
11:12:40.832 [JavaFX Application Thread] DEBUG GameApplicationServi - Removing overlay from FXGLStartupScene and adding to FXGLLoadingScene
11:12:40.832 [JavaFX Application Thread] DEBUG PrimaryStageWindow   - FXGLStartupScene -> FXGLLoadingScene
11:12:40.832 [JavaFX Application Thread] DEBUG GameApplicationServi - Clearing previous game
11:12:40.832 [JavaFX Application Thread] DEBUG GameScene            - Clearing game scene
11:12:40.832 [JavaFX Application Thread] DEBUG GameWorld            - Clearing game world
11:12:40.833 [JavaFX Application Thread] DEBUG PhysicsWorld         - Clearing physics world
11:12:40.836 [JavaFX Application Thread] DEBUG FXGLApplication      - Registering font factories with UI factory
11:12:40.836 [FXGL Background Thread 4 ] DEBUG FXGLApplication      - Initializing game
11:12:41.046 [FXGL Background Thread 4 ] INFO  FXGLApplication      - Game initialization took: 0,211 sec
11:12:41.070 [JavaFX Application Thread] DEBUG Input                - Clearing active input actions
11:12:41.082 [JavaFX Application Thread] DEBUG GameApplicationServi - Removing overlay from FXGLLoadingScene and adding to GameScene
11:12:41.082 [JavaFX Application Thread] DEBUG PrimaryStageWindow   - FXGLLoadingScene -> GameScene
11:12:43.692 [FXGL Background Thread 3 ] DEBUG Engine               - Logging environment variables
11:12:43.694 [FXGL Background Thread 3 ] DEBUG Engine               - achievements: []
11:12:43.694 [FXGL Background Thread 3 ] DEBUG Engine               - actualHeight: 720.0
11:12:43.695 [FXGL Background Thread 3 ] DEBUG Engine               - actualHeightProperty: ReadOnlyDoubleProperty [value: 720.0]
11:12:43.695 [FXGL Background Thread 3 ] DEBUG Engine               - actualWidth: 1280.0
11:12:43.695 [FXGL Background Thread 3 ] DEBUG Engine               - actualWidthProperty: ReadOnlyDoubleProperty [value: 1280.0]
11:12:43.695 [FXGL Background Thread 3 ] DEBUG Engine               - appIcon: fxgl_icon.png
11:12:43.696 [FXGL Background Thread 3 ] DEBUG Engine               - applicationMode: DEVELOPER
11:12:43.696 [FXGL Background Thread 3 ] DEBUG Engine               - cSSList: [fxgl_dark.css]
11:12:43.696 [FXGL Background Thread 3 ] DEBUG Engine               - collisionDetectionStrategy: BRUTE_FORCE
11:12:43.696 [FXGL Background Thread 3 ] DEBUG Engine               - configClass: Optional.empty
11:12:43.697 [FXGL Background Thread 3 ] DEBUG Engine               - credits: []
11:12:43.697 [FXGL Background Thread 3 ] DEBUG Engine               - defaultCursor: CursorInfo(imageName=fxgl_default_cursor.png, hotspotX=7.0, hotspotY=6.0)
11:12:43.698 [FXGL Background Thread 3 ] DEBUG Engine               - devBBoxColorProperty: ObjectProperty [value: 0xff0000ff]
11:12:43.699 [FXGL Background Thread 3 ] DEBUG Engine               - devEnableDebugCameraProperty: BooleanProperty [value: false]
11:12:43.699 [FXGL Background Thread 3 ] DEBUG Engine               - devSensorColorProperty: ObjectProperty [value: 0xffff00ff]
11:12:43.699 [FXGL Background Thread 3 ] DEBUG Engine               - devShowBBoxProperty: BooleanProperty [value: false]
11:12:43.700 [FXGL Background Thread 3 ] DEBUG Engine               - devShowPositionProperty: BooleanProperty [value: false]
11:12:43.700 [FXGL Background Thread 3 ] DEBUG Engine               - enabledMenuItems: []
11:12:43.700 [FXGL Background Thread 3 ] DEBUG Engine               - engineServices: [class com.almasb.fxgl.app.services.FXGLAssetLoaderService, class com.almasb.fxgl.app.FXGLApplication$GameApplicationService, class com.almasb.fxgl.app.services.FXGLDialogService, class com.almasb.fxgl.app.services.IOTaskExecutorService, class com.almasb.fxgl.io.FileSystemService, class com.almasb.fxgl.localization.LocalizationService, class com.almasb.fxgl.app.services.SystemBundleService, class com.almasb.fxgl.profile.SaveLoadService, class com.almasb.fxgl.ui.FXGLUIFactoryServiceProvider, class com.almasb.fxgl.ui.FXGLDialogFactoryServiceProvider, class com.almasb.fxgl.audio.AudioPlayer, class com.almasb.fxgl.notification.impl.NotificationServiceProvider, class com.almasb.fxgl.achievement.AchievementService, class com.almasb.fxgl.cutscene.CutsceneService, class com.almasb.fxgl.minigames.MiniGameService, class com.almasb.fxgl.net.NetService, class com.almasb.fxgl.app.services.UpdaterService, class com.almasb.fxgl.dev.DevService]
11:12:43.700 [FXGL Background Thread 3 ] DEBUG Engine               - fontGame: Abel-Regular.ttf
11:12:43.701 [FXGL Background Thread 3 ] DEBUG Engine               - fontMono: TerminalLandMono-Regular.otf
11:12:43.701 [FXGL Background Thread 3 ] DEBUG Engine               - fontSizeScaleUI: 1.0
11:12:43.701 [FXGL Background Thread 3 ] DEBUG Engine               - fontText: Courier-Prime.ttf
11:12:43.701 [FXGL Background Thread 3 ] DEBUG Engine               - fontUI: VarelaRound-Regular.ttf
11:12:43.701 [FXGL Background Thread 3 ] DEBUG Engine               - fullScreen: BooleanProperty [value: false]
11:12:43.702 [FXGL Background Thread 3 ] DEBUG Engine               - gameDifficulty: MEDIUM
11:12:43.702 [FXGL Background Thread 3 ] DEBUG Engine               - gameDifficultyProperty: ObjectProperty [value: MEDIUM]
11:12:43.702 [FXGL Background Thread 3 ] DEBUG Engine               - globalMusicVolume: 0.5
11:12:43.703 [FXGL Background Thread 3 ] DEBUG Engine               - globalMusicVolumeProperty: DoubleProperty [value: 0.5]
11:12:43.703 [FXGL Background Thread 3 ] DEBUG Engine               - globalSoundVolume: 0.5
11:12:43.703 [FXGL Background Thread 3 ] DEBUG Engine               - globalSoundVolumeProperty: DoubleProperty [value: 0.5]
11:12:43.703 [FXGL Background Thread 3 ] DEBUG Engine               - height: 720
11:12:43.703 [FXGL Background Thread 3 ] DEBUG Engine               - is3D: false
11:12:43.704 [FXGL Background Thread 3 ] DEBUG Engine               - isAndroid: false
11:12:43.704 [FXGL Background Thread 3 ] DEBUG Engine               - isBrowser: false
11:12:43.704 [FXGL Background Thread 3 ] DEBUG Engine               - isClickFeedbackEnabled: false
11:12:43.704 [FXGL Background Thread 3 ] DEBUG Engine               - isCloseConfirmation: false
11:12:43.704 [FXGL Background Thread 3 ] DEBUG Engine               - isDesktop: true
11:12:43.705 [FXGL Background Thread 3 ] DEBUG Engine               - isDeveloperMenuEnabled: false
11:12:43.705 [FXGL Background Thread 3 ] DEBUG Engine               - isEmbedded: false
11:12:43.705 [FXGL Background Thread 3 ] DEBUG Engine               - isEntityPreloadEnabled: true
11:12:43.705 [FXGL Background Thread 3 ] DEBUG Engine               - isExperimentalTiledLargeMap: false
11:12:43.705 [FXGL Background Thread 3 ] DEBUG Engine               - isFileSystemWriteAllowed: true
11:12:43.706 [FXGL Background Thread 3 ] DEBUG Engine               - isFullScreenAllowed: false
11:12:43.706 [FXGL Background Thread 3 ] DEBUG Engine               - isFullScreenFromStart: false
11:12:43.706 [FXGL Background Thread 3 ] DEBUG Engine               - isGameMenuEnabled: true
11:12:43.706 [FXGL Background Thread 3 ] DEBUG Engine               - isIOS: false
11:12:43.707 [FXGL Background Thread 3 ] DEBUG Engine               - isIntroEnabled: false
11:12:43.707 [FXGL Background Thread 3 ] DEBUG Engine               - isLinux: false
11:12:43.707 [FXGL Background Thread 3 ] DEBUG Engine               - isMac: false
11:12:43.708 [FXGL Background Thread 3 ] DEBUG Engine               - isMainMenuEnabled: false
11:12:43.708 [FXGL Background Thread 3 ] DEBUG Engine               - isManualResizeEnabled: false
11:12:43.709 [FXGL Background Thread 3 ] DEBUG Engine               - isMobile: false
11:12:43.709 [FXGL Background Thread 3 ] DEBUG Engine               - isNative: false
11:12:43.709 [FXGL Background Thread 3 ] DEBUG Engine               - isPauseMusicWhenMinimized: true
11:12:43.710 [FXGL Background Thread 3 ] DEBUG Engine               - isPreserveResizeRatio: false
11:12:43.710 [FXGL Background Thread 3 ] DEBUG Engine               - isProfilingEnabled: false
11:12:43.711 [FXGL Background Thread 3 ] DEBUG Engine               - isScaleAffectedOnResize: true
11:12:43.711 [FXGL Background Thread 3 ] DEBUG Engine               - isSingleStep: false
11:12:43.711 [FXGL Background Thread 3 ] DEBUG Engine               - isUserProfileEnabled: false
11:12:43.712 [FXGL Background Thread 3 ] DEBUG Engine               - isWindows: true
11:12:43.712 [FXGL Background Thread 3 ] DEBUG Engine               - language: ObjectProperty [value: ENGLISH]
11:12:43.712 [FXGL Background Thread 3 ] DEBUG Engine               - menuKey: ESCAPE
11:12:43.712 [FXGL Background Thread 3 ] DEBUG Engine               - mouseSensitivity: 0.2
11:12:43.713 [FXGL Background Thread 3 ] DEBUG Engine               - notificationViewClass: class com.almasb.fxgl.notification.view.XboxNotificationView
11:12:43.713 [FXGL Background Thread 3 ] DEBUG Engine               - pixelsPerMeter: 50.0
11:12:43.713 [FXGL Background Thread 3 ] DEBUG Engine               - platform: WINDOWS
11:12:43.713 [FXGL Background Thread 3 ] DEBUG Engine               - prefHeightProperty: ReadOnlyDoubleProperty [value: 720.0]
11:12:43.714 [FXGL Background Thread 3 ] DEBUG Engine               - prefWidthProperty: ReadOnlyDoubleProperty [value: 1280.0]
11:12:43.714 [FXGL Background Thread 3 ] DEBUG Engine               - profileDir: profiles/
11:12:43.714 [FXGL Background Thread 3 ] DEBUG Engine               - profileName: StringProperty [value: DEFAULT]
11:12:43.714 [FXGL Background Thread 3 ] DEBUG Engine               - randomSeed: -1
11:12:43.715 [FXGL Background Thread 3 ] DEBUG Engine               - runtimeInfo: RuntimeInfo(platform=WINDOWS, version=21.1, build=27.03.2024 07.52)
11:12:43.715 [FXGL Background Thread 3 ] DEBUG Engine               - saveFileExt: sav
11:12:43.715 [FXGL Background Thread 3 ] DEBUG Engine               - scaledHeightProp$fxgl: DoubleProperty [bound, value: 720.0]
11:12:43.715 [FXGL Background Thread 3 ] DEBUG Engine               - scaledWidthProp$fxgl: DoubleProperty [bound, value: 1280.0]
11:12:43.715 [FXGL Background Thread 3 ] DEBUG Engine               - sceneFactory: com.almasb.fxgl.app.scene.SceneFactory@4063ce7d
11:12:43.715 [FXGL Background Thread 3 ] DEBUG Engine               - secondsIn24h: 60
11:12:43.716 [FXGL Background Thread 3 ] DEBUG Engine               - soundMenuBack: menu/back.wav
11:12:43.716 [FXGL Background Thread 3 ] DEBUG Engine               - soundMenuPress: menu/press.wav
11:12:43.716 [FXGL Background Thread 3 ] DEBUG Engine               - soundMenuSelect: menu/select.wav
11:12:43.716 [FXGL Background Thread 3 ] DEBUG Engine               - soundNotification: core/notification.wav
11:12:43.716 [FXGL Background Thread 3 ] DEBUG Engine               - stageStyle: DECORATED
11:12:43.716 [FXGL Background Thread 3 ] DEBUG Engine               - supportedLanguages: [ENGLISH, FRENCH, GERMAN, HUNGARIAN, RUSSIAN]
11:12:43.716 [FXGL Background Thread 3 ] DEBUG Engine               - ticksPerSecond: -1
11:12:43.717 [FXGL Background Thread 3 ] DEBUG Engine               - title: Myth Cards Client
11:12:43.717 [FXGL Background Thread 3 ] DEBUG Engine               - urlGithub: https://github.com/AlmasB/FXGL
11:12:43.717 [FXGL Background Thread 3 ] DEBUG Engine               - urlLeaderboard: http://fxgl-top.herokuapp.com/
11:12:43.717 [FXGL Background Thread 3 ] DEBUG Engine               - urlPOM: https://raw.githubusercontent.com/AlmasB/FXGL/release/README.md
11:12:43.717 [FXGL Background Thread 3 ] DEBUG Engine               - userAppClass: class client.ClientMain
11:12:43.717 [FXGL Background Thread 3 ] DEBUG Engine               - version: 0.0
11:12:43.717 [FXGL Background Thread 3 ] DEBUG Engine               - versionCheckDays: 7
11:12:43.718 [FXGL Background Thread 3 ] DEBUG Engine               - width: 1280
11:12:43.718 [FXGL Background Thread 3 ] DEBUG Engine               - Logging services
11:12:43.718 [FXGL Background Thread 3 ] DEBUG Engine               - class com.almasb.fxgl.app.services.FXGLAssetLoaderService
11:12:43.718 [FXGL Background Thread 3 ] DEBUG Engine               - class com.almasb.fxgl.app.FXGLApplication$GameApplicationService
11:12:43.718 [FXGL Background Thread 3 ] DEBUG Engine               - class com.almasb.fxgl.app.services.FXGLDialogService
11:12:43.719 [FXGL Background Thread 3 ] DEBUG Engine               - class com.almasb.fxgl.app.services.IOTaskExecutorService
11:12:43.719 [FXGL Background Thread 3 ] DEBUG Engine               - class com.almasb.fxgl.io.FileSystemService
11:12:43.719 [FXGL Background Thread 3 ] DEBUG Engine               - class com.almasb.fxgl.localization.LocalizationService
11:12:43.719 [FXGL Background Thread 3 ] DEBUG Engine               - class com.almasb.fxgl.app.services.SystemBundleService
11:12:43.719 [FXGL Background Thread 3 ] DEBUG Engine               - class com.almasb.fxgl.profile.SaveLoadService
11:12:43.719 [FXGL Background Thread 3 ] DEBUG Engine               - class com.almasb.fxgl.ui.FXGLUIFactoryServiceProvider
11:12:43.719 [FXGL Background Thread 3 ] DEBUG Engine               - class com.almasb.fxgl.ui.FXGLDialogFactoryServiceProvider
11:12:43.719 [FXGL Background Thread 3 ] DEBUG Engine               - class com.almasb.fxgl.audio.AudioPlayer
11:12:43.719 [FXGL Background Thread 3 ] DEBUG Engine               - class com.almasb.fxgl.notification.impl.NotificationServiceProvider
11:12:43.720 [FXGL Background Thread 3 ] DEBUG Engine               - class com.almasb.fxgl.achievement.AchievementService
11:12:43.720 [FXGL Background Thread 3 ] DEBUG Engine               - class com.almasb.fxgl.cutscene.CutsceneService
11:12:43.720 [FXGL Background Thread 3 ] DEBUG Engine               - class com.almasb.fxgl.minigames.MiniGameService
11:12:43.720 [FXGL Background Thread 3 ] DEBUG Engine               - class com.almasb.fxgl.net.NetService
11:12:43.720 [FXGL Background Thread 3 ] DEBUG Engine               - class com.almasb.fxgl.app.services.UpdaterService
11:12:43.720 [FXGL Background Thread 3 ] DEBUG Engine               - class com.almasb.fxgl.dev.DevService
11:12:46.372 [JavaFX Application Thread] WARN  FXGLAssetLoaderServi - Asset "/assets/textures/bg/card_front_water.png" was not found!
11:12:46.372 [JavaFX Application Thread] WARN  FXGLAssetLoaderServi - Failed to load IMAGE
11:12:46.385 [JavaFX Application Thread] WARN  FXGLAssetLoaderServi - Asset "/assets/textures/monsters/water_dragon.png" was not found!
11:12:46.386 [JavaFX Application Thread] WARN  FXGLAssetLoaderServi - Failed to load IMAGE
11:12:46.386 [JavaFX Application Thread] WARN  FXGLAssetLoaderServi - Asset "/assets/textures/bg/game_logo.png" was not found!
11:12:46.387 [JavaFX Application Thread] WARN  FXGLAssetLoaderServi - Failed to load IMAGE
11:12:46.388 [JavaFX Application Thread] WARN  FXGLAssetLoaderServi - Asset "/assets/textures/bars/card_front_bars_effect05.png" was not found!
11:12:46.388 [JavaFX Application Thread] WARN  FXGLAssetLoaderServi - Failed to load IMAGE
11:12:46.389 [JavaFX Application Thread] WARN  FXGLAssetLoaderServi - Asset "/assets/textures/bars/card_front_bars_effect01.png" was not found!
11:12:46.389 [JavaFX Application Thread] WARN  FXGLAssetLoaderServi - Failed to load IMAGE
11:12:46.390 [JavaFX Application Thread] WARN  FXGLAssetLoaderServi - Asset "/assets/textures/bars/card_front_bars_effect01.png" was not found!
11:12:46.390 [JavaFX Application Thread] WARN  FXGLAssetLoaderServi - Failed to load IMAGE
11:12:46.391 [JavaFX Application Thread] WARN  FXGLAssetLoaderServi - Asset "/assets/textures/bars/card_front_bars_effect01.png" was not found!
11:12:46.391 [JavaFX Application Thread] WARN  FXGLAssetLoaderServi - Failed to load IMAGE
11:12:46.392 [JavaFX Application Thread] WARN  FXGLAssetLoaderServi - Asset "/assets/textures/bars/card_front_bars_effect01.png" was not found!
11:12:46.392 [JavaFX Application Thread] WARN  FXGLAssetLoaderServi - Failed to load IMAGE
11:12:46.393 [JavaFX Application Thread] WARN  FXGLAssetLoaderServi - Asset "/assets/textures/bars/card_front_bars_effect01.png" was not found!
11:12:46.393 [JavaFX Application Thread] WARN  FXGLAssetLoaderServi - Failed to load IMAGE
11:12:46.394 [JavaFX Application Thread] WARN  FXGLAssetLoaderServi - Asset "/assets/textures/bars/card_front_bars_effect02.png" was not found!
11:12:46.394 [JavaFX Application Thread] WARN  FXGLAssetLoaderServi - Failed to load IMAGE
11:12:46.395 [JavaFX Application Thread] WARN  FXGLAssetLoaderServi - Asset "/assets/textures/bars/card_front_bars_effect02.png" was not found!
11:12:46.395 [JavaFX Application Thread] WARN  FXGLAssetLoaderServi - Failed to load IMAGE
11:12:46.396 [JavaFX Application Thread] WARN  FXGLAssetLoaderServi - Asset "/assets/textures/bars/card_front_bars_effect02.png" was not found!
11:12:46.396 [JavaFX Application Thread] WARN  FXGLAssetLoaderServi - Failed to load IMAGE
11:12:46.397 [JavaFX Application Thread] WARN  FXGLAssetLoaderServi - Asset "/assets/textures/bars/card_front_bars_effect02.png" was not found!
11:12:46.397 [JavaFX Application Thread] WARN  FXGLAssetLoaderServi - Failed to load IMAGE
11:12:46.398 [JavaFX Application Thread] WARN  FXGLAssetLoaderServi - Asset "/assets/textures/bars/card_front_bars_effect03.png" was not found!
11:12:46.398 [JavaFX Application Thread] WARN  FXGLAssetLoaderServi - Failed to load IMAGE
11:12:46.399 [JavaFX Application Thread] WARN  FXGLAssetLoaderServi - Asset "/assets/textures/bars/card_front_bars_effect03.png" was not found!
11:12:46.399 [JavaFX Application Thread] WARN  FXGLAssetLoaderServi - Failed to load IMAGE
11:12:46.400 [JavaFX Application Thread] WARN  FXGLAssetLoaderServi - Asset "/assets/textures/bars/card_front_bars_effect03.png" was not found!
11:12:46.400 [JavaFX Application Thread] WARN  FXGLAssetLoaderServi - Failed to load IMAGE
11:12:46.400 [JavaFX Application Thread] WARN  FXGLAssetLoaderServi - Asset "/assets/textures/bars/card_front_bars_effect03.png" was not found!
11:12:46.401 [JavaFX Application Thread] WARN  FXGLAssetLoaderServi - Failed to load IMAGE
11:12:46.401 [JavaFX Application Thread] WARN  FXGLAssetLoaderServi - Asset "/assets/textures/bars/card_front_bars_effect04.png" was not found!
11:12:46.402 [JavaFX Application Thread] WARN  FXGLAssetLoaderServi - Failed to load IMAGE
11:12:46.402 [JavaFX Application Thread] WARN  FXGLAssetLoaderServi - Asset "/assets/textures/bars/card_front_bars_effect04.png" was not found!
11:12:46.402 [JavaFX Application Thread] WARN  FXGLAssetLoaderServi - Failed to load IMAGE
11:12:46.403 [JavaFX Application Thread] WARN  FXGLAssetLoaderServi - Asset "/assets/textures/bars/card_front_bars_effect04.png" was not found!
11:12:46.403 [JavaFX Application Thread] WARN  FXGLAssetLoaderServi - Failed to load IMAGE
11:12:46.404 [JavaFX Application Thread] WARN  FXGLAssetLoaderServi - Asset "/assets/textures/bars/card_front_bars_effect04.png" was not found!
11:12:46.404 [JavaFX Application Thread] WARN  FXGLAssetLoaderServi - Failed to load IMAGE
11:12:46.405 [JavaFX Application Thread] WARN  FXGLAssetLoaderServi - Asset "/assets/textures/bars/card_front_bars_effect05.png" was not found!
11:12:46.405 [JavaFX Application Thread] WARN  FXGLAssetLoaderServi - Failed to load IMAGE
11:12:46.406 [JavaFX Application Thread] WARN  LocalizationService  - name is not localized for language ENGLISH
11:12:46.407 [JavaFX Application Thread] WARN  LocalizationService  - release is not localized for language ENGLISH
11:12:46.408 [JavaFX Application Thread] WARN  LocalizationService  - statAttack is not localized for language ENGLISH
11:12:46.408 [JavaFX Application Thread] WARN  LocalizationService  - statDefense is not localized for language ENGLISH
11:12:46.409 [JavaFX Application Thread] WARN  LocalizationService  - statSpeed is not localized for language ENGLISH
11:12:46.409 [JavaFX Application Thread] WARN  LocalizationService  - statMagic is not localized for language ENGLISH
11:12:46.409 [JavaFX Application Thread] WARN  LocalizationService  - statHealth is not localized for language ENGLISH
11:12:46.409 [JavaFX Application Thread] WARN  LocalizationService  - statAttackRed is not localized for language ENGLISH
11:12:46.410 [JavaFX Application Thread] WARN  LocalizationService  - statDefenseRed is not localized for language ENGLISH
11:12:46.410 [JavaFX Application Thread] WARN  LocalizationService  - statSpeedRed is not localized for language ENGLISH
11:12:46.410 [JavaFX Application Thread] WARN  LocalizationService  - statMagicRed is not localized for language ENGLISH
11:12:46.411 [JavaFX Application Thread] WARN  LocalizationService  - statHealthRed is not localized for language ENGLISH
11:12:46.411 [JavaFX Application Thread] WARN  LocalizationService  - abilityName1 is not localized for language ENGLISH
11:12:46.411 [JavaFX Application Thread] WARN  LocalizationService  - ability1-desc is not localized for language ENGLISH
11:12:46.412 [JavaFX Application Thread] WARN  LocalizationService  - abilityValue1 is not localized for language ENGLISH
11:12:46.412 [JavaFX Application Thread] WARN  LocalizationService  - abilityName2 is not localized for language ENGLISH
11:12:46.412 [JavaFX Application Thread] WARN  LocalizationService  - ability2-desc is not localized for language ENGLISH
11:12:46.412 [JavaFX Application Thread] WARN  LocalizationService  - abilityValue2 is not localized for language ENGLISH
11:12:46.413 [JavaFX Application Thread] WARN  LocalizationService  - abilityName3 is not localized for language ENGLISH
11:12:46.413 [JavaFX Application Thread] WARN  LocalizationService  - ability3-desc is not localized for language ENGLISH
11:12:46.413 [JavaFX Application Thread] WARN  LocalizationService  - abilityValue3 is not localized for language ENGLISH
11:12:46.414 [JavaFX Application Thread] WARN  LocalizationService  - abilityName4 is not localized for language ENGLISH
11:12:46.414 [JavaFX Application Thread] WARN  LocalizationService  - ability4-desc is not localized for language ENGLISH
11:12:46.414 [JavaFX Application Thread] WARN  LocalizationService  - abilityValue4 is not localized for language ENGLISH
11:12:49.145 [JavaFX Application Thread] DEBUG FXGLApplication      - Exiting FXGL
11:12:49.145 [JavaFX Application Thread] DEBUG LoopRunner           - Stopping loop
11:12:49.145 [JavaFX Application Thread] DEBUG SystemBundleService  - Saving FXGL system data
11:12:49.156 [JavaFX Application Thread] DEBUG FileSystemAccess     - Writing to: C:\Users\Mark Wachtel\git\mythcards-game\mythcardsgame\client\system\fxgl.bundle
11:12:49.165 [JavaFX Application Thread] DEBUG Async                - Shutting down background threads
11:12:49.166 [JavaFX Application Thread] DEBUG PrimaryStageWindow   - Closing main window
11:12:49.267 [JavaFX Application Thread] DEBUG Logger               - Closing Logger
